ARM GAS  /tmp/ccunY30w.s 			page 1


   1              		.syntax unified
   2              		.cpu cortex-m4
   3              		.fpu softvfp
   4              		.eabi_attribute 20, 1
   5              		.eabi_attribute 21, 1
   6              		.eabi_attribute 23, 3
   7              		.eabi_attribute 24, 1
   8              		.eabi_attribute 25, 1
   9              		.eabi_attribute 26, 1
  10              		.eabi_attribute 30, 2
  11              		.eabi_attribute 34, 1
  12              		.eabi_attribute 18, 4
  13              		.thumb
  14              		.file	"chregistry.c"
  15              		.text
  16              	.Ltext0:
  17              		.cfi_sections	.debug_frame
  18              		.section	.text.chRegFirstThread,"ax",%progbits
  19              		.align	2
  20              		.p2align 4,,15
  21              		.global	chRegFirstThread
  22              		.thumb
  23              		.thumb_func
  24              		.type	chRegFirstThread, %function
  25              	chRegFirstThread:
  26              	.LFB7:
  27              		.file 1 "../../os/kernel/src/chregistry.c"
  28              		.loc 1 117 0
  29              		.cfi_startproc
  30              		@ args = 0, pretend = 0, frame = 0
  31              		@ frame_needed = 0, uses_anonymous_args = 0
  32              		@ link register save eliminated.
  33              	.LBB2:
  34              		.loc 1 120 0
  35 0000 2023     		movs	r3, #32
  36              	@ 120 "../../os/kernel/src/chregistry.c" 1
  37 0002 83F31188 		msr     BASEPRI, r3
  38              	@ 0 "" 2
  39              		.thumb
  40              	.LBE2:
  41              		.loc 1 121 0
  42 0006 40F20002 		movw	r2, #:lower16:rlist
  43 000a C0F20002 		movt	r2, #:upper16:rlist
  44              	.LBB3:
  45              		.loc 1 125 0
  46 000e 0023     		movs	r3, #0
  47              	.LBE3:
  48              		.loc 1 121 0
  49 0010 1069     		ldr	r0, [r2, #16]
  50              	.LVL0:
  51              		.loc 1 123 0
  52 0012 827F     		ldrb	r2, [r0, #30]	@ zero_extendqisi2
  53 0014 0132     		adds	r2, r2, #1
  54 0016 8277     		strb	r2, [r0, #30]
  55              	.LBB4:
  56              		.loc 1 125 0
  57              	@ 125 "../../os/kernel/src/chregistry.c" 1
ARM GAS  /tmp/ccunY30w.s 			page 2


  58 0018 83F31188 		msr     BASEPRI, r3
  59              	@ 0 "" 2
  60              		.thumb
  61              	.LBE4:
  62              		.loc 1 127 0
  63 001c 7047     		bx	lr
  64              		.cfi_endproc
  65              	.LFE7:
  66              		.size	chRegFirstThread, .-chRegFirstThread
  67 001e 00BF     		.section	.text.chRegNextThread,"ax",%progbits
  68              		.align	2
  69              		.p2align 4,,15
  70              		.global	chRegNextThread
  71              		.thumb
  72              		.thumb_func
  73              		.type	chRegNextThread, %function
  74              	chRegNextThread:
  75              	.LFB8:
  76              		.loc 1 140 0
  77              		.cfi_startproc
  78              		@ args = 0, pretend = 0, frame = 0
  79              		@ frame_needed = 0, uses_anonymous_args = 0
  80              	.LVL1:
  81 0000 10B5     		push	{r4, lr}
  82              		.cfi_def_cfa_offset 8
  83              		.cfi_offset 4, -8
  84              		.cfi_offset 14, -4
  85              	.LBB5:
  86              		.loc 1 143 0
  87 0002 2023     		movs	r3, #32
  88              	@ 143 "../../os/kernel/src/chregistry.c" 1
  89 0004 83F31188 		msr     BASEPRI, r3
  90              	@ 0 "" 2
  91              		.thumb
  92              	.LBE5:
  93              		.loc 1 145 0
  94 0008 40F20003 		movw	r3, #:lower16:rlist
  95              		.loc 1 144 0
  96 000c 0469     		ldr	r4, [r0, #16]
  97              	.LVL2:
  98              		.loc 1 145 0
  99 000e C0F20003 		movt	r3, #:upper16:rlist
 100 0012 9C42     		cmp	r4, r3
 101              		.loc 1 151 0
 102 0014 1DBF     		ittte	ne
 103 0016 A37F     		ldrbne	r3, [r4, #30]	@ zero_extendqisi2
 104 0018 0133     		addne	r3, r3, #1
 105 001a A377     		strbne	r3, [r4, #30]
 106              		.loc 1 146 0
 107 001c 0024     		moveq	r4, #0
 108              	.LVL3:
 109              	.LBB6:
 110              		.loc 1 154 0
 111 001e 0023     		movs	r3, #0
 112              	@ 154 "../../os/kernel/src/chregistry.c" 1
 113 0020 83F31188 		msr     BASEPRI, r3
 114              	@ 0 "" 2
ARM GAS  /tmp/ccunY30w.s 			page 3


 115              		.thumb
 116              	.LBE6:
 117              		.loc 1 156 0
 118 0024 FFF7FEFF 		bl	chThdRelease
 119              	.LVL4:
 120              		.loc 1 159 0
 121 0028 2046     		mov	r0, r4
 122 002a 10BD     		pop	{r4, pc}
 123              		.cfi_endproc
 124              	.LFE8:
 125              		.size	chRegNextThread, .-chRegNextThread
 126              		.global	ch_debug
 127 002c AFF30080 		.section	.rodata.ch_debug,"a",%progbits
 128              		.align	2
 129              		.type	ch_debug, %object
 130              		.size	ch_debug, 22
 131              	ch_debug:
 132 0000 6D61696E 		.ascii	"main"
 133 0004 00       		.byte	0
 134 0005 16       		.byte	22
 135 0006 8511     		.short	4485
 136 0008 04       		.byte	4
 137 0009 04       		.byte	4
 138 000a 48       		.byte	72
 139 000b 08       		.byte	8
 140 000c 0C       		.byte	12
 141 000d 10       		.byte	16
 142 000e 14       		.byte	20
 143 000f 18       		.byte	24
 144 0010 00       		.byte	0
 145 0011 1C       		.byte	28
 146 0012 1D       		.byte	29
 147 0013 1E       		.byte	30
 148 0014 1F       		.byte	31
 149 0015 20       		.byte	32
 150 0016 0000     		.text
 151              	.Letext0:
 152              		.file 2 "/usr/lib/gcc/arm-none-eabi/4.8.2/include/stddef.h"
 153              		.file 3 "/usr/include/newlib/machine/_default_types.h"
 154              		.file 4 "/usr/include/newlib/stdint.h"
 155              		.file 5 "../../os/ports/GCC/ARMCMx/chtypes.h"
 156              		.file 6 "../../os/kernel/include/chlists.h"
 157              		.file 7 "../../os/kernel/include/chthreads.h"
 158              		.file 8 "../../os/ports/GCC/ARMCMx/chcore_v7m.h"
 159              		.file 9 "../../os/kernel/include/chschd.h"
 160              		.file 10 "../../os/kernel/include/chmtx.h"
 161              		.file 11 "../../os/kernel/include/chregistry.h"
 162              		.file 12 "../../os/kernel/include/chdynamic.h"
 163              		.section	.debug_info,"",%progbits
 164              	.Ldebug_info0:
 165 0000 1F060000 		.4byte	0x61f
 166 0004 0400     		.2byte	0x4
 167 0006 00000000 		.4byte	.Ldebug_abbrev0
 168 000a 04       		.byte	0x4
 169 000b 01       		.uleb128 0x1
 170 000c 2B000000 		.4byte	.LASF92
 171 0010 01       		.byte	0x1
ARM GAS  /tmp/ccunY30w.s 			page 4


 172 0011 38040000 		.4byte	.LASF93
 173 0015 32020000 		.4byte	.LASF94
 174 0019 18000000 		.4byte	.Ldebug_ranges0+0x18
 175 001d 00000000 		.4byte	0
 176 0021 00000000 		.4byte	.Ldebug_line0
 177 0025 02       		.uleb128 0x2
 178 0026 04       		.byte	0x4
 179 0027 05       		.byte	0x5
 180 0028 696E7400 		.ascii	"int\000"
 181 002c 03       		.uleb128 0x3
 182 002d 13000000 		.4byte	.LASF2
 183 0031 02       		.byte	0x2
 184 0032 D4       		.byte	0xd4
 185 0033 37000000 		.4byte	0x37
 186 0037 04       		.uleb128 0x4
 187 0038 04       		.byte	0x4
 188 0039 07       		.byte	0x7
 189 003a AD010000 		.4byte	.LASF0
 190 003e 04       		.uleb128 0x4
 191 003f 01       		.byte	0x1
 192 0040 06       		.byte	0x6
 193 0041 29010000 		.4byte	.LASF1
 194 0045 03       		.uleb128 0x3
 195 0046 21000000 		.4byte	.LASF3
 196 004a 03       		.byte	0x3
 197 004b 1C       		.byte	0x1c
 198 004c 50000000 		.4byte	0x50
 199 0050 04       		.uleb128 0x4
 200 0051 01       		.byte	0x1
 201 0052 08       		.byte	0x8
 202 0053 24030000 		.4byte	.LASF4
 203 0057 04       		.uleb128 0x4
 204 0058 02       		.byte	0x2
 205 0059 05       		.byte	0x5
 206 005a 3C030000 		.4byte	.LASF5
 207 005e 03       		.uleb128 0x3
 208 005f EE030000 		.4byte	.LASF6
 209 0063 03       		.byte	0x3
 210 0064 26       		.byte	0x26
 211 0065 69000000 		.4byte	0x69
 212 0069 04       		.uleb128 0x4
 213 006a 02       		.byte	0x2
 214 006b 07       		.byte	0x7
 215 006c EB010000 		.4byte	.LASF7
 216 0070 03       		.uleb128 0x3
 217 0071 15040000 		.4byte	.LASF8
 218 0075 03       		.byte	0x3
 219 0076 37       		.byte	0x37
 220 0077 7B000000 		.4byte	0x7b
 221 007b 04       		.uleb128 0x4
 222 007c 04       		.byte	0x4
 223 007d 05       		.byte	0x5
 224 007e 6C010000 		.4byte	.LASF9
 225 0082 03       		.uleb128 0x3
 226 0083 99010000 		.4byte	.LASF10
 227 0087 03       		.byte	0x3
 228 0088 38       		.byte	0x38
ARM GAS  /tmp/ccunY30w.s 			page 5


 229 0089 8D000000 		.4byte	0x8d
 230 008d 04       		.uleb128 0x4
 231 008e 04       		.byte	0x4
 232 008f 07       		.byte	0x7
 233 0090 BA010000 		.4byte	.LASF11
 234 0094 04       		.uleb128 0x4
 235 0095 08       		.byte	0x8
 236 0096 05       		.byte	0x5
 237 0097 1B010000 		.4byte	.LASF12
 238 009b 04       		.uleb128 0x4
 239 009c 08       		.byte	0x8
 240 009d 07       		.byte	0x7
 241 009e C8000000 		.4byte	.LASF13
 242 00a2 03       		.uleb128 0x3
 243 00a3 7B040000 		.4byte	.LASF14
 244 00a7 04       		.byte	0x4
 245 00a8 2A       		.byte	0x2a
 246 00a9 45000000 		.4byte	0x45
 247 00ad 03       		.uleb128 0x3
 248 00ae 7E010000 		.4byte	.LASF15
 249 00b2 04       		.byte	0x4
 250 00b3 36       		.byte	0x36
 251 00b4 5E000000 		.4byte	0x5e
 252 00b8 03       		.uleb128 0x3
 253 00b9 1C030000 		.4byte	.LASF16
 254 00bd 04       		.byte	0x4
 255 00be 41       		.byte	0x41
 256 00bf 70000000 		.4byte	0x70
 257 00c3 03       		.uleb128 0x3
 258 00c4 BC030000 		.4byte	.LASF17
 259 00c8 04       		.byte	0x4
 260 00c9 42       		.byte	0x42
 261 00ca 82000000 		.4byte	0x82
 262 00ce 04       		.uleb128 0x4
 263 00cf 01       		.byte	0x1
 264 00d0 02       		.byte	0x2
 265 00d1 16030000 		.4byte	.LASF18
 266 00d5 03       		.uleb128 0x3
 267 00d6 0C020000 		.4byte	.LASF19
 268 00da 05       		.byte	0x5
 269 00db 2C       		.byte	0x2c
 270 00dc A2000000 		.4byte	0xa2
 271 00e0 03       		.uleb128 0x3
 272 00e1 75010000 		.4byte	.LASF20
 273 00e5 05       		.byte	0x5
 274 00e6 2D       		.byte	0x2d
 275 00e7 A2000000 		.4byte	0xa2
 276 00eb 03       		.uleb128 0x3
 277 00ec F4020000 		.4byte	.LASF21
 278 00f0 05       		.byte	0x5
 279 00f1 2E       		.byte	0x2e
 280 00f2 A2000000 		.4byte	0xa2
 281 00f6 03       		.uleb128 0x3
 282 00f7 62010000 		.4byte	.LASF22
 283 00fb 05       		.byte	0x5
 284 00fc 2F       		.byte	0x2f
 285 00fd A2000000 		.4byte	0xa2
ARM GAS  /tmp/ccunY30w.s 			page 6


 286 0101 03       		.uleb128 0x3
 287 0102 0E030000 		.4byte	.LASF23
 288 0106 05       		.byte	0x5
 289 0107 30       		.byte	0x30
 290 0108 C3000000 		.4byte	0xc3
 291 010c 03       		.uleb128 0x3
 292 010d FE010000 		.4byte	.LASF24
 293 0111 05       		.byte	0x5
 294 0112 31       		.byte	0x31
 295 0113 B8000000 		.4byte	0xb8
 296 0117 03       		.uleb128 0x3
 297 0118 20020000 		.4byte	.LASF25
 298 011c 05       		.byte	0x5
 299 011d 33       		.byte	0x33
 300 011e C3000000 		.4byte	0xc3
 301 0122 03       		.uleb128 0x3
 302 0123 00040000 		.4byte	.LASF26
 303 0127 05       		.byte	0x5
 304 0128 35       		.byte	0x35
 305 0129 C3000000 		.4byte	0xc3
 306 012d 03       		.uleb128 0x3
 307 012e 9D030000 		.4byte	.LASF27
 308 0132 06       		.byte	0x6
 309 0133 2A       		.byte	0x2a
 310 0134 38010000 		.4byte	0x138
 311 0138 05       		.uleb128 0x5
 312 0139 9D030000 		.4byte	.LASF27
 313 013d 48       		.byte	0x48
 314 013e 07       		.byte	0x7
 315 013f 5E       		.byte	0x5e
 316 0140 35020000 		.4byte	0x235
 317 0144 06       		.uleb128 0x6
 318 0145 72030000 		.4byte	.LASF28
 319 0149 07       		.byte	0x7
 320 014a 5F       		.byte	0x5f
 321 014b 56020000 		.4byte	0x256
 322 014f 00       		.byte	0
 323 0150 06       		.uleb128 0x6
 324 0151 07030000 		.4byte	.LASF29
 325 0155 07       		.byte	0x7
 326 0156 61       		.byte	0x61
 327 0157 56020000 		.4byte	0x256
 328 015b 04       		.byte	0x4
 329 015c 06       		.uleb128 0x6
 330 015d 07010000 		.4byte	.LASF30
 331 0161 07       		.byte	0x7
 332 0162 63       		.byte	0x63
 333 0163 01010000 		.4byte	0x101
 334 0167 08       		.byte	0x8
 335 0168 06       		.uleb128 0x6
 336 0169 A4040000 		.4byte	.LASF31
 337 016d 07       		.byte	0x7
 338 016e 64       		.byte	0x64
 339 016f 10030000 		.4byte	0x310
 340 0173 0C       		.byte	0xc
 341 0174 06       		.uleb128 0x6
 342 0175 91010000 		.4byte	.LASF32
ARM GAS  /tmp/ccunY30w.s 			page 7


 343 0179 07       		.byte	0x7
 344 017a 66       		.byte	0x66
 345 017b 56020000 		.4byte	0x256
 346 017f 10       		.byte	0x10
 347 0180 06       		.uleb128 0x6
 348 0181 BF020000 		.4byte	.LASF33
 349 0185 07       		.byte	0x7
 350 0186 67       		.byte	0x67
 351 0187 56020000 		.4byte	0x256
 352 018b 14       		.byte	0x14
 353 018c 06       		.uleb128 0x6
 354 018d 8A040000 		.4byte	.LASF34
 355 0191 07       		.byte	0x7
 356 0192 6E       		.byte	0x6e
 357 0193 10040000 		.4byte	0x410
 358 0197 18       		.byte	0x18
 359 0198 06       		.uleb128 0x6
 360 0199 46030000 		.4byte	.LASF35
 361 019d 07       		.byte	0x7
 362 019e 79       		.byte	0x79
 363 019f E0000000 		.4byte	0xe0
 364 01a3 1C       		.byte	0x1c
 365 01a4 06       		.uleb128 0x6
 366 01a5 88030000 		.4byte	.LASF36
 367 01a9 07       		.byte	0x7
 368 01aa 7D       		.byte	0x7d
 369 01ab D5000000 		.4byte	0xd5
 370 01af 1D       		.byte	0x1d
 371 01b0 06       		.uleb128 0x6
 372 01b1 64040000 		.4byte	.LASF37
 373 01b5 07       		.byte	0x7
 374 01b6 82       		.byte	0x82
 375 01b7 EB000000 		.4byte	0xeb
 376 01bb 1E       		.byte	0x1e
 377 01bc 06       		.uleb128 0x6
 378 01bd 4E030000 		.4byte	.LASF38
 379 01c1 07       		.byte	0x7
 380 01c2 88       		.byte	0x88
 381 01c3 F6000000 		.4byte	0xf6
 382 01c7 1F       		.byte	0x1f
 383 01c8 06       		.uleb128 0x6
 384 01c9 1F040000 		.4byte	.LASF39
 385 01cd 07       		.byte	0x7
 386 01ce 8F       		.byte	0x8f
 387 01cf 38030000 		.4byte	0x338
 388 01d3 20       		.byte	0x20
 389 01d4 07       		.uleb128 0x7
 390 01d5 705F7500 		.ascii	"p_u\000"
 391 01d9 07       		.byte	0x7
 392 01da B4       		.byte	0xb4
 393 01db DB030000 		.4byte	0x3db
 394 01df 24       		.byte	0x24
 395 01e0 06       		.uleb128 0x6
 396 01e1 AA040000 		.4byte	.LASF40
 397 01e5 07       		.byte	0x7
 398 01e6 B9       		.byte	0xb9
 399 01e7 7C020000 		.4byte	0x27c
ARM GAS  /tmp/ccunY30w.s 			page 8


 400 01eb 28       		.byte	0x28
 401 01ec 06       		.uleb128 0x6
 402 01ed 2D040000 		.4byte	.LASF41
 403 01f1 07       		.byte	0x7
 404 01f2 BF       		.byte	0xbf
 405 01f3 5C020000 		.4byte	0x25c
 406 01f7 2C       		.byte	0x2c
 407 01f8 06       		.uleb128 0x6
 408 01f9 0D000000 		.4byte	.LASF42
 409 01fd 07       		.byte	0x7
 410 01fe C3       		.byte	0xc3
 411 01ff 0C010000 		.4byte	0x10c
 412 0203 34       		.byte	0x34
 413 0204 06       		.uleb128 0x6
 414 0205 B1030000 		.4byte	.LASF43
 415 0209 07       		.byte	0x7
 416 020a C9       		.byte	0xc9
 417 020b 17010000 		.4byte	0x117
 418 020f 38       		.byte	0x38
 419 0210 06       		.uleb128 0x6
 420 0211 32030000 		.4byte	.LASF44
 421 0215 07       		.byte	0x7
 422 0216 D0       		.byte	0xd0
 423 0217 22040000 		.4byte	0x422
 424 021b 3C       		.byte	0x3c
 425 021c 06       		.uleb128 0x6
 426 021d 0A040000 		.4byte	.LASF45
 427 0221 07       		.byte	0x7
 428 0222 D4       		.byte	0xd4
 429 0223 01010000 		.4byte	0x101
 430 0227 40       		.byte	0x40
 431 0228 06       		.uleb128 0x6
 432 0229 52010000 		.4byte	.LASF46
 433 022d 07       		.byte	0x7
 434 022e DA       		.byte	0xda
 435 022f 92020000 		.4byte	0x292
 436 0233 44       		.byte	0x44
 437 0234 00       		.byte	0
 438 0235 08       		.uleb128 0x8
 439 0236 08       		.byte	0x8
 440 0237 06       		.byte	0x6
 441 0238 61       		.byte	0x61
 442 0239 56020000 		.4byte	0x256
 443 023d 06       		.uleb128 0x6
 444 023e 72030000 		.4byte	.LASF28
 445 0242 06       		.byte	0x6
 446 0243 62       		.byte	0x62
 447 0244 56020000 		.4byte	0x256
 448 0248 00       		.byte	0
 449 0249 06       		.uleb128 0x6
 450 024a 07030000 		.4byte	.LASF29
 451 024e 06       		.byte	0x6
 452 024f 64       		.byte	0x64
 453 0250 56020000 		.4byte	0x256
 454 0254 04       		.byte	0x4
 455 0255 00       		.byte	0
 456 0256 09       		.uleb128 0x9
ARM GAS  /tmp/ccunY30w.s 			page 9


 457 0257 04       		.byte	0x4
 458 0258 2D010000 		.4byte	0x12d
 459 025c 03       		.uleb128 0x3
 460 025d CD020000 		.4byte	.LASF47
 461 0261 06       		.byte	0x6
 462 0262 66       		.byte	0x66
 463 0263 35020000 		.4byte	0x235
 464 0267 08       		.uleb128 0x8
 465 0268 04       		.byte	0x4
 466 0269 06       		.byte	0x6
 467 026a 6B       		.byte	0x6b
 468 026b 7C020000 		.4byte	0x27c
 469 026f 06       		.uleb128 0x6
 470 0270 72030000 		.4byte	.LASF28
 471 0274 06       		.byte	0x6
 472 0275 6D       		.byte	0x6d
 473 0276 56020000 		.4byte	0x256
 474 027a 00       		.byte	0
 475 027b 00       		.byte	0
 476 027c 03       		.uleb128 0x3
 477 027d 14020000 		.4byte	.LASF48
 478 0281 06       		.byte	0x6
 479 0282 70       		.byte	0x70
 480 0283 67020000 		.4byte	0x267
 481 0287 03       		.uleb128 0x3
 482 0288 A4010000 		.4byte	.LASF49
 483 028c 08       		.byte	0x8
 484 028d E5       		.byte	0xe5
 485 028e 92020000 		.4byte	0x292
 486 0292 0A       		.uleb128 0xa
 487 0293 04       		.byte	0x4
 488 0294 0B       		.uleb128 0xb
 489 0295 26040000 		.4byte	.LASF50
 490 0299 24       		.byte	0x24
 491 029a 08       		.byte	0x8
 492 029b 0C01     		.2byte	0x10c
 493 029d 10030000 		.4byte	0x310
 494 02a1 0C       		.uleb128 0xc
 495 02a2 723400   		.ascii	"r4\000"
 496 02a5 08       		.byte	0x8
 497 02a6 1F01     		.2byte	0x11f
 498 02a8 87020000 		.4byte	0x287
 499 02ac 00       		.byte	0
 500 02ad 0C       		.uleb128 0xc
 501 02ae 723500   		.ascii	"r5\000"
 502 02b1 08       		.byte	0x8
 503 02b2 2001     		.2byte	0x120
 504 02b4 87020000 		.4byte	0x287
 505 02b8 04       		.byte	0x4
 506 02b9 0C       		.uleb128 0xc
 507 02ba 723600   		.ascii	"r6\000"
 508 02bd 08       		.byte	0x8
 509 02be 2101     		.2byte	0x121
 510 02c0 87020000 		.4byte	0x287
 511 02c4 08       		.byte	0x8
 512 02c5 0C       		.uleb128 0xc
 513 02c6 723700   		.ascii	"r7\000"
ARM GAS  /tmp/ccunY30w.s 			page 10


 514 02c9 08       		.byte	0x8
 515 02ca 2201     		.2byte	0x122
 516 02cc 87020000 		.4byte	0x287
 517 02d0 0C       		.byte	0xc
 518 02d1 0C       		.uleb128 0xc
 519 02d2 723800   		.ascii	"r8\000"
 520 02d5 08       		.byte	0x8
 521 02d6 2301     		.2byte	0x123
 522 02d8 87020000 		.4byte	0x287
 523 02dc 10       		.byte	0x10
 524 02dd 0C       		.uleb128 0xc
 525 02de 723900   		.ascii	"r9\000"
 526 02e1 08       		.byte	0x8
 527 02e2 2401     		.2byte	0x124
 528 02e4 87020000 		.4byte	0x287
 529 02e8 14       		.byte	0x14
 530 02e9 0C       		.uleb128 0xc
 531 02ea 72313000 		.ascii	"r10\000"
 532 02ee 08       		.byte	0x8
 533 02ef 2501     		.2byte	0x125
 534 02f1 87020000 		.4byte	0x287
 535 02f5 18       		.byte	0x18
 536 02f6 0C       		.uleb128 0xc
 537 02f7 72313100 		.ascii	"r11\000"
 538 02fb 08       		.byte	0x8
 539 02fc 2601     		.2byte	0x126
 540 02fe 87020000 		.4byte	0x287
 541 0302 1C       		.byte	0x1c
 542 0303 0C       		.uleb128 0xc
 543 0304 6C7200   		.ascii	"lr\000"
 544 0307 08       		.byte	0x8
 545 0308 2701     		.2byte	0x127
 546 030a 87020000 		.4byte	0x287
 547 030e 20       		.byte	0x20
 548 030f 00       		.byte	0
 549 0310 0B       		.uleb128 0xb
 550 0311 E3010000 		.4byte	.LASF51
 551 0315 04       		.byte	0x4
 552 0316 08       		.byte	0x8
 553 0317 3101     		.2byte	0x131
 554 0319 2B030000 		.4byte	0x32b
 555 031d 0C       		.uleb128 0xc
 556 031e 72313300 		.ascii	"r13\000"
 557 0322 08       		.byte	0x8
 558 0323 3201     		.2byte	0x132
 559 0325 2B030000 		.4byte	0x32b
 560 0329 00       		.byte	0
 561 032a 00       		.byte	0
 562 032b 09       		.uleb128 0x9
 563 032c 04       		.byte	0x4
 564 032d 94020000 		.4byte	0x294
 565 0331 04       		.uleb128 0x4
 566 0332 04       		.byte	0x4
 567 0333 07       		.byte	0x7
 568 0334 9E020000 		.4byte	.LASF52
 569 0338 0D       		.uleb128 0xd
 570 0339 22010000 		.4byte	0x122
ARM GAS  /tmp/ccunY30w.s 			page 11


 571 033d 08       		.uleb128 0x8
 572 033e 1C       		.byte	0x1c
 573 033f 09       		.byte	0x9
 574 0340 5E       		.byte	0x5e
 575 0341 8E030000 		.4byte	0x38e
 576 0345 06       		.uleb128 0x6
 577 0346 D1030000 		.4byte	.LASF53
 578 034a 09       		.byte	0x9
 579 034b 5F       		.byte	0x5f
 580 034c 5C020000 		.4byte	0x25c
 581 0350 00       		.byte	0
 582 0351 06       		.uleb128 0x6
 583 0352 64030000 		.4byte	.LASF54
 584 0356 09       		.byte	0x9
 585 0357 60       		.byte	0x60
 586 0358 01010000 		.4byte	0x101
 587 035c 08       		.byte	0x8
 588 035d 06       		.uleb128 0x6
 589 035e C7020000 		.4byte	.LASF55
 590 0362 09       		.byte	0x9
 591 0363 62       		.byte	0x62
 592 0364 10030000 		.4byte	0x310
 593 0368 0C       		.byte	0xc
 594 0369 06       		.uleb128 0x6
 595 036a 04020000 		.4byte	.LASF56
 596 036e 09       		.byte	0x9
 597 036f 65       		.byte	0x65
 598 0370 56020000 		.4byte	0x256
 599 0374 10       		.byte	0x10
 600 0375 06       		.uleb128 0x6
 601 0376 EC020000 		.4byte	.LASF57
 602 037a 09       		.byte	0x9
 603 037b 66       		.byte	0x66
 604 037c 56020000 		.4byte	0x256
 605 0380 14       		.byte	0x14
 606 0381 06       		.uleb128 0x6
 607 0382 E2020000 		.4byte	.LASF58
 608 0386 09       		.byte	0x9
 609 0387 69       		.byte	0x69
 610 0388 56020000 		.4byte	0x256
 611 038c 18       		.byte	0x18
 612 038d 00       		.byte	0
 613 038e 03       		.uleb128 0x3
 614 038f 6B040000 		.4byte	.LASF59
 615 0393 09       		.byte	0x9
 616 0394 6B       		.byte	0x6b
 617 0395 3D030000 		.4byte	0x33d
 618 0399 05       		.uleb128 0x5
 619 039a 2C020000 		.4byte	.LASF60
 620 039e 10       		.byte	0x10
 621 039f 0A       		.byte	0xa
 622 03a0 2C       		.byte	0x2c
 623 03a1 CA030000 		.4byte	0x3ca
 624 03a5 06       		.uleb128 0x6
 625 03a6 5A010000 		.4byte	.LASF61
 626 03aa 0A       		.byte	0xa
 627 03ab 2D       		.byte	0x2d
ARM GAS  /tmp/ccunY30w.s 			page 12


 628 03ac 5C020000 		.4byte	0x25c
 629 03b0 00       		.byte	0
 630 03b1 06       		.uleb128 0x6
 631 03b2 9C040000 		.4byte	.LASF62
 632 03b6 0A       		.byte	0xa
 633 03b7 2F       		.byte	0x2f
 634 03b8 56020000 		.4byte	0x256
 635 03bc 08       		.byte	0x8
 636 03bd 06       		.uleb128 0x6
 637 03be F9030000 		.4byte	.LASF63
 638 03c2 0A       		.byte	0xa
 639 03c3 31       		.byte	0x31
 640 03c4 CA030000 		.4byte	0x3ca
 641 03c8 0C       		.byte	0xc
 642 03c9 00       		.byte	0
 643 03ca 09       		.uleb128 0x9
 644 03cb 04       		.byte	0x4
 645 03cc 99030000 		.4byte	0x399
 646 03d0 03       		.uleb128 0x3
 647 03d1 2C020000 		.4byte	.LASF60
 648 03d5 0A       		.byte	0xa
 649 03d6 33       		.byte	0x33
 650 03d7 99030000 		.4byte	0x399
 651 03db 0E       		.uleb128 0xe
 652 03dc 04       		.byte	0x4
 653 03dd 07       		.byte	0x7
 654 03de 96       		.byte	0x96
 655 03df 10040000 		.4byte	0x410
 656 03e3 0F       		.uleb128 0xf
 657 03e4 1A000000 		.4byte	.LASF64
 658 03e8 07       		.byte	0x7
 659 03e9 9D       		.byte	0x9d
 660 03ea 0C010000 		.4byte	0x10c
 661 03ee 0F       		.uleb128 0xf
 662 03ef ED000000 		.4byte	.LASF65
 663 03f3 07       		.byte	0x7
 664 03f4 A4       		.byte	0xa4
 665 03f5 0C010000 		.4byte	0x10c
 666 03f9 0F       		.uleb128 0xf
 667 03fa 83040000 		.4byte	.LASF66
 668 03fe 07       		.byte	0x7
 669 03ff AB       		.byte	0xab
 670 0400 92020000 		.4byte	0x292
 671 0404 0F       		.uleb128 0xf
 672 0405 6B030000 		.4byte	.LASF67
 673 0409 07       		.byte	0x7
 674 040a B2       		.byte	0xb2
 675 040b 17010000 		.4byte	0x117
 676 040f 00       		.byte	0
 677 0410 09       		.uleb128 0x9
 678 0411 04       		.byte	0x4
 679 0412 16040000 		.4byte	0x416
 680 0416 10       		.uleb128 0x10
 681 0417 1B040000 		.4byte	0x41b
 682 041b 04       		.uleb128 0x4
 683 041c 01       		.byte	0x1
 684 041d 08       		.byte	0x8
ARM GAS  /tmp/ccunY30w.s 			page 13


 685 041e D9030000 		.4byte	.LASF68
 686 0422 09       		.uleb128 0x9
 687 0423 04       		.byte	0x4
 688 0424 D0030000 		.4byte	0x3d0
 689 0428 08       		.uleb128 0x8
 690 0429 16       		.byte	0x16
 691 042a 0B       		.byte	0xb
 692 042b 2C       		.byte	0x2c
 693 042c 09050000 		.4byte	0x509
 694 0430 06       		.uleb128 0x6
 695 0431 D5010000 		.4byte	.LASF69
 696 0435 0B       		.byte	0xb
 697 0436 2D       		.byte	0x2d
 698 0437 09050000 		.4byte	0x509
 699 043b 00       		.byte	0
 700 043c 06       		.uleb128 0x6
 701 043d 8A020000 		.4byte	.LASF70
 702 0441 0B       		.byte	0xb
 703 0442 2E       		.byte	0x2e
 704 0443 A2000000 		.4byte	0xa2
 705 0447 04       		.byte	0x4
 706 0448 06       		.uleb128 0x6
 707 0449 DA020000 		.4byte	.LASF71
 708 044d 0B       		.byte	0xb
 709 044e 2F       		.byte	0x2f
 710 044f A2000000 		.4byte	0xa2
 711 0453 05       		.byte	0x5
 712 0454 06       		.uleb128 0x6
 713 0455 91040000 		.4byte	.LASF72
 714 0459 0B       		.byte	0xb
 715 045a 30       		.byte	0x30
 716 045b AD000000 		.4byte	0xad
 717 045f 06       		.byte	0x6
 718 0460 06       		.uleb128 0x6
 719 0461 FC020000 		.4byte	.LASF73
 720 0465 0B       		.byte	0xb
 721 0466 31       		.byte	0x31
 722 0467 A2000000 		.4byte	0xa2
 723 046b 08       		.byte	0x8
 724 046c 06       		.uleb128 0x6
 725 046d A7020000 		.4byte	.LASF74
 726 0471 0B       		.byte	0xb
 727 0472 32       		.byte	0x32
 728 0473 A2000000 		.4byte	0xa2
 729 0477 09       		.byte	0x9
 730 0478 06       		.uleb128 0x6
 731 0479 DF000000 		.4byte	.LASF75
 732 047d 0B       		.byte	0xb
 733 047e 33       		.byte	0x33
 734 047f A2000000 		.4byte	0xa2
 735 0483 0A       		.byte	0xa
 736 0484 06       		.uleb128 0x6
 737 0485 C5030000 		.4byte	.LASF76
 738 0489 0B       		.byte	0xb
 739 048a 34       		.byte	0x34
 740 048b A2000000 		.4byte	0xa2
 741 048f 0B       		.byte	0xb
ARM GAS  /tmp/ccunY30w.s 			page 14


 742 0490 06       		.uleb128 0x6
 743 0491 59040000 		.4byte	.LASF77
 744 0495 0B       		.byte	0xb
 745 0496 35       		.byte	0x35
 746 0497 A2000000 		.4byte	0xa2
 747 049b 0C       		.byte	0xc
 748 049c 06       		.uleb128 0x6
 749 049d A4030000 		.4byte	.LASF78
 750 04a1 0B       		.byte	0xb
 751 04a2 36       		.byte	0x36
 752 04a3 A2000000 		.4byte	0xa2
 753 04a7 0D       		.byte	0xd
 754 04a8 06       		.uleb128 0x6
 755 04a9 00000000 		.4byte	.LASF79
 756 04ad 0B       		.byte	0xb
 757 04ae 37       		.byte	0x37
 758 04af A2000000 		.4byte	0xa2
 759 04b3 0E       		.byte	0xe
 760 04b4 06       		.uleb128 0x6
 761 04b5 B3020000 		.4byte	.LASF80
 762 04b9 0B       		.byte	0xb
 763 04ba 38       		.byte	0x38
 764 04bb A2000000 		.4byte	0xa2
 765 04bf 0F       		.byte	0xf
 766 04c0 06       		.uleb128 0x6
 767 04c1 35010000 		.4byte	.LASF81
 768 04c5 0B       		.byte	0xb
 769 04c6 39       		.byte	0x39
 770 04c7 A2000000 		.4byte	0xa2
 771 04cb 10       		.byte	0x10
 772 04cc 06       		.uleb128 0x6
 773 04cd 0E010000 		.4byte	.LASF82
 774 04d1 0B       		.byte	0xb
 775 04d2 3B       		.byte	0x3b
 776 04d3 A2000000 		.4byte	0xa2
 777 04d7 11       		.byte	0x11
 778 04d8 06       		.uleb128 0x6
 779 04d9 45010000 		.4byte	.LASF83
 780 04dd 0B       		.byte	0xb
 781 04de 3C       		.byte	0x3c
 782 04df A2000000 		.4byte	0xa2
 783 04e3 12       		.byte	0x12
 784 04e4 06       		.uleb128 0x6
 785 04e5 92020000 		.4byte	.LASF84
 786 04e9 0B       		.byte	0xb
 787 04ea 3D       		.byte	0x3d
 788 04eb A2000000 		.4byte	0xa2
 789 04ef 13       		.byte	0x13
 790 04f0 06       		.uleb128 0x6
 791 04f1 79030000 		.4byte	.LASF85
 792 04f5 0B       		.byte	0xb
 793 04f6 3E       		.byte	0x3e
 794 04f7 A2000000 		.4byte	0xa2
 795 04fb 14       		.byte	0x14
 796 04fc 06       		.uleb128 0x6
 797 04fd 58030000 		.4byte	.LASF86
 798 0501 0B       		.byte	0xb
ARM GAS  /tmp/ccunY30w.s 			page 15


 799 0502 40       		.byte	0x40
 800 0503 A2000000 		.4byte	0xa2
 801 0507 15       		.byte	0x15
 802 0508 00       		.byte	0
 803 0509 11       		.uleb128 0x11
 804 050a 1B040000 		.4byte	0x41b
 805 050e 19050000 		.4byte	0x519
 806 0512 12       		.uleb128 0x12
 807 0513 31030000 		.4byte	0x331
 808 0517 03       		.byte	0x3
 809 0518 00       		.byte	0
 810 0519 03       		.uleb128 0x3
 811 051a 87010000 		.4byte	.LASF87
 812 051e 0B       		.byte	0xb
 813 051f 41       		.byte	0x41
 814 0520 28040000 		.4byte	0x428
 815 0524 13       		.uleb128 0x13
 816 0525 F6000000 		.4byte	.LASF88
 817 0529 01       		.byte	0x1
 818 052a 75       		.byte	0x75
 819 052b 56020000 		.4byte	0x256
 820 052f 00000000 		.4byte	.LFB7
 821 0533 1E000000 		.4byte	.LFE7-.LFB7
 822 0537 01       		.uleb128 0x1
 823 0538 9C       		.byte	0x9c
 824 0539 78050000 		.4byte	0x578
 825 053d 14       		.uleb128 0x14
 826 053e 747000   		.ascii	"tp\000"
 827 0541 01       		.byte	0x1
 828 0542 76       		.byte	0x76
 829 0543 56020000 		.4byte	0x256
 830 0547 01       		.uleb128 0x1
 831 0548 50       		.byte	0x50
 832 0549 15       		.uleb128 0x15
 833 054a 00000000 		.4byte	.LBB2
 834 054e 06000000 		.4byte	.LBE2-.LBB2
 835 0552 64050000 		.4byte	0x564
 836 0556 14       		.uleb128 0x14
 837 0557 746D7000 		.ascii	"tmp\000"
 838 055b 01       		.byte	0x1
 839 055c 78       		.byte	0x78
 840 055d C3000000 		.4byte	0xc3
 841 0561 01       		.uleb128 0x1
 842 0562 53       		.byte	0x53
 843 0563 00       		.byte	0
 844 0564 16       		.uleb128 0x16
 845 0565 00000000 		.4byte	.Ldebug_ranges0+0
 846 0569 14       		.uleb128 0x14
 847 056a 746D7000 		.ascii	"tmp\000"
 848 056e 01       		.byte	0x1
 849 056f 7D       		.byte	0x7d
 850 0570 C3000000 		.4byte	0xc3
 851 0574 01       		.uleb128 0x1
 852 0575 53       		.byte	0x53
 853 0576 00       		.byte	0
 854 0577 00       		.byte	0
 855 0578 13       		.uleb128 0x13
ARM GAS  /tmp/ccunY30w.s 			page 16


 856 0579 DE030000 		.4byte	.LASF89
 857 057d 01       		.byte	0x1
 858 057e 8C       		.byte	0x8c
 859 057f 56020000 		.4byte	0x256
 860 0583 00000000 		.4byte	.LFB8
 861 0587 2C000000 		.4byte	.LFE8-.LFB8
 862 058b 01       		.uleb128 0x1
 863 058c 9C       		.byte	0x9c
 864 058d F4050000 		.4byte	0x5f4
 865 0591 17       		.uleb128 0x17
 866 0592 747000   		.ascii	"tp\000"
 867 0595 01       		.byte	0x1
 868 0596 8C       		.byte	0x8c
 869 0597 56020000 		.4byte	0x256
 870 059b 00000000 		.4byte	.LLST0
 871 059f 14       		.uleb128 0x14
 872 05a0 6E747000 		.ascii	"ntp\000"
 873 05a4 01       		.byte	0x1
 874 05a5 8D       		.byte	0x8d
 875 05a6 56020000 		.4byte	0x256
 876 05aa 01       		.uleb128 0x1
 877 05ab 54       		.byte	0x54
 878 05ac 15       		.uleb128 0x15
 879 05ad 02000000 		.4byte	.LBB5
 880 05b1 06000000 		.4byte	.LBE5-.LBB5
 881 05b5 C7050000 		.4byte	0x5c7
 882 05b9 14       		.uleb128 0x14
 883 05ba 746D7000 		.ascii	"tmp\000"
 884 05be 01       		.byte	0x1
 885 05bf 8F       		.byte	0x8f
 886 05c0 C3000000 		.4byte	0xc3
 887 05c4 01       		.uleb128 0x1
 888 05c5 53       		.byte	0x53
 889 05c6 00       		.byte	0
 890 05c7 15       		.uleb128 0x15
 891 05c8 1E000000 		.4byte	.LBB6
 892 05cc 06000000 		.4byte	.LBE6-.LBB6
 893 05d0 E2050000 		.4byte	0x5e2
 894 05d4 14       		.uleb128 0x14
 895 05d5 746D7000 		.ascii	"tmp\000"
 896 05d9 01       		.byte	0x1
 897 05da 9A       		.byte	0x9a
 898 05db C3000000 		.4byte	0xc3
 899 05df 01       		.uleb128 0x1
 900 05e0 53       		.byte	0x53
 901 05e1 00       		.byte	0
 902 05e2 18       		.uleb128 0x18
 903 05e3 28000000 		.4byte	.LVL4
 904 05e7 15060000 		.4byte	0x615
 905 05eb 19       		.uleb128 0x19
 906 05ec 01       		.uleb128 0x1
 907 05ed 50       		.byte	0x50
 908 05ee 03       		.uleb128 0x3
 909 05ef F3       		.byte	0xf3
 910 05f0 01       		.uleb128 0x1
 911 05f1 50       		.byte	0x50
 912 05f2 00       		.byte	0
ARM GAS  /tmp/ccunY30w.s 			page 17


 913 05f3 00       		.byte	0
 914 05f4 1A       		.uleb128 0x1a
 915 05f5 75040000 		.4byte	.LASF90
 916 05f9 09       		.byte	0x9
 917 05fa 6F       		.byte	0x6f
 918 05fb 8E030000 		.4byte	0x38e
 919 05ff 1B       		.uleb128 0x1b
 920 0600 CC010000 		.4byte	.LASF91
 921 0604 01       		.byte	0x1
 922 0605 42       		.byte	0x42
 923 0606 10060000 		.4byte	0x610
 924 060a 05       		.uleb128 0x5
 925 060b 03       		.byte	0x3
 926 060c 00000000 		.4byte	ch_debug
 927 0610 10       		.uleb128 0x10
 928 0611 19050000 		.4byte	0x519
 929 0615 1C       		.uleb128 0x1c
 930 0616 90030000 		.4byte	.LASF95
 931 061a 0C       		.byte	0xc
 932 061b 3A       		.byte	0x3a
 933 061c 1D       		.uleb128 0x1d
 934 061d 56020000 		.4byte	0x256
 935 0621 00       		.byte	0
 936 0622 00       		.byte	0
 937              		.section	.debug_abbrev,"",%progbits
 938              	.Ldebug_abbrev0:
 939 0000 01       		.uleb128 0x1
 940 0001 11       		.uleb128 0x11
 941 0002 01       		.byte	0x1
 942 0003 25       		.uleb128 0x25
 943 0004 0E       		.uleb128 0xe
 944 0005 13       		.uleb128 0x13
 945 0006 0B       		.uleb128 0xb
 946 0007 03       		.uleb128 0x3
 947 0008 0E       		.uleb128 0xe
 948 0009 1B       		.uleb128 0x1b
 949 000a 0E       		.uleb128 0xe
 950 000b 55       		.uleb128 0x55
 951 000c 17       		.uleb128 0x17
 952 000d 11       		.uleb128 0x11
 953 000e 01       		.uleb128 0x1
 954 000f 10       		.uleb128 0x10
 955 0010 17       		.uleb128 0x17
 956 0011 00       		.byte	0
 957 0012 00       		.byte	0
 958 0013 02       		.uleb128 0x2
 959 0014 24       		.uleb128 0x24
 960 0015 00       		.byte	0
 961 0016 0B       		.uleb128 0xb
 962 0017 0B       		.uleb128 0xb
 963 0018 3E       		.uleb128 0x3e
 964 0019 0B       		.uleb128 0xb
 965 001a 03       		.uleb128 0x3
 966 001b 08       		.uleb128 0x8
 967 001c 00       		.byte	0
 968 001d 00       		.byte	0
 969 001e 03       		.uleb128 0x3
ARM GAS  /tmp/ccunY30w.s 			page 18


 970 001f 16       		.uleb128 0x16
 971 0020 00       		.byte	0
 972 0021 03       		.uleb128 0x3
 973 0022 0E       		.uleb128 0xe
 974 0023 3A       		.uleb128 0x3a
 975 0024 0B       		.uleb128 0xb
 976 0025 3B       		.uleb128 0x3b
 977 0026 0B       		.uleb128 0xb
 978 0027 49       		.uleb128 0x49
 979 0028 13       		.uleb128 0x13
 980 0029 00       		.byte	0
 981 002a 00       		.byte	0
 982 002b 04       		.uleb128 0x4
 983 002c 24       		.uleb128 0x24
 984 002d 00       		.byte	0
 985 002e 0B       		.uleb128 0xb
 986 002f 0B       		.uleb128 0xb
 987 0030 3E       		.uleb128 0x3e
 988 0031 0B       		.uleb128 0xb
 989 0032 03       		.uleb128 0x3
 990 0033 0E       		.uleb128 0xe
 991 0034 00       		.byte	0
 992 0035 00       		.byte	0
 993 0036 05       		.uleb128 0x5
 994 0037 13       		.uleb128 0x13
 995 0038 01       		.byte	0x1
 996 0039 03       		.uleb128 0x3
 997 003a 0E       		.uleb128 0xe
 998 003b 0B       		.uleb128 0xb
 999 003c 0B       		.uleb128 0xb
 1000 003d 3A       		.uleb128 0x3a
 1001 003e 0B       		.uleb128 0xb
 1002 003f 3B       		.uleb128 0x3b
 1003 0040 0B       		.uleb128 0xb
 1004 0041 01       		.uleb128 0x1
 1005 0042 13       		.uleb128 0x13
 1006 0043 00       		.byte	0
 1007 0044 00       		.byte	0
 1008 0045 06       		.uleb128 0x6
 1009 0046 0D       		.uleb128 0xd
 1010 0047 00       		.byte	0
 1011 0048 03       		.uleb128 0x3
 1012 0049 0E       		.uleb128 0xe
 1013 004a 3A       		.uleb128 0x3a
 1014 004b 0B       		.uleb128 0xb
 1015 004c 3B       		.uleb128 0x3b
 1016 004d 0B       		.uleb128 0xb
 1017 004e 49       		.uleb128 0x49
 1018 004f 13       		.uleb128 0x13
 1019 0050 38       		.uleb128 0x38
 1020 0051 0B       		.uleb128 0xb
 1021 0052 00       		.byte	0
 1022 0053 00       		.byte	0
 1023 0054 07       		.uleb128 0x7
 1024 0055 0D       		.uleb128 0xd
 1025 0056 00       		.byte	0
 1026 0057 03       		.uleb128 0x3
ARM GAS  /tmp/ccunY30w.s 			page 19


 1027 0058 08       		.uleb128 0x8
 1028 0059 3A       		.uleb128 0x3a
 1029 005a 0B       		.uleb128 0xb
 1030 005b 3B       		.uleb128 0x3b
 1031 005c 0B       		.uleb128 0xb
 1032 005d 49       		.uleb128 0x49
 1033 005e 13       		.uleb128 0x13
 1034 005f 38       		.uleb128 0x38
 1035 0060 0B       		.uleb128 0xb
 1036 0061 00       		.byte	0
 1037 0062 00       		.byte	0
 1038 0063 08       		.uleb128 0x8
 1039 0064 13       		.uleb128 0x13
 1040 0065 01       		.byte	0x1
 1041 0066 0B       		.uleb128 0xb
 1042 0067 0B       		.uleb128 0xb
 1043 0068 3A       		.uleb128 0x3a
 1044 0069 0B       		.uleb128 0xb
 1045 006a 3B       		.uleb128 0x3b
 1046 006b 0B       		.uleb128 0xb
 1047 006c 01       		.uleb128 0x1
 1048 006d 13       		.uleb128 0x13
 1049 006e 00       		.byte	0
 1050 006f 00       		.byte	0
 1051 0070 09       		.uleb128 0x9
 1052 0071 0F       		.uleb128 0xf
 1053 0072 00       		.byte	0
 1054 0073 0B       		.uleb128 0xb
 1055 0074 0B       		.uleb128 0xb
 1056 0075 49       		.uleb128 0x49
 1057 0076 13       		.uleb128 0x13
 1058 0077 00       		.byte	0
 1059 0078 00       		.byte	0
 1060 0079 0A       		.uleb128 0xa
 1061 007a 0F       		.uleb128 0xf
 1062 007b 00       		.byte	0
 1063 007c 0B       		.uleb128 0xb
 1064 007d 0B       		.uleb128 0xb
 1065 007e 00       		.byte	0
 1066 007f 00       		.byte	0
 1067 0080 0B       		.uleb128 0xb
 1068 0081 13       		.uleb128 0x13
 1069 0082 01       		.byte	0x1
 1070 0083 03       		.uleb128 0x3
 1071 0084 0E       		.uleb128 0xe
 1072 0085 0B       		.uleb128 0xb
 1073 0086 0B       		.uleb128 0xb
 1074 0087 3A       		.uleb128 0x3a
 1075 0088 0B       		.uleb128 0xb
 1076 0089 3B       		.uleb128 0x3b
 1077 008a 05       		.uleb128 0x5
 1078 008b 01       		.uleb128 0x1
 1079 008c 13       		.uleb128 0x13
 1080 008d 00       		.byte	0
 1081 008e 00       		.byte	0
 1082 008f 0C       		.uleb128 0xc
 1083 0090 0D       		.uleb128 0xd
ARM GAS  /tmp/ccunY30w.s 			page 20


 1084 0091 00       		.byte	0
 1085 0092 03       		.uleb128 0x3
 1086 0093 08       		.uleb128 0x8
 1087 0094 3A       		.uleb128 0x3a
 1088 0095 0B       		.uleb128 0xb
 1089 0096 3B       		.uleb128 0x3b
 1090 0097 05       		.uleb128 0x5
 1091 0098 49       		.uleb128 0x49
 1092 0099 13       		.uleb128 0x13
 1093 009a 38       		.uleb128 0x38
 1094 009b 0B       		.uleb128 0xb
 1095 009c 00       		.byte	0
 1096 009d 00       		.byte	0
 1097 009e 0D       		.uleb128 0xd
 1098 009f 35       		.uleb128 0x35
 1099 00a0 00       		.byte	0
 1100 00a1 49       		.uleb128 0x49
 1101 00a2 13       		.uleb128 0x13
 1102 00a3 00       		.byte	0
 1103 00a4 00       		.byte	0
 1104 00a5 0E       		.uleb128 0xe
 1105 00a6 17       		.uleb128 0x17
 1106 00a7 01       		.byte	0x1
 1107 00a8 0B       		.uleb128 0xb
 1108 00a9 0B       		.uleb128 0xb
 1109 00aa 3A       		.uleb128 0x3a
 1110 00ab 0B       		.uleb128 0xb
 1111 00ac 3B       		.uleb128 0x3b
 1112 00ad 0B       		.uleb128 0xb
 1113 00ae 01       		.uleb128 0x1
 1114 00af 13       		.uleb128 0x13
 1115 00b0 00       		.byte	0
 1116 00b1 00       		.byte	0
 1117 00b2 0F       		.uleb128 0xf
 1118 00b3 0D       		.uleb128 0xd
 1119 00b4 00       		.byte	0
 1120 00b5 03       		.uleb128 0x3
 1121 00b6 0E       		.uleb128 0xe
 1122 00b7 3A       		.uleb128 0x3a
 1123 00b8 0B       		.uleb128 0xb
 1124 00b9 3B       		.uleb128 0x3b
 1125 00ba 0B       		.uleb128 0xb
 1126 00bb 49       		.uleb128 0x49
 1127 00bc 13       		.uleb128 0x13
 1128 00bd 00       		.byte	0
 1129 00be 00       		.byte	0
 1130 00bf 10       		.uleb128 0x10
 1131 00c0 26       		.uleb128 0x26
 1132 00c1 00       		.byte	0
 1133 00c2 49       		.uleb128 0x49
 1134 00c3 13       		.uleb128 0x13
 1135 00c4 00       		.byte	0
 1136 00c5 00       		.byte	0
 1137 00c6 11       		.uleb128 0x11
 1138 00c7 01       		.uleb128 0x1
 1139 00c8 01       		.byte	0x1
 1140 00c9 49       		.uleb128 0x49
ARM GAS  /tmp/ccunY30w.s 			page 21


 1141 00ca 13       		.uleb128 0x13
 1142 00cb 01       		.uleb128 0x1
 1143 00cc 13       		.uleb128 0x13
 1144 00cd 00       		.byte	0
 1145 00ce 00       		.byte	0
 1146 00cf 12       		.uleb128 0x12
 1147 00d0 21       		.uleb128 0x21
 1148 00d1 00       		.byte	0
 1149 00d2 49       		.uleb128 0x49
 1150 00d3 13       		.uleb128 0x13
 1151 00d4 2F       		.uleb128 0x2f
 1152 00d5 0B       		.uleb128 0xb
 1153 00d6 00       		.byte	0
 1154 00d7 00       		.byte	0
 1155 00d8 13       		.uleb128 0x13
 1156 00d9 2E       		.uleb128 0x2e
 1157 00da 01       		.byte	0x1
 1158 00db 3F       		.uleb128 0x3f
 1159 00dc 19       		.uleb128 0x19
 1160 00dd 03       		.uleb128 0x3
 1161 00de 0E       		.uleb128 0xe
 1162 00df 3A       		.uleb128 0x3a
 1163 00e0 0B       		.uleb128 0xb
 1164 00e1 3B       		.uleb128 0x3b
 1165 00e2 0B       		.uleb128 0xb
 1166 00e3 27       		.uleb128 0x27
 1167 00e4 19       		.uleb128 0x19
 1168 00e5 49       		.uleb128 0x49
 1169 00e6 13       		.uleb128 0x13
 1170 00e7 11       		.uleb128 0x11
 1171 00e8 01       		.uleb128 0x1
 1172 00e9 12       		.uleb128 0x12
 1173 00ea 06       		.uleb128 0x6
 1174 00eb 40       		.uleb128 0x40
 1175 00ec 18       		.uleb128 0x18
 1176 00ed 9742     		.uleb128 0x2117
 1177 00ef 19       		.uleb128 0x19
 1178 00f0 01       		.uleb128 0x1
 1179 00f1 13       		.uleb128 0x13
 1180 00f2 00       		.byte	0
 1181 00f3 00       		.byte	0
 1182 00f4 14       		.uleb128 0x14
 1183 00f5 34       		.uleb128 0x34
 1184 00f6 00       		.byte	0
 1185 00f7 03       		.uleb128 0x3
 1186 00f8 08       		.uleb128 0x8
 1187 00f9 3A       		.uleb128 0x3a
 1188 00fa 0B       		.uleb128 0xb
 1189 00fb 3B       		.uleb128 0x3b
 1190 00fc 0B       		.uleb128 0xb
 1191 00fd 49       		.uleb128 0x49
 1192 00fe 13       		.uleb128 0x13
 1193 00ff 02       		.uleb128 0x2
 1194 0100 18       		.uleb128 0x18
 1195 0101 00       		.byte	0
 1196 0102 00       		.byte	0
 1197 0103 15       		.uleb128 0x15
ARM GAS  /tmp/ccunY30w.s 			page 22


 1198 0104 0B       		.uleb128 0xb
 1199 0105 01       		.byte	0x1
 1200 0106 11       		.uleb128 0x11
 1201 0107 01       		.uleb128 0x1
 1202 0108 12       		.uleb128 0x12
 1203 0109 06       		.uleb128 0x6
 1204 010a 01       		.uleb128 0x1
 1205 010b 13       		.uleb128 0x13
 1206 010c 00       		.byte	0
 1207 010d 00       		.byte	0
 1208 010e 16       		.uleb128 0x16
 1209 010f 0B       		.uleb128 0xb
 1210 0110 01       		.byte	0x1
 1211 0111 55       		.uleb128 0x55
 1212 0112 17       		.uleb128 0x17
 1213 0113 00       		.byte	0
 1214 0114 00       		.byte	0
 1215 0115 17       		.uleb128 0x17
 1216 0116 05       		.uleb128 0x5
 1217 0117 00       		.byte	0
 1218 0118 03       		.uleb128 0x3
 1219 0119 08       		.uleb128 0x8
 1220 011a 3A       		.uleb128 0x3a
 1221 011b 0B       		.uleb128 0xb
 1222 011c 3B       		.uleb128 0x3b
 1223 011d 0B       		.uleb128 0xb
 1224 011e 49       		.uleb128 0x49
 1225 011f 13       		.uleb128 0x13
 1226 0120 02       		.uleb128 0x2
 1227 0121 17       		.uleb128 0x17
 1228 0122 00       		.byte	0
 1229 0123 00       		.byte	0
 1230 0124 18       		.uleb128 0x18
 1231 0125 898201   		.uleb128 0x4109
 1232 0128 01       		.byte	0x1
 1233 0129 11       		.uleb128 0x11
 1234 012a 01       		.uleb128 0x1
 1235 012b 31       		.uleb128 0x31
 1236 012c 13       		.uleb128 0x13
 1237 012d 00       		.byte	0
 1238 012e 00       		.byte	0
 1239 012f 19       		.uleb128 0x19
 1240 0130 8A8201   		.uleb128 0x410a
 1241 0133 00       		.byte	0
 1242 0134 02       		.uleb128 0x2
 1243 0135 18       		.uleb128 0x18
 1244 0136 9142     		.uleb128 0x2111
 1245 0138 18       		.uleb128 0x18
 1246 0139 00       		.byte	0
 1247 013a 00       		.byte	0
 1248 013b 1A       		.uleb128 0x1a
 1249 013c 34       		.uleb128 0x34
 1250 013d 00       		.byte	0
 1251 013e 03       		.uleb128 0x3
 1252 013f 0E       		.uleb128 0xe
 1253 0140 3A       		.uleb128 0x3a
 1254 0141 0B       		.uleb128 0xb
ARM GAS  /tmp/ccunY30w.s 			page 23


 1255 0142 3B       		.uleb128 0x3b
 1256 0143 0B       		.uleb128 0xb
 1257 0144 49       		.uleb128 0x49
 1258 0145 13       		.uleb128 0x13
 1259 0146 3F       		.uleb128 0x3f
 1260 0147 19       		.uleb128 0x19
 1261 0148 3C       		.uleb128 0x3c
 1262 0149 19       		.uleb128 0x19
 1263 014a 00       		.byte	0
 1264 014b 00       		.byte	0
 1265 014c 1B       		.uleb128 0x1b
 1266 014d 34       		.uleb128 0x34
 1267 014e 00       		.byte	0
 1268 014f 03       		.uleb128 0x3
 1269 0150 0E       		.uleb128 0xe
 1270 0151 3A       		.uleb128 0x3a
 1271 0152 0B       		.uleb128 0xb
 1272 0153 3B       		.uleb128 0x3b
 1273 0154 0B       		.uleb128 0xb
 1274 0155 49       		.uleb128 0x49
 1275 0156 13       		.uleb128 0x13
 1276 0157 3F       		.uleb128 0x3f
 1277 0158 19       		.uleb128 0x19
 1278 0159 02       		.uleb128 0x2
 1279 015a 18       		.uleb128 0x18
 1280 015b 00       		.byte	0
 1281 015c 00       		.byte	0
 1282 015d 1C       		.uleb128 0x1c
 1283 015e 2E       		.uleb128 0x2e
 1284 015f 01       		.byte	0x1
 1285 0160 3F       		.uleb128 0x3f
 1286 0161 19       		.uleb128 0x19
 1287 0162 03       		.uleb128 0x3
 1288 0163 0E       		.uleb128 0xe
 1289 0164 3A       		.uleb128 0x3a
 1290 0165 0B       		.uleb128 0xb
 1291 0166 3B       		.uleb128 0x3b
 1292 0167 0B       		.uleb128 0xb
 1293 0168 27       		.uleb128 0x27
 1294 0169 19       		.uleb128 0x19
 1295 016a 3C       		.uleb128 0x3c
 1296 016b 19       		.uleb128 0x19
 1297 016c 00       		.byte	0
 1298 016d 00       		.byte	0
 1299 016e 1D       		.uleb128 0x1d
 1300 016f 05       		.uleb128 0x5
 1301 0170 00       		.byte	0
 1302 0171 49       		.uleb128 0x49
 1303 0172 13       		.uleb128 0x13
 1304 0173 00       		.byte	0
 1305 0174 00       		.byte	0
 1306 0175 00       		.byte	0
 1307              		.section	.debug_loc,"",%progbits
 1308              	.Ldebug_loc0:
 1309              	.LLST0:
 1310 0000 00000000 		.4byte	.LVL1
 1311 0004 27000000 		.4byte	.LVL4-1
ARM GAS  /tmp/ccunY30w.s 			page 24


 1312 0008 0100     		.2byte	0x1
 1313 000a 50       		.byte	0x50
 1314 000b 27000000 		.4byte	.LVL4-1
 1315 000f 2C000000 		.4byte	.LFE8
 1316 0013 0400     		.2byte	0x4
 1317 0015 F3       		.byte	0xf3
 1318 0016 01       		.uleb128 0x1
 1319 0017 50       		.byte	0x50
 1320 0018 9F       		.byte	0x9f
 1321 0019 00000000 		.4byte	0
 1322 001d 00000000 		.4byte	0
 1323              		.section	.debug_aranges,"",%progbits
 1324 0000 24000000 		.4byte	0x24
 1325 0004 0200     		.2byte	0x2
 1326 0006 00000000 		.4byte	.Ldebug_info0
 1327 000a 04       		.byte	0x4
 1328 000b 00       		.byte	0
 1329 000c 0000     		.2byte	0
 1330 000e 0000     		.2byte	0
 1331 0010 00000000 		.4byte	.LFB7
 1332 0014 1E000000 		.4byte	.LFE7-.LFB7
 1333 0018 00000000 		.4byte	.LFB8
 1334 001c 2C000000 		.4byte	.LFE8-.LFB8
 1335 0020 00000000 		.4byte	0
 1336 0024 00000000 		.4byte	0
 1337              		.section	.debug_ranges,"",%progbits
 1338              	.Ldebug_ranges0:
 1339 0000 0E000000 		.4byte	.LBB3
 1340 0004 10000000 		.4byte	.LBE3
 1341 0008 18000000 		.4byte	.LBB4
 1342 000c 1C000000 		.4byte	.LBE4
 1343 0010 00000000 		.4byte	0
 1344 0014 00000000 		.4byte	0
 1345 0018 00000000 		.4byte	.LFB7
 1346 001c 1E000000 		.4byte	.LFE7
 1347 0020 00000000 		.4byte	.LFB8
 1348 0024 2C000000 		.4byte	.LFE8
 1349 0028 00000000 		.4byte	0
 1350 002c 00000000 		.4byte	0
 1351              		.section	.debug_line,"",%progbits
 1352              	.Ldebug_line0:
 1353 0000 93010000 		.section	.debug_str,"MS",%progbits,1
 1353      02005D01 
 1353      00000201 
 1353      FB0E0D00 
 1353      01010101 
 1354              	.LASF79:
 1355 0000 63665F6F 		.ascii	"cf_off_older\000"
 1355      66665F6F 
 1355      6C646572 
 1355      00
 1356              	.LASF42:
 1357 000d 705F6D73 		.ascii	"p_msg\000"
 1357      6700
 1358              	.LASF2:
 1359 0013 73697A65 		.ascii	"size_t\000"
 1359      5F7400
ARM GAS  /tmp/ccunY30w.s 			page 25


 1360              	.LASF64:
 1361 001a 7264796D 		.ascii	"rdymsg\000"
 1361      736700
 1362              	.LASF3:
 1363 0021 5F5F7569 		.ascii	"__uint8_t\000"
 1363      6E74385F 
 1363      7400
 1364              	.LASF92:
 1365 002b 474E5520 		.ascii	"GNU C 4.8.2 -mcpu=cortex-m4 -mno-thumb-interwork -m"
 1365      4320342E 
 1365      382E3220 
 1365      2D6D6370 
 1365      753D636F 
 1366 005e 7468756D 		.ascii	"thumb -ggdb -O2 -fomit-frame-pointer -falign-functi"
 1366      62202D67 
 1366      67646220 
 1366      2D4F3220 
 1366      2D666F6D 
 1367 0091 6F6E733D 		.ascii	"ons=16 -ffunction-sections -fdata-sections -fno-com"
 1367      3136202D 
 1367      6666756E 
 1367      6374696F 
 1367      6E2D7365 
 1368 00c4 6D6F6E00 		.ascii	"mon\000"
 1369              	.LASF13:
 1370 00c8 6C6F6E67 		.ascii	"long long unsigned int\000"
 1370      206C6F6E 
 1370      6720756E 
 1370      7369676E 
 1370      65642069 
 1371              	.LASF75:
 1372 00df 63685F74 		.ascii	"ch_threadsize\000"
 1372      68726561 
 1372      6473697A 
 1372      6500
 1373              	.LASF65:
 1374 00ed 65786974 		.ascii	"exitcode\000"
 1374      636F6465 
 1374      00
 1375              	.LASF88:
 1376 00f6 63685265 		.ascii	"chRegFirstThread\000"
 1376      67466972 
 1376      73745468 
 1376      72656164 
 1376      00
 1377              	.LASF30:
 1378 0107 705F7072 		.ascii	"p_prio\000"
 1378      696F00
 1379              	.LASF82:
 1380 010e 63665F6F 		.ascii	"cf_off_state\000"
 1380      66665F73 
 1380      74617465 
 1380      00
 1381              	.LASF12:
 1382 011b 6C6F6E67 		.ascii	"long long int\000"
 1382      206C6F6E 
 1382      6720696E 
ARM GAS  /tmp/ccunY30w.s 			page 26


 1382      7400
 1383              	.LASF1:
 1384 0129 7369676E 		.ascii	"signed char\000"
 1384      65642063 
 1384      68617200 
 1385              	.LASF81:
 1386 0135 63665F6F 		.ascii	"cf_off_stklimit\000"
 1386      66665F73 
 1386      746B6C69 
 1386      6D697400 
 1387              	.LASF83:
 1388 0145 63665F6F 		.ascii	"cf_off_flags\000"
 1388      66665F66 
 1388      6C616773 
 1388      00
 1389              	.LASF46:
 1390 0152 705F6D70 		.ascii	"p_mpool\000"
 1390      6F6F6C00 
 1391              	.LASF61:
 1392 015a 6D5F7175 		.ascii	"m_queue\000"
 1392      65756500 
 1393              	.LASF22:
 1394 0162 74736C69 		.ascii	"tslices_t\000"
 1394      6365735F 
 1394      7400
 1395              	.LASF9:
 1396 016c 6C6F6E67 		.ascii	"long int\000"
 1396      20696E74 
 1396      00
 1397              	.LASF20:
 1398 0175 74737461 		.ascii	"tstate_t\000"
 1398      74655F74 
 1398      00
 1399              	.LASF15:
 1400 017e 75696E74 		.ascii	"uint16_t\000"
 1400      31365F74 
 1400      00
 1401              	.LASF87:
 1402 0187 63686465 		.ascii	"chdebug_t\000"
 1402      6275675F 
 1402      7400
 1403              	.LASF32:
 1404 0191 705F6E65 		.ascii	"p_newer\000"
 1404      77657200 
 1405              	.LASF10:
 1406 0199 5F5F7569 		.ascii	"__uint32_t\000"
 1406      6E743332 
 1406      5F7400
 1407              	.LASF49:
 1408 01a4 72656761 		.ascii	"regarm_t\000"
 1408      726D5F74 
 1408      00
 1409              	.LASF0:
 1410 01ad 756E7369 		.ascii	"unsigned int\000"
 1410      676E6564 
 1410      20696E74 
 1410      00
ARM GAS  /tmp/ccunY30w.s 			page 27


 1411              	.LASF11:
 1412 01ba 6C6F6E67 		.ascii	"long unsigned int\000"
 1412      20756E73 
 1412      69676E65 
 1412      6420696E 
 1412      7400
 1413              	.LASF91:
 1414 01cc 63685F64 		.ascii	"ch_debug\000"
 1414      65627567 
 1414      00
 1415              	.LASF69:
 1416 01d5 63685F69 		.ascii	"ch_identifier\000"
 1416      64656E74 
 1416      69666965 
 1416      7200
 1417              	.LASF51:
 1418 01e3 636F6E74 		.ascii	"context\000"
 1418      65787400 
 1419              	.LASF7:
 1420 01eb 73686F72 		.ascii	"short unsigned int\000"
 1420      7420756E 
 1420      7369676E 
 1420      65642069 
 1420      6E7400
 1421              	.LASF24:
 1422 01fe 6D73675F 		.ascii	"msg_t\000"
 1422      7400
 1423              	.LASF56:
 1424 0204 725F6E65 		.ascii	"r_newer\000"
 1424      77657200 
 1425              	.LASF19:
 1426 020c 746D6F64 		.ascii	"tmode_t\000"
 1426      655F7400 
 1427              	.LASF48:
 1428 0214 54687265 		.ascii	"ThreadsList\000"
 1428      6164734C 
 1428      69737400 
 1429              	.LASF25:
 1430 0220 6576656E 		.ascii	"eventmask_t\000"
 1430      746D6173 
 1430      6B5F7400 
 1431              	.LASF60:
 1432 022c 4D757465 		.ascii	"Mutex\000"
 1432      7800
 1433              	.LASF94:
 1434 0232 2F686F6D 		.ascii	"/home/mo/ARMProjects/ChibiOS_Sample/ChibiOS_2.6.5/d"
 1434      652F6D6F 
 1434      2F41524D 
 1434      50726F6A 
 1434      65637473 
 1435 0265 656D6F73 		.ascii	"emos/ARMCM4-STM32F407-DISCOVERY-MEMS\000"
 1435      2F41524D 
 1435      434D342D 
 1435      53544D33 
 1435      32463430 
 1436              	.LASF70:
 1437 028a 63685F7A 		.ascii	"ch_zero\000"
ARM GAS  /tmp/ccunY30w.s 			page 28


 1437      65726F00 
 1438              	.LASF84:
 1439 0292 63665F6F 		.ascii	"cf_off_refs\000"
 1439      66665F72 
 1439      65667300 
 1440              	.LASF52:
 1441 029e 73697A65 		.ascii	"sizetype\000"
 1441      74797065 
 1441      00
 1442              	.LASF74:
 1443 02a7 63685F74 		.ascii	"ch_timesize\000"
 1443      696D6573 
 1443      697A6500 
 1444              	.LASF80:
 1445 02b3 63665F6F 		.ascii	"cf_off_name\000"
 1445      66665F6E 
 1445      616D6500 
 1446              	.LASF33:
 1447 02bf 705F6F6C 		.ascii	"p_older\000"
 1447      64657200 
 1448              	.LASF55:
 1449 02c7 725F6374 		.ascii	"r_ctx\000"
 1449      7800
 1450              	.LASF47:
 1451 02cd 54687265 		.ascii	"ThreadsQueue\000"
 1451      61647351 
 1451      75657565 
 1451      00
 1452              	.LASF71:
 1453 02da 63685F73 		.ascii	"ch_size\000"
 1453      697A6500 
 1454              	.LASF58:
 1455 02e2 725F6375 		.ascii	"r_current\000"
 1455      7272656E 
 1455      7400
 1456              	.LASF57:
 1457 02ec 725F6F6C 		.ascii	"r_older\000"
 1457      64657200 
 1458              	.LASF21:
 1459 02f4 74726566 		.ascii	"trefs_t\000"
 1459      735F7400 
 1460              	.LASF73:
 1461 02fc 63685F70 		.ascii	"ch_ptrsize\000"
 1461      74727369 
 1461      7A6500
 1462              	.LASF29:
 1463 0307 705F7072 		.ascii	"p_prev\000"
 1463      657600
 1464              	.LASF23:
 1465 030e 74707269 		.ascii	"tprio_t\000"
 1465      6F5F7400 
 1466              	.LASF18:
 1467 0316 5F426F6F 		.ascii	"_Bool\000"
 1467      6C00
 1468              	.LASF16:
 1469 031c 696E7433 		.ascii	"int32_t\000"
 1469      325F7400 
ARM GAS  /tmp/ccunY30w.s 			page 29


 1470              	.LASF4:
 1471 0324 756E7369 		.ascii	"unsigned char\000"
 1471      676E6564 
 1471      20636861 
 1471      7200
 1472              	.LASF44:
 1473 0332 705F6D74 		.ascii	"p_mtxlist\000"
 1473      786C6973 
 1473      7400
 1474              	.LASF5:
 1475 033c 73686F72 		.ascii	"short int\000"
 1475      7420696E 
 1475      7400
 1476              	.LASF35:
 1477 0346 705F7374 		.ascii	"p_state\000"
 1477      61746500 
 1478              	.LASF38:
 1479 034e 705F7072 		.ascii	"p_preempt\000"
 1479      65656D70 
 1479      7400
 1480              	.LASF86:
 1481 0358 63665F6F 		.ascii	"cf_off_time\000"
 1481      66665F74 
 1481      696D6500 
 1482              	.LASF54:
 1483 0364 725F7072 		.ascii	"r_prio\000"
 1483      696F00
 1484              	.LASF67:
 1485 036b 65776D61 		.ascii	"ewmask\000"
 1485      736B00
 1486              	.LASF28:
 1487 0372 705F6E65 		.ascii	"p_next\000"
 1487      787400
 1488              	.LASF85:
 1489 0379 63665F6F 		.ascii	"cf_off_preempt\000"
 1489      66665F70 
 1489      7265656D 
 1489      707400
 1490              	.LASF36:
 1491 0388 705F666C 		.ascii	"p_flags\000"
 1491      61677300 
 1492              	.LASF95:
 1493 0390 63685468 		.ascii	"chThdRelease\000"
 1493      6452656C 
 1493      65617365 
 1493      00
 1494              	.LASF27:
 1495 039d 54687265 		.ascii	"Thread\000"
 1495      616400
 1496              	.LASF78:
 1497 03a4 63665F6F 		.ascii	"cf_off_newer\000"
 1497      66665F6E 
 1497      65776572 
 1497      00
 1498              	.LASF43:
 1499 03b1 705F6570 		.ascii	"p_epending\000"
 1499      656E6469 
ARM GAS  /tmp/ccunY30w.s 			page 30


 1499      6E6700
 1500              	.LASF17:
 1501 03bc 75696E74 		.ascii	"uint32_t\000"
 1501      33325F74 
 1501      00
 1502              	.LASF76:
 1503 03c5 63665F6F 		.ascii	"cf_off_prio\000"
 1503      66665F70 
 1503      72696F00 
 1504              	.LASF53:
 1505 03d1 725F7175 		.ascii	"r_queue\000"
 1505      65756500 
 1506              	.LASF68:
 1507 03d9 63686172 		.ascii	"char\000"
 1507      00
 1508              	.LASF89:
 1509 03de 63685265 		.ascii	"chRegNextThread\000"
 1509      674E6578 
 1509      74546872 
 1509      65616400 
 1510              	.LASF6:
 1511 03ee 5F5F7569 		.ascii	"__uint16_t\000"
 1511      6E743136 
 1511      5F7400
 1512              	.LASF63:
 1513 03f9 6D5F6E65 		.ascii	"m_next\000"
 1513      787400
 1514              	.LASF26:
 1515 0400 73797374 		.ascii	"systime_t\000"
 1515      696D655F 
 1515      7400
 1516              	.LASF45:
 1517 040a 705F7265 		.ascii	"p_realprio\000"
 1517      616C7072 
 1517      696F00
 1518              	.LASF8:
 1519 0415 5F5F696E 		.ascii	"__int32_t\000"
 1519      7433325F 
 1519      7400
 1520              	.LASF39:
 1521 041f 705F7469 		.ascii	"p_time\000"
 1521      6D6500
 1522              	.LASF50:
 1523 0426 696E7463 		.ascii	"intctx\000"
 1523      747800
 1524              	.LASF41:
 1525 042d 705F6D73 		.ascii	"p_msgqueue\000"
 1525      67717565 
 1525      756500
 1526              	.LASF93:
 1527 0438 2E2E2F2E 		.ascii	"../../os/kernel/src/chregistry.c\000"
 1527      2E2F6F73 
 1527      2F6B6572 
 1527      6E656C2F 
 1527      7372632F 
 1528              	.LASF77:
 1529 0459 63665F6F 		.ascii	"cf_off_ctx\000"
ARM GAS  /tmp/ccunY30w.s 			page 31


 1529      66665F63 
 1529      747800
 1530              	.LASF37:
 1531 0464 705F7265 		.ascii	"p_refs\000"
 1531      667300
 1532              	.LASF59:
 1533 046b 52656164 		.ascii	"ReadyList\000"
 1533      794C6973 
 1533      7400
 1534              	.LASF90:
 1535 0475 726C6973 		.ascii	"rlist\000"
 1535      7400
 1536              	.LASF14:
 1537 047b 75696E74 		.ascii	"uint8_t\000"
 1537      385F7400 
 1538              	.LASF66:
 1539 0483 77746F62 		.ascii	"wtobjp\000"
 1539      6A7000
 1540              	.LASF34:
 1541 048a 705F6E61 		.ascii	"p_name\000"
 1541      6D6500
 1542              	.LASF72:
 1543 0491 63685F76 		.ascii	"ch_version\000"
 1543      65727369 
 1543      6F6E00
 1544              	.LASF62:
 1545 049c 6D5F6F77 		.ascii	"m_owner\000"
 1545      6E657200 
 1546              	.LASF31:
 1547 04a4 705F6374 		.ascii	"p_ctx\000"
 1547      7800
 1548              	.LASF40:
 1549 04aa 705F7761 		.ascii	"p_waiting\000"
 1549      6974696E 
 1549      6700
 1550              		.ident	"GCC: (4.8.2-14ubuntu1+6) 4.8.2"
ARM GAS  /tmp/ccunY30w.s 			page 32


DEFINED SYMBOLS
                            *ABS*:0000000000000000 chregistry.c
     /tmp/ccunY30w.s:19     .text.chRegFirstThread:0000000000000000 $t
     /tmp/ccunY30w.s:25     .text.chRegFirstThread:0000000000000000 chRegFirstThread
     /tmp/ccunY30w.s:68     .text.chRegNextThread:0000000000000000 $t
     /tmp/ccunY30w.s:74     .text.chRegNextThread:0000000000000000 chRegNextThread
     /tmp/ccunY30w.s:131    .rodata.ch_debug:0000000000000000 ch_debug
     /tmp/ccunY30w.s:128    .rodata.ch_debug:0000000000000000 $d
                     .debug_frame:0000000000000010 $d

UNDEFINED SYMBOLS
rlist
chThdRelease
