ARM GAS  /tmp/ccaLkr4O.s 			page 1


   1              		.syntax unified
   2              		.cpu cortex-m4
   3              		.fpu softvfp
   4              		.eabi_attribute 20, 1
   5              		.eabi_attribute 21, 1
   6              		.eabi_attribute 23, 3
   7              		.eabi_attribute 24, 1
   8              		.eabi_attribute 25, 1
   9              		.eabi_attribute 26, 1
  10              		.eabi_attribute 30, 2
  11              		.eabi_attribute 34, 1
  12              		.eabi_attribute 18, 4
  13              		.thumb
  14              		.file	"pwm_lld.c"
  15              		.text
  16              	.Ltext0:
  17              		.cfi_sections	.debug_frame
  18              		.section	.text.VectorB8,"ax",%progbits
  19              		.align	2
  20              		.p2align 4,,15
  21              		.global	VectorB8
  22              		.thumb
  23              		.thumb_func
  24              		.type	VectorB8, %function
  25              	VectorB8:
  26              	.LFB119:
  27              		.file 1 "../../os/hal/platforms/STM32/TIMv1/pwm_lld.c"
  28              		.loc 1 235 0
  29              		.cfi_startproc
  30              		@ args = 0, pretend = 0, frame = 0
  31              		@ frame_needed = 0, uses_anonymous_args = 0
  32              	.LVL0:
  33 0000 38B5     		push	{r3, r4, r5, lr}
  34              		.cfi_def_cfa_offset 16
  35              		.cfi_offset 3, -16
  36              		.cfi_offset 4, -12
  37              		.cfi_offset 5, -8
  38              		.cfi_offset 14, -4
  39              	.LBB4:
  40              	.LBB5:
  41              		.loc 1 115 0
  42 0002 40F20005 		movw	r5, #:lower16:.LANCHOR0
  43 0006 C0F20005 		movt	r5, #:upper16:.LANCHOR0
  44 000a 2B69     		ldr	r3, [r5, #16]
  45 000c 1A69     		ldr	r2, [r3, #16]
  46              	.LVL1:
  47              		.loc 1 116 0
  48 000e DC68     		ldr	r4, [r3, #12]
  49 0010 1440     		ands	r4, r4, r2
  50 0012 A4B2     		uxth	r4, r4
  51              	.LVL2:
  52              		.loc 1 117 0
  53 0014 E2B2     		uxtb	r2, r4
  54 0016 D243     		mvns	r2, r2
  55 0018 1A61     		str	r2, [r3, #16]
  56              		.loc 1 118 0
  57 001a A307     		lsls	r3, r4, #30
ARM GAS  /tmp/ccaLkr4O.s 			page 2


  58 001c 2AD4     		bmi	.L23
  59              	.L2:
  60              		.loc 1 120 0
  61 001e 6007     		lsls	r0, r4, #29
  62 0020 20D4     		bmi	.L24
  63              	.L3:
  64              		.loc 1 122 0
  65 0022 2107     		lsls	r1, r4, #28
  66 0024 16D4     		bmi	.L25
  67              	.L4:
  68              		.loc 1 124 0
  69 0026 E206     		lsls	r2, r4, #27
  70 0028 0CD4     		bmi	.L26
  71              	.L5:
  72              		.loc 1 126 0
  73 002a E307     		lsls	r3, r4, #31
  74 002c 06D5     		bpl	.L6
  75              		.loc 1 127 0
  76 002e 6B68     		ldr	r3, [r5, #4]
  77 0030 40F20000 		movw	r0, #:lower16:.LANCHOR0
  78 0034 9B68     		ldr	r3, [r3, #8]
  79 0036 C0F20000 		movt	r0, #:upper16:.LANCHOR0
  80 003a 9847     		blx	r3
  81              	.LVL3:
  82              	.L6:
  83              	.LBE5:
  84              	.LBE4:
  85              		.loc 1 242 0
  86 003c BDE83840 		pop	{r3, r4, r5, lr}
  87              	.LVL4:
  88              		.loc 1 241 0
  89 0040 FFF7FEBF 		b	_port_irq_epilogue
  90              	.LVL5:
  91              	.L26:
  92              	.LBB7:
  93              	.LBB6:
  94              		.loc 1 125 0
  95 0044 6B68     		ldr	r3, [r5, #4]
  96 0046 40F20000 		movw	r0, #:lower16:.LANCHOR0
  97 004a 9B6A     		ldr	r3, [r3, #40]
  98 004c C0F20000 		movt	r0, #:upper16:.LANCHOR0
  99 0050 9847     		blx	r3
 100              	.LVL6:
 101 0052 EAE7     		b	.L5
 102              	.L25:
 103              		.loc 1 123 0
 104 0054 6B68     		ldr	r3, [r5, #4]
 105 0056 40F20000 		movw	r0, #:lower16:.LANCHOR0
 106 005a 1B6A     		ldr	r3, [r3, #32]
 107 005c C0F20000 		movt	r0, #:upper16:.LANCHOR0
 108 0060 9847     		blx	r3
 109              	.LVL7:
 110 0062 E0E7     		b	.L4
 111              	.L24:
 112              		.loc 1 121 0
 113 0064 6B68     		ldr	r3, [r5, #4]
 114 0066 40F20000 		movw	r0, #:lower16:.LANCHOR0
ARM GAS  /tmp/ccaLkr4O.s 			page 3


 115 006a 9B69     		ldr	r3, [r3, #24]
 116 006c C0F20000 		movt	r0, #:upper16:.LANCHOR0
 117 0070 9847     		blx	r3
 118              	.LVL8:
 119 0072 D6E7     		b	.L3
 120              	.L23:
 121              		.loc 1 119 0
 122 0074 6B68     		ldr	r3, [r5, #4]
 123 0076 2846     		mov	r0, r5
 124 0078 1B69     		ldr	r3, [r3, #16]
 125 007a 9847     		blx	r3
 126              	.LVL9:
 127 007c CFE7     		b	.L2
 128              	.LBE6:
 129              	.LBE7:
 130              		.cfi_endproc
 131              	.LFE119:
 132              		.size	VectorB8, .-VectorB8
 133 007e 00BF     		.section	.text.pwm_lld_init,"ax",%progbits
 134              		.align	2
 135              		.p2align 4,,15
 136              		.global	pwm_lld_init
 137              		.thumb
 138              		.thumb_func
 139              		.type	pwm_lld_init, %function
 140              	pwm_lld_init:
 141              	.LFB120:
 142              		.loc 1 345 0
 143              		.cfi_startproc
 144              		@ args = 0, pretend = 0, frame = 0
 145              		@ frame_needed = 0, uses_anonymous_args = 0
 146 0000 10B5     		push	{r4, lr}
 147              		.cfi_def_cfa_offset 8
 148              		.cfi_offset 4, -8
 149              		.cfi_offset 14, -4
 150              		.loc 1 367 0
 151 0002 40F20004 		movw	r4, #:lower16:.LANCHOR0
 152 0006 C0F20004 		movt	r4, #:upper16:.LANCHOR0
 153 000a 2046     		mov	r0, r4
 154 000c FFF7FEFF 		bl	pwmObjectInit
 155              	.LVL10:
 156              		.loc 1 368 0
 157 0010 4FF40063 		mov	r3, #2048
 158 0014 C4F20003 		movt	r3, 16384
 159 0018 2361     		str	r3, [r4, #16]
 160 001a 10BD     		pop	{r4, pc}
 161              		.cfi_endproc
 162              	.LFE120:
 163              		.size	pwm_lld_init, .-pwm_lld_init
 164 001c AFF30080 		.section	.text.pwm_lld_start,"ax",%progbits
 165              		.align	2
 166              		.p2align 4,,15
 167              		.global	pwm_lld_start
 168              		.thumb
 169              		.thumb_func
 170              		.type	pwm_lld_start, %function
 171              	pwm_lld_start:
ARM GAS  /tmp/ccaLkr4O.s 			page 4


 172              	.LFB121:
 173              		.loc 1 399 0
 174              		.cfi_startproc
 175              		@ args = 0, pretend = 0, frame = 0
 176              		@ frame_needed = 0, uses_anonymous_args = 0
 177              	.LVL11:
 178              		.loc 1 403 0
 179 0000 0378     		ldrb	r3, [r0]	@ zero_extendqisi2
 180 0002 012B     		cmp	r3, #1
 181              		.loc 1 399 0
 182 0004 70B5     		push	{r4, r5, r6, lr}
 183              		.cfi_def_cfa_offset 16
 184              		.cfi_offset 4, -16
 185              		.cfi_offset 5, -12
 186              		.cfi_offset 6, -8
 187              		.cfi_offset 14, -4
 188              		.loc 1 399 0
 189 0006 0446     		mov	r4, r0
 190              		.loc 1 403 0
 191 0008 56D0     		beq	.L55
 192              		.loc 1 492 0
 193 000a 4268     		ldr	r2, [r0, #4]
 194              		.loc 1 491 0
 195 000c 0369     		ldr	r3, [r0, #16]
 196              		.loc 1 492 0
 197 000e 106B     		ldr	r0, [r2, #48]
 198              	.LVL12:
 199              		.loc 1 491 0
 200 0010 0021     		movs	r1, #0
 201              		.loc 1 492 0
 202 0012 20F0FF00 		bic	r0, r0, #255
 203              		.loc 1 491 0
 204 0016 1960     		str	r1, [r3]
 205              		.loc 1 492 0
 206 0018 D860     		str	r0, [r3, #12]
 207              		.loc 1 494 0
 208 001a 1961     		str	r1, [r3, #16]
 209              		.loc 1 495 0
 210 001c 5963     		str	r1, [r3, #52]
 211              		.loc 1 496 0
 212 001e 9963     		str	r1, [r3, #56]
 213              		.loc 1 497 0
 214 0020 D963     		str	r1, [r3, #60]
 215              		.loc 1 498 0
 216 0022 1964     		str	r1, [r3, #64]
 217              		.loc 1 499 0
 218 0024 5962     		str	r1, [r3, #36]
 219              	.L31:
 220              	.LVL13:
 221              		.loc 1 503 0
 222 0026 E668     		ldr	r6, [r4, #12]
 223 0028 1068     		ldr	r0, [r2]
 224              		.loc 1 508 0
 225 002a 2589     		ldrh	r5, [r4, #8]
 226              		.loc 1 513 0
 227 002c D168     		ldr	r1, [r2, #12]
 228              		.loc 1 509 0
ARM GAS  /tmp/ccaLkr4O.s 			page 5


 229 002e D46A     		ldr	r4, [r2, #44]
 230              	.LVL14:
 231              		.loc 1 503 0
 232 0030 B6FBF0F0 		udiv	r0, r6, r0
 233              		.loc 1 508 0
 234 0034 013D     		subs	r5, r5, #1
 235              		.loc 1 503 0
 236 0036 0138     		subs	r0, r0, #1
 237              	.LVL15:
 238              		.loc 1 513 0
 239 0038 01F00F01 		and	r1, r1, #15
 240              		.loc 1 508 0
 241 003c ADB2     		uxth	r5, r5
 242              		.loc 1 507 0
 243 003e 80B2     		uxth	r0, r0
 244              	.LVL16:
 245              		.loc 1 513 0
 246 0040 0129     		cmp	r1, #1
 247              		.loc 1 507 0
 248 0042 9862     		str	r0, [r3, #40]
 249              	.LVL17:
 250              		.loc 1 508 0
 251 0044 DD62     		str	r5, [r3, #44]
 252              		.loc 1 509 0
 253 0046 5C60     		str	r4, [r3, #4]
 254              	.LVL18:
 255              		.loc 1 513 0
 256 0048 03D0     		beq	.L32
 257              		.loc 1 512 0
 258 004a 0229     		cmp	r1, #2
 259 004c 0CBF     		ite	eq
 260 004e 0321     		moveq	r1, #3
 261 0050 0021     		movne	r1, #0
 262              	.L32:
 263              	.LVL19:
 264              		.loc 1 521 0
 265 0052 5069     		ldr	r0, [r2, #20]
 266 0054 00F00F00 		and	r0, r0, #15
 267 0058 0128     		cmp	r0, #1
 268 005a 2AD0     		beq	.L36
 269 005c 0228     		cmp	r0, #2
 270 005e 26D0     		beq	.L56
 271              	.LVL20:
 272              	.L35:
 273              		.loc 1 529 0
 274 0060 D069     		ldr	r0, [r2, #28]
 275 0062 00F00F00 		and	r0, r0, #15
 276 0066 0128     		cmp	r0, #1
 277 0068 1ED0     		beq	.L39
 278 006a 0228     		cmp	r0, #2
 279 006c 1AD0     		beq	.L57
 280              	.LVL21:
 281              	.L38:
 282              		.loc 1 537 0
 283 006e 506A     		ldr	r0, [r2, #36]
 284 0070 00F00F00 		and	r0, r0, #15
 285 0074 0128     		cmp	r0, #1
ARM GAS  /tmp/ccaLkr4O.s 			page 6


 286 0076 03D0     		beq	.L42
 287 0078 0228     		cmp	r0, #2
 288 007a 03D1     		bne	.L41
 289              		.loc 1 539 0
 290 007c 41F40051 		orr	r1, r1, #8192
 291              	.LVL22:
 292              	.L42:
 293              		.loc 1 541 0
 294 0080 41F48051 		orr	r1, r1, #4096
 295              	.LVL23:
 296              	.L41:
 297              		.loc 1 583 0
 298 0084 0120     		movs	r0, #1
 299              		.loc 1 582 0
 300 0086 1962     		str	r1, [r3, #32]
 301              		.loc 1 583 0
 302 0088 5861     		str	r0, [r3, #20]
 303              		.loc 1 584 0
 304 008a 9068     		ldr	r0, [r2, #8]
 305 008c DA68     		ldr	r2, [r3, #12]
 306              		.loc 1 585 0
 307 008e 0021     		movs	r1, #0
 308              	.LVL24:
 309              		.loc 1 584 0
 310 0090 8842     		cmp	r0, r1
 311 0092 0CBF     		ite	eq
 312 0094 1046     		moveq	r0, r2
 313 0096 42F00100 		orrne	r0, r2, #1
 314              		.loc 1 594 0
 315 009a 8522     		movs	r2, #133
 316              		.loc 1 584 0
 317 009c D860     		str	r0, [r3, #12]
 318              		.loc 1 585 0
 319 009e 1961     		str	r1, [r3, #16]
 320              		.loc 1 594 0
 321 00a0 1A60     		str	r2, [r3]
 322 00a2 70BD     		pop	{r4, r5, r6, pc}
 323              	.LVL25:
 324              	.L57:
 325              		.loc 1 531 0
 326 00a4 41F40071 		orr	r1, r1, #512
 327              	.LVL26:
 328              	.L39:
 329              		.loc 1 533 0
 330 00a8 41F48071 		orr	r1, r1, #256
 331              	.LVL27:
 332 00ac DFE7     		b	.L38
 333              	.L56:
 334              		.loc 1 523 0
 335 00ae 41F02001 		orr	r1, r1, #32
 336              	.LVL28:
 337              	.L36:
 338              		.loc 1 525 0
 339 00b2 41F01001 		orr	r1, r1, #16
 340              	.LVL29:
 341 00b6 D3E7     		b	.L35
 342              	.LVL30:
ARM GAS  /tmp/ccaLkr4O.s 			page 7


 343              	.L55:
 344              		.loc 1 439 0
 345 00b8 40F20003 		movw	r3, #:lower16:.LANCHOR0
 346 00bc C0F20003 		movt	r3, #:upper16:.LANCHOR0
 347 00c0 9842     		cmp	r0, r3
 348 00c2 06D0     		beq	.L58
 349              	.LVL31:
 350              	.L30:
 351              		.loc 1 484 0
 352 00c4 2369     		ldr	r3, [r4, #16]
 353 00c6 6268     		ldr	r2, [r4, #4]
 354 00c8 46F66801 		movw	r1, #26728
 355 00cc 9961     		str	r1, [r3, #24]
 356              		.loc 1 486 0
 357 00ce D961     		str	r1, [r3, #28]
 358 00d0 A9E7     		b	.L31
 359              	.LVL32:
 360              	.L58:
 361              		.loc 1 440 0
 362 00d2 4FF46053 		mov	r3, #14336
 363 00d6 C4F20203 		movt	r3, 16386
 364              		.loc 1 441 0
 365 00da 0022     		movs	r2, #0
 366              		.loc 1 440 0
 367 00dc 196C     		ldr	r1, [r3, #64]
 368 00de 41F00401 		orr	r1, r1, #4
 369 00e2 1964     		str	r1, [r3, #64]
 370              		.loc 1 441 0
 371 00e4 196A     		ldr	r1, [r3, #32]
 372 00e6 41F00401 		orr	r1, r1, #4
 373 00ea 1962     		str	r1, [r3, #32]
 374              		.loc 1 442 0
 375 00ec 1E20     		movs	r0, #30
 376              	.LVL33:
 377              		.loc 1 441 0
 378 00ee 1A62     		str	r2, [r3, #32]
 379              		.loc 1 442 0
 380 00f0 7021     		movs	r1, #112
 381 00f2 FFF7FEFF 		bl	nvicEnableVector
 382              	.LVL34:
 383              		.loc 1 444 0
 384 00f6 4FF43D43 		mov	r3, #48384
 385 00fa C0F20153 		movt	r3, 1281
 386 00fe E360     		str	r3, [r4, #12]
 387 0100 E0E7     		b	.L30
 388              		.cfi_endproc
 389              	.LFE121:
 390              		.size	pwm_lld_start, .-pwm_lld_start
 391 0102 00BFAFF3 		.section	.text.pwm_lld_stop,"ax",%progbits
 391      0080AFF3 
 391      0080AFF3 
 391      0080
 392              		.align	2
 393              		.p2align 4,,15
 394              		.global	pwm_lld_stop
 395              		.thumb
 396              		.thumb_func
ARM GAS  /tmp/ccaLkr4O.s 			page 8


 397              		.type	pwm_lld_stop, %function
 398              	pwm_lld_stop:
 399              	.LFB122:
 400              		.loc 1 605 0
 401              		.cfi_startproc
 402              		@ args = 0, pretend = 0, frame = 0
 403              		@ frame_needed = 0, uses_anonymous_args = 0
 404              	.LVL35:
 405 0000 08B5     		push	{r3, lr}
 406              		.cfi_def_cfa_offset 8
 407              		.cfi_offset 3, -8
 408              		.cfi_offset 14, -4
 409              		.loc 1 608 0
 410 0002 0378     		ldrb	r3, [r0]	@ zero_extendqisi2
 411 0004 022B     		cmp	r3, #2
 412 0006 00D0     		beq	.L63
 413              	.LVL36:
 414              	.L59:
 415 0008 08BD     		pop	{r3, pc}
 416              	.LVL37:
 417              	.L63:
 418              		.loc 1 636 0
 419 000a 40F20003 		movw	r3, #:lower16:.LANCHOR0
 420              		.loc 1 609 0
 421 000e 0269     		ldr	r2, [r0, #16]
 422              		.loc 1 636 0
 423 0010 C0F20003 		movt	r3, #:upper16:.LANCHOR0
 424              		.loc 1 609 0
 425 0014 0021     		movs	r1, #0
 426              		.loc 1 636 0
 427 0016 9842     		cmp	r0, r3
 428              		.loc 1 609 0
 429 0018 1160     		str	r1, [r2]
 430              		.loc 1 610 0
 431 001a D160     		str	r1, [r2, #12]
 432              		.loc 1 611 0
 433 001c 1161     		str	r1, [r2, #16]
 434              		.loc 1 636 0
 435 001e F3D1     		bne	.L59
 436              		.loc 1 637 0
 437 0020 1E20     		movs	r0, #30
 438              	.LVL38:
 439 0022 FFF7FEFF 		bl	nvicDisableVector
 440              	.LVL39:
 441              		.loc 1 638 0
 442 0026 4FF46053 		mov	r3, #14336
 443 002a C4F20203 		movt	r3, 16386
 444 002e 1A6C     		ldr	r2, [r3, #64]
 445 0030 22F00402 		bic	r2, r2, #4
 446 0034 1A64     		str	r2, [r3, #64]
 447 0036 E7E7     		b	.L59
 448              		.cfi_endproc
 449              	.LFE122:
 450              		.size	pwm_lld_stop, .-pwm_lld_stop
 451 0038 AFF30080 		.section	.text.pwm_lld_enable_channel,"ax",%progbits
 451      AFF30080 
 452              		.align	2
ARM GAS  /tmp/ccaLkr4O.s 			page 9


 453              		.p2align 4,,15
 454              		.global	pwm_lld_enable_channel
 455              		.thumb
 456              		.thumb_func
 457              		.type	pwm_lld_enable_channel, %function
 458              	pwm_lld_enable_channel:
 459              	.LFB123:
 460              		.loc 1 677 0
 461              		.cfi_startproc
 462              		@ args = 0, pretend = 0, frame = 0
 463              		@ frame_needed = 0, uses_anonymous_args = 0
 464              		@ link register save eliminated.
 465              	.LVL40:
 466 0000 10B4     		push	{r4}
 467              		.cfi_def_cfa_offset 4
 468              		.cfi_offset 4, -4
 469              		.loc 1 682 0
 470 0002 4468     		ldr	r4, [r0, #4]
 471              		.loc 1 679 0
 472 0004 0369     		ldr	r3, [r0, #16]
 473              		.loc 1 682 0
 474 0006 04EBC100 		add	r0, r4, r1, lsl #3
 475              	.LVL41:
 476              		.loc 1 679 0
 477 000a 01F10C04 		add	r4, r1, #12
 478              		.loc 1 682 0
 479 000e 0069     		ldr	r0, [r0, #16]
 480              		.loc 1 679 0
 481 0010 03EB8404 		add	r4, r3, r4, lsl #2
 482 0014 6260     		str	r2, [r4, #4]
 483              		.loc 1 682 0
 484 0016 48B1     		cbz	r0, .L64
 485              	.LBB8:
 486              		.loc 1 683 0
 487 0018 DA68     		ldr	r2, [r3, #12]
 488              	.LVL42:
 489              		.loc 1 686 0
 490 001a 0220     		movs	r0, #2
 491 001c 00FA01F1 		lsl	r1, r0, r1
 492              	.LVL43:
 493 0020 1142     		tst	r1, r2
 494              		.loc 1 687 0
 495 0022 01BF     		itttt	eq
 496 0024 0A43     		orreq	r2, r1, r2
 497              	.LVL44:
 498              		.loc 1 688 0
 499 0026 C943     		mvneq	r1, r1
 500              		.loc 1 687 0
 501 0028 DA60     		streq	r2, [r3, #12]
 502              		.loc 1 688 0
 503 002a 1961     		streq	r1, [r3, #16]
 504              	.L64:
 505              	.LBE8:
 506              		.loc 1 691 0
 507 002c 5DF8044B 		ldr	r4, [sp], #4
 508 0030 7047     		bx	lr
 509              		.cfi_endproc
ARM GAS  /tmp/ccaLkr4O.s 			page 10


 510              	.LFE123:
 511              		.size	pwm_lld_enable_channel, .-pwm_lld_enable_channel
 512 0032 00BFAFF3 		.section	.text.pwm_lld_disable_channel,"ax",%progbits
 512      0080AFF3 
 512      0080AFF3 
 512      0080
 513              		.align	2
 514              		.p2align 4,,15
 515              		.global	pwm_lld_disable_channel
 516              		.thumb
 517              		.thumb_func
 518              		.type	pwm_lld_disable_channel, %function
 519              	pwm_lld_disable_channel:
 520              	.LFB124:
 521              		.loc 1 705 0
 522              		.cfi_startproc
 523              		@ args = 0, pretend = 0, frame = 0
 524              		@ frame_needed = 0, uses_anonymous_args = 0
 525              		@ link register save eliminated.
 526              	.LVL45:
 527              		.loc 1 707 0
 528 0000 0369     		ldr	r3, [r0, #16]
 529 0002 01F10C02 		add	r2, r1, #12
 530 0006 03EB8202 		add	r2, r3, r2, lsl #2
 531 000a 0020     		movs	r0, #0
 532              	.LVL46:
 533 000c 5060     		str	r0, [r2, #4]
 534              		.loc 1 708 0
 535 000e DA68     		ldr	r2, [r3, #12]
 536 0010 0220     		movs	r0, #2
 537 0012 00FA01F1 		lsl	r1, r0, r1
 538              	.LVL47:
 539 0016 22EA0101 		bic	r1, r2, r1
 540 001a D960     		str	r1, [r3, #12]
 541 001c 7047     		bx	lr
 542              		.cfi_endproc
 543              	.LFE124:
 544              		.size	pwm_lld_disable_channel, .-pwm_lld_disable_channel
 545              		.global	PWMD4
 546 001e 00BF     		.section	.bss.PWMD4,"aw",%nobits
 547              		.align	2
 548              		.set	.LANCHOR0,. + 0
 549              		.type	PWMD4, %object
 550              		.size	PWMD4, 20
 551              	PWMD4:
 552 0000 00000000 		.space	20
 552      00000000 
 552      00000000 
 552      00000000 
 552      00000000 
 553              		.text
 554              	.Letext0:
 555              		.file 2 "/usr/include/newlib/machine/_default_types.h"
 556              		.file 3 "/usr/include/newlib/stdint.h"
 557              		.file 4 "../../os/hal/platforms/STM32F4xx/stm32f4xx.h"
 558              		.file 5 "../../os/hal/include/pwm.h"
 559              		.file 6 "../../os/hal/platforms/STM32/TIMv1/pwm_lld.h"
ARM GAS  /tmp/ccaLkr4O.s 			page 11


 560              		.file 7 "../../os/hal/platforms/STM32/TIMv1/stm32_tim.h"
 561              		.file 8 "../../os/ports/common/ARMCMx/CMSIS/include/core_cm4.h"
 562              		.file 9 "../../os/ports/common/ARMCMx/nvic.h"
 563              		.file 10 "../../os/ports/GCC/ARMCMx/chcore_v7m.h"
 564              		.section	.debug_info,"",%progbits
 565              	.Ldebug_info0:
 566 0000 CD070000 		.4byte	0x7cd
 567 0004 0400     		.2byte	0x4
 568 0006 00000000 		.4byte	.Ldebug_abbrev0
 569 000a 04       		.byte	0x4
 570 000b 01       		.uleb128 0x1
 571 000c FB020000 		.4byte	.LASF95
 572 0010 01       		.byte	0x1
 573 0011 B0000000 		.4byte	.LASF96
 574 0015 E9010000 		.4byte	.LASF97
 575 0019 18000000 		.4byte	.Ldebug_ranges0+0x18
 576 001d 00000000 		.4byte	0
 577 0021 00000000 		.4byte	.Ldebug_line0
 578 0025 02       		.uleb128 0x2
 579 0026 04       		.byte	0x4
 580 0027 07       		.byte	0x7
 581 0028 B7020000 		.4byte	.LASF0
 582 002c 03       		.uleb128 0x3
 583 002d 04       		.byte	0x4
 584 002e 05       		.byte	0x5
 585 002f 696E7400 		.ascii	"int\000"
 586 0033 02       		.uleb128 0x2
 587 0034 01       		.byte	0x1
 588 0035 06       		.byte	0x6
 589 0036 94020000 		.4byte	.LASF1
 590 003a 04       		.uleb128 0x4
 591 003b B2010000 		.4byte	.LASF4
 592 003f 02       		.byte	0x2
 593 0040 1C       		.byte	0x1c
 594 0041 45000000 		.4byte	0x45
 595 0045 02       		.uleb128 0x2
 596 0046 01       		.byte	0x1
 597 0047 08       		.byte	0x8
 598 0048 56020000 		.4byte	.LASF2
 599 004c 02       		.uleb128 0x2
 600 004d 02       		.byte	0x2
 601 004e 05       		.byte	0x5
 602 004f 3E000000 		.4byte	.LASF3
 603 0053 04       		.uleb128 0x4
 604 0054 9F000000 		.4byte	.LASF5
 605 0058 02       		.byte	0x2
 606 0059 26       		.byte	0x26
 607 005a 5E000000 		.4byte	0x5e
 608 005e 02       		.uleb128 0x2
 609 005f 02       		.byte	0x2
 610 0060 07       		.byte	0x7
 611 0061 E8020000 		.4byte	.LASF6
 612 0065 04       		.uleb128 0x4
 613 0066 5F040000 		.4byte	.LASF7
 614 006a 02       		.byte	0x2
 615 006b 37       		.byte	0x37
 616 006c 70000000 		.4byte	0x70
ARM GAS  /tmp/ccaLkr4O.s 			page 12


 617 0070 02       		.uleb128 0x2
 618 0071 04       		.byte	0x4
 619 0072 05       		.byte	0x5
 620 0073 6B010000 		.4byte	.LASF8
 621 0077 04       		.uleb128 0x4
 622 0078 8F000000 		.4byte	.LASF9
 623 007c 02       		.byte	0x2
 624 007d 38       		.byte	0x38
 625 007e 82000000 		.4byte	0x82
 626 0082 02       		.uleb128 0x2
 627 0083 04       		.byte	0x4
 628 0084 07       		.byte	0x7
 629 0085 90010000 		.4byte	.LASF10
 630 0089 02       		.uleb128 0x2
 631 008a 08       		.byte	0x8
 632 008b 05       		.byte	0x5
 633 008c 5D010000 		.4byte	.LASF11
 634 0090 02       		.uleb128 0x2
 635 0091 08       		.byte	0x8
 636 0092 07       		.byte	0x7
 637 0093 A0020000 		.4byte	.LASF12
 638 0097 04       		.uleb128 0x4
 639 0098 0A010000 		.4byte	.LASF13
 640 009c 03       		.byte	0x3
 641 009d 2A       		.byte	0x2a
 642 009e 3A000000 		.4byte	0x3a
 643 00a2 04       		.uleb128 0x4
 644 00a3 CD020000 		.4byte	.LASF14
 645 00a7 03       		.byte	0x3
 646 00a8 36       		.byte	0x36
 647 00a9 53000000 		.4byte	0x53
 648 00ad 04       		.uleb128 0x4
 649 00ae CA030000 		.4byte	.LASF15
 650 00b2 03       		.byte	0x3
 651 00b3 41       		.byte	0x41
 652 00b4 65000000 		.4byte	0x65
 653 00b8 04       		.uleb128 0x4
 654 00b9 1A010000 		.4byte	.LASF16
 655 00bd 03       		.byte	0x3
 656 00be 42       		.byte	0x42
 657 00bf 77000000 		.4byte	0x77
 658 00c3 02       		.uleb128 0x2
 659 00c4 01       		.byte	0x1
 660 00c5 02       		.byte	0x2
 661 00c6 D2030000 		.4byte	.LASF17
 662 00ca 05       		.uleb128 0x5
 663 00cb B8000000 		.4byte	0xb8
 664 00cf 02       		.uleb128 0x2
 665 00d0 04       		.byte	0x4
 666 00d1 07       		.byte	0x7
 667 00d2 51000000 		.4byte	.LASF18
 668 00d6 02       		.uleb128 0x2
 669 00d7 01       		.byte	0x1
 670 00d8 08       		.byte	0x8
 671 00d9 AF030000 		.4byte	.LASF19
 672 00dd 06       		.uleb128 0x6
 673 00de B8000000 		.4byte	0xb8
ARM GAS  /tmp/ccaLkr4O.s 			page 13


 674 00e2 ED000000 		.4byte	0xed
 675 00e6 07       		.uleb128 0x7
 676 00e7 CF000000 		.4byte	0xcf
 677 00eb 01       		.byte	0x1
 678 00ec 00       		.byte	0
 679 00ed 06       		.uleb128 0x6
 680 00ee B8000000 		.4byte	0xb8
 681 00f2 FD000000 		.4byte	0xfd
 682 00f6 07       		.uleb128 0x7
 683 00f7 CF000000 		.4byte	0xcf
 684 00fb 03       		.byte	0x3
 685 00fc 00       		.byte	0
 686 00fd 05       		.uleb128 0x5
 687 00fe AD000000 		.4byte	0xad
 688 0102 08       		.uleb128 0x8
 689 0103 90       		.byte	0x90
 690 0104 04       		.byte	0x4
 691 0105 5804     		.2byte	0x458
 692 0107 AB020000 		.4byte	0x2ab
 693 010b 09       		.uleb128 0x9
 694 010c 435200   		.ascii	"CR\000"
 695 010f 04       		.byte	0x4
 696 0110 5A04     		.2byte	0x45a
 697 0112 CA000000 		.4byte	0xca
 698 0116 00       		.byte	0
 699 0117 0A       		.uleb128 0xa
 700 0118 E0020000 		.4byte	.LASF20
 701 011c 04       		.byte	0x4
 702 011d 5B04     		.2byte	0x45b
 703 011f CA000000 		.4byte	0xca
 704 0123 04       		.byte	0x4
 705 0124 0A       		.uleb128 0xa
 706 0125 ED000000 		.4byte	.LASF21
 707 0129 04       		.byte	0x4
 708 012a 5C04     		.2byte	0x45c
 709 012c CA000000 		.4byte	0xca
 710 0130 08       		.byte	0x8
 711 0131 09       		.uleb128 0x9
 712 0132 43495200 		.ascii	"CIR\000"
 713 0136 04       		.byte	0x4
 714 0137 5D04     		.2byte	0x45d
 715 0139 CA000000 		.4byte	0xca
 716 013d 0C       		.byte	0xc
 717 013e 0A       		.uleb128 0xa
 718 013f DD000000 		.4byte	.LASF22
 719 0143 04       		.byte	0x4
 720 0144 5E04     		.2byte	0x45e
 721 0146 CA000000 		.4byte	0xca
 722 014a 10       		.byte	0x10
 723 014b 0A       		.uleb128 0xa
 724 014c C4020000 		.4byte	.LASF23
 725 0150 04       		.byte	0x4
 726 0151 5F04     		.2byte	0x45f
 727 0153 CA000000 		.4byte	0xca
 728 0157 14       		.byte	0x14
 729 0158 0A       		.uleb128 0xa
 730 0159 A2040000 		.4byte	.LASF24
ARM GAS  /tmp/ccaLkr4O.s 			page 14


 731 015d 04       		.byte	0x4
 732 015e 6004     		.2byte	0x460
 733 0160 CA000000 		.4byte	0xca
 734 0164 18       		.byte	0x18
 735 0165 0A       		.uleb128 0xa
 736 0166 EA030000 		.4byte	.LASF25
 737 016a 04       		.byte	0x4
 738 016b 6104     		.2byte	0x461
 739 016d B8000000 		.4byte	0xb8
 740 0171 1C       		.byte	0x1c
 741 0172 0A       		.uleb128 0xa
 742 0173 1C000000 		.4byte	.LASF26
 743 0177 04       		.byte	0x4
 744 0178 6204     		.2byte	0x462
 745 017a CA000000 		.4byte	0xca
 746 017e 20       		.byte	0x20
 747 017f 0A       		.uleb128 0xa
 748 0180 A9010000 		.4byte	.LASF27
 749 0184 04       		.byte	0x4
 750 0185 6304     		.2byte	0x463
 751 0187 CA000000 		.4byte	0xca
 752 018b 24       		.byte	0x24
 753 018c 0A       		.uleb128 0xa
 754 018d F4030000 		.4byte	.LASF28
 755 0191 04       		.byte	0x4
 756 0192 6404     		.2byte	0x464
 757 0194 DD000000 		.4byte	0xdd
 758 0198 28       		.byte	0x28
 759 0199 0A       		.uleb128 0xa
 760 019a 36040000 		.4byte	.LASF29
 761 019e 04       		.byte	0x4
 762 019f 6504     		.2byte	0x465
 763 01a1 CA000000 		.4byte	0xca
 764 01a5 30       		.byte	0x30
 765 01a6 0A       		.uleb128 0xa
 766 01a7 25000000 		.4byte	.LASF30
 767 01ab 04       		.byte	0x4
 768 01ac 6604     		.2byte	0x466
 769 01ae CA000000 		.4byte	0xca
 770 01b2 34       		.byte	0x34
 771 01b3 0A       		.uleb128 0xa
 772 01b4 36010000 		.4byte	.LASF31
 773 01b8 04       		.byte	0x4
 774 01b9 6704     		.2byte	0x467
 775 01bb CA000000 		.4byte	0xca
 776 01bf 38       		.byte	0x38
 777 01c0 0A       		.uleb128 0xa
 778 01c1 FE030000 		.4byte	.LASF32
 779 01c5 04       		.byte	0x4
 780 01c6 6804     		.2byte	0x468
 781 01c8 B8000000 		.4byte	0xb8
 782 01cc 3C       		.byte	0x3c
 783 01cd 0A       		.uleb128 0xa
 784 01ce 12010000 		.4byte	.LASF33
 785 01d2 04       		.byte	0x4
 786 01d3 6904     		.2byte	0x469
 787 01d5 CA000000 		.4byte	0xca
ARM GAS  /tmp/ccaLkr4O.s 			page 15


 788 01d9 40       		.byte	0x40
 789 01da 0A       		.uleb128 0xa
 790 01db 7B020000 		.4byte	.LASF34
 791 01df 04       		.byte	0x4
 792 01e0 6A04     		.2byte	0x46a
 793 01e2 CA000000 		.4byte	0xca
 794 01e6 44       		.byte	0x44
 795 01e7 0A       		.uleb128 0xa
 796 01e8 08040000 		.4byte	.LASF35
 797 01ec 04       		.byte	0x4
 798 01ed 6B04     		.2byte	0x46b
 799 01ef DD000000 		.4byte	0xdd
 800 01f3 48       		.byte	0x48
 801 01f4 0A       		.uleb128 0xa
 802 01f5 00000000 		.4byte	.LASF36
 803 01f9 04       		.byte	0x4
 804 01fa 6C04     		.2byte	0x46c
 805 01fc CA000000 		.4byte	0xca
 806 0200 50       		.byte	0x50
 807 0201 0A       		.uleb128 0xa
 808 0202 E0030000 		.4byte	.LASF37
 809 0206 04       		.byte	0x4
 810 0207 6D04     		.2byte	0x46d
 811 0209 CA000000 		.4byte	0xca
 812 020d 54       		.byte	0x54
 813 020e 0A       		.uleb128 0xa
 814 020f F2000000 		.4byte	.LASF38
 815 0213 04       		.byte	0x4
 816 0214 6E04     		.2byte	0x46e
 817 0216 CA000000 		.4byte	0xca
 818 021a 58       		.byte	0x58
 819 021b 0A       		.uleb128 0xa
 820 021c 12040000 		.4byte	.LASF39
 821 0220 04       		.byte	0x4
 822 0221 6F04     		.2byte	0x46f
 823 0223 B8000000 		.4byte	0xb8
 824 0227 5C       		.byte	0x5c
 825 0228 0A       		.uleb128 0xa
 826 0229 98030000 		.4byte	.LASF40
 827 022d 04       		.byte	0x4
 828 022e 7004     		.2byte	0x470
 829 0230 CA000000 		.4byte	0xca
 830 0234 60       		.byte	0x60
 831 0235 0A       		.uleb128 0xa
 832 0236 E6040000 		.4byte	.LASF41
 833 023a 04       		.byte	0x4
 834 023b 7104     		.2byte	0x471
 835 023d CA000000 		.4byte	0xca
 836 0241 64       		.byte	0x64
 837 0242 0A       		.uleb128 0xa
 838 0243 1C040000 		.4byte	.LASF42
 839 0247 04       		.byte	0x4
 840 0248 7204     		.2byte	0x472
 841 024a DD000000 		.4byte	0xdd
 842 024e 68       		.byte	0x68
 843 024f 0A       		.uleb128 0xa
 844 0250 5A000000 		.4byte	.LASF43
ARM GAS  /tmp/ccaLkr4O.s 			page 16


 845 0254 04       		.byte	0x4
 846 0255 7304     		.2byte	0x473
 847 0257 CA000000 		.4byte	0xca
 848 025b 70       		.byte	0x70
 849 025c 09       		.uleb128 0x9
 850 025d 43535200 		.ascii	"CSR\000"
 851 0261 04       		.byte	0x4
 852 0262 7404     		.2byte	0x474
 853 0264 CA000000 		.4byte	0xca
 854 0268 74       		.byte	0x74
 855 0269 0A       		.uleb128 0xa
 856 026a 26040000 		.4byte	.LASF44
 857 026e 04       		.byte	0x4
 858 026f 7504     		.2byte	0x475
 859 0271 DD000000 		.4byte	0xdd
 860 0275 78       		.byte	0x78
 861 0276 0A       		.uleb128 0xa
 862 0277 AA000000 		.4byte	.LASF45
 863 027b 04       		.byte	0x4
 864 027c 7604     		.2byte	0x476
 865 027e CA000000 		.4byte	0xca
 866 0282 80       		.byte	0x80
 867 0283 0A       		.uleb128 0xa
 868 0284 5F000000 		.4byte	.LASF46
 869 0288 04       		.byte	0x4
 870 0289 7704     		.2byte	0x477
 871 028b CA000000 		.4byte	0xca
 872 028f 84       		.byte	0x84
 873 0290 0A       		.uleb128 0xa
 874 0291 C2040000 		.4byte	.LASF47
 875 0295 04       		.byte	0x4
 876 0296 7804     		.2byte	0x478
 877 0298 CA000000 		.4byte	0xca
 878 029c 88       		.byte	0x88
 879 029d 0A       		.uleb128 0xa
 880 029e 28010000 		.4byte	.LASF48
 881 02a2 04       		.byte	0x4
 882 02a3 7904     		.2byte	0x479
 883 02a5 CA000000 		.4byte	0xca
 884 02a9 8C       		.byte	0x8c
 885 02aa 00       		.byte	0
 886 02ab 0B       		.uleb128 0xb
 887 02ac 3E010000 		.4byte	.LASF49
 888 02b0 04       		.byte	0x4
 889 02b1 7B04     		.2byte	0x47b
 890 02b3 02010000 		.4byte	0x102
 891 02b7 0C       		.uleb128 0xc
 892 02b8 01       		.byte	0x1
 893 02b9 05       		.byte	0x5
 894 02ba 55       		.byte	0x55
 895 02bb D2020000 		.4byte	0x2d2
 896 02bf 0D       		.uleb128 0xd
 897 02c0 4B020000 		.4byte	.LASF50
 898 02c4 00       		.sleb128 0
 899 02c5 0D       		.uleb128 0xd
 900 02c6 73040000 		.4byte	.LASF51
 901 02ca 01       		.sleb128 1
ARM GAS  /tmp/ccaLkr4O.s 			page 17


 902 02cb 0D       		.uleb128 0xd
 903 02cc 69040000 		.4byte	.LASF52
 904 02d0 02       		.sleb128 2
 905 02d1 00       		.byte	0
 906 02d2 04       		.uleb128 0x4
 907 02d3 CD040000 		.4byte	.LASF53
 908 02d7 05       		.byte	0x5
 909 02d8 59       		.byte	0x59
 910 02d9 B7020000 		.4byte	0x2b7
 911 02dd 04       		.uleb128 0x4
 912 02de C0030000 		.4byte	.LASF54
 913 02e2 05       		.byte	0x5
 914 02e3 5E       		.byte	0x5e
 915 02e4 E8020000 		.4byte	0x2e8
 916 02e8 0E       		.uleb128 0xe
 917 02e9 C0030000 		.4byte	.LASF54
 918 02ed 14       		.byte	0x14
 919 02ee 06       		.byte	0x6
 920 02ef 6F01     		.2byte	0x16f
 921 02f1 37030000 		.4byte	0x337
 922 02f5 0A       		.uleb128 0xa
 923 02f6 32000000 		.4byte	.LASF55
 924 02fa 06       		.byte	0x6
 925 02fb 7301     		.2byte	0x173
 926 02fd D2020000 		.4byte	0x2d2
 927 0301 00       		.byte	0
 928 0302 0A       		.uleb128 0xa
 929 0303 E6000000 		.4byte	.LASF56
 930 0307 06       		.byte	0x6
 931 0308 7701     		.2byte	0x177
 932 030a 4B050000 		.4byte	0x54b
 933 030e 04       		.byte	0x4
 934 030f 0A       		.uleb128 0xa
 935 0310 A2010000 		.4byte	.LASF57
 936 0314 06       		.byte	0x6
 937 0315 7B01     		.2byte	0x17b
 938 0317 9B040000 		.4byte	0x49b
 939 031b 08       		.byte	0x8
 940 031c 0A       		.uleb128 0xa
 941 031d 30040000 		.4byte	.LASF58
 942 0321 06       		.byte	0x6
 943 0322 8301     		.2byte	0x183
 944 0324 B8000000 		.4byte	0xb8
 945 0328 0C       		.byte	0xc
 946 0329 09       		.uleb128 0x9
 947 032a 74696D00 		.ascii	"tim\000"
 948 032e 06       		.byte	0x6
 949 032f 8701     		.2byte	0x187
 950 0331 56050000 		.4byte	0x556
 951 0335 10       		.byte	0x10
 952 0336 00       		.byte	0
 953 0337 04       		.uleb128 0x4
 954 0338 D8040000 		.4byte	.LASF59
 955 033c 05       		.byte	0x5
 956 033d 65       		.byte	0x65
 957 033e 42030000 		.4byte	0x342
 958 0342 0F       		.uleb128 0xf
ARM GAS  /tmp/ccaLkr4O.s 			page 18


 959 0343 04       		.byte	0x4
 960 0344 48030000 		.4byte	0x348
 961 0348 10       		.uleb128 0x10
 962 0349 53030000 		.4byte	0x353
 963 034d 11       		.uleb128 0x11
 964 034e 53030000 		.4byte	0x353
 965 0352 00       		.byte	0
 966 0353 0F       		.uleb128 0xf
 967 0354 04       		.byte	0x4
 968 0355 DD020000 		.4byte	0x2dd
 969 0359 08       		.uleb128 0x8
 970 035a 60       		.byte	0x60
 971 035b 07       		.byte	0x7
 972 035c 9E01     		.2byte	0x19e
 973 035e 72040000 		.4byte	0x472
 974 0362 09       		.uleb128 0x9
 975 0363 43523100 		.ascii	"CR1\000"
 976 0367 07       		.byte	0x7
 977 0368 9F01     		.2byte	0x19f
 978 036a CA000000 		.4byte	0xca
 979 036e 00       		.byte	0
 980 036f 09       		.uleb128 0x9
 981 0370 43523200 		.ascii	"CR2\000"
 982 0374 07       		.byte	0x7
 983 0375 A001     		.2byte	0x1a0
 984 0377 CA000000 		.4byte	0xca
 985 037b 04       		.byte	0x4
 986 037c 0A       		.uleb128 0xa
 987 037d 46020000 		.4byte	.LASF60
 988 0381 07       		.byte	0x7
 989 0382 A101     		.2byte	0x1a1
 990 0384 CA000000 		.4byte	0xca
 991 0388 08       		.byte	0x8
 992 0389 0A       		.uleb128 0xa
 993 038a DB020000 		.4byte	.LASF61
 994 038e 07       		.byte	0x7
 995 038f A201     		.2byte	0x1a2
 996 0391 CA000000 		.4byte	0xca
 997 0395 0C       		.byte	0xc
 998 0396 09       		.uleb128 0x9
 999 0397 535200   		.ascii	"SR\000"
 1000 039a 07       		.byte	0x7
 1001 039b A301     		.2byte	0x1a3
 1002 039d CA000000 		.4byte	0xca
 1003 03a1 10       		.byte	0x10
 1004 03a2 09       		.uleb128 0x9
 1005 03a3 45475200 		.ascii	"EGR\000"
 1006 03a7 07       		.byte	0x7
 1007 03a8 A401     		.2byte	0x1a4
 1008 03aa CA000000 		.4byte	0xca
 1009 03ae 14       		.byte	0x14
 1010 03af 0A       		.uleb128 0xa
 1011 03b0 BC010000 		.4byte	.LASF62
 1012 03b4 07       		.byte	0x7
 1013 03b5 A501     		.2byte	0x1a5
 1014 03b7 CA000000 		.4byte	0xca
 1015 03bb 18       		.byte	0x18
ARM GAS  /tmp/ccaLkr4O.s 			page 19


 1016 03bc 0A       		.uleb128 0xa
 1017 03bd 38000000 		.4byte	.LASF63
 1018 03c1 07       		.byte	0x7
 1019 03c2 A601     		.2byte	0x1a6
 1020 03c4 CA000000 		.4byte	0xca
 1021 03c8 1C       		.byte	0x1c
 1022 03c9 0A       		.uleb128 0xa
 1023 03ca 0A000000 		.4byte	.LASF64
 1024 03ce 07       		.byte	0x7
 1025 03cf A701     		.2byte	0x1a7
 1026 03d1 CA000000 		.4byte	0xca
 1027 03d5 20       		.byte	0x20
 1028 03d6 09       		.uleb128 0x9
 1029 03d7 434E5400 		.ascii	"CNT\000"
 1030 03db 07       		.byte	0x7
 1031 03dc A801     		.2byte	0x1a8
 1032 03de CA000000 		.4byte	0xca
 1033 03e2 24       		.byte	0x24
 1034 03e3 09       		.uleb128 0x9
 1035 03e4 50534300 		.ascii	"PSC\000"
 1036 03e8 07       		.byte	0x7
 1037 03e9 A901     		.2byte	0x1a9
 1038 03eb CA000000 		.4byte	0xca
 1039 03ef 28       		.byte	0x28
 1040 03f0 09       		.uleb128 0x9
 1041 03f1 41525200 		.ascii	"ARR\000"
 1042 03f5 07       		.byte	0x7
 1043 03f6 AA01     		.2byte	0x1aa
 1044 03f8 CA000000 		.4byte	0xca
 1045 03fc 2C       		.byte	0x2c
 1046 03fd 09       		.uleb128 0x9
 1047 03fe 52435200 		.ascii	"RCR\000"
 1048 0402 07       		.byte	0x7
 1049 0403 AB01     		.2byte	0x1ab
 1050 0405 CA000000 		.4byte	0xca
 1051 0409 30       		.byte	0x30
 1052 040a 09       		.uleb128 0x9
 1053 040b 43435200 		.ascii	"CCR\000"
 1054 040f 07       		.byte	0x7
 1055 0410 AC01     		.2byte	0x1ac
 1056 0412 72040000 		.4byte	0x472
 1057 0416 34       		.byte	0x34
 1058 0417 0A       		.uleb128 0xa
 1059 0418 D6020000 		.4byte	.LASF65
 1060 041c 07       		.byte	0x7
 1061 041d AD01     		.2byte	0x1ad
 1062 041f CA000000 		.4byte	0xca
 1063 0423 44       		.byte	0x44
 1064 0424 09       		.uleb128 0x9
 1065 0425 44435200 		.ascii	"DCR\000"
 1066 0429 07       		.byte	0x7
 1067 042a AE01     		.2byte	0x1ae
 1068 042c CA000000 		.4byte	0xca
 1069 0430 48       		.byte	0x48
 1070 0431 0A       		.uleb128 0xa
 1071 0432 2D000000 		.4byte	.LASF66
 1072 0436 07       		.byte	0x7
ARM GAS  /tmp/ccaLkr4O.s 			page 20


 1073 0437 AF01     		.2byte	0x1af
 1074 0439 CA000000 		.4byte	0xca
 1075 043d 4C       		.byte	0x4c
 1076 043e 09       		.uleb128 0x9
 1077 043f 4F5200   		.ascii	"OR\000"
 1078 0442 07       		.byte	0x7
 1079 0443 B001     		.2byte	0x1b0
 1080 0445 CA000000 		.4byte	0xca
 1081 0449 50       		.byte	0x50
 1082 044a 0A       		.uleb128 0xa
 1083 044b DA010000 		.4byte	.LASF67
 1084 044f 07       		.byte	0x7
 1085 0450 B101     		.2byte	0x1b1
 1086 0452 CA000000 		.4byte	0xca
 1087 0456 54       		.byte	0x54
 1088 0457 0A       		.uleb128 0xa
 1089 0458 86010000 		.4byte	.LASF68
 1090 045c 07       		.byte	0x7
 1091 045d B201     		.2byte	0x1b2
 1092 045f CA000000 		.4byte	0xca
 1093 0463 58       		.byte	0x58
 1094 0464 0A       		.uleb128 0xa
 1095 0465 8B010000 		.4byte	.LASF69
 1096 0469 07       		.byte	0x7
 1097 046a B301     		.2byte	0x1b3
 1098 046c CA000000 		.4byte	0xca
 1099 0470 5C       		.byte	0x5c
 1100 0471 00       		.byte	0
 1101 0472 05       		.uleb128 0x5
 1102 0473 ED000000 		.4byte	0xed
 1103 0477 0B       		.uleb128 0xb
 1104 0478 B4030000 		.4byte	.LASF70
 1105 047c 07       		.byte	0x7
 1106 047d B401     		.2byte	0x1b4
 1107 047f 59030000 		.4byte	0x359
 1108 0483 0B       		.uleb128 0xb
 1109 0484 AB040000 		.4byte	.LASF71
 1110 0488 06       		.byte	0x6
 1111 0489 2001     		.2byte	0x120
 1112 048b B8000000 		.4byte	0xb8
 1113 048f 0B       		.uleb128 0xb
 1114 0490 82000000 		.4byte	.LASF72
 1115 0494 06       		.byte	0x6
 1116 0495 2501     		.2byte	0x125
 1117 0497 97000000 		.4byte	0x97
 1118 049b 0B       		.uleb128 0xb
 1119 049c 48000000 		.4byte	.LASF73
 1120 04a0 06       		.byte	0x6
 1121 04a1 2A01     		.2byte	0x12a
 1122 04a3 A2000000 		.4byte	0xa2
 1123 04a7 08       		.uleb128 0x8
 1124 04a8 08       		.byte	0x8
 1125 04a9 06       		.byte	0x6
 1126 04aa 2F01     		.2byte	0x12f
 1127 04ac CB040000 		.4byte	0x4cb
 1128 04b0 0A       		.uleb128 0xa
 1129 04b1 9A000000 		.4byte	.LASF74
ARM GAS  /tmp/ccaLkr4O.s 			page 21


 1130 04b5 06       		.byte	0x6
 1131 04b6 3301     		.2byte	0x133
 1132 04b8 83040000 		.4byte	0x483
 1133 04bc 00       		.byte	0
 1134 04bd 0A       		.uleb128 0xa
 1135 04be F0040000 		.4byte	.LASF75
 1136 04c2 06       		.byte	0x6
 1137 04c3 3901     		.2byte	0x139
 1138 04c5 37030000 		.4byte	0x337
 1139 04c9 04       		.byte	0x4
 1140 04ca 00       		.byte	0
 1141 04cb 0B       		.uleb128 0xb
 1142 04cc 8B040000 		.4byte	.LASF76
 1143 04d0 06       		.byte	0x6
 1144 04d1 3B01     		.2byte	0x13b
 1145 04d3 A7040000 		.4byte	0x4a7
 1146 04d7 08       		.uleb128 0x8
 1147 04d8 34       		.byte	0x34
 1148 04d9 06       		.byte	0x6
 1149 04da 4001     		.2byte	0x140
 1150 04dc 2F050000 		.4byte	0x52f
 1151 04e0 0A       		.uleb128 0xa
 1152 04e1 81040000 		.4byte	.LASF77
 1153 04e5 06       		.byte	0x6
 1154 04e6 4601     		.2byte	0x146
 1155 04e8 B8000000 		.4byte	0xb8
 1156 04ec 00       		.byte	0
 1157 04ed 0A       		.uleb128 0xa
 1158 04ee A2010000 		.4byte	.LASF57
 1159 04f2 06       		.byte	0x6
 1160 04f3 4C01     		.2byte	0x14c
 1161 04f5 9B040000 		.4byte	0x49b
 1162 04f9 04       		.byte	0x4
 1163 04fa 0A       		.uleb128 0xa
 1164 04fb F0040000 		.4byte	.LASF75
 1165 04ff 06       		.byte	0x6
 1166 0500 5201     		.2byte	0x152
 1167 0502 37030000 		.4byte	0x337
 1168 0506 08       		.byte	0x8
 1169 0507 0A       		.uleb128 0xa
 1170 0508 56040000 		.4byte	.LASF78
 1171 050c 06       		.byte	0x6
 1172 050d 5601     		.2byte	0x156
 1173 050f 2F050000 		.4byte	0x52f
 1174 0513 0C       		.byte	0xc
 1175 0514 09       		.uleb128 0x9
 1176 0515 63723200 		.ascii	"cr2\000"
 1177 0519 06       		.byte	0x6
 1178 051a 5C01     		.2byte	0x15c
 1179 051c B8000000 		.4byte	0xb8
 1180 0520 2C       		.byte	0x2c
 1181 0521 0A       		.uleb128 0xa
 1182 0522 7C040000 		.4byte	.LASF79
 1183 0526 06       		.byte	0x6
 1184 0527 6901     		.2byte	0x169
 1185 0529 B8000000 		.4byte	0xb8
 1186 052d 30       		.byte	0x30
ARM GAS  /tmp/ccaLkr4O.s 			page 22


 1187 052e 00       		.byte	0
 1188 052f 06       		.uleb128 0x6
 1189 0530 CB040000 		.4byte	0x4cb
 1190 0534 3F050000 		.4byte	0x53f
 1191 0538 07       		.uleb128 0x7
 1192 0539 CF000000 		.4byte	0xcf
 1193 053d 03       		.byte	0x3
 1194 053e 00       		.byte	0
 1195 053f 0B       		.uleb128 0xb
 1196 0540 D0010000 		.4byte	.LASF80
 1197 0544 06       		.byte	0x6
 1198 0545 6A01     		.2byte	0x16a
 1199 0547 D7040000 		.4byte	0x4d7
 1200 054b 0F       		.uleb128 0xf
 1201 054c 04       		.byte	0x4
 1202 054d 51050000 		.4byte	0x551
 1203 0551 12       		.uleb128 0x12
 1204 0552 3F050000 		.4byte	0x53f
 1205 0556 0F       		.uleb128 0xf
 1206 0557 04       		.byte	0x4
 1207 0558 77040000 		.4byte	0x477
 1208 055c 13       		.uleb128 0x13
 1209 055d 6A000000 		.4byte	.LASF98
 1210 0561 01       		.byte	0x1
 1211 0562 70       		.byte	0x70
 1212 0563 01       		.byte	0x1
 1213 0564 7E050000 		.4byte	0x57e
 1214 0568 14       		.uleb128 0x14
 1215 0569 41020000 		.4byte	.LASF86
 1216 056d 01       		.byte	0x1
 1217 056e 70       		.byte	0x70
 1218 056f 53030000 		.4byte	0x353
 1219 0573 15       		.uleb128 0x15
 1220 0574 737200   		.ascii	"sr\000"
 1221 0577 01       		.byte	0x1
 1222 0578 71       		.byte	0x71
 1223 0579 A2000000 		.4byte	0xa2
 1224 057d 00       		.byte	0
 1225 057e 16       		.uleb128 0x16
 1226 057f E0010000 		.4byte	.LASF81
 1227 0583 01       		.byte	0x1
 1228 0584 EB       		.byte	0xeb
 1229 0585 00000000 		.4byte	.LFB119
 1230 0589 7E000000 		.4byte	.LFE119-.LFB119
 1231 058d 01       		.uleb128 0x1
 1232 058e 9C       		.byte	0x9c
 1233 058f 24060000 		.4byte	0x624
 1234 0593 17       		.uleb128 0x17
 1235 0594 5C050000 		.4byte	0x55c
 1236 0598 02000000 		.4byte	.LBB4
 1237 059c 00000000 		.4byte	.Ldebug_ranges0+0
 1238 05a0 01       		.byte	0x1
 1239 05a1 EF       		.byte	0xef
 1240 05a2 1A060000 		.4byte	0x61a
 1241 05a6 18       		.uleb128 0x18
 1242 05a7 68050000 		.4byte	0x568
 1243 05ab 06       		.uleb128 0x6
ARM GAS  /tmp/ccaLkr4O.s 			page 23


 1244 05ac 03       		.byte	0x3
 1245 05ad 00000000 		.4byte	PWMD4
 1246 05b1 9F       		.byte	0x9f
 1247 05b2 19       		.uleb128 0x19
 1248 05b3 00000000 		.4byte	.Ldebug_ranges0+0
 1249 05b7 1A       		.uleb128 0x1a
 1250 05b8 73050000 		.4byte	0x573
 1251 05bc 00000000 		.4byte	.LLST0
 1252 05c0 1B       		.uleb128 0x1b
 1253 05c1 3C000000 		.4byte	.LVL3
 1254 05c5 D3050000 		.4byte	0x5d3
 1255 05c9 1C       		.uleb128 0x1c
 1256 05ca 01       		.uleb128 0x1
 1257 05cb 50       		.byte	0x50
 1258 05cc 05       		.uleb128 0x5
 1259 05cd 03       		.byte	0x3
 1260 05ce 00000000 		.4byte	.LANCHOR0
 1261 05d2 00       		.byte	0
 1262 05d3 1B       		.uleb128 0x1b
 1263 05d4 52000000 		.4byte	.LVL6
 1264 05d8 E6050000 		.4byte	0x5e6
 1265 05dc 1C       		.uleb128 0x1c
 1266 05dd 01       		.uleb128 0x1
 1267 05de 50       		.byte	0x50
 1268 05df 05       		.uleb128 0x5
 1269 05e0 03       		.byte	0x3
 1270 05e1 00000000 		.4byte	.LANCHOR0
 1271 05e5 00       		.byte	0
 1272 05e6 1B       		.uleb128 0x1b
 1273 05e7 62000000 		.4byte	.LVL7
 1274 05eb F9050000 		.4byte	0x5f9
 1275 05ef 1C       		.uleb128 0x1c
 1276 05f0 01       		.uleb128 0x1
 1277 05f1 50       		.byte	0x50
 1278 05f2 05       		.uleb128 0x5
 1279 05f3 03       		.byte	0x3
 1280 05f4 00000000 		.4byte	.LANCHOR0
 1281 05f8 00       		.byte	0
 1282 05f9 1B       		.uleb128 0x1b
 1283 05fa 72000000 		.4byte	.LVL8
 1284 05fe 0C060000 		.4byte	0x60c
 1285 0602 1C       		.uleb128 0x1c
 1286 0603 01       		.uleb128 0x1
 1287 0604 50       		.byte	0x50
 1288 0605 05       		.uleb128 0x5
 1289 0606 03       		.byte	0x3
 1290 0607 00000000 		.4byte	.LANCHOR0
 1291 060b 00       		.byte	0
 1292 060c 1D       		.uleb128 0x1d
 1293 060d 7C000000 		.4byte	.LVL9
 1294 0611 1C       		.uleb128 0x1c
 1295 0612 01       		.uleb128 0x1
 1296 0613 50       		.byte	0x50
 1297 0614 02       		.uleb128 0x2
 1298 0615 75       		.byte	0x75
 1299 0616 00       		.sleb128 0
 1300 0617 00       		.byte	0
ARM GAS  /tmp/ccaLkr4O.s 			page 24


 1301 0618 00       		.byte	0
 1302 0619 00       		.byte	0
 1303 061a 1E       		.uleb128 0x1e
 1304 061b 44000000 		.4byte	.LVL5
 1305 061f 92070000 		.4byte	0x792
 1306 0623 00       		.byte	0
 1307 0624 1F       		.uleb128 0x1f
 1308 0625 A2030000 		.4byte	.LASF82
 1309 0629 01       		.byte	0x1
 1310 062a 5901     		.2byte	0x159
 1311 062c 00000000 		.4byte	.LFB120
 1312 0630 1C000000 		.4byte	.LFE120-.LFB120
 1313 0634 01       		.uleb128 0x1
 1314 0635 9C       		.byte	0x9c
 1315 0636 4B060000 		.4byte	0x64b
 1316 063a 20       		.uleb128 0x20
 1317 063b 10000000 		.4byte	.LVL10
 1318 063f 9A070000 		.4byte	0x79a
 1319 0643 1C       		.uleb128 0x1c
 1320 0644 01       		.uleb128 0x1
 1321 0645 50       		.byte	0x50
 1322 0646 02       		.uleb128 0x2
 1323 0647 74       		.byte	0x74
 1324 0648 00       		.sleb128 0
 1325 0649 00       		.byte	0
 1326 064a 00       		.byte	0
 1327 064b 1F       		.uleb128 0x1f
 1328 064c C2010000 		.4byte	.LASF83
 1329 0650 01       		.byte	0x1
 1330 0651 8F01     		.2byte	0x18f
 1331 0653 00000000 		.4byte	.LFB121
 1332 0657 02010000 		.4byte	.LFE121-.LFB121
 1333 065b 01       		.uleb128 0x1
 1334 065c 9C       		.byte	0x9c
 1335 065d A7060000 		.4byte	0x6a7
 1336 0661 21       		.uleb128 0x21
 1337 0662 41020000 		.4byte	.LASF86
 1338 0666 01       		.byte	0x1
 1339 0667 8F01     		.2byte	0x18f
 1340 0669 53030000 		.4byte	0x353
 1341 066d 33000000 		.4byte	.LLST1
 1342 0671 22       		.uleb128 0x22
 1343 0672 70736300 		.ascii	"psc\000"
 1344 0676 01       		.byte	0x1
 1345 0677 9001     		.2byte	0x190
 1346 0679 B8000000 		.4byte	0xb8
 1347 067d 8B000000 		.4byte	.LLST2
 1348 0681 23       		.uleb128 0x23
 1349 0682 23010000 		.4byte	.LASF84
 1350 0686 01       		.byte	0x1
 1351 0687 9101     		.2byte	0x191
 1352 0689 A2000000 		.4byte	0xa2
 1353 068d EA000000 		.4byte	.LLST3
 1354 0691 20       		.uleb128 0x20
 1355 0692 F6000000 		.4byte	.LVL34
 1356 0696 AB070000 		.4byte	0x7ab
 1357 069a 1C       		.uleb128 0x1c
ARM GAS  /tmp/ccaLkr4O.s 			page 25


 1358 069b 01       		.uleb128 0x1
 1359 069c 51       		.byte	0x51
 1360 069d 02       		.uleb128 0x2
 1361 069e 08       		.byte	0x8
 1362 069f 70       		.byte	0x70
 1363 06a0 1C       		.uleb128 0x1c
 1364 06a1 01       		.uleb128 0x1
 1365 06a2 50       		.byte	0x50
 1366 06a3 01       		.uleb128 0x1
 1367 06a4 4E       		.byte	0x4e
 1368 06a5 00       		.byte	0
 1369 06a6 00       		.byte	0
 1370 06a7 1F       		.uleb128 0x1f
 1371 06a8 0F000000 		.4byte	.LASF85
 1372 06ac 01       		.byte	0x1
 1373 06ad 5D02     		.2byte	0x25d
 1374 06af 00000000 		.4byte	.LFB122
 1375 06b3 38000000 		.4byte	.LFE122-.LFB122
 1376 06b7 01       		.uleb128 0x1
 1377 06b8 9C       		.byte	0x9c
 1378 06b9 DD060000 		.4byte	0x6dd
 1379 06bd 21       		.uleb128 0x21
 1380 06be 41020000 		.4byte	.LASF86
 1381 06c2 01       		.byte	0x1
 1382 06c3 5D02     		.2byte	0x25d
 1383 06c5 53030000 		.4byte	0x353
 1384 06c9 14010000 		.4byte	.LLST4
 1385 06cd 20       		.uleb128 0x20
 1386 06ce 26000000 		.4byte	.LVL39
 1387 06d2 C2070000 		.4byte	0x7c2
 1388 06d6 1C       		.uleb128 0x1c
 1389 06d7 01       		.uleb128 0x1
 1390 06d8 50       		.byte	0x50
 1391 06d9 01       		.uleb128 0x1
 1392 06da 4E       		.byte	0x4e
 1393 06db 00       		.byte	0
 1394 06dc 00       		.byte	0
 1395 06dd 1F       		.uleb128 0x1f
 1396 06de 64020000 		.4byte	.LASF87
 1397 06e2 01       		.byte	0x1
 1398 06e3 A302     		.2byte	0x2a3
 1399 06e5 00000000 		.4byte	.LFB123
 1400 06e9 32000000 		.4byte	.LFE123-.LFB123
 1401 06ed 01       		.uleb128 0x1
 1402 06ee 9C       		.byte	0x9c
 1403 06ef 3E070000 		.4byte	0x73e
 1404 06f3 21       		.uleb128 0x21
 1405 06f4 41020000 		.4byte	.LASF86
 1406 06f8 01       		.byte	0x1
 1407 06f9 A302     		.2byte	0x2a3
 1408 06fb 53030000 		.4byte	0x353
 1409 06ff 4E010000 		.4byte	.LLST5
 1410 0703 21       		.uleb128 0x21
 1411 0704 D8030000 		.4byte	.LASF88
 1412 0708 01       		.byte	0x1
 1413 0709 A402     		.2byte	0x2a4
 1414 070b 8F040000 		.4byte	0x48f
ARM GAS  /tmp/ccaLkr4O.s 			page 26


 1415 070f 6F010000 		.4byte	.LLST6
 1416 0713 21       		.uleb128 0x21
 1417 0714 30010000 		.4byte	.LASF89
 1418 0718 01       		.byte	0x1
 1419 0719 A502     		.2byte	0x2a5
 1420 071b 9B040000 		.4byte	0x49b
 1421 071f 90010000 		.4byte	.LLST7
 1422 0723 24       		.uleb128 0x24
 1423 0724 18000000 		.4byte	.LBB8
 1424 0728 14000000 		.4byte	.LBE8-.LBB8
 1425 072c 23       		.uleb128 0x23
 1426 072d 7C040000 		.4byte	.LASF79
 1427 0731 01       		.byte	0x1
 1428 0732 AB02     		.2byte	0x2ab
 1429 0734 B8000000 		.4byte	0xb8
 1430 0738 B1010000 		.4byte	.LLST8
 1431 073c 00       		.byte	0
 1432 073d 00       		.byte	0
 1433 073e 1F       		.uleb128 0x1f
 1434 073f 3E040000 		.4byte	.LASF90
 1435 0743 01       		.byte	0x1
 1436 0744 C102     		.2byte	0x2c1
 1437 0746 00000000 		.4byte	.LFB124
 1438 074a 1E000000 		.4byte	.LFE124-.LFB124
 1439 074e 01       		.uleb128 0x1
 1440 074f 9C       		.byte	0x9c
 1441 0750 75070000 		.4byte	0x775
 1442 0754 21       		.uleb128 0x21
 1443 0755 41020000 		.4byte	.LASF86
 1444 0759 01       		.byte	0x1
 1445 075a C102     		.2byte	0x2c1
 1446 075c 53030000 		.4byte	0x353
 1447 0760 C4010000 		.4byte	.LLST9
 1448 0764 21       		.uleb128 0x21
 1449 0765 D8030000 		.4byte	.LASF88
 1450 0769 01       		.byte	0x1
 1451 076a C102     		.2byte	0x2c1
 1452 076c 8F040000 		.4byte	0x48f
 1453 0770 E5010000 		.4byte	.LLST10
 1454 0774 00       		.byte	0
 1455 0775 25       		.uleb128 0x25
 1456 0776 B5040000 		.4byte	.LASF91
 1457 077a 08       		.byte	0x8
 1458 077b 9806     		.2byte	0x698
 1459 077d FD000000 		.4byte	0xfd
 1460 0781 26       		.uleb128 0x26
 1461 0782 9C040000 		.4byte	.LASF92
 1462 0786 01       		.byte	0x1
 1463 0787 43       		.byte	0x43
 1464 0788 DD020000 		.4byte	0x2dd
 1465 078c 05       		.uleb128 0x5
 1466 078d 03       		.byte	0x3
 1467 078e 00000000 		.4byte	PWMD4
 1468 0792 27       		.uleb128 0x27
 1469 0793 4A010000 		.4byte	.LASF99
 1470 0797 0A       		.byte	0xa
 1471 0798 0302     		.2byte	0x203
ARM GAS  /tmp/ccaLkr4O.s 			page 27


 1472 079a 28       		.uleb128 0x28
 1473 079b FC000000 		.4byte	.LASF93
 1474 079f 05       		.byte	0x5
 1475 07a0 F3       		.byte	0xf3
 1476 07a1 AB070000 		.4byte	0x7ab
 1477 07a5 11       		.uleb128 0x11
 1478 07a6 53030000 		.4byte	0x353
 1479 07aa 00       		.byte	0
 1480 07ab 29       		.uleb128 0x29
 1481 07ac 83020000 		.4byte	.LASF94
 1482 07b0 09       		.byte	0x9
 1483 07b1 2301     		.2byte	0x123
 1484 07b3 C2070000 		.4byte	0x7c2
 1485 07b7 11       		.uleb128 0x11
 1486 07b8 B8000000 		.4byte	0xb8
 1487 07bc 11       		.uleb128 0x11
 1488 07bd B8000000 		.4byte	0xb8
 1489 07c1 00       		.byte	0
 1490 07c2 2A       		.uleb128 0x2a
 1491 07c3 74010000 		.4byte	.LASF100
 1492 07c7 09       		.byte	0x9
 1493 07c8 2401     		.2byte	0x124
 1494 07ca 11       		.uleb128 0x11
 1495 07cb B8000000 		.4byte	0xb8
 1496 07cf 00       		.byte	0
 1497 07d0 00       		.byte	0
 1498              		.section	.debug_abbrev,"",%progbits
 1499              	.Ldebug_abbrev0:
 1500 0000 01       		.uleb128 0x1
 1501 0001 11       		.uleb128 0x11
 1502 0002 01       		.byte	0x1
 1503 0003 25       		.uleb128 0x25
 1504 0004 0E       		.uleb128 0xe
 1505 0005 13       		.uleb128 0x13
 1506 0006 0B       		.uleb128 0xb
 1507 0007 03       		.uleb128 0x3
 1508 0008 0E       		.uleb128 0xe
 1509 0009 1B       		.uleb128 0x1b
 1510 000a 0E       		.uleb128 0xe
 1511 000b 55       		.uleb128 0x55
 1512 000c 17       		.uleb128 0x17
 1513 000d 11       		.uleb128 0x11
 1514 000e 01       		.uleb128 0x1
 1515 000f 10       		.uleb128 0x10
 1516 0010 17       		.uleb128 0x17
 1517 0011 00       		.byte	0
 1518 0012 00       		.byte	0
 1519 0013 02       		.uleb128 0x2
 1520 0014 24       		.uleb128 0x24
 1521 0015 00       		.byte	0
 1522 0016 0B       		.uleb128 0xb
 1523 0017 0B       		.uleb128 0xb
 1524 0018 3E       		.uleb128 0x3e
 1525 0019 0B       		.uleb128 0xb
 1526 001a 03       		.uleb128 0x3
 1527 001b 0E       		.uleb128 0xe
 1528 001c 00       		.byte	0
ARM GAS  /tmp/ccaLkr4O.s 			page 28


 1529 001d 00       		.byte	0
 1530 001e 03       		.uleb128 0x3
 1531 001f 24       		.uleb128 0x24
 1532 0020 00       		.byte	0
 1533 0021 0B       		.uleb128 0xb
 1534 0022 0B       		.uleb128 0xb
 1535 0023 3E       		.uleb128 0x3e
 1536 0024 0B       		.uleb128 0xb
 1537 0025 03       		.uleb128 0x3
 1538 0026 08       		.uleb128 0x8
 1539 0027 00       		.byte	0
 1540 0028 00       		.byte	0
 1541 0029 04       		.uleb128 0x4
 1542 002a 16       		.uleb128 0x16
 1543 002b 00       		.byte	0
 1544 002c 03       		.uleb128 0x3
 1545 002d 0E       		.uleb128 0xe
 1546 002e 3A       		.uleb128 0x3a
 1547 002f 0B       		.uleb128 0xb
 1548 0030 3B       		.uleb128 0x3b
 1549 0031 0B       		.uleb128 0xb
 1550 0032 49       		.uleb128 0x49
 1551 0033 13       		.uleb128 0x13
 1552 0034 00       		.byte	0
 1553 0035 00       		.byte	0
 1554 0036 05       		.uleb128 0x5
 1555 0037 35       		.uleb128 0x35
 1556 0038 00       		.byte	0
 1557 0039 49       		.uleb128 0x49
 1558 003a 13       		.uleb128 0x13
 1559 003b 00       		.byte	0
 1560 003c 00       		.byte	0
 1561 003d 06       		.uleb128 0x6
 1562 003e 01       		.uleb128 0x1
 1563 003f 01       		.byte	0x1
 1564 0040 49       		.uleb128 0x49
 1565 0041 13       		.uleb128 0x13
 1566 0042 01       		.uleb128 0x1
 1567 0043 13       		.uleb128 0x13
 1568 0044 00       		.byte	0
 1569 0045 00       		.byte	0
 1570 0046 07       		.uleb128 0x7
 1571 0047 21       		.uleb128 0x21
 1572 0048 00       		.byte	0
 1573 0049 49       		.uleb128 0x49
 1574 004a 13       		.uleb128 0x13
 1575 004b 2F       		.uleb128 0x2f
 1576 004c 0B       		.uleb128 0xb
 1577 004d 00       		.byte	0
 1578 004e 00       		.byte	0
 1579 004f 08       		.uleb128 0x8
 1580 0050 13       		.uleb128 0x13
 1581 0051 01       		.byte	0x1
 1582 0052 0B       		.uleb128 0xb
 1583 0053 0B       		.uleb128 0xb
 1584 0054 3A       		.uleb128 0x3a
 1585 0055 0B       		.uleb128 0xb
ARM GAS  /tmp/ccaLkr4O.s 			page 29


 1586 0056 3B       		.uleb128 0x3b
 1587 0057 05       		.uleb128 0x5
 1588 0058 01       		.uleb128 0x1
 1589 0059 13       		.uleb128 0x13
 1590 005a 00       		.byte	0
 1591 005b 00       		.byte	0
 1592 005c 09       		.uleb128 0x9
 1593 005d 0D       		.uleb128 0xd
 1594 005e 00       		.byte	0
 1595 005f 03       		.uleb128 0x3
 1596 0060 08       		.uleb128 0x8
 1597 0061 3A       		.uleb128 0x3a
 1598 0062 0B       		.uleb128 0xb
 1599 0063 3B       		.uleb128 0x3b
 1600 0064 05       		.uleb128 0x5
 1601 0065 49       		.uleb128 0x49
 1602 0066 13       		.uleb128 0x13
 1603 0067 38       		.uleb128 0x38
 1604 0068 0B       		.uleb128 0xb
 1605 0069 00       		.byte	0
 1606 006a 00       		.byte	0
 1607 006b 0A       		.uleb128 0xa
 1608 006c 0D       		.uleb128 0xd
 1609 006d 00       		.byte	0
 1610 006e 03       		.uleb128 0x3
 1611 006f 0E       		.uleb128 0xe
 1612 0070 3A       		.uleb128 0x3a
 1613 0071 0B       		.uleb128 0xb
 1614 0072 3B       		.uleb128 0x3b
 1615 0073 05       		.uleb128 0x5
 1616 0074 49       		.uleb128 0x49
 1617 0075 13       		.uleb128 0x13
 1618 0076 38       		.uleb128 0x38
 1619 0077 0B       		.uleb128 0xb
 1620 0078 00       		.byte	0
 1621 0079 00       		.byte	0
 1622 007a 0B       		.uleb128 0xb
 1623 007b 16       		.uleb128 0x16
 1624 007c 00       		.byte	0
 1625 007d 03       		.uleb128 0x3
 1626 007e 0E       		.uleb128 0xe
 1627 007f 3A       		.uleb128 0x3a
 1628 0080 0B       		.uleb128 0xb
 1629 0081 3B       		.uleb128 0x3b
 1630 0082 05       		.uleb128 0x5
 1631 0083 49       		.uleb128 0x49
 1632 0084 13       		.uleb128 0x13
 1633 0085 00       		.byte	0
 1634 0086 00       		.byte	0
 1635 0087 0C       		.uleb128 0xc
 1636 0088 04       		.uleb128 0x4
 1637 0089 01       		.byte	0x1
 1638 008a 0B       		.uleb128 0xb
 1639 008b 0B       		.uleb128 0xb
 1640 008c 3A       		.uleb128 0x3a
 1641 008d 0B       		.uleb128 0xb
 1642 008e 3B       		.uleb128 0x3b
ARM GAS  /tmp/ccaLkr4O.s 			page 30


 1643 008f 0B       		.uleb128 0xb
 1644 0090 01       		.uleb128 0x1
 1645 0091 13       		.uleb128 0x13
 1646 0092 00       		.byte	0
 1647 0093 00       		.byte	0
 1648 0094 0D       		.uleb128 0xd
 1649 0095 28       		.uleb128 0x28
 1650 0096 00       		.byte	0
 1651 0097 03       		.uleb128 0x3
 1652 0098 0E       		.uleb128 0xe
 1653 0099 1C       		.uleb128 0x1c
 1654 009a 0D       		.uleb128 0xd
 1655 009b 00       		.byte	0
 1656 009c 00       		.byte	0
 1657 009d 0E       		.uleb128 0xe
 1658 009e 13       		.uleb128 0x13
 1659 009f 01       		.byte	0x1
 1660 00a0 03       		.uleb128 0x3
 1661 00a1 0E       		.uleb128 0xe
 1662 00a2 0B       		.uleb128 0xb
 1663 00a3 0B       		.uleb128 0xb
 1664 00a4 3A       		.uleb128 0x3a
 1665 00a5 0B       		.uleb128 0xb
 1666 00a6 3B       		.uleb128 0x3b
 1667 00a7 05       		.uleb128 0x5
 1668 00a8 01       		.uleb128 0x1
 1669 00a9 13       		.uleb128 0x13
 1670 00aa 00       		.byte	0
 1671 00ab 00       		.byte	0
 1672 00ac 0F       		.uleb128 0xf
 1673 00ad 0F       		.uleb128 0xf
 1674 00ae 00       		.byte	0
 1675 00af 0B       		.uleb128 0xb
 1676 00b0 0B       		.uleb128 0xb
 1677 00b1 49       		.uleb128 0x49
 1678 00b2 13       		.uleb128 0x13
 1679 00b3 00       		.byte	0
 1680 00b4 00       		.byte	0
 1681 00b5 10       		.uleb128 0x10
 1682 00b6 15       		.uleb128 0x15
 1683 00b7 01       		.byte	0x1
 1684 00b8 27       		.uleb128 0x27
 1685 00b9 19       		.uleb128 0x19
 1686 00ba 01       		.uleb128 0x1
 1687 00bb 13       		.uleb128 0x13
 1688 00bc 00       		.byte	0
 1689 00bd 00       		.byte	0
 1690 00be 11       		.uleb128 0x11
 1691 00bf 05       		.uleb128 0x5
 1692 00c0 00       		.byte	0
 1693 00c1 49       		.uleb128 0x49
 1694 00c2 13       		.uleb128 0x13
 1695 00c3 00       		.byte	0
 1696 00c4 00       		.byte	0
 1697 00c5 12       		.uleb128 0x12
 1698 00c6 26       		.uleb128 0x26
 1699 00c7 00       		.byte	0
ARM GAS  /tmp/ccaLkr4O.s 			page 31


 1700 00c8 49       		.uleb128 0x49
 1701 00c9 13       		.uleb128 0x13
 1702 00ca 00       		.byte	0
 1703 00cb 00       		.byte	0
 1704 00cc 13       		.uleb128 0x13
 1705 00cd 2E       		.uleb128 0x2e
 1706 00ce 01       		.byte	0x1
 1707 00cf 03       		.uleb128 0x3
 1708 00d0 0E       		.uleb128 0xe
 1709 00d1 3A       		.uleb128 0x3a
 1710 00d2 0B       		.uleb128 0xb
 1711 00d3 3B       		.uleb128 0x3b
 1712 00d4 0B       		.uleb128 0xb
 1713 00d5 27       		.uleb128 0x27
 1714 00d6 19       		.uleb128 0x19
 1715 00d7 20       		.uleb128 0x20
 1716 00d8 0B       		.uleb128 0xb
 1717 00d9 01       		.uleb128 0x1
 1718 00da 13       		.uleb128 0x13
 1719 00db 00       		.byte	0
 1720 00dc 00       		.byte	0
 1721 00dd 14       		.uleb128 0x14
 1722 00de 05       		.uleb128 0x5
 1723 00df 00       		.byte	0
 1724 00e0 03       		.uleb128 0x3
 1725 00e1 0E       		.uleb128 0xe
 1726 00e2 3A       		.uleb128 0x3a
 1727 00e3 0B       		.uleb128 0xb
 1728 00e4 3B       		.uleb128 0x3b
 1729 00e5 0B       		.uleb128 0xb
 1730 00e6 49       		.uleb128 0x49
 1731 00e7 13       		.uleb128 0x13
 1732 00e8 00       		.byte	0
 1733 00e9 00       		.byte	0
 1734 00ea 15       		.uleb128 0x15
 1735 00eb 34       		.uleb128 0x34
 1736 00ec 00       		.byte	0
 1737 00ed 03       		.uleb128 0x3
 1738 00ee 08       		.uleb128 0x8
 1739 00ef 3A       		.uleb128 0x3a
 1740 00f0 0B       		.uleb128 0xb
 1741 00f1 3B       		.uleb128 0x3b
 1742 00f2 0B       		.uleb128 0xb
 1743 00f3 49       		.uleb128 0x49
 1744 00f4 13       		.uleb128 0x13
 1745 00f5 00       		.byte	0
 1746 00f6 00       		.byte	0
 1747 00f7 16       		.uleb128 0x16
 1748 00f8 2E       		.uleb128 0x2e
 1749 00f9 01       		.byte	0x1
 1750 00fa 3F       		.uleb128 0x3f
 1751 00fb 19       		.uleb128 0x19
 1752 00fc 03       		.uleb128 0x3
 1753 00fd 0E       		.uleb128 0xe
 1754 00fe 3A       		.uleb128 0x3a
 1755 00ff 0B       		.uleb128 0xb
 1756 0100 3B       		.uleb128 0x3b
ARM GAS  /tmp/ccaLkr4O.s 			page 32


 1757 0101 0B       		.uleb128 0xb
 1758 0102 27       		.uleb128 0x27
 1759 0103 19       		.uleb128 0x19
 1760 0104 11       		.uleb128 0x11
 1761 0105 01       		.uleb128 0x1
 1762 0106 12       		.uleb128 0x12
 1763 0107 06       		.uleb128 0x6
 1764 0108 40       		.uleb128 0x40
 1765 0109 18       		.uleb128 0x18
 1766 010a 9742     		.uleb128 0x2117
 1767 010c 19       		.uleb128 0x19
 1768 010d 01       		.uleb128 0x1
 1769 010e 13       		.uleb128 0x13
 1770 010f 00       		.byte	0
 1771 0110 00       		.byte	0
 1772 0111 17       		.uleb128 0x17
 1773 0112 1D       		.uleb128 0x1d
 1774 0113 01       		.byte	0x1
 1775 0114 31       		.uleb128 0x31
 1776 0115 13       		.uleb128 0x13
 1777 0116 52       		.uleb128 0x52
 1778 0117 01       		.uleb128 0x1
 1779 0118 55       		.uleb128 0x55
 1780 0119 17       		.uleb128 0x17
 1781 011a 58       		.uleb128 0x58
 1782 011b 0B       		.uleb128 0xb
 1783 011c 59       		.uleb128 0x59
 1784 011d 0B       		.uleb128 0xb
 1785 011e 01       		.uleb128 0x1
 1786 011f 13       		.uleb128 0x13
 1787 0120 00       		.byte	0
 1788 0121 00       		.byte	0
 1789 0122 18       		.uleb128 0x18
 1790 0123 05       		.uleb128 0x5
 1791 0124 00       		.byte	0
 1792 0125 31       		.uleb128 0x31
 1793 0126 13       		.uleb128 0x13
 1794 0127 02       		.uleb128 0x2
 1795 0128 18       		.uleb128 0x18
 1796 0129 00       		.byte	0
 1797 012a 00       		.byte	0
 1798 012b 19       		.uleb128 0x19
 1799 012c 0B       		.uleb128 0xb
 1800 012d 01       		.byte	0x1
 1801 012e 55       		.uleb128 0x55
 1802 012f 17       		.uleb128 0x17
 1803 0130 00       		.byte	0
 1804 0131 00       		.byte	0
 1805 0132 1A       		.uleb128 0x1a
 1806 0133 34       		.uleb128 0x34
 1807 0134 00       		.byte	0
 1808 0135 31       		.uleb128 0x31
 1809 0136 13       		.uleb128 0x13
 1810 0137 02       		.uleb128 0x2
 1811 0138 17       		.uleb128 0x17
 1812 0139 00       		.byte	0
 1813 013a 00       		.byte	0
ARM GAS  /tmp/ccaLkr4O.s 			page 33


 1814 013b 1B       		.uleb128 0x1b
 1815 013c 898201   		.uleb128 0x4109
 1816 013f 01       		.byte	0x1
 1817 0140 11       		.uleb128 0x11
 1818 0141 01       		.uleb128 0x1
 1819 0142 01       		.uleb128 0x1
 1820 0143 13       		.uleb128 0x13
 1821 0144 00       		.byte	0
 1822 0145 00       		.byte	0
 1823 0146 1C       		.uleb128 0x1c
 1824 0147 8A8201   		.uleb128 0x410a
 1825 014a 00       		.byte	0
 1826 014b 02       		.uleb128 0x2
 1827 014c 18       		.uleb128 0x18
 1828 014d 9142     		.uleb128 0x2111
 1829 014f 18       		.uleb128 0x18
 1830 0150 00       		.byte	0
 1831 0151 00       		.byte	0
 1832 0152 1D       		.uleb128 0x1d
 1833 0153 898201   		.uleb128 0x4109
 1834 0156 01       		.byte	0x1
 1835 0157 11       		.uleb128 0x11
 1836 0158 01       		.uleb128 0x1
 1837 0159 00       		.byte	0
 1838 015a 00       		.byte	0
 1839 015b 1E       		.uleb128 0x1e
 1840 015c 898201   		.uleb128 0x4109
 1841 015f 00       		.byte	0
 1842 0160 11       		.uleb128 0x11
 1843 0161 01       		.uleb128 0x1
 1844 0162 9542     		.uleb128 0x2115
 1845 0164 19       		.uleb128 0x19
 1846 0165 31       		.uleb128 0x31
 1847 0166 13       		.uleb128 0x13
 1848 0167 00       		.byte	0
 1849 0168 00       		.byte	0
 1850 0169 1F       		.uleb128 0x1f
 1851 016a 2E       		.uleb128 0x2e
 1852 016b 01       		.byte	0x1
 1853 016c 3F       		.uleb128 0x3f
 1854 016d 19       		.uleb128 0x19
 1855 016e 03       		.uleb128 0x3
 1856 016f 0E       		.uleb128 0xe
 1857 0170 3A       		.uleb128 0x3a
 1858 0171 0B       		.uleb128 0xb
 1859 0172 3B       		.uleb128 0x3b
 1860 0173 05       		.uleb128 0x5
 1861 0174 27       		.uleb128 0x27
 1862 0175 19       		.uleb128 0x19
 1863 0176 11       		.uleb128 0x11
 1864 0177 01       		.uleb128 0x1
 1865 0178 12       		.uleb128 0x12
 1866 0179 06       		.uleb128 0x6
 1867 017a 40       		.uleb128 0x40
 1868 017b 18       		.uleb128 0x18
 1869 017c 9742     		.uleb128 0x2117
 1870 017e 19       		.uleb128 0x19
ARM GAS  /tmp/ccaLkr4O.s 			page 34


 1871 017f 01       		.uleb128 0x1
 1872 0180 13       		.uleb128 0x13
 1873 0181 00       		.byte	0
 1874 0182 00       		.byte	0
 1875 0183 20       		.uleb128 0x20
 1876 0184 898201   		.uleb128 0x4109
 1877 0187 01       		.byte	0x1
 1878 0188 11       		.uleb128 0x11
 1879 0189 01       		.uleb128 0x1
 1880 018a 31       		.uleb128 0x31
 1881 018b 13       		.uleb128 0x13
 1882 018c 00       		.byte	0
 1883 018d 00       		.byte	0
 1884 018e 21       		.uleb128 0x21
 1885 018f 05       		.uleb128 0x5
 1886 0190 00       		.byte	0
 1887 0191 03       		.uleb128 0x3
 1888 0192 0E       		.uleb128 0xe
 1889 0193 3A       		.uleb128 0x3a
 1890 0194 0B       		.uleb128 0xb
 1891 0195 3B       		.uleb128 0x3b
 1892 0196 05       		.uleb128 0x5
 1893 0197 49       		.uleb128 0x49
 1894 0198 13       		.uleb128 0x13
 1895 0199 02       		.uleb128 0x2
 1896 019a 17       		.uleb128 0x17
 1897 019b 00       		.byte	0
 1898 019c 00       		.byte	0
 1899 019d 22       		.uleb128 0x22
 1900 019e 34       		.uleb128 0x34
 1901 019f 00       		.byte	0
 1902 01a0 03       		.uleb128 0x3
 1903 01a1 08       		.uleb128 0x8
 1904 01a2 3A       		.uleb128 0x3a
 1905 01a3 0B       		.uleb128 0xb
 1906 01a4 3B       		.uleb128 0x3b
 1907 01a5 05       		.uleb128 0x5
 1908 01a6 49       		.uleb128 0x49
 1909 01a7 13       		.uleb128 0x13
 1910 01a8 02       		.uleb128 0x2
 1911 01a9 17       		.uleb128 0x17
 1912 01aa 00       		.byte	0
 1913 01ab 00       		.byte	0
 1914 01ac 23       		.uleb128 0x23
 1915 01ad 34       		.uleb128 0x34
 1916 01ae 00       		.byte	0
 1917 01af 03       		.uleb128 0x3
 1918 01b0 0E       		.uleb128 0xe
 1919 01b1 3A       		.uleb128 0x3a
 1920 01b2 0B       		.uleb128 0xb
 1921 01b3 3B       		.uleb128 0x3b
 1922 01b4 05       		.uleb128 0x5
 1923 01b5 49       		.uleb128 0x49
 1924 01b6 13       		.uleb128 0x13
 1925 01b7 02       		.uleb128 0x2
 1926 01b8 17       		.uleb128 0x17
 1927 01b9 00       		.byte	0
ARM GAS  /tmp/ccaLkr4O.s 			page 35


 1928 01ba 00       		.byte	0
 1929 01bb 24       		.uleb128 0x24
 1930 01bc 0B       		.uleb128 0xb
 1931 01bd 01       		.byte	0x1
 1932 01be 11       		.uleb128 0x11
 1933 01bf 01       		.uleb128 0x1
 1934 01c0 12       		.uleb128 0x12
 1935 01c1 06       		.uleb128 0x6
 1936 01c2 00       		.byte	0
 1937 01c3 00       		.byte	0
 1938 01c4 25       		.uleb128 0x25
 1939 01c5 34       		.uleb128 0x34
 1940 01c6 00       		.byte	0
 1941 01c7 03       		.uleb128 0x3
 1942 01c8 0E       		.uleb128 0xe
 1943 01c9 3A       		.uleb128 0x3a
 1944 01ca 0B       		.uleb128 0xb
 1945 01cb 3B       		.uleb128 0x3b
 1946 01cc 05       		.uleb128 0x5
 1947 01cd 49       		.uleb128 0x49
 1948 01ce 13       		.uleb128 0x13
 1949 01cf 3F       		.uleb128 0x3f
 1950 01d0 19       		.uleb128 0x19
 1951 01d1 3C       		.uleb128 0x3c
 1952 01d2 19       		.uleb128 0x19
 1953 01d3 00       		.byte	0
 1954 01d4 00       		.byte	0
 1955 01d5 26       		.uleb128 0x26
 1956 01d6 34       		.uleb128 0x34
 1957 01d7 00       		.byte	0
 1958 01d8 03       		.uleb128 0x3
 1959 01d9 0E       		.uleb128 0xe
 1960 01da 3A       		.uleb128 0x3a
 1961 01db 0B       		.uleb128 0xb
 1962 01dc 3B       		.uleb128 0x3b
 1963 01dd 0B       		.uleb128 0xb
 1964 01de 49       		.uleb128 0x49
 1965 01df 13       		.uleb128 0x13
 1966 01e0 3F       		.uleb128 0x3f
 1967 01e1 19       		.uleb128 0x19
 1968 01e2 02       		.uleb128 0x2
 1969 01e3 18       		.uleb128 0x18
 1970 01e4 00       		.byte	0
 1971 01e5 00       		.byte	0
 1972 01e6 27       		.uleb128 0x27
 1973 01e7 2E       		.uleb128 0x2e
 1974 01e8 00       		.byte	0
 1975 01e9 3F       		.uleb128 0x3f
 1976 01ea 19       		.uleb128 0x19
 1977 01eb 03       		.uleb128 0x3
 1978 01ec 0E       		.uleb128 0xe
 1979 01ed 3A       		.uleb128 0x3a
 1980 01ee 0B       		.uleb128 0xb
 1981 01ef 3B       		.uleb128 0x3b
 1982 01f0 05       		.uleb128 0x5
 1983 01f1 27       		.uleb128 0x27
 1984 01f2 19       		.uleb128 0x19
ARM GAS  /tmp/ccaLkr4O.s 			page 36


 1985 01f3 3C       		.uleb128 0x3c
 1986 01f4 19       		.uleb128 0x19
 1987 01f5 00       		.byte	0
 1988 01f6 00       		.byte	0
 1989 01f7 28       		.uleb128 0x28
 1990 01f8 2E       		.uleb128 0x2e
 1991 01f9 01       		.byte	0x1
 1992 01fa 3F       		.uleb128 0x3f
 1993 01fb 19       		.uleb128 0x19
 1994 01fc 03       		.uleb128 0x3
 1995 01fd 0E       		.uleb128 0xe
 1996 01fe 3A       		.uleb128 0x3a
 1997 01ff 0B       		.uleb128 0xb
 1998 0200 3B       		.uleb128 0x3b
 1999 0201 0B       		.uleb128 0xb
 2000 0202 27       		.uleb128 0x27
 2001 0203 19       		.uleb128 0x19
 2002 0204 3C       		.uleb128 0x3c
 2003 0205 19       		.uleb128 0x19
 2004 0206 01       		.uleb128 0x1
 2005 0207 13       		.uleb128 0x13
 2006 0208 00       		.byte	0
 2007 0209 00       		.byte	0
 2008 020a 29       		.uleb128 0x29
 2009 020b 2E       		.uleb128 0x2e
 2010 020c 01       		.byte	0x1
 2011 020d 3F       		.uleb128 0x3f
 2012 020e 19       		.uleb128 0x19
 2013 020f 03       		.uleb128 0x3
 2014 0210 0E       		.uleb128 0xe
 2015 0211 3A       		.uleb128 0x3a
 2016 0212 0B       		.uleb128 0xb
 2017 0213 3B       		.uleb128 0x3b
 2018 0214 05       		.uleb128 0x5
 2019 0215 27       		.uleb128 0x27
 2020 0216 19       		.uleb128 0x19
 2021 0217 3C       		.uleb128 0x3c
 2022 0218 19       		.uleb128 0x19
 2023 0219 01       		.uleb128 0x1
 2024 021a 13       		.uleb128 0x13
 2025 021b 00       		.byte	0
 2026 021c 00       		.byte	0
 2027 021d 2A       		.uleb128 0x2a
 2028 021e 2E       		.uleb128 0x2e
 2029 021f 01       		.byte	0x1
 2030 0220 3F       		.uleb128 0x3f
 2031 0221 19       		.uleb128 0x19
 2032 0222 03       		.uleb128 0x3
 2033 0223 0E       		.uleb128 0xe
 2034 0224 3A       		.uleb128 0x3a
 2035 0225 0B       		.uleb128 0xb
 2036 0226 3B       		.uleb128 0x3b
 2037 0227 05       		.uleb128 0x5
 2038 0228 27       		.uleb128 0x27
 2039 0229 19       		.uleb128 0x19
 2040 022a 3C       		.uleb128 0x3c
 2041 022b 19       		.uleb128 0x19
ARM GAS  /tmp/ccaLkr4O.s 			page 37


 2042 022c 00       		.byte	0
 2043 022d 00       		.byte	0
 2044 022e 00       		.byte	0
 2045              		.section	.debug_loc,"",%progbits
 2046              	.Ldebug_loc0:
 2047              	.LLST0:
 2048 0000 0E000000 		.4byte	.LVL1
 2049 0004 14000000 		.4byte	.LVL2
 2050 0008 0100     		.2byte	0x1
 2051 000a 52       		.byte	0x52
 2052 000b 14000000 		.4byte	.LVL2
 2053 000f 40000000 		.4byte	.LVL4
 2054 0013 0600     		.2byte	0x6
 2055 0015 74       		.byte	0x74
 2056 0016 00       		.sleb128 0
 2057 0017 08       		.byte	0x8
 2058 0018 FF       		.byte	0xff
 2059 0019 1A       		.byte	0x1a
 2060 001a 9F       		.byte	0x9f
 2061 001b 44000000 		.4byte	.LVL5
 2062 001f 7E000000 		.4byte	.LFE119
 2063 0023 0600     		.2byte	0x6
 2064 0025 74       		.byte	0x74
 2065 0026 00       		.sleb128 0
 2066 0027 08       		.byte	0x8
 2067 0028 FF       		.byte	0xff
 2068 0029 1A       		.byte	0x1a
 2069 002a 9F       		.byte	0x9f
 2070 002b 00000000 		.4byte	0
 2071 002f 00000000 		.4byte	0
 2072              	.LLST1:
 2073 0033 00000000 		.4byte	.LVL11
 2074 0037 10000000 		.4byte	.LVL12
 2075 003b 0100     		.2byte	0x1
 2076 003d 50       		.byte	0x50
 2077 003e 10000000 		.4byte	.LVL12
 2078 0042 30000000 		.4byte	.LVL14
 2079 0046 0100     		.2byte	0x1
 2080 0048 54       		.byte	0x54
 2081 0049 30000000 		.4byte	.LVL14
 2082 004d B8000000 		.4byte	.LVL30
 2083 0051 0400     		.2byte	0x4
 2084 0053 F3       		.byte	0xf3
 2085 0054 01       		.uleb128 0x1
 2086 0055 50       		.byte	0x50
 2087 0056 9F       		.byte	0x9f
 2088 0057 B8000000 		.4byte	.LVL30
 2089 005b C4000000 		.4byte	.LVL31
 2090 005f 0100     		.2byte	0x1
 2091 0061 50       		.byte	0x50
 2092 0062 C4000000 		.4byte	.LVL31
 2093 0066 D2000000 		.4byte	.LVL32
 2094 006a 0100     		.2byte	0x1
 2095 006c 54       		.byte	0x54
 2096 006d D2000000 		.4byte	.LVL32
 2097 0071 EE000000 		.4byte	.LVL33
 2098 0075 0100     		.2byte	0x1
ARM GAS  /tmp/ccaLkr4O.s 			page 38


 2099 0077 50       		.byte	0x50
 2100 0078 EE000000 		.4byte	.LVL33
 2101 007c 02010000 		.4byte	.LFE121
 2102 0080 0100     		.2byte	0x1
 2103 0082 54       		.byte	0x54
 2104 0083 00000000 		.4byte	0
 2105 0087 00000000 		.4byte	0
 2106              	.LLST2:
 2107 008b 26000000 		.4byte	.LVL13
 2108 008f 30000000 		.4byte	.LVL14
 2109 0093 1000     		.2byte	0x10
 2110 0095 74       		.byte	0x74
 2111 0096 0C       		.sleb128 12
 2112 0097 06       		.byte	0x6
 2113 0098 F7       		.byte	0xf7
 2114 0099 25       		.uleb128 0x25
 2115 009a 72       		.byte	0x72
 2116 009b 00       		.sleb128 0
 2117 009c 06       		.byte	0x6
 2118 009d F7       		.byte	0xf7
 2119 009e 25       		.uleb128 0x25
 2120 009f 1B       		.byte	0x1b
 2121 00a0 F7       		.byte	0xf7
 2122 00a1 00       		.uleb128 0
 2123 00a2 31       		.byte	0x31
 2124 00a3 1C       		.byte	0x1c
 2125 00a4 9F       		.byte	0x9f
 2126 00a5 30000000 		.4byte	.LVL14
 2127 00a9 38000000 		.4byte	.LVL15
 2128 00ad 0F00     		.2byte	0xf
 2129 00af 76       		.byte	0x76
 2130 00b0 00       		.sleb128 0
 2131 00b1 F7       		.byte	0xf7
 2132 00b2 25       		.uleb128 0x25
 2133 00b3 72       		.byte	0x72
 2134 00b4 00       		.sleb128 0
 2135 00b5 06       		.byte	0x6
 2136 00b6 F7       		.byte	0xf7
 2137 00b7 25       		.uleb128 0x25
 2138 00b8 1B       		.byte	0x1b
 2139 00b9 F7       		.byte	0xf7
 2140 00ba 00       		.uleb128 0
 2141 00bb 31       		.byte	0x31
 2142 00bc 1C       		.byte	0x1c
 2143 00bd 9F       		.byte	0x9f
 2144 00be 38000000 		.4byte	.LVL15
 2145 00c2 40000000 		.4byte	.LVL16
 2146 00c6 0100     		.2byte	0x1
 2147 00c8 50       		.byte	0x50
 2148 00c9 40000000 		.4byte	.LVL16
 2149 00cd 44000000 		.4byte	.LVL17
 2150 00d1 0F00     		.2byte	0xf
 2151 00d3 76       		.byte	0x76
 2152 00d4 00       		.sleb128 0
 2153 00d5 F7       		.byte	0xf7
 2154 00d6 25       		.uleb128 0x25
 2155 00d7 72       		.byte	0x72
ARM GAS  /tmp/ccaLkr4O.s 			page 39


 2156 00d8 00       		.sleb128 0
 2157 00d9 06       		.byte	0x6
 2158 00da F7       		.byte	0xf7
 2159 00db 25       		.uleb128 0x25
 2160 00dc 1B       		.byte	0x1b
 2161 00dd F7       		.byte	0xf7
 2162 00de 00       		.uleb128 0
 2163 00df 31       		.byte	0x31
 2164 00e0 1C       		.byte	0x1c
 2165 00e1 9F       		.byte	0x9f
 2166 00e2 00000000 		.4byte	0
 2167 00e6 00000000 		.4byte	0
 2168              	.LLST3:
 2169 00ea 48000000 		.4byte	.LVL18
 2170 00ee 52000000 		.4byte	.LVL19
 2171 00f2 0200     		.2byte	0x2
 2172 00f4 30       		.byte	0x30
 2173 00f5 9F       		.byte	0x9f
 2174 00f6 52000000 		.4byte	.LVL19
 2175 00fa 90000000 		.4byte	.LVL24
 2176 00fe 0100     		.2byte	0x1
 2177 0100 51       		.byte	0x51
 2178 0101 A4000000 		.4byte	.LVL25
 2179 0105 B8000000 		.4byte	.LVL30
 2180 0109 0100     		.2byte	0x1
 2181 010b 51       		.byte	0x51
 2182 010c 00000000 		.4byte	0
 2183 0110 00000000 		.4byte	0
 2184              	.LLST4:
 2185 0114 00000000 		.4byte	.LVL35
 2186 0118 08000000 		.4byte	.LVL36
 2187 011c 0100     		.2byte	0x1
 2188 011e 50       		.byte	0x50
 2189 011f 08000000 		.4byte	.LVL36
 2190 0123 0A000000 		.4byte	.LVL37
 2191 0127 0400     		.2byte	0x4
 2192 0129 F3       		.byte	0xf3
 2193 012a 01       		.uleb128 0x1
 2194 012b 50       		.byte	0x50
 2195 012c 9F       		.byte	0x9f
 2196 012d 0A000000 		.4byte	.LVL37
 2197 0131 22000000 		.4byte	.LVL38
 2198 0135 0100     		.2byte	0x1
 2199 0137 50       		.byte	0x50
 2200 0138 22000000 		.4byte	.LVL38
 2201 013c 38000000 		.4byte	.LFE122
 2202 0140 0400     		.2byte	0x4
 2203 0142 F3       		.byte	0xf3
 2204 0143 01       		.uleb128 0x1
 2205 0144 50       		.byte	0x50
 2206 0145 9F       		.byte	0x9f
 2207 0146 00000000 		.4byte	0
 2208 014a 00000000 		.4byte	0
 2209              	.LLST5:
 2210 014e 00000000 		.4byte	.LVL40
 2211 0152 0A000000 		.4byte	.LVL41
 2212 0156 0100     		.2byte	0x1
ARM GAS  /tmp/ccaLkr4O.s 			page 40


 2213 0158 50       		.byte	0x50
 2214 0159 0A000000 		.4byte	.LVL41
 2215 015d 32000000 		.4byte	.LFE123
 2216 0161 0400     		.2byte	0x4
 2217 0163 F3       		.byte	0xf3
 2218 0164 01       		.uleb128 0x1
 2219 0165 50       		.byte	0x50
 2220 0166 9F       		.byte	0x9f
 2221 0167 00000000 		.4byte	0
 2222 016b 00000000 		.4byte	0
 2223              	.LLST6:
 2224 016f 00000000 		.4byte	.LVL40
 2225 0173 20000000 		.4byte	.LVL43
 2226 0177 0100     		.2byte	0x1
 2227 0179 51       		.byte	0x51
 2228 017a 20000000 		.4byte	.LVL43
 2229 017e 32000000 		.4byte	.LFE123
 2230 0182 0400     		.2byte	0x4
 2231 0184 F3       		.byte	0xf3
 2232 0185 01       		.uleb128 0x1
 2233 0186 51       		.byte	0x51
 2234 0187 9F       		.byte	0x9f
 2235 0188 00000000 		.4byte	0
 2236 018c 00000000 		.4byte	0
 2237              	.LLST7:
 2238 0190 00000000 		.4byte	.LVL40
 2239 0194 1A000000 		.4byte	.LVL42
 2240 0198 0100     		.2byte	0x1
 2241 019a 52       		.byte	0x52
 2242 019b 1A000000 		.4byte	.LVL42
 2243 019f 32000000 		.4byte	.LFE123
 2244 01a3 0400     		.2byte	0x4
 2245 01a5 F3       		.byte	0xf3
 2246 01a6 01       		.uleb128 0x1
 2247 01a7 52       		.byte	0x52
 2248 01a8 9F       		.byte	0x9f
 2249 01a9 00000000 		.4byte	0
 2250 01ad 00000000 		.4byte	0
 2251              	.LLST8:
 2252 01b1 1A000000 		.4byte	.LVL42
 2253 01b5 26000000 		.4byte	.LVL44
 2254 01b9 0100     		.2byte	0x1
 2255 01bb 52       		.byte	0x52
 2256 01bc 00000000 		.4byte	0
 2257 01c0 00000000 		.4byte	0
 2258              	.LLST9:
 2259 01c4 00000000 		.4byte	.LVL45
 2260 01c8 0C000000 		.4byte	.LVL46
 2261 01cc 0100     		.2byte	0x1
 2262 01ce 50       		.byte	0x50
 2263 01cf 0C000000 		.4byte	.LVL46
 2264 01d3 1E000000 		.4byte	.LFE124
 2265 01d7 0400     		.2byte	0x4
 2266 01d9 F3       		.byte	0xf3
 2267 01da 01       		.uleb128 0x1
 2268 01db 50       		.byte	0x50
 2269 01dc 9F       		.byte	0x9f
ARM GAS  /tmp/ccaLkr4O.s 			page 41


 2270 01dd 00000000 		.4byte	0
 2271 01e1 00000000 		.4byte	0
 2272              	.LLST10:
 2273 01e5 00000000 		.4byte	.LVL45
 2274 01e9 16000000 		.4byte	.LVL47
 2275 01ed 0100     		.2byte	0x1
 2276 01ef 51       		.byte	0x51
 2277 01f0 16000000 		.4byte	.LVL47
 2278 01f4 1E000000 		.4byte	.LFE124
 2279 01f8 0400     		.2byte	0x4
 2280 01fa F3       		.byte	0xf3
 2281 01fb 01       		.uleb128 0x1
 2282 01fc 51       		.byte	0x51
 2283 01fd 9F       		.byte	0x9f
 2284 01fe 00000000 		.4byte	0
 2285 0202 00000000 		.4byte	0
 2286              		.section	.debug_aranges,"",%progbits
 2287 0000 44000000 		.4byte	0x44
 2288 0004 0200     		.2byte	0x2
 2289 0006 00000000 		.4byte	.Ldebug_info0
 2290 000a 04       		.byte	0x4
 2291 000b 00       		.byte	0
 2292 000c 0000     		.2byte	0
 2293 000e 0000     		.2byte	0
 2294 0010 00000000 		.4byte	.LFB119
 2295 0014 7E000000 		.4byte	.LFE119-.LFB119
 2296 0018 00000000 		.4byte	.LFB120
 2297 001c 1C000000 		.4byte	.LFE120-.LFB120
 2298 0020 00000000 		.4byte	.LFB121
 2299 0024 02010000 		.4byte	.LFE121-.LFB121
 2300 0028 00000000 		.4byte	.LFB122
 2301 002c 38000000 		.4byte	.LFE122-.LFB122
 2302 0030 00000000 		.4byte	.LFB123
 2303 0034 32000000 		.4byte	.LFE123-.LFB123
 2304 0038 00000000 		.4byte	.LFB124
 2305 003c 1E000000 		.4byte	.LFE124-.LFB124
 2306 0040 00000000 		.4byte	0
 2307 0044 00000000 		.4byte	0
 2308              		.section	.debug_ranges,"",%progbits
 2309              	.Ldebug_ranges0:
 2310 0000 02000000 		.4byte	.LBB4
 2311 0004 3C000000 		.4byte	.LBE4
 2312 0008 44000000 		.4byte	.LBB7
 2313 000c 7E000000 		.4byte	.LBE7
 2314 0010 00000000 		.4byte	0
 2315 0014 00000000 		.4byte	0
 2316 0018 00000000 		.4byte	.LFB119
 2317 001c 7E000000 		.4byte	.LFE119
 2318 0020 00000000 		.4byte	.LFB120
 2319 0024 1C000000 		.4byte	.LFE120
 2320 0028 00000000 		.4byte	.LFB121
 2321 002c 02010000 		.4byte	.LFE121
 2322 0030 00000000 		.4byte	.LFB122
 2323 0034 38000000 		.4byte	.LFE122
 2324 0038 00000000 		.4byte	.LFB123
 2325 003c 32000000 		.4byte	.LFE123
 2326 0040 00000000 		.4byte	.LFB124
ARM GAS  /tmp/ccaLkr4O.s 			page 42


 2327 0044 1E000000 		.4byte	.LFE124
 2328 0048 00000000 		.4byte	0
 2329 004c 00000000 		.4byte	0
 2330              		.section	.debug_line,"",%progbits
 2331              	.Ldebug_line0:
 2332 0000 90020000 		.section	.debug_str,"MS",%progbits,1
 2332      02008701 
 2332      00000201 
 2332      FB0E0D00 
 2332      01010101 
 2333              	.LASF36:
 2334 0000 41484231 		.ascii	"AHB1LPENR\000"
 2334      4C50454E 
 2334      5200
 2335              	.LASF64:
 2336 000a 43434552 		.ascii	"CCER\000"
 2336      00
 2337              	.LASF85:
 2338 000f 70776D5F 		.ascii	"pwm_lld_stop\000"
 2338      6C6C645F 
 2338      73746F70 
 2338      00
 2339              	.LASF26:
 2340 001c 41504231 		.ascii	"APB1RSTR\000"
 2340      52535452 
 2340      00
 2341              	.LASF30:
 2342 0025 41484232 		.ascii	"AHB2ENR\000"
 2342      454E5200 
 2343              	.LASF66:
 2344 002d 444D4152 		.ascii	"DMAR\000"
 2344      00
 2345              	.LASF55:
 2346 0032 73746174 		.ascii	"state\000"
 2346      6500
 2347              	.LASF63:
 2348 0038 43434D52 		.ascii	"CCMR2\000"
 2348      3200
 2349              	.LASF3:
 2350 003e 73686F72 		.ascii	"short int\000"
 2350      7420696E 
 2350      7400
 2351              	.LASF73:
 2352 0048 70776D63 		.ascii	"pwmcnt_t\000"
 2352      6E745F74 
 2352      00
 2353              	.LASF18:
 2354 0051 73697A65 		.ascii	"sizetype\000"
 2354      74797065 
 2354      00
 2355              	.LASF43:
 2356 005a 42444352 		.ascii	"BDCR\000"
 2356      00
 2357              	.LASF46:
 2358 005f 504C4C49 		.ascii	"PLLI2SCFGR\000"
 2358      32534346 
 2358      475200
ARM GAS  /tmp/ccaLkr4O.s 			page 43


 2359              	.LASF98:
 2360 006a 70776D5F 		.ascii	"pwm_lld_serve_interrupt\000"
 2360      6C6C645F 
 2360      73657276 
 2360      655F696E 
 2360      74657272 
 2361              	.LASF72:
 2362 0082 70776D63 		.ascii	"pwmchannel_t\000"
 2362      68616E6E 
 2362      656C5F74 
 2362      00
 2363              	.LASF9:
 2364 008f 5F5F7569 		.ascii	"__uint32_t\000"
 2364      6E743332 
 2364      5F7400
 2365              	.LASF74:
 2366 009a 6D6F6465 		.ascii	"mode\000"
 2366      00
 2367              	.LASF5:
 2368 009f 5F5F7569 		.ascii	"__uint16_t\000"
 2368      6E743136 
 2368      5F7400
 2369              	.LASF45:
 2370 00aa 53534347 		.ascii	"SSCGR\000"
 2370      5200
 2371              	.LASF96:
 2372 00b0 2E2E2F2E 		.ascii	"../../os/hal/platforms/STM32/TIMv1/pwm_lld.c\000"
 2372      2E2F6F73 
 2372      2F68616C 
 2372      2F706C61 
 2372      74666F72 
 2373              	.LASF22:
 2374 00dd 41484231 		.ascii	"AHB1RSTR\000"
 2374      52535452 
 2374      00
 2375              	.LASF56:
 2376 00e6 636F6E66 		.ascii	"config\000"
 2376      696700
 2377              	.LASF21:
 2378 00ed 43464752 		.ascii	"CFGR\000"
 2378      00
 2379              	.LASF38:
 2380 00f2 41484233 		.ascii	"AHB3LPENR\000"
 2380      4C50454E 
 2380      5200
 2381              	.LASF93:
 2382 00fc 70776D4F 		.ascii	"pwmObjectInit\000"
 2382      626A6563 
 2382      74496E69 
 2382      7400
 2383              	.LASF13:
 2384 010a 75696E74 		.ascii	"uint8_t\000"
 2384      385F7400 
 2385              	.LASF33:
 2386 0112 41504231 		.ascii	"APB1ENR\000"
 2386      454E5200 
 2387              	.LASF16:
ARM GAS  /tmp/ccaLkr4O.s 			page 44


 2388 011a 75696E74 		.ascii	"uint32_t\000"
 2388      33325F74 
 2388      00
 2389              	.LASF84:
 2390 0123 63636572 		.ascii	"ccer\000"
 2390      00
 2391              	.LASF48:
 2392 0128 44434B43 		.ascii	"DCKCFGR\000"
 2392      46475200 
 2393              	.LASF89:
 2394 0130 77696474 		.ascii	"width\000"
 2394      6800
 2395              	.LASF31:
 2396 0136 41484233 		.ascii	"AHB3ENR\000"
 2396      454E5200 
 2397              	.LASF49:
 2398 013e 5243435F 		.ascii	"RCC_TypeDef\000"
 2398      54797065 
 2398      44656600 
 2399              	.LASF99:
 2400 014a 5F706F72 		.ascii	"_port_irq_epilogue\000"
 2400      745F6972 
 2400      715F6570 
 2400      696C6F67 
 2400      756500
 2401              	.LASF11:
 2402 015d 6C6F6E67 		.ascii	"long long int\000"
 2402      206C6F6E 
 2402      6720696E 
 2402      7400
 2403              	.LASF8:
 2404 016b 6C6F6E67 		.ascii	"long int\000"
 2404      20696E74 
 2404      00
 2405              	.LASF100:
 2406 0174 6E766963 		.ascii	"nvicDisableVector\000"
 2406      44697361 
 2406      626C6556 
 2406      6563746F 
 2406      7200
 2407              	.LASF68:
 2408 0186 43435235 		.ascii	"CCR5\000"
 2408      00
 2409              	.LASF69:
 2410 018b 43435236 		.ascii	"CCR6\000"
 2410      00
 2411              	.LASF10:
 2412 0190 6C6F6E67 		.ascii	"long unsigned int\000"
 2412      20756E73 
 2412      69676E65 
 2412      6420696E 
 2412      7400
 2413              	.LASF57:
 2414 01a2 70657269 		.ascii	"period\000"
 2414      6F6400
 2415              	.LASF27:
 2416 01a9 41504232 		.ascii	"APB2RSTR\000"
ARM GAS  /tmp/ccaLkr4O.s 			page 45


 2416      52535452 
 2416      00
 2417              	.LASF4:
 2418 01b2 5F5F7569 		.ascii	"__uint8_t\000"
 2418      6E74385F 
 2418      7400
 2419              	.LASF62:
 2420 01bc 43434D52 		.ascii	"CCMR1\000"
 2420      3100
 2421              	.LASF83:
 2422 01c2 70776D5F 		.ascii	"pwm_lld_start\000"
 2422      6C6C645F 
 2422      73746172 
 2422      7400
 2423              	.LASF80:
 2424 01d0 50574D43 		.ascii	"PWMConfig\000"
 2424      6F6E6669 
 2424      6700
 2425              	.LASF67:
 2426 01da 43434D52 		.ascii	"CCMR3\000"
 2426      3300
 2427              	.LASF81:
 2428 01e0 56656374 		.ascii	"VectorB8\000"
 2428      6F724238 
 2428      00
 2429              	.LASF97:
 2430 01e9 2F686F6D 		.ascii	"/home/mo/ARMProjects/ChibiOS_Sample/ChibiOS_2.6.5/d"
 2430      652F6D6F 
 2430      2F41524D 
 2430      50726F6A 
 2430      65637473 
 2431 021c 656D6F73 		.ascii	"emos/ARMCM4-STM32F407-DISCOVERY-MEMS\000"
 2431      2F41524D 
 2431      434D342D 
 2431      53544D33 
 2431      32463430 
 2432              	.LASF86:
 2433 0241 70776D70 		.ascii	"pwmp\000"
 2433      00
 2434              	.LASF60:
 2435 0246 534D4352 		.ascii	"SMCR\000"
 2435      00
 2436              	.LASF50:
 2437 024b 50574D5F 		.ascii	"PWM_UNINIT\000"
 2437      554E494E 
 2437      495400
 2438              	.LASF2:
 2439 0256 756E7369 		.ascii	"unsigned char\000"
 2439      676E6564 
 2439      20636861 
 2439      7200
 2440              	.LASF87:
 2441 0264 70776D5F 		.ascii	"pwm_lld_enable_channel\000"
 2441      6C6C645F 
 2441      656E6162 
 2441      6C655F63 
 2441      68616E6E 
ARM GAS  /tmp/ccaLkr4O.s 			page 46


 2442              	.LASF34:
 2443 027b 41504232 		.ascii	"APB2ENR\000"
 2443      454E5200 
 2444              	.LASF94:
 2445 0283 6E766963 		.ascii	"nvicEnableVector\000"
 2445      456E6162 
 2445      6C655665 
 2445      63746F72 
 2445      00
 2446              	.LASF1:
 2447 0294 7369676E 		.ascii	"signed char\000"
 2447      65642063 
 2447      68617200 
 2448              	.LASF12:
 2449 02a0 6C6F6E67 		.ascii	"long long unsigned int\000"
 2449      206C6F6E 
 2449      6720756E 
 2449      7369676E 
 2449      65642069 
 2450              	.LASF0:
 2451 02b7 756E7369 		.ascii	"unsigned int\000"
 2451      676E6564 
 2451      20696E74 
 2451      00
 2452              	.LASF23:
 2453 02c4 41484232 		.ascii	"AHB2RSTR\000"
 2453      52535452 
 2453      00
 2454              	.LASF14:
 2455 02cd 75696E74 		.ascii	"uint16_t\000"
 2455      31365F74 
 2455      00
 2456              	.LASF65:
 2457 02d6 42445452 		.ascii	"BDTR\000"
 2457      00
 2458              	.LASF61:
 2459 02db 44494552 		.ascii	"DIER\000"
 2459      00
 2460              	.LASF20:
 2461 02e0 504C4C43 		.ascii	"PLLCFGR\000"
 2461      46475200 
 2462              	.LASF6:
 2463 02e8 73686F72 		.ascii	"short unsigned int\000"
 2463      7420756E 
 2463      7369676E 
 2463      65642069 
 2463      6E7400
 2464              	.LASF95:
 2465 02fb 474E5520 		.ascii	"GNU C 4.8.2 -mcpu=cortex-m4 -mno-thumb-interwork -m"
 2465      4320342E 
 2465      382E3220 
 2465      2D6D6370 
 2465      753D636F 
 2466 032e 7468756D 		.ascii	"thumb -ggdb -O2 -fomit-frame-pointer -falign-functi"
 2466      62202D67 
 2466      67646220 
 2466      2D4F3220 
ARM GAS  /tmp/ccaLkr4O.s 			page 47


 2466      2D666F6D 
 2467 0361 6F6E733D 		.ascii	"ons=16 -ffunction-sections -fdata-sections -fno-com"
 2467      3136202D 
 2467      6666756E 
 2467      6374696F 
 2467      6E2D7365 
 2468 0394 6D6F6E00 		.ascii	"mon\000"
 2469              	.LASF40:
 2470 0398 41504231 		.ascii	"APB1LPENR\000"
 2470      4C50454E 
 2470      5200
 2471              	.LASF82:
 2472 03a2 70776D5F 		.ascii	"pwm_lld_init\000"
 2472      6C6C645F 
 2472      696E6974 
 2472      00
 2473              	.LASF19:
 2474 03af 63686172 		.ascii	"char\000"
 2474      00
 2475              	.LASF70:
 2476 03b4 73746D33 		.ascii	"stm32_tim_t\000"
 2476      325F7469 
 2476      6D5F7400 
 2477              	.LASF54:
 2478 03c0 50574D44 		.ascii	"PWMDriver\000"
 2478      72697665 
 2478      7200
 2479              	.LASF15:
 2480 03ca 696E7433 		.ascii	"int32_t\000"
 2480      325F7400 
 2481              	.LASF17:
 2482 03d2 5F426F6F 		.ascii	"_Bool\000"
 2482      6C00
 2483              	.LASF88:
 2484 03d8 6368616E 		.ascii	"channel\000"
 2484      6E656C00 
 2485              	.LASF37:
 2486 03e0 41484232 		.ascii	"AHB2LPENR\000"
 2486      4C50454E 
 2486      5200
 2487              	.LASF25:
 2488 03ea 52455345 		.ascii	"RESERVED0\000"
 2488      52564544 
 2488      3000
 2489              	.LASF28:
 2490 03f4 52455345 		.ascii	"RESERVED1\000"
 2490      52564544 
 2490      3100
 2491              	.LASF32:
 2492 03fe 52455345 		.ascii	"RESERVED2\000"
 2492      52564544 
 2492      3200
 2493              	.LASF35:
 2494 0408 52455345 		.ascii	"RESERVED3\000"
 2494      52564544 
 2494      3300
 2495              	.LASF39:
ARM GAS  /tmp/ccaLkr4O.s 			page 48


 2496 0412 52455345 		.ascii	"RESERVED4\000"
 2496      52564544 
 2496      3400
 2497              	.LASF42:
 2498 041c 52455345 		.ascii	"RESERVED5\000"
 2498      52564544 
 2498      3500
 2499              	.LASF44:
 2500 0426 52455345 		.ascii	"RESERVED6\000"
 2500      52564544 
 2500      3600
 2501              	.LASF58:
 2502 0430 636C6F63 		.ascii	"clock\000"
 2502      6B00
 2503              	.LASF29:
 2504 0436 41484231 		.ascii	"AHB1ENR\000"
 2504      454E5200 
 2505              	.LASF90:
 2506 043e 70776D5F 		.ascii	"pwm_lld_disable_channel\000"
 2506      6C6C645F 
 2506      64697361 
 2506      626C655F 
 2506      6368616E 
 2507              	.LASF78:
 2508 0456 6368616E 		.ascii	"channels\000"
 2508      6E656C73 
 2508      00
 2509              	.LASF7:
 2510 045f 5F5F696E 		.ascii	"__int32_t\000"
 2510      7433325F 
 2510      7400
 2511              	.LASF52:
 2512 0469 50574D5F 		.ascii	"PWM_READY\000"
 2512      52454144 
 2512      5900
 2513              	.LASF51:
 2514 0473 50574D5F 		.ascii	"PWM_STOP\000"
 2514      53544F50 
 2514      00
 2515              	.LASF79:
 2516 047c 64696572 		.ascii	"dier\000"
 2516      00
 2517              	.LASF77:
 2518 0481 66726571 		.ascii	"frequency\000"
 2518      75656E63 
 2518      7900
 2519              	.LASF76:
 2520 048b 50574D43 		.ascii	"PWMChannelConfig\000"
 2520      68616E6E 
 2520      656C436F 
 2520      6E666967 
 2520      00
 2521              	.LASF92:
 2522 049c 50574D44 		.ascii	"PWMD4\000"
 2522      3400
 2523              	.LASF24:
 2524 04a2 41484233 		.ascii	"AHB3RSTR\000"
ARM GAS  /tmp/ccaLkr4O.s 			page 49


 2524      52535452 
 2524      00
 2525              	.LASF71:
 2526 04ab 70776D6D 		.ascii	"pwmmode_t\000"
 2526      6F64655F 
 2526      7400
 2527              	.LASF91:
 2528 04b5 49544D5F 		.ascii	"ITM_RxBuffer\000"
 2528      52784275 
 2528      66666572 
 2528      00
 2529              	.LASF47:
 2530 04c2 504C4C53 		.ascii	"PLLSAICFGR\000"
 2530      41494346 
 2530      475200
 2531              	.LASF53:
 2532 04cd 70776D73 		.ascii	"pwmstate_t\000"
 2532      74617465 
 2532      5F7400
 2533              	.LASF59:
 2534 04d8 70776D63 		.ascii	"pwmcallback_t\000"
 2534      616C6C62 
 2534      61636B5F 
 2534      7400
 2535              	.LASF41:
 2536 04e6 41504232 		.ascii	"APB2LPENR\000"
 2536      4C50454E 
 2536      5200
 2537              	.LASF75:
 2538 04f0 63616C6C 		.ascii	"callback\000"
 2538      6261636B 
 2538      00
 2539              		.ident	"GCC: (4.8.2-14ubuntu1+6) 4.8.2"
ARM GAS  /tmp/ccaLkr4O.s 			page 50


DEFINED SYMBOLS
                            *ABS*:0000000000000000 pwm_lld.c
     /tmp/ccaLkr4O.s:19     .text.VectorB8:0000000000000000 $t
     /tmp/ccaLkr4O.s:25     .text.VectorB8:0000000000000000 VectorB8
     /tmp/ccaLkr4O.s:548    .bss.PWMD4:0000000000000000 .LANCHOR0
     /tmp/ccaLkr4O.s:134    .text.pwm_lld_init:0000000000000000 $t
     /tmp/ccaLkr4O.s:140    .text.pwm_lld_init:0000000000000000 pwm_lld_init
     /tmp/ccaLkr4O.s:165    .text.pwm_lld_start:0000000000000000 $t
     /tmp/ccaLkr4O.s:171    .text.pwm_lld_start:0000000000000000 pwm_lld_start
     /tmp/ccaLkr4O.s:392    .text.pwm_lld_stop:0000000000000000 $t
     /tmp/ccaLkr4O.s:398    .text.pwm_lld_stop:0000000000000000 pwm_lld_stop
     /tmp/ccaLkr4O.s:452    .text.pwm_lld_enable_channel:0000000000000000 $t
     /tmp/ccaLkr4O.s:458    .text.pwm_lld_enable_channel:0000000000000000 pwm_lld_enable_channel
     /tmp/ccaLkr4O.s:513    .text.pwm_lld_disable_channel:0000000000000000 $t
     /tmp/ccaLkr4O.s:519    .text.pwm_lld_disable_channel:0000000000000000 pwm_lld_disable_channel
     /tmp/ccaLkr4O.s:551    .bss.PWMD4:0000000000000000 PWMD4
     /tmp/ccaLkr4O.s:547    .bss.PWMD4:0000000000000000 $d
                     .debug_frame:0000000000000010 $d

UNDEFINED SYMBOLS
_port_irq_epilogue
pwmObjectInit
nvicEnableVector
nvicDisableVector
