ARM GAS  /tmp/ccfjNpd8.s 			page 1


   1              		.syntax unified
   2              		.cpu cortex-m4
   3              		.fpu softvfp
   4              		.eabi_attribute 20, 1
   5              		.eabi_attribute 21, 1
   6              		.eabi_attribute 23, 3
   7              		.eabi_attribute 24, 1
   8              		.eabi_attribute 25, 1
   9              		.eabi_attribute 26, 1
  10              		.eabi_attribute 30, 2
  11              		.eabi_attribute 34, 1
  12              		.eabi_attribute 18, 4
  13              		.thumb
  14              		.file	"chmempools.c"
  15              		.text
  16              	.Ltext0:
  17              		.cfi_sections	.debug_frame
  18              		.section	.text.chPoolInit,"ax",%progbits
  19              		.align	2
  20              		.p2align 4,,15
  21              		.global	chPoolInit
  22              		.thumb
  23              		.thumb_func
  24              		.type	chPoolInit, %function
  25              	chPoolInit:
  26              	.LFB7:
  27              		.file 1 "../include/ChibiOS_2.6.5/os/kernel/src/chmempools.c"
  28              		.loc 1 62 0
  29              		.cfi_startproc
  30              		@ args = 0, pretend = 0, frame = 0
  31              		@ frame_needed = 0, uses_anonymous_args = 0
  32              		@ link register save eliminated.
  33              	.LVL0:
  34              		.loc 1 66 0
  35 0000 0023     		movs	r3, #0
  36              		.loc 1 67 0
  37 0002 4160     		str	r1, [r0, #4]
  38              		.loc 1 68 0
  39 0004 8260     		str	r2, [r0, #8]
  40              		.loc 1 66 0
  41 0006 0360     		str	r3, [r0]
  42 0008 7047     		bx	lr
  43              		.cfi_endproc
  44              	.LFE7:
  45              		.size	chPoolInit, .-chPoolInit
  46 000a 00BFAFF3 		.section	.text.chPoolLoadArray,"ax",%progbits
  46      0080
  47              		.align	2
  48              		.p2align 4,,15
  49              		.global	chPoolLoadArray
  50              		.thumb
  51              		.thumb_func
  52              		.type	chPoolLoadArray, %function
  53              	chPoolLoadArray:
  54              	.LFB8:
  55              		.loc 1 84 0
  56              		.cfi_startproc
ARM GAS  /tmp/ccfjNpd8.s 			page 2


  57              		@ args = 0, pretend = 0, frame = 0
  58              		@ frame_needed = 0, uses_anonymous_args = 0
  59              		@ link register save eliminated.
  60              	.LVL1:
  61 0000 10B4     		push	{r4}
  62              		.cfi_def_cfa_offset 4
  63              		.cfi_offset 4, -4
  64              		.loc 1 88 0
  65 0002 62B1     		cbz	r2, .L2
  66              	.LVL2:
  67              	.L5:
  68              	.LBB16:
  69              	.LBB17:
  70              		.loc 1 173 0
  71 0004 2023     		movs	r3, #32
  72              	@ 173 "../include/ChibiOS_2.6.5/os/kernel/src/chmempools.c" 1
  73 0006 83F31188 		msr     BASEPRI, r3
  74              	@ 0 "" 2
  75              	.LVL3:
  76              		.thumb
  77              	.LBE17:
  78              	.LBB18:
  79              	.LBB19:
  80              		.loc 1 155 0
  81 000a 0468     		ldr	r4, [r0]
  82              	.LBE19:
  83              	.LBE18:
  84              	.LBB21:
  85              		.loc 1 175 0
  86 000c 0023     		movs	r3, #0
  87              	.LBE21:
  88              	.LBB22:
  89              	.LBB20:
  90              		.loc 1 155 0
  91 000e 0C60     		str	r4, [r1]
  92              		.loc 1 156 0
  93 0010 0160     		str	r1, [r0]
  94              	.LBE20:
  95              	.LBE22:
  96              	.LBB23:
  97              		.loc 1 175 0
  98              	@ 175 "../include/ChibiOS_2.6.5/os/kernel/src/chmempools.c" 1
  99 0012 83F31188 		msr     BASEPRI, r3
 100              	@ 0 "" 2
 101              		.thumb
 102              	.LBE23:
 103              	.LBE16:
 104              		.loc 1 90 0
 105 0016 4368     		ldr	r3, [r0, #4]
 106              		.loc 1 88 0
 107 0018 013A     		subs	r2, r2, #1
 108              	.LVL4:
 109              		.loc 1 90 0
 110 001a 1944     		add	r1, r1, r3
 111              	.LVL5:
 112              		.loc 1 88 0
 113 001c F2D1     		bne	.L5
ARM GAS  /tmp/ccfjNpd8.s 			page 3


 114              	.LVL6:
 115              	.L2:
 116              		.loc 1 93 0
 117 001e 5DF8044B 		ldr	r4, [sp], #4
 118 0022 7047     		bx	lr
 119              		.cfi_endproc
 120              	.LFE8:
 121              		.size	chPoolLoadArray, .-chPoolLoadArray
 122 0024 AFF30080 		.section	.text.chPoolAllocI,"ax",%progbits
 122      AFF30080 
 122      AFF30080 
 123              		.align	2
 124              		.p2align 4,,15
 125              		.global	chPoolAllocI
 126              		.thumb
 127              		.thumb_func
 128              		.type	chPoolAllocI, %function
 129              	chPoolAllocI:
 130              	.LFB9:
 131              		.loc 1 105 0
 132              		.cfi_startproc
 133              		@ args = 0, pretend = 0, frame = 0
 134              		@ frame_needed = 0, uses_anonymous_args = 0
 135              	.LVL7:
 136 0000 08B5     		push	{r3, lr}
 137              		.cfi_def_cfa_offset 8
 138              		.cfi_offset 3, -8
 139              		.cfi_offset 14, -4
 140              		.loc 1 105 0
 141 0002 0346     		mov	r3, r0
 142              		.loc 1 111 0
 143 0004 0068     		ldr	r0, [r0]
 144              	.LVL8:
 145 0006 10B1     		cbz	r0, .L12
 146              		.loc 1 112 0
 147 0008 0268     		ldr	r2, [r0]
 148 000a 1A60     		str	r2, [r3]
 149 000c 08BD     		pop	{r3, pc}
 150              	.LVL9:
 151              	.L12:
 152              		.loc 1 113 0
 153 000e 9A68     		ldr	r2, [r3, #8]
 154 0010 0AB1     		cbz	r2, .L13
 155              		.loc 1 114 0
 156 0012 5868     		ldr	r0, [r3, #4]
 157              	.LVL10:
 158 0014 9047     		blx	r2
 159              	.LVL11:
 160              	.L13:
 161              		.loc 1 116 0
 162 0016 08BD     		pop	{r3, pc}
 163              		.cfi_endproc
 164              	.LFE9:
 165              		.size	chPoolAllocI, .-chPoolAllocI
 166 0018 AFF30080 		.section	.text.chPoolAlloc,"ax",%progbits
 166      AFF30080 
 167              		.align	2
ARM GAS  /tmp/ccfjNpd8.s 			page 4


 168              		.p2align 4,,15
 169              		.global	chPoolAlloc
 170              		.thumb
 171              		.thumb_func
 172              		.type	chPoolAlloc, %function
 173              	chPoolAlloc:
 174              	.LFB10:
 175              		.loc 1 128 0
 176              		.cfi_startproc
 177              		@ args = 0, pretend = 0, frame = 0
 178              		@ frame_needed = 0, uses_anonymous_args = 0
 179              	.LVL12:
 180 0000 08B5     		push	{r3, lr}
 181              		.cfi_def_cfa_offset 8
 182              		.cfi_offset 3, -8
 183              		.cfi_offset 14, -4
 184              		.loc 1 128 0
 185 0002 0246     		mov	r2, r0
 186              	.LBB24:
 187              		.loc 1 131 0
 188 0004 2023     		movs	r3, #32
 189              	@ 131 "../include/ChibiOS_2.6.5/os/kernel/src/chmempools.c" 1
 190 0006 83F31188 		msr     BASEPRI, r3
 191              	@ 0 "" 2
 192              	.LVL13:
 193              		.thumb
 194              	.LBE24:
 195              	.LBB25:
 196              	.LBB26:
 197              		.loc 1 111 0
 198 000a 0068     		ldr	r0, [r0]
 199              	.LVL14:
 200 000c 28B1     		cbz	r0, .L18
 201              		.loc 1 112 0
 202 000e 0368     		ldr	r3, [r0]
 203 0010 1360     		str	r3, [r2]
 204              	.L19:
 205              	.LBE26:
 206              	.LBE25:
 207              	.LBB28:
 208              		.loc 1 133 0
 209 0012 0023     		movs	r3, #0
 210              	@ 133 "../include/ChibiOS_2.6.5/os/kernel/src/chmempools.c" 1
 211 0014 83F31188 		msr     BASEPRI, r3
 212              	@ 0 "" 2
 213              		.thumb
 214              	.LBE28:
 215              		.loc 1 135 0
 216 0018 08BD     		pop	{r3, pc}
 217              	.L18:
 218              	.LBB29:
 219              	.LBB27:
 220              		.loc 1 113 0
 221 001a 9368     		ldr	r3, [r2, #8]
 222 001c 002B     		cmp	r3, #0
 223 001e F8D0     		beq	.L19
 224              		.loc 1 114 0
ARM GAS  /tmp/ccfjNpd8.s 			page 5


 225 0020 5068     		ldr	r0, [r2, #4]
 226              	.LVL15:
 227 0022 9847     		blx	r3
 228              	.LVL16:
 229              	.LBE27:
 230              	.LBE29:
 231              	.LBB30:
 232              		.loc 1 133 0
 233 0024 0023     		movs	r3, #0
 234              	@ 133 "../include/ChibiOS_2.6.5/os/kernel/src/chmempools.c" 1
 235 0026 83F31188 		msr     BASEPRI, r3
 236              	@ 0 "" 2
 237              		.thumb
 238              	.LBE30:
 239              		.loc 1 135 0
 240 002a 08BD     		pop	{r3, pc}
 241              		.cfi_endproc
 242              	.LFE10:
 243              		.size	chPoolAlloc, .-chPoolAlloc
 244 002c AFF30080 		.section	.text.chPoolFreeI,"ax",%progbits
 245              		.align	2
 246              		.p2align 4,,15
 247              		.global	chPoolFreeI
 248              		.thumb
 249              		.thumb_func
 250              		.type	chPoolFreeI, %function
 251              	chPoolFreeI:
 252              	.LFB11:
 253              		.loc 1 149 0
 254              		.cfi_startproc
 255              		@ args = 0, pretend = 0, frame = 0
 256              		@ frame_needed = 0, uses_anonymous_args = 0
 257              		@ link register save eliminated.
 258              	.LVL17:
 259              		.loc 1 155 0
 260 0000 0368     		ldr	r3, [r0]
 261 0002 0B60     		str	r3, [r1]
 262              		.loc 1 156 0
 263 0004 0160     		str	r1, [r0]
 264 0006 7047     		bx	lr
 265              		.cfi_endproc
 266              	.LFE11:
 267              		.size	chPoolFreeI, .-chPoolFreeI
 268 0008 AFF30080 		.section	.text.chPoolFree,"ax",%progbits
 268      AFF30080 
 269              		.align	2
 270              		.p2align 4,,15
 271              		.global	chPoolFree
 272              		.thumb
 273              		.thumb_func
 274              		.type	chPoolFree, %function
 275              	chPoolFree:
 276              	.LFB12:
 277              		.loc 1 171 0
 278              		.cfi_startproc
 279              		@ args = 0, pretend = 0, frame = 0
 280              		@ frame_needed = 0, uses_anonymous_args = 0
ARM GAS  /tmp/ccfjNpd8.s 			page 6


 281              		@ link register save eliminated.
 282              	.LVL18:
 283              	.LBB31:
 284              		.loc 1 173 0
 285 0000 2023     		movs	r3, #32
 286              	@ 173 "../include/ChibiOS_2.6.5/os/kernel/src/chmempools.c" 1
 287 0002 83F31188 		msr     BASEPRI, r3
 288              	@ 0 "" 2
 289              	.LVL19:
 290              		.thumb
 291              	.LBE31:
 292              	.LBB32:
 293              	.LBB33:
 294              		.loc 1 155 0
 295 0006 0268     		ldr	r2, [r0]
 296              	.LBE33:
 297              	.LBE32:
 298              	.LBB35:
 299              		.loc 1 175 0
 300 0008 0023     		movs	r3, #0
 301              	.LBE35:
 302              	.LBB36:
 303              	.LBB34:
 304              		.loc 1 155 0
 305 000a 0A60     		str	r2, [r1]
 306              		.loc 1 156 0
 307 000c 0160     		str	r1, [r0]
 308              	.LBE34:
 309              	.LBE36:
 310              	.LBB37:
 311              		.loc 1 175 0
 312              	@ 175 "../include/ChibiOS_2.6.5/os/kernel/src/chmempools.c" 1
 313 000e 83F31188 		msr     BASEPRI, r3
 314              	@ 0 "" 2
 315              		.thumb
 316 0012 7047     		bx	lr
 317              	.LBE37:
 318              		.cfi_endproc
 319              	.LFE12:
 320              		.size	chPoolFree, .-chPoolFree
 321 0014 AFF30080 		.text
 321      AFF30080 
 321      AFF30080 
 322              	.Letext0:
 323              		.file 2 "/usr/lib/gcc/arm-none-eabi/4.8.2/include/stddef.h"
 324              		.file 3 "/usr/include/newlib/machine/_default_types.h"
 325              		.file 4 "/usr/include/newlib/stdint.h"
 326              		.file 5 "../include/ChibiOS_2.6.5/os/kernel/include/chmemcore.h"
 327              		.file 6 "../include/ChibiOS_2.6.5/os/kernel/include/chmempools.h"
 328              		.section	.debug_info,"",%progbits
 329              	.Ldebug_info0:
 330 0000 04040000 		.4byte	0x404
 331 0004 0400     		.2byte	0x4
 332 0006 00000000 		.4byte	.Ldebug_abbrev0
 333 000a 04       		.byte	0x4
 334 000b 01       		.uleb128 0x1
 335 000c D8000000 		.4byte	.LASF30
ARM GAS  /tmp/ccfjNpd8.s 			page 7


 336 0010 01       		.byte	0x1
 337 0011 13020000 		.4byte	.LASF31
 338 0015 11000000 		.4byte	.LASF32
 339 0019 90000000 		.4byte	.Ldebug_ranges0+0x90
 340 001d 00000000 		.4byte	0
 341 0021 00000000 		.4byte	.Ldebug_line0
 342 0025 02       		.uleb128 0x2
 343 0026 04       		.byte	0x4
 344 0027 05       		.byte	0x5
 345 0028 696E7400 		.ascii	"int\000"
 346 002c 03       		.uleb128 0x3
 347 002d 0A000000 		.4byte	.LASF2
 348 0031 02       		.byte	0x2
 349 0032 D4       		.byte	0xd4
 350 0033 37000000 		.4byte	0x37
 351 0037 04       		.uleb128 0x4
 352 0038 04       		.byte	0x4
 353 0039 07       		.byte	0x7
 354 003a 82010000 		.4byte	.LASF0
 355 003e 04       		.uleb128 0x4
 356 003f 01       		.byte	0x1
 357 0040 06       		.byte	0x6
 358 0041 47020000 		.4byte	.LASF1
 359 0045 03       		.uleb128 0x3
 360 0046 00000000 		.4byte	.LASF3
 361 004a 03       		.byte	0x3
 362 004b 1C       		.byte	0x1c
 363 004c 50000000 		.4byte	0x50
 364 0050 04       		.uleb128 0x4
 365 0051 01       		.byte	0x1
 366 0052 08       		.byte	0x8
 367 0053 A4000000 		.4byte	.LASF4
 368 0057 04       		.uleb128 0x4
 369 0058 02       		.byte	0x2
 370 0059 05       		.byte	0x5
 371 005a EB010000 		.4byte	.LASF5
 372 005e 04       		.uleb128 0x4
 373 005f 02       		.byte	0x2
 374 0060 07       		.byte	0x7
 375 0061 7C000000 		.4byte	.LASF6
 376 0065 04       		.uleb128 0x4
 377 0066 04       		.byte	0x4
 378 0067 05       		.byte	0x5
 379 0068 0A020000 		.4byte	.LASF7
 380 006c 03       		.uleb128 0x3
 381 006d B2000000 		.4byte	.LASF8
 382 0071 03       		.byte	0x3
 383 0072 38       		.byte	0x38
 384 0073 77000000 		.4byte	0x77
 385 0077 04       		.uleb128 0x4
 386 0078 04       		.byte	0x4
 387 0079 07       		.byte	0x7
 388 007a 6A000000 		.4byte	.LASF9
 389 007e 04       		.uleb128 0x4
 390 007f 08       		.byte	0x8
 391 0080 05       		.byte	0x5
 392 0081 BF010000 		.4byte	.LASF10
ARM GAS  /tmp/ccfjNpd8.s 			page 8


 393 0085 04       		.uleb128 0x4
 394 0086 08       		.byte	0x8
 395 0087 07       		.byte	0x7
 396 0088 8F010000 		.4byte	.LASF11
 397 008c 03       		.uleb128 0x3
 398 008d A6010000 		.4byte	.LASF12
 399 0091 04       		.byte	0x4
 400 0092 2A       		.byte	0x2a
 401 0093 45000000 		.4byte	0x45
 402 0097 03       		.uleb128 0x3
 403 0098 01020000 		.4byte	.LASF13
 404 009c 04       		.byte	0x4
 405 009d 42       		.byte	0x42
 406 009e 6C000000 		.4byte	0x6c
 407 00a2 04       		.uleb128 0x4
 408 00a3 01       		.byte	0x1
 409 00a4 02       		.byte	0x2
 410 00a5 5B020000 		.4byte	.LASF14
 411 00a9 05       		.uleb128 0x5
 412 00aa 04       		.byte	0x4
 413 00ab 04       		.uleb128 0x4
 414 00ac 04       		.byte	0x4
 415 00ad 07       		.byte	0x7
 416 00ae B6010000 		.4byte	.LASF15
 417 00b2 03       		.uleb128 0x3
 418 00b3 D2010000 		.4byte	.LASF16
 419 00b7 05       		.byte	0x5
 420 00b8 2C       		.byte	0x2c
 421 00b9 BD000000 		.4byte	0xbd
 422 00bd 06       		.uleb128 0x6
 423 00be 04       		.byte	0x4
 424 00bf C3000000 		.4byte	0xc3
 425 00c3 07       		.uleb128 0x7
 426 00c4 A9000000 		.4byte	0xa9
 427 00c8 D2000000 		.4byte	0xd2
 428 00cc 08       		.uleb128 0x8
 429 00cd 2C000000 		.4byte	0x2c
 430 00d1 00       		.byte	0
 431 00d2 09       		.uleb128 0x9
 432 00d3 59000000 		.4byte	.LASF33
 433 00d7 04       		.byte	0x4
 434 00d8 06       		.byte	0x6
 435 00d9 2C       		.byte	0x2c
 436 00da EB000000 		.4byte	0xeb
 437 00de 0A       		.uleb128 0xa
 438 00df AE010000 		.4byte	.LASF17
 439 00e3 06       		.byte	0x6
 440 00e4 2D       		.byte	0x2d
 441 00e5 EB000000 		.4byte	0xeb
 442 00e9 00       		.byte	0
 443 00ea 00       		.byte	0
 444 00eb 06       		.uleb128 0x6
 445 00ec 04       		.byte	0x4
 446 00ed D2000000 		.4byte	0xd2
 447 00f1 0B       		.uleb128 0xb
 448 00f2 0C       		.byte	0xc
 449 00f3 06       		.byte	0x6
ARM GAS  /tmp/ccfjNpd8.s 			page 9


 450 00f4 34       		.byte	0x34
 451 00f5 1E010000 		.4byte	0x11e
 452 00f9 0A       		.uleb128 0xa
 453 00fa 53020000 		.4byte	.LASF18
 454 00fe 06       		.byte	0x6
 455 00ff 35       		.byte	0x35
 456 0100 EB000000 		.4byte	0xeb
 457 0104 00       		.byte	0
 458 0105 0A       		.uleb128 0xa
 459 0106 3A000000 		.4byte	.LASF19
 460 010a 06       		.byte	0x6
 461 010b 36       		.byte	0x36
 462 010c 2C000000 		.4byte	0x2c
 463 0110 04       		.byte	0x4
 464 0111 0A       		.uleb128 0xa
 465 0112 DF010000 		.4byte	.LASF20
 466 0116 06       		.byte	0x6
 467 0117 38       		.byte	0x38
 468 0118 B2000000 		.4byte	0xb2
 469 011c 08       		.byte	0x8
 470 011d 00       		.byte	0
 471 011e 03       		.uleb128 0x3
 472 011f C8000000 		.4byte	.LASF21
 473 0123 06       		.byte	0x6
 474 0124 3A       		.byte	0x3a
 475 0125 F1000000 		.4byte	0xf1
 476 0129 04       		.uleb128 0x4
 477 012a 01       		.byte	0x1
 478 012b 08       		.byte	0x8
 479 012c CD010000 		.4byte	.LASF22
 480 0130 0C       		.uleb128 0xc
 481 0131 75010000 		.4byte	.LASF34
 482 0135 01       		.byte	0x1
 483 0136 69       		.byte	0x69
 484 0137 A9000000 		.4byte	0xa9
 485 013b 01       		.byte	0x1
 486 013c 56010000 		.4byte	0x156
 487 0140 0D       		.uleb128 0xd
 488 0141 6D7000   		.ascii	"mp\000"
 489 0144 01       		.byte	0x1
 490 0145 69       		.byte	0x69
 491 0146 56010000 		.4byte	0x156
 492 014a 0E       		.uleb128 0xe
 493 014b D3000000 		.4byte	.LASF23
 494 014f 01       		.byte	0x1
 495 0150 6A       		.byte	0x6a
 496 0151 A9000000 		.4byte	0xa9
 497 0155 00       		.byte	0
 498 0156 06       		.uleb128 0x6
 499 0157 04       		.byte	0x4
 500 0158 1E010000 		.4byte	0x11e
 501 015c 0F       		.uleb128 0xf
 502 015d 98000000 		.4byte	.LASF24
 503 0161 01       		.byte	0x1
 504 0162 95       		.byte	0x95
 505 0163 01       		.byte	0x1
 506 0164 89010000 		.4byte	0x189
ARM GAS  /tmp/ccfjNpd8.s 			page 10


 507 0168 0D       		.uleb128 0xd
 508 0169 6D7000   		.ascii	"mp\000"
 509 016c 01       		.byte	0x1
 510 016d 95       		.byte	0x95
 511 016e 56010000 		.4byte	0x156
 512 0172 10       		.uleb128 0x10
 513 0173 D3000000 		.4byte	.LASF23
 514 0177 01       		.byte	0x1
 515 0178 95       		.byte	0x95
 516 0179 A9000000 		.4byte	0xa9
 517 017d 11       		.uleb128 0x11
 518 017e 70687000 		.ascii	"php\000"
 519 0182 01       		.byte	0x1
 520 0183 96       		.byte	0x96
 521 0184 EB000000 		.4byte	0xeb
 522 0188 00       		.byte	0
 523 0189 0F       		.uleb128 0xf
 524 018a BD000000 		.4byte	.LASF25
 525 018e 01       		.byte	0x1
 526 018f AB       		.byte	0xab
 527 0190 01       		.byte	0x1
 528 0191 C9010000 		.4byte	0x1c9
 529 0195 0D       		.uleb128 0xd
 530 0196 6D7000   		.ascii	"mp\000"
 531 0199 01       		.byte	0x1
 532 019a AB       		.byte	0xab
 533 019b 56010000 		.4byte	0x156
 534 019f 10       		.uleb128 0x10
 535 01a0 D3000000 		.4byte	.LASF23
 536 01a4 01       		.byte	0x1
 537 01a5 AB       		.byte	0xab
 538 01a6 A9000000 		.4byte	0xa9
 539 01aa 12       		.uleb128 0x12
 540 01ab BB010000 		.4byte	0x1bb
 541 01af 11       		.uleb128 0x11
 542 01b0 746D7000 		.ascii	"tmp\000"
 543 01b4 01       		.byte	0x1
 544 01b5 AD       		.byte	0xad
 545 01b6 97000000 		.4byte	0x97
 546 01ba 00       		.byte	0
 547 01bb 13       		.uleb128 0x13
 548 01bc 11       		.uleb128 0x11
 549 01bd 746D7000 		.ascii	"tmp\000"
 550 01c1 01       		.byte	0x1
 551 01c2 AF       		.byte	0xaf
 552 01c3 97000000 		.4byte	0x97
 553 01c7 00       		.byte	0
 554 01c8 00       		.byte	0
 555 01c9 14       		.uleb128 0x14
 556 01ca 61020000 		.4byte	.LASF28
 557 01ce 01       		.byte	0x1
 558 01cf 3E       		.byte	0x3e
 559 01d0 00000000 		.4byte	.LFB7
 560 01d4 0A000000 		.4byte	.LFE7-.LFB7
 561 01d8 01       		.uleb128 0x1
 562 01d9 9C       		.byte	0x9c
 563 01da 05020000 		.4byte	0x205
ARM GAS  /tmp/ccfjNpd8.s 			page 11


 564 01de 15       		.uleb128 0x15
 565 01df 6D7000   		.ascii	"mp\000"
 566 01e2 01       		.byte	0x1
 567 01e3 3E       		.byte	0x3e
 568 01e4 56010000 		.4byte	0x156
 569 01e8 01       		.uleb128 0x1
 570 01e9 50       		.byte	0x50
 571 01ea 16       		.uleb128 0x16
 572 01eb 65000000 		.4byte	.LASF26
 573 01ef 01       		.byte	0x1
 574 01f0 3E       		.byte	0x3e
 575 01f1 2C000000 		.4byte	0x2c
 576 01f5 01       		.uleb128 0x1
 577 01f6 51       		.byte	0x51
 578 01f7 16       		.uleb128 0x16
 579 01f8 8F000000 		.4byte	.LASF27
 580 01fc 01       		.byte	0x1
 581 01fd 3E       		.byte	0x3e
 582 01fe B2000000 		.4byte	0xb2
 583 0202 01       		.uleb128 0x1
 584 0203 52       		.byte	0x52
 585 0204 00       		.byte	0
 586 0205 14       		.uleb128 0x14
 587 0206 49000000 		.4byte	.LASF29
 588 020a 01       		.byte	0x1
 589 020b 54       		.byte	0x54
 590 020c 00000000 		.4byte	.LFB8
 591 0210 24000000 		.4byte	.LFE8-.LFB8
 592 0214 01       		.uleb128 0x1
 593 0215 9C       		.byte	0x9c
 594 0216 BA020000 		.4byte	0x2ba
 595 021a 15       		.uleb128 0x15
 596 021b 6D7000   		.ascii	"mp\000"
 597 021e 01       		.byte	0x1
 598 021f 54       		.byte	0x54
 599 0220 56010000 		.4byte	0x156
 600 0224 01       		.uleb128 0x1
 601 0225 50       		.byte	0x50
 602 0226 17       		.uleb128 0x17
 603 0227 7000     		.ascii	"p\000"
 604 0229 01       		.byte	0x1
 605 022a 54       		.byte	0x54
 606 022b A9000000 		.4byte	0xa9
 607 022f 00000000 		.4byte	.LLST0
 608 0233 17       		.uleb128 0x17
 609 0234 6E00     		.ascii	"n\000"
 610 0236 01       		.byte	0x1
 611 0237 54       		.byte	0x54
 612 0238 2C000000 		.4byte	0x2c
 613 023c 1E000000 		.4byte	.LLST1
 614 0240 18       		.uleb128 0x18
 615 0241 89010000 		.4byte	0x189
 616 0245 04000000 		.4byte	.LBB16
 617 0249 12000000 		.4byte	.LBE16-.LBB16
 618 024d 01       		.byte	0x1
 619 024e 59       		.byte	0x59
 620 024f 19       		.uleb128 0x19
ARM GAS  /tmp/ccfjNpd8.s 			page 12


 621 0250 9F010000 		.4byte	0x19f
 622 0254 49000000 		.4byte	.LLST2
 623 0258 19       		.uleb128 0x19
 624 0259 95010000 		.4byte	0x195
 625 025d 68000000 		.4byte	.LLST3
 626 0261 1A       		.uleb128 0x1a
 627 0262 04000000 		.4byte	.LBB17
 628 0266 06000000 		.4byte	.LBE17-.LBB17
 629 026a 76020000 		.4byte	0x276
 630 026e 1B       		.uleb128 0x1b
 631 026f AF010000 		.4byte	0x1af
 632 0273 01       		.uleb128 0x1
 633 0274 53       		.byte	0x53
 634 0275 00       		.byte	0
 635 0276 1C       		.uleb128 0x1c
 636 0277 5C010000 		.4byte	0x15c
 637 027b 0A000000 		.4byte	.LBB18
 638 027f 00000000 		.4byte	.Ldebug_ranges0+0
 639 0283 01       		.byte	0x1
 640 0284 AE       		.byte	0xae
 641 0285 AB020000 		.4byte	0x2ab
 642 0289 19       		.uleb128 0x19
 643 028a 72010000 		.4byte	0x172
 644 028e 7B000000 		.4byte	.LLST4
 645 0292 19       		.uleb128 0x19
 646 0293 68010000 		.4byte	0x168
 647 0297 9A000000 		.4byte	.LLST5
 648 029b 1D       		.uleb128 0x1d
 649 029c 00000000 		.4byte	.Ldebug_ranges0+0
 650 02a0 1E       		.uleb128 0x1e
 651 02a1 7D010000 		.4byte	0x17d
 652 02a5 7B000000 		.4byte	.LLST4
 653 02a9 00       		.byte	0
 654 02aa 00       		.byte	0
 655 02ab 1D       		.uleb128 0x1d
 656 02ac 18000000 		.4byte	.Ldebug_ranges0+0x18
 657 02b0 1B       		.uleb128 0x1b
 658 02b1 BC010000 		.4byte	0x1bc
 659 02b5 01       		.uleb128 0x1
 660 02b6 53       		.byte	0x53
 661 02b7 00       		.byte	0
 662 02b8 00       		.byte	0
 663 02b9 00       		.byte	0
 664 02ba 1F       		.uleb128 0x1f
 665 02bb 30010000 		.4byte	0x130
 666 02bf 00000000 		.4byte	.LFB9
 667 02c3 18000000 		.4byte	.LFE9-.LFB9
 668 02c7 01       		.uleb128 0x1
 669 02c8 9C       		.byte	0x9c
 670 02c9 E0020000 		.4byte	0x2e0
 671 02cd 19       		.uleb128 0x19
 672 02ce 40010000 		.4byte	0x140
 673 02d2 AD000000 		.4byte	.LLST7
 674 02d6 1E       		.uleb128 0x1e
 675 02d7 4A010000 		.4byte	0x14a
 676 02db D9000000 		.4byte	.LLST8
 677 02df 00       		.byte	0
ARM GAS  /tmp/ccfjNpd8.s 			page 13


 678 02e0 20       		.uleb128 0x20
 679 02e1 F5010000 		.4byte	.LASF35
 680 02e5 01       		.byte	0x1
 681 02e6 80       		.byte	0x80
 682 02e7 A9000000 		.4byte	0xa9
 683 02eb 00000000 		.4byte	.LFB10
 684 02ef 2C000000 		.4byte	.LFE10-.LFB10
 685 02f3 01       		.uleb128 0x1
 686 02f4 9C       		.byte	0x9c
 687 02f5 6F030000 		.4byte	0x36f
 688 02f9 17       		.uleb128 0x17
 689 02fa 6D7000   		.ascii	"mp\000"
 690 02fd 01       		.byte	0x1
 691 02fe 80       		.byte	0x80
 692 02ff 56010000 		.4byte	0x156
 693 0303 03010000 		.4byte	.LLST9
 694 0307 21       		.uleb128 0x21
 695 0308 D3000000 		.4byte	.LASF23
 696 030c 01       		.byte	0x1
 697 030d 81       		.byte	0x81
 698 030e A9000000 		.4byte	0xa9
 699 0312 01       		.uleb128 0x1
 700 0313 50       		.byte	0x50
 701 0314 1A       		.uleb128 0x1a
 702 0315 04000000 		.4byte	.LBB24
 703 0319 06000000 		.4byte	.LBE24-.LBB24
 704 031d 2F030000 		.4byte	0x32f
 705 0321 22       		.uleb128 0x22
 706 0322 746D7000 		.ascii	"tmp\000"
 707 0326 01       		.byte	0x1
 708 0327 83       		.byte	0x83
 709 0328 97000000 		.4byte	0x97
 710 032c 01       		.uleb128 0x1
 711 032d 53       		.byte	0x53
 712 032e 00       		.byte	0
 713 032f 1C       		.uleb128 0x1c
 714 0330 30010000 		.4byte	0x130
 715 0334 0A000000 		.4byte	.LBB25
 716 0338 30000000 		.4byte	.Ldebug_ranges0+0x30
 717 033c 01       		.byte	0x1
 718 033d 84       		.byte	0x84
 719 033e 5B030000 		.4byte	0x35b
 720 0342 19       		.uleb128 0x19
 721 0343 40010000 		.4byte	0x140
 722 0347 2F010000 		.4byte	.LLST10
 723 034b 1D       		.uleb128 0x1d
 724 034c 30000000 		.4byte	.Ldebug_ranges0+0x30
 725 0350 1E       		.uleb128 0x1e
 726 0351 4A010000 		.4byte	0x14a
 727 0355 5B010000 		.4byte	.LLST11
 728 0359 00       		.byte	0
 729 035a 00       		.byte	0
 730 035b 1D       		.uleb128 0x1d
 731 035c 48000000 		.4byte	.Ldebug_ranges0+0x48
 732 0360 22       		.uleb128 0x22
 733 0361 746D7000 		.ascii	"tmp\000"
 734 0365 01       		.byte	0x1
ARM GAS  /tmp/ccfjNpd8.s 			page 14


 735 0366 85       		.byte	0x85
 736 0367 97000000 		.4byte	0x97
 737 036b 01       		.uleb128 0x1
 738 036c 53       		.byte	0x53
 739 036d 00       		.byte	0
 740 036e 00       		.byte	0
 741 036f 23       		.uleb128 0x23
 742 0370 5C010000 		.4byte	0x15c
 743 0374 00000000 		.4byte	.LFB11
 744 0378 08000000 		.4byte	.LFE11-.LFB11
 745 037c 01       		.uleb128 0x1
 746 037d 9C       		.byte	0x9c
 747 037e 98030000 		.4byte	0x398
 748 0382 24       		.uleb128 0x24
 749 0383 68010000 		.4byte	0x168
 750 0387 01       		.uleb128 0x1
 751 0388 50       		.byte	0x50
 752 0389 24       		.uleb128 0x24
 753 038a 72010000 		.4byte	0x172
 754 038e 01       		.uleb128 0x1
 755 038f 51       		.byte	0x51
 756 0390 1B       		.uleb128 0x1b
 757 0391 7D010000 		.4byte	0x17d
 758 0395 01       		.uleb128 0x1
 759 0396 51       		.byte	0x51
 760 0397 00       		.byte	0
 761 0398 25       		.uleb128 0x25
 762 0399 89010000 		.4byte	0x189
 763 039d 00000000 		.4byte	.LFB12
 764 03a1 14000000 		.4byte	.LFE12-.LFB12
 765 03a5 01       		.uleb128 0x1
 766 03a6 9C       		.byte	0x9c
 767 03a7 24       		.uleb128 0x24
 768 03a8 95010000 		.4byte	0x195
 769 03ac 01       		.uleb128 0x1
 770 03ad 50       		.byte	0x50
 771 03ae 24       		.uleb128 0x24
 772 03af 9F010000 		.4byte	0x19f
 773 03b3 01       		.uleb128 0x1
 774 03b4 51       		.byte	0x51
 775 03b5 1A       		.uleb128 0x1a
 776 03b6 00000000 		.4byte	.LBB31
 777 03ba 06000000 		.4byte	.LBE31-.LBB31
 778 03be CA030000 		.4byte	0x3ca
 779 03c2 1B       		.uleb128 0x1b
 780 03c3 AF010000 		.4byte	0x1af
 781 03c7 01       		.uleb128 0x1
 782 03c8 53       		.byte	0x53
 783 03c9 00       		.byte	0
 784 03ca 1C       		.uleb128 0x1c
 785 03cb 5C010000 		.4byte	0x15c
 786 03cf 06000000 		.4byte	.LBB32
 787 03d3 60000000 		.4byte	.Ldebug_ranges0+0x60
 788 03d7 01       		.byte	0x1
 789 03d8 AE       		.byte	0xae
 790 03d9 F9030000 		.4byte	0x3f9
 791 03dd 24       		.uleb128 0x24
ARM GAS  /tmp/ccfjNpd8.s 			page 15


 792 03de 72010000 		.4byte	0x172
 793 03e2 01       		.uleb128 0x1
 794 03e3 51       		.byte	0x51
 795 03e4 24       		.uleb128 0x24
 796 03e5 68010000 		.4byte	0x168
 797 03e9 01       		.uleb128 0x1
 798 03ea 50       		.byte	0x50
 799 03eb 1D       		.uleb128 0x1d
 800 03ec 60000000 		.4byte	.Ldebug_ranges0+0x60
 801 03f0 1B       		.uleb128 0x1b
 802 03f1 7D010000 		.4byte	0x17d
 803 03f5 01       		.uleb128 0x1
 804 03f6 51       		.byte	0x51
 805 03f7 00       		.byte	0
 806 03f8 00       		.byte	0
 807 03f9 1D       		.uleb128 0x1d
 808 03fa 78000000 		.4byte	.Ldebug_ranges0+0x78
 809 03fe 1B       		.uleb128 0x1b
 810 03ff BC010000 		.4byte	0x1bc
 811 0403 01       		.uleb128 0x1
 812 0404 53       		.byte	0x53
 813 0405 00       		.byte	0
 814 0406 00       		.byte	0
 815 0407 00       		.byte	0
 816              		.section	.debug_abbrev,"",%progbits
 817              	.Ldebug_abbrev0:
 818 0000 01       		.uleb128 0x1
 819 0001 11       		.uleb128 0x11
 820 0002 01       		.byte	0x1
 821 0003 25       		.uleb128 0x25
 822 0004 0E       		.uleb128 0xe
 823 0005 13       		.uleb128 0x13
 824 0006 0B       		.uleb128 0xb
 825 0007 03       		.uleb128 0x3
 826 0008 0E       		.uleb128 0xe
 827 0009 1B       		.uleb128 0x1b
 828 000a 0E       		.uleb128 0xe
 829 000b 55       		.uleb128 0x55
 830 000c 17       		.uleb128 0x17
 831 000d 11       		.uleb128 0x11
 832 000e 01       		.uleb128 0x1
 833 000f 10       		.uleb128 0x10
 834 0010 17       		.uleb128 0x17
 835 0011 00       		.byte	0
 836 0012 00       		.byte	0
 837 0013 02       		.uleb128 0x2
 838 0014 24       		.uleb128 0x24
 839 0015 00       		.byte	0
 840 0016 0B       		.uleb128 0xb
 841 0017 0B       		.uleb128 0xb
 842 0018 3E       		.uleb128 0x3e
 843 0019 0B       		.uleb128 0xb
 844 001a 03       		.uleb128 0x3
 845 001b 08       		.uleb128 0x8
 846 001c 00       		.byte	0
 847 001d 00       		.byte	0
 848 001e 03       		.uleb128 0x3
ARM GAS  /tmp/ccfjNpd8.s 			page 16


 849 001f 16       		.uleb128 0x16
 850 0020 00       		.byte	0
 851 0021 03       		.uleb128 0x3
 852 0022 0E       		.uleb128 0xe
 853 0023 3A       		.uleb128 0x3a
 854 0024 0B       		.uleb128 0xb
 855 0025 3B       		.uleb128 0x3b
 856 0026 0B       		.uleb128 0xb
 857 0027 49       		.uleb128 0x49
 858 0028 13       		.uleb128 0x13
 859 0029 00       		.byte	0
 860 002a 00       		.byte	0
 861 002b 04       		.uleb128 0x4
 862 002c 24       		.uleb128 0x24
 863 002d 00       		.byte	0
 864 002e 0B       		.uleb128 0xb
 865 002f 0B       		.uleb128 0xb
 866 0030 3E       		.uleb128 0x3e
 867 0031 0B       		.uleb128 0xb
 868 0032 03       		.uleb128 0x3
 869 0033 0E       		.uleb128 0xe
 870 0034 00       		.byte	0
 871 0035 00       		.byte	0
 872 0036 05       		.uleb128 0x5
 873 0037 0F       		.uleb128 0xf
 874 0038 00       		.byte	0
 875 0039 0B       		.uleb128 0xb
 876 003a 0B       		.uleb128 0xb
 877 003b 00       		.byte	0
 878 003c 00       		.byte	0
 879 003d 06       		.uleb128 0x6
 880 003e 0F       		.uleb128 0xf
 881 003f 00       		.byte	0
 882 0040 0B       		.uleb128 0xb
 883 0041 0B       		.uleb128 0xb
 884 0042 49       		.uleb128 0x49
 885 0043 13       		.uleb128 0x13
 886 0044 00       		.byte	0
 887 0045 00       		.byte	0
 888 0046 07       		.uleb128 0x7
 889 0047 15       		.uleb128 0x15
 890 0048 01       		.byte	0x1
 891 0049 27       		.uleb128 0x27
 892 004a 19       		.uleb128 0x19
 893 004b 49       		.uleb128 0x49
 894 004c 13       		.uleb128 0x13
 895 004d 01       		.uleb128 0x1
 896 004e 13       		.uleb128 0x13
 897 004f 00       		.byte	0
 898 0050 00       		.byte	0
 899 0051 08       		.uleb128 0x8
 900 0052 05       		.uleb128 0x5
 901 0053 00       		.byte	0
 902 0054 49       		.uleb128 0x49
 903 0055 13       		.uleb128 0x13
 904 0056 00       		.byte	0
 905 0057 00       		.byte	0
ARM GAS  /tmp/ccfjNpd8.s 			page 17


 906 0058 09       		.uleb128 0x9
 907 0059 13       		.uleb128 0x13
 908 005a 01       		.byte	0x1
 909 005b 03       		.uleb128 0x3
 910 005c 0E       		.uleb128 0xe
 911 005d 0B       		.uleb128 0xb
 912 005e 0B       		.uleb128 0xb
 913 005f 3A       		.uleb128 0x3a
 914 0060 0B       		.uleb128 0xb
 915 0061 3B       		.uleb128 0x3b
 916 0062 0B       		.uleb128 0xb
 917 0063 01       		.uleb128 0x1
 918 0064 13       		.uleb128 0x13
 919 0065 00       		.byte	0
 920 0066 00       		.byte	0
 921 0067 0A       		.uleb128 0xa
 922 0068 0D       		.uleb128 0xd
 923 0069 00       		.byte	0
 924 006a 03       		.uleb128 0x3
 925 006b 0E       		.uleb128 0xe
 926 006c 3A       		.uleb128 0x3a
 927 006d 0B       		.uleb128 0xb
 928 006e 3B       		.uleb128 0x3b
 929 006f 0B       		.uleb128 0xb
 930 0070 49       		.uleb128 0x49
 931 0071 13       		.uleb128 0x13
 932 0072 38       		.uleb128 0x38
 933 0073 0B       		.uleb128 0xb
 934 0074 00       		.byte	0
 935 0075 00       		.byte	0
 936 0076 0B       		.uleb128 0xb
 937 0077 13       		.uleb128 0x13
 938 0078 01       		.byte	0x1
 939 0079 0B       		.uleb128 0xb
 940 007a 0B       		.uleb128 0xb
 941 007b 3A       		.uleb128 0x3a
 942 007c 0B       		.uleb128 0xb
 943 007d 3B       		.uleb128 0x3b
 944 007e 0B       		.uleb128 0xb
 945 007f 01       		.uleb128 0x1
 946 0080 13       		.uleb128 0x13
 947 0081 00       		.byte	0
 948 0082 00       		.byte	0
 949 0083 0C       		.uleb128 0xc
 950 0084 2E       		.uleb128 0x2e
 951 0085 01       		.byte	0x1
 952 0086 3F       		.uleb128 0x3f
 953 0087 19       		.uleb128 0x19
 954 0088 03       		.uleb128 0x3
 955 0089 0E       		.uleb128 0xe
 956 008a 3A       		.uleb128 0x3a
 957 008b 0B       		.uleb128 0xb
 958 008c 3B       		.uleb128 0x3b
 959 008d 0B       		.uleb128 0xb
 960 008e 27       		.uleb128 0x27
 961 008f 19       		.uleb128 0x19
 962 0090 49       		.uleb128 0x49
ARM GAS  /tmp/ccfjNpd8.s 			page 18


 963 0091 13       		.uleb128 0x13
 964 0092 20       		.uleb128 0x20
 965 0093 0B       		.uleb128 0xb
 966 0094 01       		.uleb128 0x1
 967 0095 13       		.uleb128 0x13
 968 0096 00       		.byte	0
 969 0097 00       		.byte	0
 970 0098 0D       		.uleb128 0xd
 971 0099 05       		.uleb128 0x5
 972 009a 00       		.byte	0
 973 009b 03       		.uleb128 0x3
 974 009c 08       		.uleb128 0x8
 975 009d 3A       		.uleb128 0x3a
 976 009e 0B       		.uleb128 0xb
 977 009f 3B       		.uleb128 0x3b
 978 00a0 0B       		.uleb128 0xb
 979 00a1 49       		.uleb128 0x49
 980 00a2 13       		.uleb128 0x13
 981 00a3 00       		.byte	0
 982 00a4 00       		.byte	0
 983 00a5 0E       		.uleb128 0xe
 984 00a6 34       		.uleb128 0x34
 985 00a7 00       		.byte	0
 986 00a8 03       		.uleb128 0x3
 987 00a9 0E       		.uleb128 0xe
 988 00aa 3A       		.uleb128 0x3a
 989 00ab 0B       		.uleb128 0xb
 990 00ac 3B       		.uleb128 0x3b
 991 00ad 0B       		.uleb128 0xb
 992 00ae 49       		.uleb128 0x49
 993 00af 13       		.uleb128 0x13
 994 00b0 00       		.byte	0
 995 00b1 00       		.byte	0
 996 00b2 0F       		.uleb128 0xf
 997 00b3 2E       		.uleb128 0x2e
 998 00b4 01       		.byte	0x1
 999 00b5 3F       		.uleb128 0x3f
 1000 00b6 19       		.uleb128 0x19
 1001 00b7 03       		.uleb128 0x3
 1002 00b8 0E       		.uleb128 0xe
 1003 00b9 3A       		.uleb128 0x3a
 1004 00ba 0B       		.uleb128 0xb
 1005 00bb 3B       		.uleb128 0x3b
 1006 00bc 0B       		.uleb128 0xb
 1007 00bd 27       		.uleb128 0x27
 1008 00be 19       		.uleb128 0x19
 1009 00bf 20       		.uleb128 0x20
 1010 00c0 0B       		.uleb128 0xb
 1011 00c1 01       		.uleb128 0x1
 1012 00c2 13       		.uleb128 0x13
 1013 00c3 00       		.byte	0
 1014 00c4 00       		.byte	0
 1015 00c5 10       		.uleb128 0x10
 1016 00c6 05       		.uleb128 0x5
 1017 00c7 00       		.byte	0
 1018 00c8 03       		.uleb128 0x3
 1019 00c9 0E       		.uleb128 0xe
ARM GAS  /tmp/ccfjNpd8.s 			page 19


 1020 00ca 3A       		.uleb128 0x3a
 1021 00cb 0B       		.uleb128 0xb
 1022 00cc 3B       		.uleb128 0x3b
 1023 00cd 0B       		.uleb128 0xb
 1024 00ce 49       		.uleb128 0x49
 1025 00cf 13       		.uleb128 0x13
 1026 00d0 00       		.byte	0
 1027 00d1 00       		.byte	0
 1028 00d2 11       		.uleb128 0x11
 1029 00d3 34       		.uleb128 0x34
 1030 00d4 00       		.byte	0
 1031 00d5 03       		.uleb128 0x3
 1032 00d6 08       		.uleb128 0x8
 1033 00d7 3A       		.uleb128 0x3a
 1034 00d8 0B       		.uleb128 0xb
 1035 00d9 3B       		.uleb128 0x3b
 1036 00da 0B       		.uleb128 0xb
 1037 00db 49       		.uleb128 0x49
 1038 00dc 13       		.uleb128 0x13
 1039 00dd 00       		.byte	0
 1040 00de 00       		.byte	0
 1041 00df 12       		.uleb128 0x12
 1042 00e0 0B       		.uleb128 0xb
 1043 00e1 01       		.byte	0x1
 1044 00e2 01       		.uleb128 0x1
 1045 00e3 13       		.uleb128 0x13
 1046 00e4 00       		.byte	0
 1047 00e5 00       		.byte	0
 1048 00e6 13       		.uleb128 0x13
 1049 00e7 0B       		.uleb128 0xb
 1050 00e8 01       		.byte	0x1
 1051 00e9 00       		.byte	0
 1052 00ea 00       		.byte	0
 1053 00eb 14       		.uleb128 0x14
 1054 00ec 2E       		.uleb128 0x2e
 1055 00ed 01       		.byte	0x1
 1056 00ee 3F       		.uleb128 0x3f
 1057 00ef 19       		.uleb128 0x19
 1058 00f0 03       		.uleb128 0x3
 1059 00f1 0E       		.uleb128 0xe
 1060 00f2 3A       		.uleb128 0x3a
 1061 00f3 0B       		.uleb128 0xb
 1062 00f4 3B       		.uleb128 0x3b
 1063 00f5 0B       		.uleb128 0xb
 1064 00f6 27       		.uleb128 0x27
 1065 00f7 19       		.uleb128 0x19
 1066 00f8 11       		.uleb128 0x11
 1067 00f9 01       		.uleb128 0x1
 1068 00fa 12       		.uleb128 0x12
 1069 00fb 06       		.uleb128 0x6
 1070 00fc 40       		.uleb128 0x40
 1071 00fd 18       		.uleb128 0x18
 1072 00fe 9742     		.uleb128 0x2117
 1073 0100 19       		.uleb128 0x19
 1074 0101 01       		.uleb128 0x1
 1075 0102 13       		.uleb128 0x13
 1076 0103 00       		.byte	0
ARM GAS  /tmp/ccfjNpd8.s 			page 20


 1077 0104 00       		.byte	0
 1078 0105 15       		.uleb128 0x15
 1079 0106 05       		.uleb128 0x5
 1080 0107 00       		.byte	0
 1081 0108 03       		.uleb128 0x3
 1082 0109 08       		.uleb128 0x8
 1083 010a 3A       		.uleb128 0x3a
 1084 010b 0B       		.uleb128 0xb
 1085 010c 3B       		.uleb128 0x3b
 1086 010d 0B       		.uleb128 0xb
 1087 010e 49       		.uleb128 0x49
 1088 010f 13       		.uleb128 0x13
 1089 0110 02       		.uleb128 0x2
 1090 0111 18       		.uleb128 0x18
 1091 0112 00       		.byte	0
 1092 0113 00       		.byte	0
 1093 0114 16       		.uleb128 0x16
 1094 0115 05       		.uleb128 0x5
 1095 0116 00       		.byte	0
 1096 0117 03       		.uleb128 0x3
 1097 0118 0E       		.uleb128 0xe
 1098 0119 3A       		.uleb128 0x3a
 1099 011a 0B       		.uleb128 0xb
 1100 011b 3B       		.uleb128 0x3b
 1101 011c 0B       		.uleb128 0xb
 1102 011d 49       		.uleb128 0x49
 1103 011e 13       		.uleb128 0x13
 1104 011f 02       		.uleb128 0x2
 1105 0120 18       		.uleb128 0x18
 1106 0121 00       		.byte	0
 1107 0122 00       		.byte	0
 1108 0123 17       		.uleb128 0x17
 1109 0124 05       		.uleb128 0x5
 1110 0125 00       		.byte	0
 1111 0126 03       		.uleb128 0x3
 1112 0127 08       		.uleb128 0x8
 1113 0128 3A       		.uleb128 0x3a
 1114 0129 0B       		.uleb128 0xb
 1115 012a 3B       		.uleb128 0x3b
 1116 012b 0B       		.uleb128 0xb
 1117 012c 49       		.uleb128 0x49
 1118 012d 13       		.uleb128 0x13
 1119 012e 02       		.uleb128 0x2
 1120 012f 17       		.uleb128 0x17
 1121 0130 00       		.byte	0
 1122 0131 00       		.byte	0
 1123 0132 18       		.uleb128 0x18
 1124 0133 1D       		.uleb128 0x1d
 1125 0134 01       		.byte	0x1
 1126 0135 31       		.uleb128 0x31
 1127 0136 13       		.uleb128 0x13
 1128 0137 11       		.uleb128 0x11
 1129 0138 01       		.uleb128 0x1
 1130 0139 12       		.uleb128 0x12
 1131 013a 06       		.uleb128 0x6
 1132 013b 58       		.uleb128 0x58
 1133 013c 0B       		.uleb128 0xb
ARM GAS  /tmp/ccfjNpd8.s 			page 21


 1134 013d 59       		.uleb128 0x59
 1135 013e 0B       		.uleb128 0xb
 1136 013f 00       		.byte	0
 1137 0140 00       		.byte	0
 1138 0141 19       		.uleb128 0x19
 1139 0142 05       		.uleb128 0x5
 1140 0143 00       		.byte	0
 1141 0144 31       		.uleb128 0x31
 1142 0145 13       		.uleb128 0x13
 1143 0146 02       		.uleb128 0x2
 1144 0147 17       		.uleb128 0x17
 1145 0148 00       		.byte	0
 1146 0149 00       		.byte	0
 1147 014a 1A       		.uleb128 0x1a
 1148 014b 0B       		.uleb128 0xb
 1149 014c 01       		.byte	0x1
 1150 014d 11       		.uleb128 0x11
 1151 014e 01       		.uleb128 0x1
 1152 014f 12       		.uleb128 0x12
 1153 0150 06       		.uleb128 0x6
 1154 0151 01       		.uleb128 0x1
 1155 0152 13       		.uleb128 0x13
 1156 0153 00       		.byte	0
 1157 0154 00       		.byte	0
 1158 0155 1B       		.uleb128 0x1b
 1159 0156 34       		.uleb128 0x34
 1160 0157 00       		.byte	0
 1161 0158 31       		.uleb128 0x31
 1162 0159 13       		.uleb128 0x13
 1163 015a 02       		.uleb128 0x2
 1164 015b 18       		.uleb128 0x18
 1165 015c 00       		.byte	0
 1166 015d 00       		.byte	0
 1167 015e 1C       		.uleb128 0x1c
 1168 015f 1D       		.uleb128 0x1d
 1169 0160 01       		.byte	0x1
 1170 0161 31       		.uleb128 0x31
 1171 0162 13       		.uleb128 0x13
 1172 0163 52       		.uleb128 0x52
 1173 0164 01       		.uleb128 0x1
 1174 0165 55       		.uleb128 0x55
 1175 0166 17       		.uleb128 0x17
 1176 0167 58       		.uleb128 0x58
 1177 0168 0B       		.uleb128 0xb
 1178 0169 59       		.uleb128 0x59
 1179 016a 0B       		.uleb128 0xb
 1180 016b 01       		.uleb128 0x1
 1181 016c 13       		.uleb128 0x13
 1182 016d 00       		.byte	0
 1183 016e 00       		.byte	0
 1184 016f 1D       		.uleb128 0x1d
 1185 0170 0B       		.uleb128 0xb
 1186 0171 01       		.byte	0x1
 1187 0172 55       		.uleb128 0x55
 1188 0173 17       		.uleb128 0x17
 1189 0174 00       		.byte	0
 1190 0175 00       		.byte	0
ARM GAS  /tmp/ccfjNpd8.s 			page 22


 1191 0176 1E       		.uleb128 0x1e
 1192 0177 34       		.uleb128 0x34
 1193 0178 00       		.byte	0
 1194 0179 31       		.uleb128 0x31
 1195 017a 13       		.uleb128 0x13
 1196 017b 02       		.uleb128 0x2
 1197 017c 17       		.uleb128 0x17
 1198 017d 00       		.byte	0
 1199 017e 00       		.byte	0
 1200 017f 1F       		.uleb128 0x1f
 1201 0180 2E       		.uleb128 0x2e
 1202 0181 01       		.byte	0x1
 1203 0182 31       		.uleb128 0x31
 1204 0183 13       		.uleb128 0x13
 1205 0184 11       		.uleb128 0x11
 1206 0185 01       		.uleb128 0x1
 1207 0186 12       		.uleb128 0x12
 1208 0187 06       		.uleb128 0x6
 1209 0188 40       		.uleb128 0x40
 1210 0189 18       		.uleb128 0x18
 1211 018a 9642     		.uleb128 0x2116
 1212 018c 19       		.uleb128 0x19
 1213 018d 01       		.uleb128 0x1
 1214 018e 13       		.uleb128 0x13
 1215 018f 00       		.byte	0
 1216 0190 00       		.byte	0
 1217 0191 20       		.uleb128 0x20
 1218 0192 2E       		.uleb128 0x2e
 1219 0193 01       		.byte	0x1
 1220 0194 3F       		.uleb128 0x3f
 1221 0195 19       		.uleb128 0x19
 1222 0196 03       		.uleb128 0x3
 1223 0197 0E       		.uleb128 0xe
 1224 0198 3A       		.uleb128 0x3a
 1225 0199 0B       		.uleb128 0xb
 1226 019a 3B       		.uleb128 0x3b
 1227 019b 0B       		.uleb128 0xb
 1228 019c 27       		.uleb128 0x27
 1229 019d 19       		.uleb128 0x19
 1230 019e 49       		.uleb128 0x49
 1231 019f 13       		.uleb128 0x13
 1232 01a0 11       		.uleb128 0x11
 1233 01a1 01       		.uleb128 0x1
 1234 01a2 12       		.uleb128 0x12
 1235 01a3 06       		.uleb128 0x6
 1236 01a4 40       		.uleb128 0x40
 1237 01a5 18       		.uleb128 0x18
 1238 01a6 9642     		.uleb128 0x2116
 1239 01a8 19       		.uleb128 0x19
 1240 01a9 01       		.uleb128 0x1
 1241 01aa 13       		.uleb128 0x13
 1242 01ab 00       		.byte	0
 1243 01ac 00       		.byte	0
 1244 01ad 21       		.uleb128 0x21
 1245 01ae 34       		.uleb128 0x34
 1246 01af 00       		.byte	0
 1247 01b0 03       		.uleb128 0x3
ARM GAS  /tmp/ccfjNpd8.s 			page 23


 1248 01b1 0E       		.uleb128 0xe
 1249 01b2 3A       		.uleb128 0x3a
 1250 01b3 0B       		.uleb128 0xb
 1251 01b4 3B       		.uleb128 0x3b
 1252 01b5 0B       		.uleb128 0xb
 1253 01b6 49       		.uleb128 0x49
 1254 01b7 13       		.uleb128 0x13
 1255 01b8 02       		.uleb128 0x2
 1256 01b9 18       		.uleb128 0x18
 1257 01ba 00       		.byte	0
 1258 01bb 00       		.byte	0
 1259 01bc 22       		.uleb128 0x22
 1260 01bd 34       		.uleb128 0x34
 1261 01be 00       		.byte	0
 1262 01bf 03       		.uleb128 0x3
 1263 01c0 08       		.uleb128 0x8
 1264 01c1 3A       		.uleb128 0x3a
 1265 01c2 0B       		.uleb128 0xb
 1266 01c3 3B       		.uleb128 0x3b
 1267 01c4 0B       		.uleb128 0xb
 1268 01c5 49       		.uleb128 0x49
 1269 01c6 13       		.uleb128 0x13
 1270 01c7 02       		.uleb128 0x2
 1271 01c8 18       		.uleb128 0x18
 1272 01c9 00       		.byte	0
 1273 01ca 00       		.byte	0
 1274 01cb 23       		.uleb128 0x23
 1275 01cc 2E       		.uleb128 0x2e
 1276 01cd 01       		.byte	0x1
 1277 01ce 31       		.uleb128 0x31
 1278 01cf 13       		.uleb128 0x13
 1279 01d0 11       		.uleb128 0x11
 1280 01d1 01       		.uleb128 0x1
 1281 01d2 12       		.uleb128 0x12
 1282 01d3 06       		.uleb128 0x6
 1283 01d4 40       		.uleb128 0x40
 1284 01d5 18       		.uleb128 0x18
 1285 01d6 9742     		.uleb128 0x2117
 1286 01d8 19       		.uleb128 0x19
 1287 01d9 01       		.uleb128 0x1
 1288 01da 13       		.uleb128 0x13
 1289 01db 00       		.byte	0
 1290 01dc 00       		.byte	0
 1291 01dd 24       		.uleb128 0x24
 1292 01de 05       		.uleb128 0x5
 1293 01df 00       		.byte	0
 1294 01e0 31       		.uleb128 0x31
 1295 01e1 13       		.uleb128 0x13
 1296 01e2 02       		.uleb128 0x2
 1297 01e3 18       		.uleb128 0x18
 1298 01e4 00       		.byte	0
 1299 01e5 00       		.byte	0
 1300 01e6 25       		.uleb128 0x25
 1301 01e7 2E       		.uleb128 0x2e
 1302 01e8 01       		.byte	0x1
 1303 01e9 31       		.uleb128 0x31
 1304 01ea 13       		.uleb128 0x13
ARM GAS  /tmp/ccfjNpd8.s 			page 24


 1305 01eb 11       		.uleb128 0x11
 1306 01ec 01       		.uleb128 0x1
 1307 01ed 12       		.uleb128 0x12
 1308 01ee 06       		.uleb128 0x6
 1309 01ef 40       		.uleb128 0x40
 1310 01f0 18       		.uleb128 0x18
 1311 01f1 9742     		.uleb128 0x2117
 1312 01f3 19       		.uleb128 0x19
 1313 01f4 00       		.byte	0
 1314 01f5 00       		.byte	0
 1315 01f6 00       		.byte	0
 1316              		.section	.debug_loc,"",%progbits
 1317              	.Ldebug_loc0:
 1318              	.LLST0:
 1319 0000 00000000 		.4byte	.LVL1
 1320 0004 1C000000 		.4byte	.LVL5
 1321 0008 0100     		.2byte	0x1
 1322 000a 51       		.byte	0x51
 1323 000b 1C000000 		.4byte	.LVL5
 1324 000f 24000000 		.4byte	.LFE8
 1325 0013 0100     		.2byte	0x1
 1326 0015 51       		.byte	0x51
 1327 0016 00000000 		.4byte	0
 1328 001a 00000000 		.4byte	0
 1329              	.LLST1:
 1330 001e 00000000 		.4byte	.LVL1
 1331 0022 04000000 		.4byte	.LVL2
 1332 0026 0100     		.2byte	0x1
 1333 0028 52       		.byte	0x52
 1334 0029 04000000 		.4byte	.LVL2
 1335 002d 1A000000 		.4byte	.LVL4
 1336 0031 0100     		.2byte	0x1
 1337 0033 52       		.byte	0x52
 1338 0034 1A000000 		.4byte	.LVL4
 1339 0038 1C000000 		.4byte	.LVL5
 1340 003c 0300     		.2byte	0x3
 1341 003e 72       		.byte	0x72
 1342 003f 01       		.sleb128 1
 1343 0040 9F       		.byte	0x9f
 1344 0041 00000000 		.4byte	0
 1345 0045 00000000 		.4byte	0
 1346              	.LLST2:
 1347 0049 04000000 		.4byte	.LVL2
 1348 004d 1C000000 		.4byte	.LVL5
 1349 0051 0100     		.2byte	0x1
 1350 0053 51       		.byte	0x51
 1351 0054 1C000000 		.4byte	.LVL5
 1352 0058 1E000000 		.4byte	.LVL6
 1353 005c 0200     		.2byte	0x2
 1354 005e 70       		.byte	0x70
 1355 005f 00       		.sleb128 0
 1356 0060 00000000 		.4byte	0
 1357 0064 00000000 		.4byte	0
 1358              	.LLST3:
 1359 0068 04000000 		.4byte	.LVL2
 1360 006c 1E000000 		.4byte	.LVL6
 1361 0070 0100     		.2byte	0x1
ARM GAS  /tmp/ccfjNpd8.s 			page 25


 1362 0072 50       		.byte	0x50
 1363 0073 00000000 		.4byte	0
 1364 0077 00000000 		.4byte	0
 1365              	.LLST4:
 1366 007b 0A000000 		.4byte	.LVL3
 1367 007f 1C000000 		.4byte	.LVL5
 1368 0083 0100     		.2byte	0x1
 1369 0085 51       		.byte	0x51
 1370 0086 1C000000 		.4byte	.LVL5
 1371 008a 1E000000 		.4byte	.LVL6
 1372 008e 0200     		.2byte	0x2
 1373 0090 70       		.byte	0x70
 1374 0091 00       		.sleb128 0
 1375 0092 00000000 		.4byte	0
 1376 0096 00000000 		.4byte	0
 1377              	.LLST5:
 1378 009a 0A000000 		.4byte	.LVL3
 1379 009e 1E000000 		.4byte	.LVL6
 1380 00a2 0100     		.2byte	0x1
 1381 00a4 50       		.byte	0x50
 1382 00a5 00000000 		.4byte	0
 1383 00a9 00000000 		.4byte	0
 1384              	.LLST7:
 1385 00ad 00000000 		.4byte	.LVL7
 1386 00b1 06000000 		.4byte	.LVL8
 1387 00b5 0100     		.2byte	0x1
 1388 00b7 50       		.byte	0x50
 1389 00b8 06000000 		.4byte	.LVL8
 1390 00bc 15000000 		.4byte	.LVL11-1
 1391 00c0 0100     		.2byte	0x1
 1392 00c2 53       		.byte	0x53
 1393 00c3 15000000 		.4byte	.LVL11-1
 1394 00c7 18000000 		.4byte	.LFE9
 1395 00cb 0400     		.2byte	0x4
 1396 00cd F3       		.byte	0xf3
 1397 00ce 01       		.uleb128 0x1
 1398 00cf 50       		.byte	0x50
 1399 00d0 9F       		.byte	0x9f
 1400 00d1 00000000 		.4byte	0
 1401 00d5 00000000 		.4byte	0
 1402              	.LLST8:
 1403 00d9 06000000 		.4byte	.LVL8
 1404 00dd 14000000 		.4byte	.LVL10
 1405 00e1 0100     		.2byte	0x1
 1406 00e3 50       		.byte	0x50
 1407 00e4 14000000 		.4byte	.LVL10
 1408 00e8 15000000 		.4byte	.LVL11-1
 1409 00ec 0200     		.2byte	0x2
 1410 00ee 73       		.byte	0x73
 1411 00ef 00       		.sleb128 0
 1412 00f0 16000000 		.4byte	.LVL11
 1413 00f4 18000000 		.4byte	.LFE9
 1414 00f8 0100     		.2byte	0x1
 1415 00fa 50       		.byte	0x50
 1416 00fb 00000000 		.4byte	0
 1417 00ff 00000000 		.4byte	0
 1418              	.LLST9:
ARM GAS  /tmp/ccfjNpd8.s 			page 26


 1419 0103 00000000 		.4byte	.LVL12
 1420 0107 0C000000 		.4byte	.LVL14
 1421 010b 0100     		.2byte	0x1
 1422 010d 50       		.byte	0x50
 1423 010e 0C000000 		.4byte	.LVL14
 1424 0112 23000000 		.4byte	.LVL16-1
 1425 0116 0100     		.2byte	0x1
 1426 0118 52       		.byte	0x52
 1427 0119 23000000 		.4byte	.LVL16-1
 1428 011d 2C000000 		.4byte	.LFE10
 1429 0121 0400     		.2byte	0x4
 1430 0123 F3       		.byte	0xf3
 1431 0124 01       		.uleb128 0x1
 1432 0125 50       		.byte	0x50
 1433 0126 9F       		.byte	0x9f
 1434 0127 00000000 		.4byte	0
 1435 012b 00000000 		.4byte	0
 1436              	.LLST10:
 1437 012f 0A000000 		.4byte	.LVL13
 1438 0133 0C000000 		.4byte	.LVL14
 1439 0137 0100     		.2byte	0x1
 1440 0139 50       		.byte	0x50
 1441 013a 0C000000 		.4byte	.LVL14
 1442 013e 23000000 		.4byte	.LVL16-1
 1443 0142 0100     		.2byte	0x1
 1444 0144 52       		.byte	0x52
 1445 0145 23000000 		.4byte	.LVL16-1
 1446 0149 2C000000 		.4byte	.LFE10
 1447 014d 0400     		.2byte	0x4
 1448 014f F3       		.byte	0xf3
 1449 0150 01       		.uleb128 0x1
 1450 0151 50       		.byte	0x50
 1451 0152 9F       		.byte	0x9f
 1452 0153 00000000 		.4byte	0
 1453 0157 00000000 		.4byte	0
 1454              	.LLST11:
 1455 015b 0C000000 		.4byte	.LVL14
 1456 015f 22000000 		.4byte	.LVL15
 1457 0163 0100     		.2byte	0x1
 1458 0165 50       		.byte	0x50
 1459 0166 22000000 		.4byte	.LVL15
 1460 016a 23000000 		.4byte	.LVL16-1
 1461 016e 0200     		.2byte	0x2
 1462 0170 72       		.byte	0x72
 1463 0171 00       		.sleb128 0
 1464 0172 24000000 		.4byte	.LVL16
 1465 0176 2C000000 		.4byte	.LFE10
 1466 017a 0100     		.2byte	0x1
 1467 017c 50       		.byte	0x50
 1468 017d 00000000 		.4byte	0
 1469 0181 00000000 		.4byte	0
 1470              		.section	.debug_aranges,"",%progbits
 1471 0000 44000000 		.4byte	0x44
 1472 0004 0200     		.2byte	0x2
 1473 0006 00000000 		.4byte	.Ldebug_info0
 1474 000a 04       		.byte	0x4
 1475 000b 00       		.byte	0
ARM GAS  /tmp/ccfjNpd8.s 			page 27


 1476 000c 0000     		.2byte	0
 1477 000e 0000     		.2byte	0
 1478 0010 00000000 		.4byte	.LFB7
 1479 0014 0A000000 		.4byte	.LFE7-.LFB7
 1480 0018 00000000 		.4byte	.LFB8
 1481 001c 24000000 		.4byte	.LFE8-.LFB8
 1482 0020 00000000 		.4byte	.LFB9
 1483 0024 18000000 		.4byte	.LFE9-.LFB9
 1484 0028 00000000 		.4byte	.LFB10
 1485 002c 2C000000 		.4byte	.LFE10-.LFB10
 1486 0030 00000000 		.4byte	.LFB11
 1487 0034 08000000 		.4byte	.LFE11-.LFB11
 1488 0038 00000000 		.4byte	.LFB12
 1489 003c 14000000 		.4byte	.LFE12-.LFB12
 1490 0040 00000000 		.4byte	0
 1491 0044 00000000 		.4byte	0
 1492              		.section	.debug_ranges,"",%progbits
 1493              	.Ldebug_ranges0:
 1494 0000 0A000000 		.4byte	.LBB18
 1495 0004 0C000000 		.4byte	.LBE18
 1496 0008 0E000000 		.4byte	.LBB22
 1497 000c 12000000 		.4byte	.LBE22
 1498 0010 00000000 		.4byte	0
 1499 0014 00000000 		.4byte	0
 1500 0018 0C000000 		.4byte	.LBB21
 1501 001c 0E000000 		.4byte	.LBE21
 1502 0020 12000000 		.4byte	.LBB23
 1503 0024 16000000 		.4byte	.LBE23
 1504 0028 00000000 		.4byte	0
 1505 002c 00000000 		.4byte	0
 1506 0030 0A000000 		.4byte	.LBB25
 1507 0034 12000000 		.4byte	.LBE25
 1508 0038 1A000000 		.4byte	.LBB29
 1509 003c 24000000 		.4byte	.LBE29
 1510 0040 00000000 		.4byte	0
 1511 0044 00000000 		.4byte	0
 1512 0048 12000000 		.4byte	.LBB28
 1513 004c 18000000 		.4byte	.LBE28
 1514 0050 24000000 		.4byte	.LBB30
 1515 0054 2A000000 		.4byte	.LBE30
 1516 0058 00000000 		.4byte	0
 1517 005c 00000000 		.4byte	0
 1518 0060 06000000 		.4byte	.LBB32
 1519 0064 08000000 		.4byte	.LBE32
 1520 0068 0A000000 		.4byte	.LBB36
 1521 006c 0E000000 		.4byte	.LBE36
 1522 0070 00000000 		.4byte	0
 1523 0074 00000000 		.4byte	0
 1524 0078 08000000 		.4byte	.LBB35
 1525 007c 0A000000 		.4byte	.LBE35
 1526 0080 0E000000 		.4byte	.LBB37
 1527 0084 14000000 		.4byte	.LBE37
 1528 0088 00000000 		.4byte	0
 1529 008c 00000000 		.4byte	0
 1530 0090 00000000 		.4byte	.LFB7
 1531 0094 0A000000 		.4byte	.LFE7
 1532 0098 00000000 		.4byte	.LFB8
ARM GAS  /tmp/ccfjNpd8.s 			page 28


 1533 009c 24000000 		.4byte	.LFE8
 1534 00a0 00000000 		.4byte	.LFB9
 1535 00a4 18000000 		.4byte	.LFE9
 1536 00a8 00000000 		.4byte	.LFB10
 1537 00ac 2C000000 		.4byte	.LFE10
 1538 00b0 00000000 		.4byte	.LFB11
 1539 00b4 08000000 		.4byte	.LFE11
 1540 00b8 00000000 		.4byte	.LFB12
 1541 00bc 14000000 		.4byte	.LFE12
 1542 00c0 00000000 		.4byte	0
 1543 00c4 00000000 		.4byte	0
 1544              		.section	.debug_line,"",%progbits
 1545              	.Ldebug_line0:
 1546 0000 C4010000 		.section	.debug_str,"MS",%progbits,1
 1546      02001901 
 1546      00000201 
 1546      FB0E0D00 
 1546      01010101 
 1547              	.LASF3:
 1548 0000 5F5F7569 		.ascii	"__uint8_t\000"
 1548      6E74385F 
 1548      7400
 1549              	.LASF2:
 1550 000a 73697A65 		.ascii	"size_t\000"
 1550      5F7400
 1551              	.LASF32:
 1552 0011 2F686F6D 		.ascii	"/home/mo/ARMProjects/STM32F4/ChibiOS/src\000"
 1552      652F6D6F 
 1552      2F41524D 
 1552      50726F6A 
 1552      65637473 
 1553              	.LASF19:
 1554 003a 6D705F6F 		.ascii	"mp_object_size\000"
 1554      626A6563 
 1554      745F7369 
 1554      7A6500
 1555              	.LASF29:
 1556 0049 6368506F 		.ascii	"chPoolLoadArray\000"
 1556      6F6C4C6F 
 1556      61644172 
 1556      72617900 
 1557              	.LASF33:
 1558 0059 706F6F6C 		.ascii	"pool_header\000"
 1558      5F686561 
 1558      64657200 
 1559              	.LASF26:
 1560 0065 73697A65 		.ascii	"size\000"
 1560      00
 1561              	.LASF9:
 1562 006a 6C6F6E67 		.ascii	"long unsigned int\000"
 1562      20756E73 
 1562      69676E65 
 1562      6420696E 
 1562      7400
 1563              	.LASF6:
 1564 007c 73686F72 		.ascii	"short unsigned int\000"
 1564      7420756E 
ARM GAS  /tmp/ccfjNpd8.s 			page 29


 1564      7369676E 
 1564      65642069 
 1564      6E7400
 1565              	.LASF27:
 1566 008f 70726F76 		.ascii	"provider\000"
 1566      69646572 
 1566      00
 1567              	.LASF24:
 1568 0098 6368506F 		.ascii	"chPoolFreeI\000"
 1568      6F6C4672 
 1568      65654900 
 1569              	.LASF4:
 1570 00a4 756E7369 		.ascii	"unsigned char\000"
 1570      676E6564 
 1570      20636861 
 1570      7200
 1571              	.LASF8:
 1572 00b2 5F5F7569 		.ascii	"__uint32_t\000"
 1572      6E743332 
 1572      5F7400
 1573              	.LASF25:
 1574 00bd 6368506F 		.ascii	"chPoolFree\000"
 1574      6F6C4672 
 1574      656500
 1575              	.LASF21:
 1576 00c8 4D656D6F 		.ascii	"MemoryPool\000"
 1576      7279506F 
 1576      6F6C00
 1577              	.LASF23:
 1578 00d3 6F626A70 		.ascii	"objp\000"
 1578      00
 1579              	.LASF30:
 1580 00d8 474E5520 		.ascii	"GNU C 4.8.2 -mcpu=cortex-m4 -mno-thumb-interwork -m"
 1580      4320342E 
 1580      382E3220 
 1580      2D6D6370 
 1580      753D636F 
 1581 010b 7468756D 		.ascii	"thumb -ggdb -O2 -fomit-frame-pointer -falign-functi"
 1581      62202D67 
 1581      67646220 
 1581      2D4F3220 
 1581      2D666F6D 
 1582 013e 6F6E733D 		.ascii	"ons=16 -ffunction-sections -fdata-sections -fno-com"
 1582      3136202D 
 1582      6666756E 
 1582      6374696F 
 1582      6E2D7365 
 1583 0171 6D6F6E00 		.ascii	"mon\000"
 1584              	.LASF34:
 1585 0175 6368506F 		.ascii	"chPoolAllocI\000"
 1585      6F6C416C 
 1585      6C6F6349 
 1585      00
 1586              	.LASF0:
 1587 0182 756E7369 		.ascii	"unsigned int\000"
 1587      676E6564 
 1587      20696E74 
ARM GAS  /tmp/ccfjNpd8.s 			page 30


 1587      00
 1588              	.LASF11:
 1589 018f 6C6F6E67 		.ascii	"long long unsigned int\000"
 1589      206C6F6E 
 1589      6720756E 
 1589      7369676E 
 1589      65642069 
 1590              	.LASF12:
 1591 01a6 75696E74 		.ascii	"uint8_t\000"
 1591      385F7400 
 1592              	.LASF17:
 1593 01ae 70685F6E 		.ascii	"ph_next\000"
 1593      65787400 
 1594              	.LASF15:
 1595 01b6 73697A65 		.ascii	"sizetype\000"
 1595      74797065 
 1595      00
 1596              	.LASF10:
 1597 01bf 6C6F6E67 		.ascii	"long long int\000"
 1597      206C6F6E 
 1597      6720696E 
 1597      7400
 1598              	.LASF22:
 1599 01cd 63686172 		.ascii	"char\000"
 1599      00
 1600              	.LASF16:
 1601 01d2 6D656D67 		.ascii	"memgetfunc_t\000"
 1601      65746675 
 1601      6E635F74 
 1601      00
 1602              	.LASF20:
 1603 01df 6D705F70 		.ascii	"mp_provider\000"
 1603      726F7669 
 1603      64657200 
 1604              	.LASF5:
 1605 01eb 73686F72 		.ascii	"short int\000"
 1605      7420696E 
 1605      7400
 1606              	.LASF35:
 1607 01f5 6368506F 		.ascii	"chPoolAlloc\000"
 1607      6F6C416C 
 1607      6C6F6300 
 1608              	.LASF13:
 1609 0201 75696E74 		.ascii	"uint32_t\000"
 1609      33325F74 
 1609      00
 1610              	.LASF7:
 1611 020a 6C6F6E67 		.ascii	"long int\000"
 1611      20696E74 
 1611      00
 1612              	.LASF31:
 1613 0213 2E2E2F69 		.ascii	"../include/ChibiOS_2.6.5/os/kernel/src/chmempools.c"
 1613      6E636C75 
 1613      64652F43 
 1613      68696269 
 1613      4F535F32 
 1614 0246 00       		.ascii	"\000"
ARM GAS  /tmp/ccfjNpd8.s 			page 31


 1615              	.LASF1:
 1616 0247 7369676E 		.ascii	"signed char\000"
 1616      65642063 
 1616      68617200 
 1617              	.LASF18:
 1618 0253 6D705F6E 		.ascii	"mp_next\000"
 1618      65787400 
 1619              	.LASF14:
 1620 025b 5F426F6F 		.ascii	"_Bool\000"
 1620      6C00
 1621              	.LASF28:
 1622 0261 6368506F 		.ascii	"chPoolInit\000"
 1622      6F6C496E 
 1622      697400
 1623              		.ident	"GCC: (4.8.2-14ubuntu1+6) 4.8.2"
ARM GAS  /tmp/ccfjNpd8.s 			page 32


DEFINED SYMBOLS
                            *ABS*:0000000000000000 chmempools.c
     /tmp/ccfjNpd8.s:19     .text.chPoolInit:0000000000000000 $t
     /tmp/ccfjNpd8.s:25     .text.chPoolInit:0000000000000000 chPoolInit
     /tmp/ccfjNpd8.s:47     .text.chPoolLoadArray:0000000000000000 $t
     /tmp/ccfjNpd8.s:53     .text.chPoolLoadArray:0000000000000000 chPoolLoadArray
     /tmp/ccfjNpd8.s:123    .text.chPoolAllocI:0000000000000000 $t
     /tmp/ccfjNpd8.s:129    .text.chPoolAllocI:0000000000000000 chPoolAllocI
     /tmp/ccfjNpd8.s:167    .text.chPoolAlloc:0000000000000000 $t
     /tmp/ccfjNpd8.s:173    .text.chPoolAlloc:0000000000000000 chPoolAlloc
     /tmp/ccfjNpd8.s:245    .text.chPoolFreeI:0000000000000000 $t
     /tmp/ccfjNpd8.s:251    .text.chPoolFreeI:0000000000000000 chPoolFreeI
     /tmp/ccfjNpd8.s:269    .text.chPoolFree:0000000000000000 $t
     /tmp/ccfjNpd8.s:275    .text.chPoolFree:0000000000000000 chPoolFree
                     .debug_frame:0000000000000010 $d

NO UNDEFINED SYMBOLS
