ARM GAS  /tmp/ccbgHlj5.s 			page 1


   1              		.syntax unified
   2              		.cpu cortex-m4
   3              		.fpu softvfp
   4              		.eabi_attribute 20, 1
   5              		.eabi_attribute 21, 1
   6              		.eabi_attribute 23, 3
   7              		.eabi_attribute 24, 1
   8              		.eabi_attribute 25, 1
   9              		.eabi_attribute 26, 1
  10              		.eabi_attribute 30, 2
  11              		.eabi_attribute 34, 1
  12              		.eabi_attribute 18, 4
  13              		.thumb
  14              		.file	"chvt.c"
  15              		.text
  16              	.Ltext0:
  17              		.cfi_sections	.debug_frame
  18              		.section	.text._vt_init,"ax",%progbits
  19              		.align	2
  20              		.p2align 4,,15
  21              		.global	_vt_init
  22              		.thumb
  23              		.thumb_func
  24              		.type	_vt_init, %function
  25              	_vt_init:
  26              	.LFB7:
  27              		.file 1 "../include/ChibiOS_2.6.5/os/kernel/src/chvt.c"
  28              		.loc 1 50 0
  29              		.cfi_startproc
  30              		@ args = 0, pretend = 0, frame = 0
  31              		@ frame_needed = 0, uses_anonymous_args = 0
  32              		@ link register save eliminated.
  33              		.loc 1 52 0
  34 0000 40F20003 		movw	r3, #:lower16:.LANCHOR0
  35 0004 C0F20003 		movt	r3, #:upper16:.LANCHOR0
  36              		.loc 1 53 0
  37 0008 4FF0FF31 		mov	r1, #-1
  38              		.loc 1 54 0
  39 000c 0022     		movs	r2, #0
  40              		.loc 1 52 0
  41 000e 5B60     		str	r3, [r3, #4]
  42 0010 1B60     		str	r3, [r3]
  43              		.loc 1 53 0
  44 0012 9960     		str	r1, [r3, #8]
  45              		.loc 1 54 0
  46 0014 DA60     		str	r2, [r3, #12]
  47 0016 7047     		bx	lr
  48              		.cfi_endproc
  49              	.LFE7:
  50              		.size	_vt_init, .-_vt_init
  51 0018 AFF30080 		.section	.text.chVTSetI,"ax",%progbits
  51      AFF30080 
  52              		.align	2
  53              		.p2align 4,,15
  54              		.global	chVTSetI
  55              		.thumb
  56              		.thumb_func
ARM GAS  /tmp/ccbgHlj5.s 			page 2


  57              		.type	chVTSetI, %function
  58              	chVTSetI:
  59              	.LFB8:
  60              		.loc 1 76 0
  61              		.cfi_startproc
  62              		@ args = 0, pretend = 0, frame = 0
  63              		@ frame_needed = 0, uses_anonymous_args = 0
  64              		@ link register save eliminated.
  65              	.LVL0:
  66 0000 30B4     		push	{r4, r5}
  67              		.cfi_def_cfa_offset 8
  68              		.cfi_offset 4, -8
  69              		.cfi_offset 5, -4
  70              		.loc 1 85 0
  71 0002 40F20005 		movw	r5, #:lower16:.LANCHOR0
  72 0006 C0F20005 		movt	r5, #:upper16:.LANCHOR0
  73              		.loc 1 83 0
  74 000a 0361     		str	r3, [r0, #16]
  75              		.loc 1 85 0
  76 000c 2C68     		ldr	r4, [r5]
  77              	.LVL1:
  78              		.loc 1 86 0
  79 000e A368     		ldr	r3, [r4, #8]
  80              	.LVL2:
  81              		.loc 1 84 0
  82 0010 C260     		str	r2, [r0, #12]
  83              		.loc 1 86 0
  84 0012 9942     		cmp	r1, r3
  85 0014 04D9     		bls	.L3
  86              	.L4:
  87              		.loc 1 88 0
  88 0016 2468     		ldr	r4, [r4]
  89              	.LVL3:
  90              		.loc 1 87 0
  91 0018 C91A     		subs	r1, r1, r3
  92              	.LVL4:
  93              		.loc 1 86 0
  94 001a A368     		ldr	r3, [r4, #8]
  95 001c 8B42     		cmp	r3, r1
  96 001e FAD3     		bcc	.L4
  97              	.L3:
  98              		.loc 1 91 0
  99 0020 6368     		ldr	r3, [r4, #4]
 100 0022 0460     		str	r4, [r0]
 101 0024 4360     		str	r3, [r0, #4]
 102              		.loc 1 94 0
 103 0026 AC42     		cmp	r4, r5
 104              		.loc 1 92 0
 105 0028 6060     		str	r0, [r4, #4]
 106 002a 1860     		str	r0, [r3]
 107              		.loc 1 93 0
 108 002c 8160     		str	r1, [r0, #8]
 109              		.loc 1 95 0
 110 002e 1EBF     		ittt	ne
 111 0030 A368     		ldrne	r3, [r4, #8]
 112 0032 C1EB0301 		rsbne	r1, r1, r3
 113              	.LVL5:
ARM GAS  /tmp/ccbgHlj5.s 			page 3


 114 0036 A160     		strne	r1, [r4, #8]
 115              	.LVL6:
 116              		.loc 1 96 0
 117 0038 30BC     		pop	{r4, r5}
 118              	.LVL7:
 119 003a 7047     		bx	lr
 120              		.cfi_endproc
 121              	.LFE8:
 122              		.size	chVTSetI, .-chVTSetI
 123 003c AFF30080 		.section	.text.chVTResetI,"ax",%progbits
 124              		.align	2
 125              		.p2align 4,,15
 126              		.global	chVTResetI
 127              		.thumb
 128              		.thumb_func
 129              		.type	chVTResetI, %function
 130              	chVTResetI:
 131              	.LFB9:
 132              		.loc 1 106 0
 133              		.cfi_startproc
 134              		@ args = 0, pretend = 0, frame = 0
 135              		@ frame_needed = 0, uses_anonymous_args = 0
 136              		@ link register save eliminated.
 137              	.LVL8:
 138              		.loc 1 114 0
 139 0000 0368     		ldr	r3, [r0]
 140 0002 40F20002 		movw	r2, #:lower16:.LANCHOR0
 141 0006 C0F20002 		movt	r2, #:upper16:.LANCHOR0
 142 000a 9342     		cmp	r3, r2
 143              		.loc 1 115 0
 144 000c 1FBF     		itttt	ne
 145 000e 9968     		ldrne	r1, [r3, #8]
 146 0010 8268     		ldrne	r2, [r0, #8]
 147 0012 5218     		addne	r2, r2, r1
 148 0014 9A60     		strne	r2, [r3, #8]
 149              		.loc 1 116 0
 150 0016 4268     		ldr	r2, [r0, #4]
 151 0018 1360     		str	r3, [r2]
 152              		.loc 1 117 0
 153 001a 0368     		ldr	r3, [r0]
 154              		.loc 1 118 0
 155 001c 0021     		movs	r1, #0
 156              		.loc 1 117 0
 157 001e 5A60     		str	r2, [r3, #4]
 158              		.loc 1 118 0
 159 0020 C160     		str	r1, [r0, #12]
 160 0022 7047     		bx	lr
 161              		.cfi_endproc
 162              	.LFE9:
 163              		.size	chVTResetI, .-chVTResetI
 164              		.global	vtlist
 165 0024 AFF30080 		.section	.bss.vtlist,"aw",%nobits
 165      AFF30080 
 165      AFF30080 
 166              		.align	2
 167              		.set	.LANCHOR0,. + 0
 168              		.type	vtlist, %object
ARM GAS  /tmp/ccbgHlj5.s 			page 4


 169              		.size	vtlist, 16
 170              	vtlist:
 171 0000 00000000 		.space	16
 171      00000000 
 171      00000000 
 171      00000000 
 172              		.text
 173              	.Letext0:
 174              		.file 2 "/usr/include/newlib/machine/_default_types.h"
 175              		.file 3 "/usr/include/newlib/stdint.h"
 176              		.file 4 "../include/ChibiOS_2.6.5/os/ports/GCC/ARMCMx/chtypes.h"
 177              		.file 5 "../include/ChibiOS_2.6.5/os/kernel/include/chvt.h"
 178              		.section	.debug_info,"",%progbits
 179              	.Ldebug_info0:
 180 0000 FF010000 		.4byte	0x1ff
 181 0004 0400     		.2byte	0x4
 182 0006 00000000 		.4byte	.Ldebug_abbrev0
 183 000a 04       		.byte	0x4
 184 000b 01       		.uleb128 0x1
 185 000c C7000000 		.4byte	.LASF28
 186 0010 01       		.byte	0x1
 187 0011 99000000 		.4byte	.LASF29
 188 0015 09000000 		.4byte	.LASF30
 189 0019 00000000 		.4byte	.Ldebug_ranges0+0
 190 001d 00000000 		.4byte	0
 191 0021 00000000 		.4byte	.Ldebug_line0
 192 0025 02       		.uleb128 0x2
 193 0026 04       		.byte	0x4
 194 0027 05       		.byte	0x5
 195 0028 696E7400 		.ascii	"int\000"
 196 002c 03       		.uleb128 0x3
 197 002d 04       		.byte	0x4
 198 002e 07       		.byte	0x7
 199 002f 64010000 		.4byte	.LASF0
 200 0033 03       		.uleb128 0x3
 201 0034 01       		.byte	0x1
 202 0035 06       		.byte	0x6
 203 0036 FD010000 		.4byte	.LASF1
 204 003a 03       		.uleb128 0x3
 205 003b 01       		.byte	0x1
 206 003c 08       		.byte	0x8
 207 003d 77000000 		.4byte	.LASF2
 208 0041 03       		.uleb128 0x3
 209 0042 02       		.byte	0x2
 210 0043 05       		.byte	0x5
 211 0044 D9010000 		.4byte	.LASF3
 212 0048 03       		.uleb128 0x3
 213 0049 02       		.byte	0x2
 214 004a 07       		.byte	0x7
 215 004b 57000000 		.4byte	.LASF4
 216 004f 03       		.uleb128 0x3
 217 0050 04       		.byte	0x4
 218 0051 05       		.byte	0x5
 219 0052 F4010000 		.4byte	.LASF5
 220 0056 04       		.uleb128 0x4
 221 0057 8E000000 		.4byte	.LASF9
 222 005b 02       		.byte	0x2
ARM GAS  /tmp/ccbgHlj5.s 			page 5


 223 005c 38       		.byte	0x38
 224 005d 61000000 		.4byte	0x61
 225 0061 03       		.uleb128 0x3
 226 0062 04       		.byte	0x4
 227 0063 07       		.byte	0x7
 228 0064 45000000 		.4byte	.LASF6
 229 0068 03       		.uleb128 0x3
 230 0069 08       		.byte	0x8
 231 006a 05       		.byte	0x5
 232 006b B0010000 		.4byte	.LASF7
 233 006f 03       		.uleb128 0x3
 234 0070 08       		.byte	0x8
 235 0071 07       		.byte	0x7
 236 0072 71010000 		.4byte	.LASF8
 237 0076 04       		.uleb128 0x4
 238 0077 EB010000 		.4byte	.LASF10
 239 007b 03       		.byte	0x3
 240 007c 42       		.byte	0x42
 241 007d 56000000 		.4byte	0x56
 242 0081 03       		.uleb128 0x3
 243 0082 01       		.byte	0x1
 244 0083 02       		.byte	0x2
 245 0084 23020000 		.4byte	.LASF11
 246 0088 04       		.uleb128 0x4
 247 0089 32000000 		.4byte	.LASF12
 248 008d 04       		.byte	0x4
 249 008e 35       		.byte	0x35
 250 008f 76000000 		.4byte	0x76
 251 0093 05       		.uleb128 0x5
 252 0094 04       		.byte	0x4
 253 0095 03       		.uleb128 0x3
 254 0096 04       		.byte	0x4
 255 0097 07       		.byte	0x7
 256 0098 9C010000 		.4byte	.LASF13
 257 009c 04       		.uleb128 0x4
 258 009d 3C000000 		.4byte	.LASF14
 259 00a1 05       		.byte	0x5
 260 00a2 58       		.byte	0x58
 261 00a3 A7000000 		.4byte	0xa7
 262 00a7 06       		.uleb128 0x6
 263 00a8 04       		.byte	0x4
 264 00a9 AD000000 		.4byte	0xad
 265 00ad 07       		.uleb128 0x7
 266 00ae B8000000 		.4byte	0xb8
 267 00b2 08       		.uleb128 0x8
 268 00b3 93000000 		.4byte	0x93
 269 00b7 00       		.byte	0
 270 00b8 04       		.uleb128 0x4
 271 00b9 6A000000 		.4byte	.LASF15
 272 00bd 05       		.byte	0x5
 273 00be 5D       		.byte	0x5d
 274 00bf C3000000 		.4byte	0xc3
 275 00c3 09       		.uleb128 0x9
 276 00c4 6A000000 		.4byte	.LASF15
 277 00c8 14       		.byte	0x14
 278 00c9 05       		.byte	0x5
 279 00ca 64       		.byte	0x64
ARM GAS  /tmp/ccbgHlj5.s 			page 6


 280 00cb 0C010000 		.4byte	0x10c
 281 00cf 0A       		.uleb128 0xa
 282 00d0 10020000 		.4byte	.LASF16
 283 00d4 05       		.byte	0x5
 284 00d5 65       		.byte	0x65
 285 00d6 0C010000 		.4byte	0x10c
 286 00da 00       		.byte	0
 287 00db 0A       		.uleb128 0xa
 288 00dc E3010000 		.4byte	.LASF17
 289 00e0 05       		.byte	0x5
 290 00e1 67       		.byte	0x67
 291 00e2 0C010000 		.4byte	0x10c
 292 00e6 04       		.byte	0x4
 293 00e7 0A       		.uleb128 0xa
 294 00e8 94010000 		.4byte	.LASF18
 295 00ec 05       		.byte	0x5
 296 00ed 69       		.byte	0x69
 297 00ee 88000000 		.4byte	0x88
 298 00f2 08       		.byte	0x8
 299 00f3 0A       		.uleb128 0xa
 300 00f4 BE010000 		.4byte	.LASF19
 301 00f8 05       		.byte	0x5
 302 00f9 6A       		.byte	0x6a
 303 00fa 9C000000 		.4byte	0x9c
 304 00fe 0C       		.byte	0xc
 305 00ff 0A       		.uleb128 0xa
 306 0100 D2010000 		.4byte	.LASF20
 307 0104 05       		.byte	0x5
 308 0105 6C       		.byte	0x6c
 309 0106 93000000 		.4byte	0x93
 310 010a 10       		.byte	0x10
 311 010b 00       		.byte	0
 312 010c 06       		.uleb128 0x6
 313 010d 04       		.byte	0x4
 314 010e B8000000 		.4byte	0xb8
 315 0112 0B       		.uleb128 0xb
 316 0113 10       		.byte	0x10
 317 0114 05       		.byte	0x5
 318 0115 76       		.byte	0x76
 319 0116 4B010000 		.4byte	0x14b
 320 011a 0A       		.uleb128 0xa
 321 011b 10020000 		.4byte	.LASF16
 322 011f 05       		.byte	0x5
 323 0120 77       		.byte	0x77
 324 0121 0C010000 		.4byte	0x10c
 325 0125 00       		.byte	0
 326 0126 0A       		.uleb128 0xa
 327 0127 E3010000 		.4byte	.LASF17
 328 012b 05       		.byte	0x5
 329 012c 79       		.byte	0x79
 330 012d 0C010000 		.4byte	0x10c
 331 0131 04       		.byte	0x4
 332 0132 0A       		.uleb128 0xa
 333 0133 94010000 		.4byte	.LASF18
 334 0137 05       		.byte	0x5
 335 0138 7B       		.byte	0x7b
 336 0139 88000000 		.4byte	0x88
ARM GAS  /tmp/ccbgHlj5.s 			page 7


 337 013d 08       		.byte	0x8
 338 013e 0A       		.uleb128 0xa
 339 013f A5010000 		.4byte	.LASF21
 340 0143 05       		.byte	0x5
 341 0144 7C       		.byte	0x7c
 342 0145 4B010000 		.4byte	0x14b
 343 0149 0C       		.byte	0xc
 344 014a 00       		.byte	0
 345 014b 0C       		.uleb128 0xc
 346 014c 88000000 		.4byte	0x88
 347 0150 04       		.uleb128 0x4
 348 0151 09020000 		.4byte	.LASF22
 349 0155 05       		.byte	0x5
 350 0156 7D       		.byte	0x7d
 351 0157 12010000 		.4byte	0x112
 352 015b 03       		.uleb128 0x3
 353 015c 01       		.byte	0x1
 354 015d 08       		.byte	0x8
 355 015e CD010000 		.4byte	.LASF23
 356 0162 0D       		.uleb128 0xd
 357 0163 85000000 		.4byte	.LASF31
 358 0167 01       		.byte	0x1
 359 0168 32       		.byte	0x32
 360 0169 00000000 		.4byte	.LFB7
 361 016d 18000000 		.4byte	.LFE7-.LFB7
 362 0171 01       		.uleb128 0x1
 363 0172 9C       		.byte	0x9c
 364 0173 0E       		.uleb128 0xe
 365 0174 00000000 		.4byte	.LASF26
 366 0178 01       		.byte	0x1
 367 0179 4C       		.byte	0x4c
 368 017a 00000000 		.4byte	.LFB8
 369 017e 3C000000 		.4byte	.LFE8-.LFB8
 370 0182 01       		.uleb128 0x1
 371 0183 9C       		.byte	0x9c
 372 0184 CE010000 		.4byte	0x1ce
 373 0188 0F       		.uleb128 0xf
 374 0189 76747000 		.ascii	"vtp\000"
 375 018d 01       		.byte	0x1
 376 018e 4C       		.byte	0x4c
 377 018f 0C010000 		.4byte	0x10c
 378 0193 01       		.uleb128 0x1
 379 0194 50       		.byte	0x50
 380 0195 10       		.uleb128 0x10
 381 0196 8F010000 		.4byte	.LASF24
 382 019a 01       		.byte	0x1
 383 019b 4C       		.byte	0x4c
 384 019c 88000000 		.4byte	0x88
 385 01a0 00000000 		.4byte	.LLST0
 386 01a4 11       		.uleb128 0x11
 387 01a5 C6010000 		.4byte	.LASF25
 388 01a9 01       		.byte	0x1
 389 01aa 4C       		.byte	0x4c
 390 01ab 9C000000 		.4byte	0x9c
 391 01af 01       		.uleb128 0x1
 392 01b0 52       		.byte	0x52
 393 01b1 12       		.uleb128 0x12
ARM GAS  /tmp/ccbgHlj5.s 			page 8


 394 01b2 70617200 		.ascii	"par\000"
 395 01b6 01       		.byte	0x1
 396 01b7 4C       		.byte	0x4c
 397 01b8 93000000 		.4byte	0x93
 398 01bc 2D000000 		.4byte	.LLST1
 399 01c0 13       		.uleb128 0x13
 400 01c1 7000     		.ascii	"p\000"
 401 01c3 01       		.byte	0x1
 402 01c4 4D       		.byte	0x4d
 403 01c5 0C010000 		.4byte	0x10c
 404 01c9 4C000000 		.4byte	.LLST2
 405 01cd 00       		.byte	0
 406 01ce 0E       		.uleb128 0xe
 407 01cf 18020000 		.4byte	.LASF27
 408 01d3 01       		.byte	0x1
 409 01d4 6A       		.byte	0x6a
 410 01d5 00000000 		.4byte	.LFB9
 411 01d9 24000000 		.4byte	.LFE9-.LFB9
 412 01dd 01       		.uleb128 0x1
 413 01de 9C       		.byte	0x9c
 414 01df F1010000 		.4byte	0x1f1
 415 01e3 0F       		.uleb128 0xf
 416 01e4 76747000 		.ascii	"vtp\000"
 417 01e8 01       		.byte	0x1
 418 01e9 6A       		.byte	0x6a
 419 01ea 0C010000 		.4byte	0x10c
 420 01ee 01       		.uleb128 0x1
 421 01ef 50       		.byte	0x50
 422 01f0 00       		.byte	0
 423 01f1 14       		.uleb128 0x14
 424 01f2 88010000 		.4byte	.LASF32
 425 01f6 01       		.byte	0x1
 426 01f7 2A       		.byte	0x2a
 427 01f8 50010000 		.4byte	0x150
 428 01fc 05       		.uleb128 0x5
 429 01fd 03       		.byte	0x3
 430 01fe 00000000 		.4byte	vtlist
 431 0202 00       		.byte	0
 432              		.section	.debug_abbrev,"",%progbits
 433              	.Ldebug_abbrev0:
 434 0000 01       		.uleb128 0x1
 435 0001 11       		.uleb128 0x11
 436 0002 01       		.byte	0x1
 437 0003 25       		.uleb128 0x25
 438 0004 0E       		.uleb128 0xe
 439 0005 13       		.uleb128 0x13
 440 0006 0B       		.uleb128 0xb
 441 0007 03       		.uleb128 0x3
 442 0008 0E       		.uleb128 0xe
 443 0009 1B       		.uleb128 0x1b
 444 000a 0E       		.uleb128 0xe
 445 000b 55       		.uleb128 0x55
 446 000c 17       		.uleb128 0x17
 447 000d 11       		.uleb128 0x11
 448 000e 01       		.uleb128 0x1
 449 000f 10       		.uleb128 0x10
 450 0010 17       		.uleb128 0x17
ARM GAS  /tmp/ccbgHlj5.s 			page 9


 451 0011 00       		.byte	0
 452 0012 00       		.byte	0
 453 0013 02       		.uleb128 0x2
 454 0014 24       		.uleb128 0x24
 455 0015 00       		.byte	0
 456 0016 0B       		.uleb128 0xb
 457 0017 0B       		.uleb128 0xb
 458 0018 3E       		.uleb128 0x3e
 459 0019 0B       		.uleb128 0xb
 460 001a 03       		.uleb128 0x3
 461 001b 08       		.uleb128 0x8
 462 001c 00       		.byte	0
 463 001d 00       		.byte	0
 464 001e 03       		.uleb128 0x3
 465 001f 24       		.uleb128 0x24
 466 0020 00       		.byte	0
 467 0021 0B       		.uleb128 0xb
 468 0022 0B       		.uleb128 0xb
 469 0023 3E       		.uleb128 0x3e
 470 0024 0B       		.uleb128 0xb
 471 0025 03       		.uleb128 0x3
 472 0026 0E       		.uleb128 0xe
 473 0027 00       		.byte	0
 474 0028 00       		.byte	0
 475 0029 04       		.uleb128 0x4
 476 002a 16       		.uleb128 0x16
 477 002b 00       		.byte	0
 478 002c 03       		.uleb128 0x3
 479 002d 0E       		.uleb128 0xe
 480 002e 3A       		.uleb128 0x3a
 481 002f 0B       		.uleb128 0xb
 482 0030 3B       		.uleb128 0x3b
 483 0031 0B       		.uleb128 0xb
 484 0032 49       		.uleb128 0x49
 485 0033 13       		.uleb128 0x13
 486 0034 00       		.byte	0
 487 0035 00       		.byte	0
 488 0036 05       		.uleb128 0x5
 489 0037 0F       		.uleb128 0xf
 490 0038 00       		.byte	0
 491 0039 0B       		.uleb128 0xb
 492 003a 0B       		.uleb128 0xb
 493 003b 00       		.byte	0
 494 003c 00       		.byte	0
 495 003d 06       		.uleb128 0x6
 496 003e 0F       		.uleb128 0xf
 497 003f 00       		.byte	0
 498 0040 0B       		.uleb128 0xb
 499 0041 0B       		.uleb128 0xb
 500 0042 49       		.uleb128 0x49
 501 0043 13       		.uleb128 0x13
 502 0044 00       		.byte	0
 503 0045 00       		.byte	0
 504 0046 07       		.uleb128 0x7
 505 0047 15       		.uleb128 0x15
 506 0048 01       		.byte	0x1
 507 0049 27       		.uleb128 0x27
ARM GAS  /tmp/ccbgHlj5.s 			page 10


 508 004a 19       		.uleb128 0x19
 509 004b 01       		.uleb128 0x1
 510 004c 13       		.uleb128 0x13
 511 004d 00       		.byte	0
 512 004e 00       		.byte	0
 513 004f 08       		.uleb128 0x8
 514 0050 05       		.uleb128 0x5
 515 0051 00       		.byte	0
 516 0052 49       		.uleb128 0x49
 517 0053 13       		.uleb128 0x13
 518 0054 00       		.byte	0
 519 0055 00       		.byte	0
 520 0056 09       		.uleb128 0x9
 521 0057 13       		.uleb128 0x13
 522 0058 01       		.byte	0x1
 523 0059 03       		.uleb128 0x3
 524 005a 0E       		.uleb128 0xe
 525 005b 0B       		.uleb128 0xb
 526 005c 0B       		.uleb128 0xb
 527 005d 3A       		.uleb128 0x3a
 528 005e 0B       		.uleb128 0xb
 529 005f 3B       		.uleb128 0x3b
 530 0060 0B       		.uleb128 0xb
 531 0061 01       		.uleb128 0x1
 532 0062 13       		.uleb128 0x13
 533 0063 00       		.byte	0
 534 0064 00       		.byte	0
 535 0065 0A       		.uleb128 0xa
 536 0066 0D       		.uleb128 0xd
 537 0067 00       		.byte	0
 538 0068 03       		.uleb128 0x3
 539 0069 0E       		.uleb128 0xe
 540 006a 3A       		.uleb128 0x3a
 541 006b 0B       		.uleb128 0xb
 542 006c 3B       		.uleb128 0x3b
 543 006d 0B       		.uleb128 0xb
 544 006e 49       		.uleb128 0x49
 545 006f 13       		.uleb128 0x13
 546 0070 38       		.uleb128 0x38
 547 0071 0B       		.uleb128 0xb
 548 0072 00       		.byte	0
 549 0073 00       		.byte	0
 550 0074 0B       		.uleb128 0xb
 551 0075 13       		.uleb128 0x13
 552 0076 01       		.byte	0x1
 553 0077 0B       		.uleb128 0xb
 554 0078 0B       		.uleb128 0xb
 555 0079 3A       		.uleb128 0x3a
 556 007a 0B       		.uleb128 0xb
 557 007b 3B       		.uleb128 0x3b
 558 007c 0B       		.uleb128 0xb
 559 007d 01       		.uleb128 0x1
 560 007e 13       		.uleb128 0x13
 561 007f 00       		.byte	0
 562 0080 00       		.byte	0
 563 0081 0C       		.uleb128 0xc
 564 0082 35       		.uleb128 0x35
ARM GAS  /tmp/ccbgHlj5.s 			page 11


 565 0083 00       		.byte	0
 566 0084 49       		.uleb128 0x49
 567 0085 13       		.uleb128 0x13
 568 0086 00       		.byte	0
 569 0087 00       		.byte	0
 570 0088 0D       		.uleb128 0xd
 571 0089 2E       		.uleb128 0x2e
 572 008a 00       		.byte	0
 573 008b 3F       		.uleb128 0x3f
 574 008c 19       		.uleb128 0x19
 575 008d 03       		.uleb128 0x3
 576 008e 0E       		.uleb128 0xe
 577 008f 3A       		.uleb128 0x3a
 578 0090 0B       		.uleb128 0xb
 579 0091 3B       		.uleb128 0x3b
 580 0092 0B       		.uleb128 0xb
 581 0093 27       		.uleb128 0x27
 582 0094 19       		.uleb128 0x19
 583 0095 11       		.uleb128 0x11
 584 0096 01       		.uleb128 0x1
 585 0097 12       		.uleb128 0x12
 586 0098 06       		.uleb128 0x6
 587 0099 40       		.uleb128 0x40
 588 009a 18       		.uleb128 0x18
 589 009b 9742     		.uleb128 0x2117
 590 009d 19       		.uleb128 0x19
 591 009e 00       		.byte	0
 592 009f 00       		.byte	0
 593 00a0 0E       		.uleb128 0xe
 594 00a1 2E       		.uleb128 0x2e
 595 00a2 01       		.byte	0x1
 596 00a3 3F       		.uleb128 0x3f
 597 00a4 19       		.uleb128 0x19
 598 00a5 03       		.uleb128 0x3
 599 00a6 0E       		.uleb128 0xe
 600 00a7 3A       		.uleb128 0x3a
 601 00a8 0B       		.uleb128 0xb
 602 00a9 3B       		.uleb128 0x3b
 603 00aa 0B       		.uleb128 0xb
 604 00ab 27       		.uleb128 0x27
 605 00ac 19       		.uleb128 0x19
 606 00ad 11       		.uleb128 0x11
 607 00ae 01       		.uleb128 0x1
 608 00af 12       		.uleb128 0x12
 609 00b0 06       		.uleb128 0x6
 610 00b1 40       		.uleb128 0x40
 611 00b2 18       		.uleb128 0x18
 612 00b3 9742     		.uleb128 0x2117
 613 00b5 19       		.uleb128 0x19
 614 00b6 01       		.uleb128 0x1
 615 00b7 13       		.uleb128 0x13
 616 00b8 00       		.byte	0
 617 00b9 00       		.byte	0
 618 00ba 0F       		.uleb128 0xf
 619 00bb 05       		.uleb128 0x5
 620 00bc 00       		.byte	0
 621 00bd 03       		.uleb128 0x3
ARM GAS  /tmp/ccbgHlj5.s 			page 12


 622 00be 08       		.uleb128 0x8
 623 00bf 3A       		.uleb128 0x3a
 624 00c0 0B       		.uleb128 0xb
 625 00c1 3B       		.uleb128 0x3b
 626 00c2 0B       		.uleb128 0xb
 627 00c3 49       		.uleb128 0x49
 628 00c4 13       		.uleb128 0x13
 629 00c5 02       		.uleb128 0x2
 630 00c6 18       		.uleb128 0x18
 631 00c7 00       		.byte	0
 632 00c8 00       		.byte	0
 633 00c9 10       		.uleb128 0x10
 634 00ca 05       		.uleb128 0x5
 635 00cb 00       		.byte	0
 636 00cc 03       		.uleb128 0x3
 637 00cd 0E       		.uleb128 0xe
 638 00ce 3A       		.uleb128 0x3a
 639 00cf 0B       		.uleb128 0xb
 640 00d0 3B       		.uleb128 0x3b
 641 00d1 0B       		.uleb128 0xb
 642 00d2 49       		.uleb128 0x49
 643 00d3 13       		.uleb128 0x13
 644 00d4 02       		.uleb128 0x2
 645 00d5 17       		.uleb128 0x17
 646 00d6 00       		.byte	0
 647 00d7 00       		.byte	0
 648 00d8 11       		.uleb128 0x11
 649 00d9 05       		.uleb128 0x5
 650 00da 00       		.byte	0
 651 00db 03       		.uleb128 0x3
 652 00dc 0E       		.uleb128 0xe
 653 00dd 3A       		.uleb128 0x3a
 654 00de 0B       		.uleb128 0xb
 655 00df 3B       		.uleb128 0x3b
 656 00e0 0B       		.uleb128 0xb
 657 00e1 49       		.uleb128 0x49
 658 00e2 13       		.uleb128 0x13
 659 00e3 02       		.uleb128 0x2
 660 00e4 18       		.uleb128 0x18
 661 00e5 00       		.byte	0
 662 00e6 00       		.byte	0
 663 00e7 12       		.uleb128 0x12
 664 00e8 05       		.uleb128 0x5
 665 00e9 00       		.byte	0
 666 00ea 03       		.uleb128 0x3
 667 00eb 08       		.uleb128 0x8
 668 00ec 3A       		.uleb128 0x3a
 669 00ed 0B       		.uleb128 0xb
 670 00ee 3B       		.uleb128 0x3b
 671 00ef 0B       		.uleb128 0xb
 672 00f0 49       		.uleb128 0x49
 673 00f1 13       		.uleb128 0x13
 674 00f2 02       		.uleb128 0x2
 675 00f3 17       		.uleb128 0x17
 676 00f4 00       		.byte	0
 677 00f5 00       		.byte	0
 678 00f6 13       		.uleb128 0x13
ARM GAS  /tmp/ccbgHlj5.s 			page 13


 679 00f7 34       		.uleb128 0x34
 680 00f8 00       		.byte	0
 681 00f9 03       		.uleb128 0x3
 682 00fa 08       		.uleb128 0x8
 683 00fb 3A       		.uleb128 0x3a
 684 00fc 0B       		.uleb128 0xb
 685 00fd 3B       		.uleb128 0x3b
 686 00fe 0B       		.uleb128 0xb
 687 00ff 49       		.uleb128 0x49
 688 0100 13       		.uleb128 0x13
 689 0101 02       		.uleb128 0x2
 690 0102 17       		.uleb128 0x17
 691 0103 00       		.byte	0
 692 0104 00       		.byte	0
 693 0105 14       		.uleb128 0x14
 694 0106 34       		.uleb128 0x34
 695 0107 00       		.byte	0
 696 0108 03       		.uleb128 0x3
 697 0109 0E       		.uleb128 0xe
 698 010a 3A       		.uleb128 0x3a
 699 010b 0B       		.uleb128 0xb
 700 010c 3B       		.uleb128 0x3b
 701 010d 0B       		.uleb128 0xb
 702 010e 49       		.uleb128 0x49
 703 010f 13       		.uleb128 0x13
 704 0110 3F       		.uleb128 0x3f
 705 0111 19       		.uleb128 0x19
 706 0112 02       		.uleb128 0x2
 707 0113 18       		.uleb128 0x18
 708 0114 00       		.byte	0
 709 0115 00       		.byte	0
 710 0116 00       		.byte	0
 711              		.section	.debug_loc,"",%progbits
 712              	.Ldebug_loc0:
 713              	.LLST0:
 714 0000 00000000 		.4byte	.LVL0
 715 0004 1A000000 		.4byte	.LVL4
 716 0008 0100     		.2byte	0x1
 717 000a 51       		.byte	0x51
 718 000b 1A000000 		.4byte	.LVL4
 719 000f 36000000 		.4byte	.LVL5
 720 0013 0100     		.2byte	0x1
 721 0015 51       		.byte	0x51
 722 0016 36000000 		.4byte	.LVL5
 723 001a 38000000 		.4byte	.LVL6
 724 001e 0500     		.2byte	0x5
 725 0020 74       		.byte	0x74
 726 0021 04       		.sleb128 4
 727 0022 06       		.byte	0x6
 728 0023 23       		.byte	0x23
 729 0024 08       		.uleb128 0x8
 730 0025 00000000 		.4byte	0
 731 0029 00000000 		.4byte	0
 732              	.LLST1:
 733 002d 00000000 		.4byte	.LVL0
 734 0031 10000000 		.4byte	.LVL2
 735 0035 0100     		.2byte	0x1
ARM GAS  /tmp/ccbgHlj5.s 			page 14


 736 0037 53       		.byte	0x53
 737 0038 10000000 		.4byte	.LVL2
 738 003c 3C000000 		.4byte	.LFE8
 739 0040 0200     		.2byte	0x2
 740 0042 70       		.byte	0x70
 741 0043 10       		.sleb128 16
 742 0044 00000000 		.4byte	0
 743 0048 00000000 		.4byte	0
 744              	.LLST2:
 745 004c 0E000000 		.4byte	.LVL1
 746 0050 18000000 		.4byte	.LVL3
 747 0054 0100     		.2byte	0x1
 748 0056 54       		.byte	0x54
 749 0057 1A000000 		.4byte	.LVL4
 750 005b 3A000000 		.4byte	.LVL7
 751 005f 0100     		.2byte	0x1
 752 0061 54       		.byte	0x54
 753 0062 00000000 		.4byte	0
 754 0066 00000000 		.4byte	0
 755              		.section	.debug_aranges,"",%progbits
 756 0000 2C000000 		.4byte	0x2c
 757 0004 0200     		.2byte	0x2
 758 0006 00000000 		.4byte	.Ldebug_info0
 759 000a 04       		.byte	0x4
 760 000b 00       		.byte	0
 761 000c 0000     		.2byte	0
 762 000e 0000     		.2byte	0
 763 0010 00000000 		.4byte	.LFB7
 764 0014 18000000 		.4byte	.LFE7-.LFB7
 765 0018 00000000 		.4byte	.LFB8
 766 001c 3C000000 		.4byte	.LFE8-.LFB8
 767 0020 00000000 		.4byte	.LFB9
 768 0024 24000000 		.4byte	.LFE9-.LFB9
 769 0028 00000000 		.4byte	0
 770 002c 00000000 		.4byte	0
 771              		.section	.debug_ranges,"",%progbits
 772              	.Ldebug_ranges0:
 773 0000 00000000 		.4byte	.LFB7
 774 0004 18000000 		.4byte	.LFE7
 775 0008 00000000 		.4byte	.LFB8
 776 000c 3C000000 		.4byte	.LFE8
 777 0010 00000000 		.4byte	.LFB9
 778 0014 24000000 		.4byte	.LFE9
 779 0018 00000000 		.4byte	0
 780 001c 00000000 		.4byte	0
 781              		.section	.debug_line,"",%progbits
 782              	.Ldebug_line0:
 783 0000 56010000 		.section	.debug_str,"MS",%progbits,1
 783      02000301 
 783      00000201 
 783      FB0E0D00 
 783      01010101 
 784              	.LASF26:
 785 0000 63685654 		.ascii	"chVTSetI\000"
 785      53657449 
 785      00
 786              	.LASF30:
ARM GAS  /tmp/ccbgHlj5.s 			page 15


 787 0009 2F686F6D 		.ascii	"/home/mo/ARMProjects/STM32F4/ChibiOS/src\000"
 787      652F6D6F 
 787      2F41524D 
 787      50726F6A 
 787      65637473 
 788              	.LASF12:
 789 0032 73797374 		.ascii	"systime_t\000"
 789      696D655F 
 789      7400
 790              	.LASF14:
 791 003c 76746675 		.ascii	"vtfunc_t\000"
 791      6E635F74 
 791      00
 792              	.LASF6:
 793 0045 6C6F6E67 		.ascii	"long unsigned int\000"
 793      20756E73 
 793      69676E65 
 793      6420696E 
 793      7400
 794              	.LASF4:
 795 0057 73686F72 		.ascii	"short unsigned int\000"
 795      7420756E 
 795      7369676E 
 795      65642069 
 795      6E7400
 796              	.LASF15:
 797 006a 56697274 		.ascii	"VirtualTimer\000"
 797      75616C54 
 797      696D6572 
 797      00
 798              	.LASF2:
 799 0077 756E7369 		.ascii	"unsigned char\000"
 799      676E6564 
 799      20636861 
 799      7200
 800              	.LASF31:
 801 0085 5F76745F 		.ascii	"_vt_init\000"
 801      696E6974 
 801      00
 802              	.LASF9:
 803 008e 5F5F7569 		.ascii	"__uint32_t\000"
 803      6E743332 
 803      5F7400
 804              	.LASF29:
 805 0099 2E2E2F69 		.ascii	"../include/ChibiOS_2.6.5/os/kernel/src/chvt.c\000"
 805      6E636C75 
 805      64652F43 
 805      68696269 
 805      4F535F32 
 806              	.LASF28:
 807 00c7 474E5520 		.ascii	"GNU C 4.8.2 -mcpu=cortex-m4 -mno-thumb-interwork -m"
 807      4320342E 
 807      382E3220 
 807      2D6D6370 
 807      753D636F 
 808 00fa 7468756D 		.ascii	"thumb -ggdb -O2 -fomit-frame-pointer -falign-functi"
 808      62202D67 
ARM GAS  /tmp/ccbgHlj5.s 			page 16


 808      67646220 
 808      2D4F3220 
 808      2D666F6D 
 809 012d 6F6E733D 		.ascii	"ons=16 -ffunction-sections -fdata-sections -fno-com"
 809      3136202D 
 809      6666756E 
 809      6374696F 
 809      6E2D7365 
 810 0160 6D6F6E00 		.ascii	"mon\000"
 811              	.LASF0:
 812 0164 756E7369 		.ascii	"unsigned int\000"
 812      676E6564 
 812      20696E74 
 812      00
 813              	.LASF8:
 814 0171 6C6F6E67 		.ascii	"long long unsigned int\000"
 814      206C6F6E 
 814      6720756E 
 814      7369676E 
 814      65642069 
 815              	.LASF32:
 816 0188 76746C69 		.ascii	"vtlist\000"
 816      737400
 817              	.LASF24:
 818 018f 74696D65 		.ascii	"time\000"
 818      00
 819              	.LASF18:
 820 0194 76745F74 		.ascii	"vt_time\000"
 820      696D6500 
 821              	.LASF13:
 822 019c 73697A65 		.ascii	"sizetype\000"
 822      74797065 
 822      00
 823              	.LASF21:
 824 01a5 76745F73 		.ascii	"vt_systime\000"
 824      79737469 
 824      6D6500
 825              	.LASF7:
 826 01b0 6C6F6E67 		.ascii	"long long int\000"
 826      206C6F6E 
 826      6720696E 
 826      7400
 827              	.LASF19:
 828 01be 76745F66 		.ascii	"vt_func\000"
 828      756E6300 
 829              	.LASF25:
 830 01c6 76746675 		.ascii	"vtfunc\000"
 830      6E6300
 831              	.LASF23:
 832 01cd 63686172 		.ascii	"char\000"
 832      00
 833              	.LASF20:
 834 01d2 76745F70 		.ascii	"vt_par\000"
 834      617200
 835              	.LASF3:
 836 01d9 73686F72 		.ascii	"short int\000"
 836      7420696E 
ARM GAS  /tmp/ccbgHlj5.s 			page 17


 836      7400
 837              	.LASF17:
 838 01e3 76745F70 		.ascii	"vt_prev\000"
 838      72657600 
 839              	.LASF10:
 840 01eb 75696E74 		.ascii	"uint32_t\000"
 840      33325F74 
 840      00
 841              	.LASF5:
 842 01f4 6C6F6E67 		.ascii	"long int\000"
 842      20696E74 
 842      00
 843              	.LASF1:
 844 01fd 7369676E 		.ascii	"signed char\000"
 844      65642063 
 844      68617200 
 845              	.LASF22:
 846 0209 56544C69 		.ascii	"VTList\000"
 846      737400
 847              	.LASF16:
 848 0210 76745F6E 		.ascii	"vt_next\000"
 848      65787400 
 849              	.LASF27:
 850 0218 63685654 		.ascii	"chVTResetI\000"
 850      52657365 
 850      744900
 851              	.LASF11:
 852 0223 5F426F6F 		.ascii	"_Bool\000"
 852      6C00
 853              		.ident	"GCC: (4.8.2-14ubuntu1+6) 4.8.2"
ARM GAS  /tmp/ccbgHlj5.s 			page 18


DEFINED SYMBOLS
                            *ABS*:0000000000000000 chvt.c
     /tmp/ccbgHlj5.s:19     .text._vt_init:0000000000000000 $t
     /tmp/ccbgHlj5.s:25     .text._vt_init:0000000000000000 _vt_init
     /tmp/ccbgHlj5.s:167    .bss.vtlist:0000000000000000 .LANCHOR0
     /tmp/ccbgHlj5.s:52     .text.chVTSetI:0000000000000000 $t
     /tmp/ccbgHlj5.s:58     .text.chVTSetI:0000000000000000 chVTSetI
     /tmp/ccbgHlj5.s:124    .text.chVTResetI:0000000000000000 $t
     /tmp/ccbgHlj5.s:130    .text.chVTResetI:0000000000000000 chVTResetI
     /tmp/ccbgHlj5.s:170    .bss.vtlist:0000000000000000 vtlist
     /tmp/ccbgHlj5.s:166    .bss.vtlist:0000000000000000 $d
                     .debug_frame:0000000000000010 $d

NO UNDEFINED SYMBOLS
