ARM GAS  /tmp/ccB8mWzK.s 			page 1


   1              		.syntax unified
   2              		.cpu cortex-m4
   3              		.fpu softvfp
   4              		.eabi_attribute 20, 1
   5              		.eabi_attribute 21, 1
   6              		.eabi_attribute 23, 3
   7              		.eabi_attribute 24, 1
   8              		.eabi_attribute 25, 1
   9              		.eabi_attribute 26, 1
  10              		.eabi_attribute 30, 2
  11              		.eabi_attribute 34, 1
  12              		.eabi_attribute 18, 4
  13              		.thumb
  14              		.file	"hal_lld.c"
  15              		.text
  16              	.Ltext0:
  17              		.cfi_sections	.debug_frame
  18              		.section	.text.hal_lld_init,"ax",%progbits
  19              		.align	2
  20              		.p2align 4,,15
  21              		.global	hal_lld_init
  22              		.thumb
  23              		.thumb_func
  24              		.type	hal_lld_init, %function
  25              	hal_lld_init:
  26              	.LFB119:
  27              		.file 1 "../include/ChibiOS_2.6.5/os/hal/platforms/STM32F4xx/hal_lld.c"
  28              		.loc 1 111 0
  29              		.cfi_startproc
  30              		@ args = 0, pretend = 0, frame = 0
  31              		@ frame_needed = 0, uses_anonymous_args = 0
  32              		@ link register save eliminated.
  33              		.loc 1 115 0
  34 0000 4FF46053 		mov	r3, #14336
  35 0004 C4F20203 		movt	r3, 16386
  36              		.loc 1 111 0
  37 0008 F0B4     		push	{r4, r5, r6, r7}
  38              		.cfi_def_cfa_offset 16
  39              		.cfi_offset 4, -16
  40              		.cfi_offset 5, -12
  41              		.cfi_offset 6, -8
  42              		.cfi_offset 7, -4
  43              		.loc 1 115 0
  44 000a 0022     		movs	r2, #0
  45 000c 4FF0FF34 		mov	r4, #-1
  46 0010 1969     		ldr	r1, [r3, #16]
  47 0012 1C61     		str	r4, [r3, #16]
  48 0014 1A61     		str	r2, [r3, #16]
  49              		.loc 1 116 0
  50 0016 5969     		ldr	r1, [r3, #20]
  51 0018 5C61     		str	r4, [r3, #20]
  52 001a 5A61     		str	r2, [r3, #20]
  53              		.loc 1 117 0
  54 001c 1E6A     		ldr	r6, [r3, #32]
  55              		.loc 1 121 0
  56 001e 4EF21001 		movw	r1, #57360
  57 0022 CEF20001 		movt	r1, 57344
ARM GAS  /tmp/ccB8mWzK.s 			page 2


  58              		.loc 1 117 0
  59 0026 66F08056 		orn	r6, r6, #268435456
  60              		.loc 1 121 0
  61 002a 49F23F05 		movw	r5, #36927
  62              		.loc 1 128 0
  63 002e 4EF6F050 		movw	r0, #60912
  64              		.loc 1 117 0
  65 0032 1E62     		str	r6, [r3, #32]
  66              		.loc 1 128 0
  67 0034 CEF20000 		movt	r0, 57344
  68              		.loc 1 117 0
  69 0038 1A62     		str	r2, [r3, #32]
  70              		.loc 1 121 0
  71 003a C0F20205 		movt	r5, 2
  72              		.loc 1 123 0
  73 003e 0726     		movs	r6, #7
  74              		.loc 1 118 0
  75 0040 5F6A     		ldr	r7, [r3, #36]
  76 0042 5C62     		str	r4, [r3, #36]
  77 0044 5A62     		str	r2, [r3, #36]
  78              		.loc 1 121 0
  79 0046 4D60     		str	r5, [r1, #4]
  80              		.loc 1 122 0
  81 0048 8A60     		str	r2, [r1, #8]
  82              		.loc 1 123 0
  83 004a 0E60     		str	r6, [r1]
  84              		.loc 1 128 0
  85 004c C468     		ldr	r4, [r0, #12]
  86              		.loc 1 129 0
  87 004e 4FF48051 		mov	r1, #4096
  88 0052 CEF20001 		movt	r1, 57344
  89              		.loc 1 128 0
  90 0056 44F08074 		orr	r4, r4, #16777216
  91 005a C460     		str	r4, [r0, #12]
  92              		.loc 1 129 0
  93 005c 0868     		ldr	r0, [r1]
  94 005e 40F00100 		orr	r0, r0, #1
  95 0062 0860     		str	r0, [r1]
  96              		.loc 1 132 0
  97 0064 186C     		ldr	r0, [r3, #64]
  98              	.LBB4:
  99              	.LBB5:
 100              		.loc 1 54 0
 101 0066 4FF4E041 		mov	r1, #28672
 102 006a C4F20001 		movt	r1, 16384
 103              	.LBE5:
 104              	.LBE4:
 105              		.loc 1 132 0
 106 006e 40F08050 		orr	r0, r0, #268435456
 107 0072 1864     		str	r0, [r3, #64]
 108              	.LBB8:
 109              	.LBB6:
 110              		.loc 1 54 0
 111 0074 0868     		ldr	r0, [r1]
 112 0076 40F48070 		orr	r0, r0, #256
 113 007a 0860     		str	r0, [r1]
 114              		.loc 1 57 0
ARM GAS  /tmp/ccB8mWzK.s 			page 3


 115 007c 196F     		ldr	r1, [r3, #112]
 116 007e 01F44071 		and	r1, r1, #768
 117 0082 B1F5007F 		cmp	r1, #512
 118              		.loc 1 59 0
 119 0086 1EBF     		ittt	ne
 120 0088 4FF48031 		movne	r1, #65536
 121 008c 1967     		strne	r1, [r3, #112]
 122              		.loc 1 60 0
 123 008e 1A67     		strne	r2, [r3, #112]
 124              		.loc 1 94 0
 125 0090 4FF4E043 		mov	r3, #28672
 126 0094 C4F20003 		movt	r3, 16384
 127              	.LBE6:
 128              	.LBE8:
 129              		.loc 1 145 0
 130 0098 F0BC     		pop	{r4, r5, r6, r7}
 131              	.LBB9:
 132              	.LBB7:
 133              		.loc 1 94 0
 134 009a 5A68     		ldr	r2, [r3, #4]
 135 009c 22F40072 		bic	r2, r2, #512
 136 00a0 5A60     		str	r2, [r3, #4]
 137              	.LBE7:
 138              	.LBE9:
 139              		.loc 1 138 0
 140 00a2 FFF7FEBF 		b	dmaInit
 141              	.LVL0:
 142              		.cfi_endproc
 143              	.LFE119:
 144              		.size	hal_lld_init, .-hal_lld_init
 145 00a6 00BFAFF3 		.section	.text.stm32_clock_init,"ax",%progbits
 145      0080AFF3 
 145      0080
 146              		.align	2
 147              		.p2align 4,,15
 148              		.global	stm32_clock_init
 149              		.thumb
 150              		.thumb_func
 151              		.type	stm32_clock_init, %function
 152              	stm32_clock_init:
 153              	.LFB120:
 154              		.loc 1 154 0
 155              		.cfi_startproc
 156              		@ args = 0, pretend = 0, frame = 0
 157              		@ frame_needed = 0, uses_anonymous_args = 0
 158              		@ link register save eliminated.
 159              		.loc 1 158 0
 160 0000 4FF46051 		mov	r1, #14336
 161              		.loc 1 162 0
 162 0004 4FF4E043 		mov	r3, #28672
 163              		.loc 1 158 0
 164 0008 C4F20201 		movt	r1, 16386
 165              		.loc 1 162 0
 166 000c C4F20003 		movt	r3, 16384
 167              		.loc 1 158 0
 168 0010 4FF08050 		mov	r0, #268435456
 169              		.loc 1 162 0
ARM GAS  /tmp/ccB8mWzK.s 			page 4


 170 0014 4FF44042 		mov	r2, #49152
 171              		.loc 1 158 0
 172 0018 0864     		str	r0, [r1, #64]
 173              		.loc 1 162 0
 174 001a 1A60     		str	r2, [r3]
 175              		.loc 1 169 0
 176 001c 0B68     		ldr	r3, [r1]
 177 001e 43F00103 		orr	r3, r3, #1
 178 0022 0B60     		str	r3, [r1]
 179              	.L8:
 180              		.loc 1 170 0 discriminator 1
 181 0024 0A68     		ldr	r2, [r1]
 182 0026 4FF46053 		mov	r3, #14336
 183 002a 9007     		lsls	r0, r2, #30
 184 002c C4F20203 		movt	r3, 16386
 185 0030 F8D5     		bpl	.L8
 186              		.loc 1 172 0
 187 0032 1968     		ldr	r1, [r3]
 188              		.loc 1 173 0
 189 0034 0022     		movs	r2, #0
 190              		.loc 1 172 0
 191 0036 01F0F901 		and	r1, r1, #249
 192 003a 1960     		str	r1, [r3]
 193              		.loc 1 174 0
 194 003c 1946     		mov	r1, r3
 195              		.loc 1 173 0
 196 003e 9A60     		str	r2, [r3, #8]
 197              	.L10:
 198              		.loc 1 174 0 discriminator 1
 199 0040 8A68     		ldr	r2, [r1, #8]
 200 0042 4FF46053 		mov	r3, #14336
 201 0046 12F00C0F 		tst	r2, #12
 202 004a C4F20203 		movt	r3, 16386
 203 004e F7D1     		bne	.L10
 204              		.loc 1 184 0
 205 0050 1A68     		ldr	r2, [r3]
 206 0052 42F48032 		orr	r2, r2, #65536
 207 0056 1A60     		str	r2, [r3]
 208              		.loc 1 186 0
 209 0058 1946     		mov	r1, r3
 210              	.L12:
 211              		.loc 1 186 0 is_stmt 0 discriminator 1
 212 005a 0A68     		ldr	r2, [r1]
 213 005c 4FF46053 		mov	r3, #14336
 214 0060 9203     		lsls	r2, r2, #14
 215 0062 C4F20203 		movt	r3, 16386
 216 0066 F8D5     		bpl	.L12
 217              		.loc 1 192 0 is_stmt 1
 218 0068 5A6F     		ldr	r2, [r3, #116]
 219 006a 42F00102 		orr	r2, r2, #1
 220 006e 5A67     		str	r2, [r3, #116]
 221              		.loc 1 193 0
 222 0070 1946     		mov	r1, r3
 223              	.L14:
 224              		.loc 1 193 0 is_stmt 0 discriminator 1
 225 0072 4A6F     		ldr	r2, [r1, #116]
 226 0074 4FF46053 		mov	r3, #14336
ARM GAS  /tmp/ccB8mWzK.s 			page 5


 227 0078 9007     		lsls	r0, r2, #30
 228 007a C4F20203 		movt	r3, 16386
 229 007e F8D5     		bpl	.L14
 230              		.loc 1 199 0 is_stmt 1
 231 0080 45F20842 		movw	r2, #21512
 232 0084 C0F24072 		movt	r2, 1856
 233 0088 5A60     		str	r2, [r3, #4]
 234              		.loc 1 201 0
 235 008a 1968     		ldr	r1, [r3]
 236              		.loc 1 205 0
 237 008c 4FF4E042 		mov	r2, #28672
 238              		.loc 1 201 0
 239 0090 41F08071 		orr	r1, r1, #16777216
 240 0094 1960     		str	r1, [r3]
 241              		.loc 1 205 0
 242 0096 C4F20002 		movt	r2, 16384
 243              	.L16:
 244              		.loc 1 205 0 is_stmt 0 discriminator 1
 245 009a 5368     		ldr	r3, [r2, #4]
 246 009c 5904     		lsls	r1, r3, #17
 247 009e FCD5     		bpl	.L16
 248              		.loc 1 221 0 is_stmt 1
 249 00a0 4FF46051 		mov	r1, #14336
 250 00a4 C4F20201 		movt	r1, 16386
 251              	.L18:
 252 00a8 0A68     		ldr	r2, [r1]
 253 00aa 4FF46053 		mov	r3, #14336
 254 00ae 9201     		lsls	r2, r2, #6
 255 00b0 C4F20203 		movt	r3, 16386
 256 00b4 F8D5     		bpl	.L18
 257              		.loc 1 249 0
 258 00b6 4FF47052 		mov	r2, #15360
 259 00ba C4F20202 		movt	r2, 16386
 260              		.loc 1 236 0
 261 00be 4FF41441 		mov	r1, #37888
 262 00c2 C3F60801 		movt	r1, 14344
 263              		.loc 1 249 0
 264 00c6 40F20570 		movw	r0, #1797
 265              		.loc 1 236 0
 266 00ca 9960     		str	r1, [r3, #8]
 267              		.loc 1 249 0
 268 00cc 1060     		str	r0, [r2]
 269              		.loc 1 255 0
 270 00ce 9A68     		ldr	r2, [r3, #8]
 271 00d0 42F00202 		orr	r2, r2, #2
 272 00d4 9A60     		str	r2, [r3, #8]
 273              		.loc 1 256 0
 274 00d6 1946     		mov	r1, r3
 275              	.L20:
 276              		.loc 1 256 0 is_stmt 0 discriminator 1
 277 00d8 8A68     		ldr	r2, [r1, #8]
 278 00da 02F00C02 		and	r2, r2, #12
 279 00de 4FF46053 		mov	r3, #14336
 280 00e2 082A     		cmp	r2, #8
 281 00e4 C4F20203 		movt	r3, 16386
 282 00e8 F6D1     		bne	.L20
 283              		.loc 1 263 0 is_stmt 1
ARM GAS  /tmp/ccB8mWzK.s 			page 6


 284 00ea 5A6C     		ldr	r2, [r3, #68]
 285 00ec 42F48042 		orr	r2, r2, #16384
 286 00f0 5A64     		str	r2, [r3, #68]
 287 00f2 5A6E     		ldr	r2, [r3, #100]
 288 00f4 42F48042 		orr	r2, r2, #16384
 289 00f8 5A66     		str	r2, [r3, #100]
 290 00fa 7047     		bx	lr
 291              		.cfi_endproc
 292              	.LFE120:
 293              		.size	stm32_clock_init, .-stm32_clock_init
 294 00fc AFF30080 		.text
 295              	.Letext0:
 296              		.file 2 "/usr/include/newlib/machine/_default_types.h"
 297              		.file 3 "/usr/include/newlib/stdint.h"
 298              		.file 4 "../include/ChibiOS_2.6.5/os/ports/common/ARMCMx/nvic.h"
 299              		.file 5 "../include/ChibiOS_2.6.5/os/ports/common/ARMCMx/CMSIS/include/core_cm4.h"
 300              		.file 6 "../include/ChibiOS_2.6.5/os/hal/platforms/STM32F4xx/stm32f4xx.h"
 301              		.file 7 "../include/ChibiOS_2.6.5/os/hal/platforms/STM32F4xx/stm32_dma.h"
 302              		.section	.debug_info,"",%progbits
 303              	.Ldebug_info0:
 304 0000 8D040000 		.4byte	0x48d
 305 0004 0400     		.2byte	0x4
 306 0006 00000000 		.4byte	.Ldebug_abbrev0
 307 000a 04       		.byte	0x4
 308 000b 01       		.uleb128 0x1
 309 000c CF020000 		.4byte	.LASF70
 310 0010 01       		.byte	0x1
 311 0011 7C000000 		.4byte	.LASF71
 312 0015 55010000 		.4byte	.LASF72
 313 0019 20000000 		.4byte	.Ldebug_ranges0+0x20
 314 001d 00000000 		.4byte	0
 315 0021 00000000 		.4byte	.Ldebug_line0
 316 0025 02       		.uleb128 0x2
 317 0026 04       		.byte	0x4
 318 0027 05       		.byte	0x5
 319 0028 696E7400 		.ascii	"int\000"
 320 002c 03       		.uleb128 0x3
 321 002d 04       		.byte	0x4
 322 002e 07       		.byte	0x7
 323 002f F5010000 		.4byte	.LASF0
 324 0033 03       		.uleb128 0x3
 325 0034 01       		.byte	0x1
 326 0035 06       		.byte	0x6
 327 0036 C9010000 		.4byte	.LASF1
 328 003a 03       		.uleb128 0x3
 329 003b 01       		.byte	0x1
 330 003c 08       		.byte	0x8
 331 003d B3010000 		.4byte	.LASF2
 332 0041 03       		.uleb128 0x3
 333 0042 02       		.byte	0x2
 334 0043 05       		.byte	0x5
 335 0044 2D000000 		.4byte	.LASF3
 336 0048 03       		.uleb128 0x3
 337 0049 02       		.byte	0x2
 338 004a 07       		.byte	0x7
 339 004b 3F020000 		.4byte	.LASF4
 340 004f 04       		.uleb128 0x4
ARM GAS  /tmp/ccB8mWzK.s 			page 7


 341 0050 75030000 		.4byte	.LASF6
 342 0054 02       		.byte	0x2
 343 0055 37       		.byte	0x37
 344 0056 5A000000 		.4byte	0x5a
 345 005a 03       		.uleb128 0x3
 346 005b 04       		.byte	0x4
 347 005c 05       		.byte	0x5
 348 005d 4C010000 		.4byte	.LASF5
 349 0061 04       		.uleb128 0x4
 350 0062 69000000 		.4byte	.LASF7
 351 0066 02       		.byte	0x2
 352 0067 38       		.byte	0x38
 353 0068 6C000000 		.4byte	0x6c
 354 006c 03       		.uleb128 0x3
 355 006d 04       		.byte	0x4
 356 006e 07       		.byte	0x7
 357 006f 0B020000 		.4byte	.LASF8
 358 0073 03       		.uleb128 0x3
 359 0074 08       		.byte	0x8
 360 0075 05       		.byte	0x5
 361 0076 2B010000 		.4byte	.LASF9
 362 007a 03       		.uleb128 0x3
 363 007b 08       		.byte	0x8
 364 007c 07       		.byte	0x7
 365 007d D5010000 		.4byte	.LASF10
 366 0081 04       		.uleb128 0x4
 367 0082 69020000 		.4byte	.LASF11
 368 0086 03       		.byte	0x3
 369 0087 41       		.byte	0x41
 370 0088 4F000000 		.4byte	0x4f
 371 008c 04       		.uleb128 0x4
 372 008d EC010000 		.4byte	.LASF12
 373 0091 03       		.byte	0x3
 374 0092 42       		.byte	0x42
 375 0093 61000000 		.4byte	0x61
 376 0097 03       		.uleb128 0x3
 377 0098 01       		.byte	0x1
 378 0099 02       		.byte	0x2
 379 009a 71020000 		.4byte	.LASF13
 380 009e 04       		.uleb128 0x4
 381 009f 1B010000 		.4byte	.LASF14
 382 00a3 04       		.byte	0x4
 383 00a4 3A       		.byte	0x3a
 384 00a5 A9000000 		.4byte	0xa9
 385 00a9 05       		.uleb128 0x5
 386 00aa 8C000000 		.4byte	0x8c
 387 00ae 03       		.uleb128 0x3
 388 00af 04       		.byte	0x4
 389 00b0 07       		.byte	0x7
 390 00b1 37000000 		.4byte	.LASF15
 391 00b5 06       		.uleb128 0x6
 392 00b6 10       		.byte	0x10
 393 00b7 04       		.byte	0x4
 394 00b8 F1       		.byte	0xf1
 395 00b9 EE000000 		.4byte	0xee
 396 00bd 07       		.uleb128 0x7
 397 00be 46010000 		.4byte	.LASF16
ARM GAS  /tmp/ccB8mWzK.s 			page 8


 398 00c2 04       		.byte	0x4
 399 00c3 F2       		.byte	0xf2
 400 00c4 9E000000 		.4byte	0x9e
 401 00c8 00       		.byte	0
 402 00c9 07       		.uleb128 0x7
 403 00ca EC000000 		.4byte	.LASF17
 404 00ce 04       		.byte	0x4
 405 00cf F3       		.byte	0xf3
 406 00d0 9E000000 		.4byte	0x9e
 407 00d4 04       		.byte	0x4
 408 00d5 07       		.uleb128 0x7
 409 00d6 0D010000 		.4byte	.LASF18
 410 00da 04       		.byte	0x4
 411 00db F4       		.byte	0xf4
 412 00dc 9E000000 		.4byte	0x9e
 413 00e0 08       		.byte	0x8
 414 00e1 07       		.uleb128 0x7
 415 00e2 27000000 		.4byte	.LASF19
 416 00e6 04       		.byte	0x4
 417 00e7 F5       		.byte	0xf5
 418 00e8 9E000000 		.4byte	0x9e
 419 00ec 0C       		.byte	0xc
 420 00ed 00       		.byte	0
 421 00ee 04       		.uleb128 0x4
 422 00ef 61020000 		.4byte	.LASF20
 423 00f3 04       		.byte	0x4
 424 00f4 F6       		.byte	0xf6
 425 00f5 B5000000 		.4byte	0xb5
 426 00f9 08       		.uleb128 0x8
 427 00fa 20       		.byte	0x20
 428 00fb 04       		.byte	0x4
 429 00fc 0601     		.2byte	0x106
 430 00fe 6B010000 		.4byte	0x16b
 431 0102 09       		.uleb128 0x9
 432 0103 C0000000 		.4byte	.LASF21
 433 0107 04       		.byte	0x4
 434 0108 0701     		.2byte	0x107
 435 010a 9E000000 		.4byte	0x9e
 436 010e 00       		.byte	0
 437 010f 09       		.uleb128 0x9
 438 0110 39010000 		.4byte	.LASF22
 439 0114 04       		.byte	0x4
 440 0115 0801     		.2byte	0x108
 441 0117 9E000000 		.4byte	0x9e
 442 011b 04       		.byte	0x4
 443 011c 09       		.uleb128 0x9
 444 011d D3000000 		.4byte	.LASF23
 445 0121 04       		.byte	0x4
 446 0122 0901     		.2byte	0x109
 447 0124 9E000000 		.4byte	0x9e
 448 0128 08       		.byte	0x8
 449 0129 09       		.uleb128 0x9
 450 012a AC010000 		.4byte	.LASF24
 451 012e 04       		.byte	0x4
 452 012f 0A01     		.2byte	0x10a
 453 0131 9E000000 		.4byte	0x9e
 454 0135 0C       		.byte	0xc
ARM GAS  /tmp/ccB8mWzK.s 			page 9


 455 0136 09       		.uleb128 0x9
 456 0137 6C030000 		.4byte	.LASF25
 457 013b 04       		.byte	0x4
 458 013c 0B01     		.2byte	0x10b
 459 013e 9E000000 		.4byte	0x9e
 460 0142 10       		.byte	0x10
 461 0143 09       		.uleb128 0x9
 462 0144 7F030000 		.4byte	.LASF26
 463 0148 04       		.byte	0x4
 464 0149 0C01     		.2byte	0x10c
 465 014b 9E000000 		.4byte	0x9e
 466 014f 14       		.byte	0x14
 467 0150 09       		.uleb128 0x9
 468 0151 4A000000 		.4byte	.LASF27
 469 0155 04       		.byte	0x4
 470 0156 0D01     		.2byte	0x10d
 471 0158 9E000000 		.4byte	0x9e
 472 015c 18       		.byte	0x18
 473 015d 09       		.uleb128 0x9
 474 015e 45000000 		.4byte	.LASF28
 475 0162 04       		.byte	0x4
 476 0163 0E01     		.2byte	0x10e
 477 0165 9E000000 		.4byte	0x9e
 478 0169 1C       		.byte	0x1c
 479 016a 00       		.byte	0
 480 016b 0A       		.uleb128 0xa
 481 016c 74000000 		.4byte	.LASF29
 482 0170 04       		.byte	0x4
 483 0171 0F01     		.2byte	0x10f
 484 0173 F9000000 		.4byte	0xf9
 485 0177 03       		.uleb128 0x3
 486 0178 01       		.byte	0x1
 487 0179 08       		.byte	0x8
 488 017a 5C020000 		.4byte	.LASF30
 489 017e 0B       		.uleb128 0xb
 490 017f A9000000 		.4byte	0xa9
 491 0183 0C       		.uleb128 0xc
 492 0184 8C000000 		.4byte	0x8c
 493 0188 93010000 		.4byte	0x193
 494 018c 0D       		.uleb128 0xd
 495 018d AE000000 		.4byte	0xae
 496 0191 01       		.byte	0x1
 497 0192 00       		.byte	0
 498 0193 08       		.uleb128 0x8
 499 0194 10       		.byte	0x10
 500 0195 05       		.byte	0x5
 501 0196 6002     		.2byte	0x260
 502 0198 D1010000 		.4byte	0x1d1
 503 019c 09       		.uleb128 0x9
 504 019d C0000000 		.4byte	.LASF21
 505 01a1 05       		.byte	0x5
 506 01a2 6202     		.2byte	0x262
 507 01a4 A9000000 		.4byte	0xa9
 508 01a8 00       		.byte	0
 509 01a9 09       		.uleb128 0x9
 510 01aa 86030000 		.4byte	.LASF31
 511 01ae 05       		.byte	0x5
ARM GAS  /tmp/ccB8mWzK.s 			page 10


 512 01af 6302     		.2byte	0x263
 513 01b1 A9000000 		.4byte	0xa9
 514 01b5 04       		.byte	0x4
 515 01b6 0E       		.uleb128 0xe
 516 01b7 56414C00 		.ascii	"VAL\000"
 517 01bb 05       		.byte	0x5
 518 01bc 6402     		.2byte	0x264
 519 01be A9000000 		.4byte	0xa9
 520 01c2 08       		.byte	0x8
 521 01c3 09       		.uleb128 0x9
 522 01c4 40010000 		.4byte	.LASF32
 523 01c8 05       		.byte	0x5
 524 01c9 6502     		.2byte	0x265
 525 01cb 7E010000 		.4byte	0x17e
 526 01cf 0C       		.byte	0xc
 527 01d0 00       		.byte	0
 528 01d1 0A       		.uleb128 0xa
 529 01d2 32020000 		.4byte	.LASF33
 530 01d6 05       		.byte	0x5
 531 01d7 6602     		.2byte	0x266
 532 01d9 93010000 		.4byte	0x193
 533 01dd 05       		.uleb128 0x5
 534 01de 81000000 		.4byte	0x81
 535 01e2 08       		.uleb128 0x8
 536 01e3 1C       		.byte	0x1c
 537 01e4 06       		.byte	0x6
 538 01e5 3E03     		.2byte	0x33e
 539 01e7 45020000 		.4byte	0x245
 540 01eb 0E       		.uleb128 0xe
 541 01ec 41435200 		.ascii	"ACR\000"
 542 01f0 06       		.byte	0x6
 543 01f1 4003     		.2byte	0x340
 544 01f3 A9000000 		.4byte	0xa9
 545 01f7 00       		.byte	0
 546 01f8 09       		.uleb128 0x9
 547 01f9 A7010000 		.4byte	.LASF34
 548 01fd 06       		.byte	0x6
 549 01fe 4103     		.2byte	0x341
 550 0200 A9000000 		.4byte	0xa9
 551 0204 04       		.byte	0x4
 552 0205 09       		.uleb128 0x9
 553 0206 23010000 		.4byte	.LASF35
 554 020a 06       		.byte	0x6
 555 020b 4203     		.2byte	0x342
 556 020d A9000000 		.4byte	0xa9
 557 0211 08       		.byte	0x8
 558 0212 0E       		.uleb128 0xe
 559 0213 535200   		.ascii	"SR\000"
 560 0216 06       		.byte	0x6
 561 0217 4303     		.2byte	0x343
 562 0219 A9000000 		.4byte	0xa9
 563 021d 0C       		.byte	0xc
 564 021e 0E       		.uleb128 0xe
 565 021f 435200   		.ascii	"CR\000"
 566 0222 06       		.byte	0x6
 567 0223 4403     		.2byte	0x344
 568 0225 A9000000 		.4byte	0xa9
ARM GAS  /tmp/ccB8mWzK.s 			page 11


 569 0229 10       		.byte	0x10
 570 022a 09       		.uleb128 0x9
 571 022b CC030000 		.4byte	.LASF36
 572 022f 06       		.byte	0x6
 573 0230 4503     		.2byte	0x345
 574 0232 A9000000 		.4byte	0xa9
 575 0236 14       		.byte	0x14
 576 0237 09       		.uleb128 0x9
 577 0238 98010000 		.4byte	.LASF37
 578 023c 06       		.byte	0x6
 579 023d 4603     		.2byte	0x346
 580 023f A9000000 		.4byte	0xa9
 581 0243 18       		.byte	0x18
 582 0244 00       		.byte	0
 583 0245 0A       		.uleb128 0xa
 584 0246 9C030000 		.4byte	.LASF38
 585 024a 06       		.byte	0x6
 586 024b 4703     		.2byte	0x347
 587 024d E2010000 		.4byte	0x1e2
 588 0251 08       		.uleb128 0x8
 589 0252 08       		.byte	0x8
 590 0253 06       		.byte	0x6
 591 0254 4E04     		.2byte	0x44e
 592 0256 74020000 		.4byte	0x274
 593 025a 0E       		.uleb128 0xe
 594 025b 435200   		.ascii	"CR\000"
 595 025e 06       		.byte	0x6
 596 025f 5004     		.2byte	0x450
 597 0261 A9000000 		.4byte	0xa9
 598 0265 00       		.byte	0
 599 0266 0E       		.uleb128 0xe
 600 0267 43535200 		.ascii	"CSR\000"
 601 026b 06       		.byte	0x6
 602 026c 5104     		.2byte	0x451
 603 026e A9000000 		.4byte	0xa9
 604 0272 04       		.byte	0x4
 605 0273 00       		.byte	0
 606 0274 0A       		.uleb128 0xa
 607 0275 5D000000 		.4byte	.LASF39
 608 0279 06       		.byte	0x6
 609 027a 5204     		.2byte	0x452
 610 027c 51020000 		.4byte	0x251
 611 0280 08       		.uleb128 0x8
 612 0281 90       		.byte	0x90
 613 0282 06       		.byte	0x6
 614 0283 5804     		.2byte	0x458
 615 0285 29040000 		.4byte	0x429
 616 0289 0E       		.uleb128 0xe
 617 028a 435200   		.ascii	"CR\000"
 618 028d 06       		.byte	0x6
 619 028e 5A04     		.2byte	0x45a
 620 0290 A9000000 		.4byte	0xa9
 621 0294 00       		.byte	0
 622 0295 09       		.uleb128 0x9
 623 0296 2A020000 		.4byte	.LASF40
 624 029a 06       		.byte	0x6
 625 029b 5B04     		.2byte	0x45b
ARM GAS  /tmp/ccB8mWzK.s 			page 12


 626 029d A9000000 		.4byte	0xa9
 627 02a1 04       		.byte	0x4
 628 02a2 09       		.uleb128 0x9
 629 02a3 CE000000 		.4byte	.LASF41
 630 02a7 06       		.byte	0x6
 631 02a8 5C04     		.2byte	0x45c
 632 02aa A9000000 		.4byte	0xa9
 633 02ae 08       		.byte	0x8
 634 02af 0E       		.uleb128 0xe
 635 02b0 43495200 		.ascii	"CIR\000"
 636 02b4 06       		.byte	0x6
 637 02b5 5D04     		.2byte	0x45d
 638 02b7 A9000000 		.4byte	0xa9
 639 02bb 0C       		.byte	0xc
 640 02bc 09       		.uleb128 0x9
 641 02bd C5000000 		.4byte	.LASF42
 642 02c1 06       		.byte	0x6
 643 02c2 5E04     		.2byte	0x45e
 644 02c4 A9000000 		.4byte	0xa9
 645 02c8 10       		.byte	0x10
 646 02c9 09       		.uleb128 0x9
 647 02ca 02020000 		.4byte	.LASF43
 648 02ce 06       		.byte	0x6
 649 02cf 5F04     		.2byte	0x45f
 650 02d1 A9000000 		.4byte	0xa9
 651 02d5 14       		.byte	0x14
 652 02d6 09       		.uleb128 0x9
 653 02d7 93030000 		.4byte	.LASF44
 654 02db 06       		.byte	0x6
 655 02dc 6004     		.2byte	0x460
 656 02de A9000000 		.4byte	0xa9
 657 02e2 18       		.byte	0x18
 658 02e3 09       		.uleb128 0x9
 659 02e4 89020000 		.4byte	.LASF45
 660 02e8 06       		.byte	0x6
 661 02e9 6104     		.2byte	0x461
 662 02eb 8C000000 		.4byte	0x8c
 663 02ef 1C       		.byte	0x1c
 664 02f0 09       		.uleb128 0x9
 665 02f1 16000000 		.4byte	.LASF46
 666 02f5 06       		.byte	0x6
 667 02f6 6204     		.2byte	0x462
 668 02f8 A9000000 		.4byte	0xa9
 669 02fc 20       		.byte	0x20
 670 02fd 09       		.uleb128 0x9
 671 02fe 7E010000 		.4byte	.LASF47
 672 0302 06       		.byte	0x6
 673 0303 6304     		.2byte	0x463
 674 0305 A9000000 		.4byte	0xa9
 675 0309 24       		.byte	0x24
 676 030a 09       		.uleb128 0x9
 677 030b 93020000 		.4byte	.LASF48
 678 030f 06       		.byte	0x6
 679 0310 6404     		.2byte	0x464
 680 0312 83010000 		.4byte	0x183
 681 0316 28       		.byte	0x28
 682 0317 09       		.uleb128 0x9
ARM GAS  /tmp/ccB8mWzK.s 			page 13


 683 0318 8B030000 		.4byte	.LASF49
 684 031c 06       		.byte	0x6
 685 031d 6504     		.2byte	0x465
 686 031f A9000000 		.4byte	0xa9
 687 0323 30       		.byte	0x30
 688 0324 09       		.uleb128 0x9
 689 0325 1F000000 		.4byte	.LASF50
 690 0329 06       		.byte	0x6
 691 032a 6604     		.2byte	0x466
 692 032c A9000000 		.4byte	0xa9
 693 0330 34       		.byte	0x34
 694 0331 09       		.uleb128 0x9
 695 0332 9F010000 		.4byte	.LASF51
 696 0336 06       		.byte	0x6
 697 0337 6704     		.2byte	0x467
 698 0339 A9000000 		.4byte	0xa9
 699 033d 38       		.byte	0x38
 700 033e 09       		.uleb128 0x9
 701 033f 9D020000 		.4byte	.LASF52
 702 0343 06       		.byte	0x6
 703 0344 6804     		.2byte	0x468
 704 0346 8C000000 		.4byte	0x8c
 705 034a 3C       		.byte	0x3c
 706 034b 09       		.uleb128 0x9
 707 034c E4000000 		.4byte	.LASF53
 708 0350 06       		.byte	0x6
 709 0351 6904     		.2byte	0x469
 710 0353 A9000000 		.4byte	0xa9
 711 0357 40       		.byte	0x40
 712 0358 09       		.uleb128 0x9
 713 0359 C1010000 		.4byte	.LASF54
 714 035d 06       		.byte	0x6
 715 035e 6A04     		.2byte	0x46a
 716 0360 A9000000 		.4byte	0xa9
 717 0364 44       		.byte	0x44
 718 0365 09       		.uleb128 0x9
 719 0366 A7020000 		.4byte	.LASF55
 720 036a 06       		.byte	0x6
 721 036b 6B04     		.2byte	0x46b
 722 036d 83010000 		.4byte	0x183
 723 0371 48       		.byte	0x48
 724 0372 09       		.uleb128 0x9
 725 0373 00000000 		.4byte	.LASF56
 726 0377 06       		.byte	0x6
 727 0378 6C04     		.2byte	0x46c
 728 037a A9000000 		.4byte	0xa9
 729 037e 50       		.byte	0x50
 730 037f 09       		.uleb128 0x9
 731 0380 77020000 		.4byte	.LASF57
 732 0384 06       		.byte	0x6
 733 0385 6D04     		.2byte	0x46d
 734 0387 A9000000 		.4byte	0xa9
 735 038b 54       		.byte	0x54
 736 038c 09       		.uleb128 0x9
 737 038d DA000000 		.4byte	.LASF58
 738 0391 06       		.byte	0x6
 739 0392 6E04     		.2byte	0x46e
ARM GAS  /tmp/ccB8mWzK.s 			page 14


 740 0394 A9000000 		.4byte	0xa9
 741 0398 58       		.byte	0x58
 742 0399 09       		.uleb128 0x9
 743 039a B1020000 		.4byte	.LASF59
 744 039e 06       		.byte	0x6
 745 039f 6F04     		.2byte	0x46f
 746 03a1 8C000000 		.4byte	0x8c
 747 03a5 5C       		.byte	0x5c
 748 03a6 09       		.uleb128 0x9
 749 03a7 52020000 		.4byte	.LASF60
 750 03ab 06       		.byte	0x6
 751 03ac 7004     		.2byte	0x470
 752 03ae A9000000 		.4byte	0xa9
 753 03b2 60       		.byte	0x60
 754 03b3 09       		.uleb128 0x9
 755 03b4 C2030000 		.4byte	.LASF61
 756 03b8 06       		.byte	0x6
 757 03b9 7104     		.2byte	0x471
 758 03bb A9000000 		.4byte	0xa9
 759 03bf 64       		.byte	0x64
 760 03c0 09       		.uleb128 0x9
 761 03c1 BB020000 		.4byte	.LASF62
 762 03c5 06       		.byte	0x6
 763 03c6 7204     		.2byte	0x472
 764 03c8 83010000 		.4byte	0x183
 765 03cc 68       		.byte	0x68
 766 03cd 09       		.uleb128 0x9
 767 03ce 40000000 		.4byte	.LASF63
 768 03d2 06       		.byte	0x6
 769 03d3 7304     		.2byte	0x473
 770 03d5 A9000000 		.4byte	0xa9
 771 03d9 70       		.byte	0x70
 772 03da 0E       		.uleb128 0xe
 773 03db 43535200 		.ascii	"CSR\000"
 774 03df 06       		.byte	0x6
 775 03e0 7404     		.2byte	0x474
 776 03e2 A9000000 		.4byte	0xa9
 777 03e6 74       		.byte	0x74
 778 03e7 09       		.uleb128 0x9
 779 03e8 C5020000 		.4byte	.LASF64
 780 03ec 06       		.byte	0x6
 781 03ed 7504     		.2byte	0x475
 782 03ef 83010000 		.4byte	0x183
 783 03f3 78       		.byte	0x78
 784 03f4 09       		.uleb128 0x9
 785 03f5 BA000000 		.4byte	.LASF65
 786 03f9 06       		.byte	0x6
 787 03fa 7604     		.2byte	0x476
 788 03fc A9000000 		.4byte	0xa9
 789 0400 80       		.byte	0x80
 790 0401 09       		.uleb128 0x9
 791 0402 52000000 		.4byte	.LASF66
 792 0406 06       		.byte	0x6
 793 0407 7704     		.2byte	0x477
 794 0409 A9000000 		.4byte	0xa9
 795 040d 84       		.byte	0x84
 796 040e 09       		.uleb128 0x9
ARM GAS  /tmp/ccB8mWzK.s 			page 15


 797 040f B7030000 		.4byte	.LASF67
 798 0413 06       		.byte	0x6
 799 0414 7804     		.2byte	0x478
 800 0416 A9000000 		.4byte	0xa9
 801 041a 88       		.byte	0x88
 802 041b 09       		.uleb128 0x9
 803 041c 13010000 		.4byte	.LASF68
 804 0420 06       		.byte	0x6
 805 0421 7904     		.2byte	0x479
 806 0423 A9000000 		.4byte	0xa9
 807 0427 8C       		.byte	0x8c
 808 0428 00       		.byte	0
 809 0429 0A       		.uleb128 0xa
 810 042a 0A000000 		.4byte	.LASF69
 811 042e 06       		.byte	0x6
 812 042f 7B04     		.2byte	0x47b
 813 0431 80020000 		.4byte	0x280
 814 0435 0F       		.uleb128 0xf
 815 0436 F2000000 		.4byte	.LASF73
 816 043a 01       		.byte	0x1
 817 043b 33       		.byte	0x33
 818 043c 01       		.byte	0x1
 819 043d 10       		.uleb128 0x10
 820 043e 1D020000 		.4byte	.LASF74
 821 0442 01       		.byte	0x1
 822 0443 6F       		.byte	0x6f
 823 0444 00000000 		.4byte	.LFB119
 824 0448 A6000000 		.4byte	.LFE119-.LFB119
 825 044c 01       		.uleb128 0x1
 826 044d 9C       		.byte	0x9c
 827 044e 6B040000 		.4byte	0x46b
 828 0452 11       		.uleb128 0x11
 829 0453 35040000 		.4byte	0x435
 830 0457 66000000 		.4byte	.LBB4
 831 045b 00000000 		.4byte	.Ldebug_ranges0+0
 832 045f 01       		.byte	0x1
 833 0460 87       		.byte	0x87
 834 0461 12       		.uleb128 0x12
 835 0462 A6000000 		.4byte	.LVL0
 836 0466 88040000 		.4byte	0x488
 837 046a 00       		.byte	0
 838 046b 13       		.uleb128 0x13
 839 046c 87010000 		.4byte	.LASF75
 840 0470 01       		.byte	0x1
 841 0471 9A       		.byte	0x9a
 842 0472 00000000 		.4byte	.LFB120
 843 0476 FC000000 		.4byte	.LFE120-.LFB120
 844 047a 01       		.uleb128 0x1
 845 047b 9C       		.byte	0x9c
 846 047c 14       		.uleb128 0x14
 847 047d AA030000 		.4byte	.LASF76
 848 0481 05       		.byte	0x5
 849 0482 9806     		.2byte	0x698
 850 0484 DD010000 		.4byte	0x1dd
 851 0488 15       		.uleb128 0x15
 852 0489 81020000 		.4byte	.LASF77
 853 048d 07       		.byte	0x7
ARM GAS  /tmp/ccB8mWzK.s 			page 16


 854 048e C101     		.2byte	0x1c1
 855 0490 00       		.byte	0
 856              		.section	.debug_abbrev,"",%progbits
 857              	.Ldebug_abbrev0:
 858 0000 01       		.uleb128 0x1
 859 0001 11       		.uleb128 0x11
 860 0002 01       		.byte	0x1
 861 0003 25       		.uleb128 0x25
 862 0004 0E       		.uleb128 0xe
 863 0005 13       		.uleb128 0x13
 864 0006 0B       		.uleb128 0xb
 865 0007 03       		.uleb128 0x3
 866 0008 0E       		.uleb128 0xe
 867 0009 1B       		.uleb128 0x1b
 868 000a 0E       		.uleb128 0xe
 869 000b 55       		.uleb128 0x55
 870 000c 17       		.uleb128 0x17
 871 000d 11       		.uleb128 0x11
 872 000e 01       		.uleb128 0x1
 873 000f 10       		.uleb128 0x10
 874 0010 17       		.uleb128 0x17
 875 0011 00       		.byte	0
 876 0012 00       		.byte	0
 877 0013 02       		.uleb128 0x2
 878 0014 24       		.uleb128 0x24
 879 0015 00       		.byte	0
 880 0016 0B       		.uleb128 0xb
 881 0017 0B       		.uleb128 0xb
 882 0018 3E       		.uleb128 0x3e
 883 0019 0B       		.uleb128 0xb
 884 001a 03       		.uleb128 0x3
 885 001b 08       		.uleb128 0x8
 886 001c 00       		.byte	0
 887 001d 00       		.byte	0
 888 001e 03       		.uleb128 0x3
 889 001f 24       		.uleb128 0x24
 890 0020 00       		.byte	0
 891 0021 0B       		.uleb128 0xb
 892 0022 0B       		.uleb128 0xb
 893 0023 3E       		.uleb128 0x3e
 894 0024 0B       		.uleb128 0xb
 895 0025 03       		.uleb128 0x3
 896 0026 0E       		.uleb128 0xe
 897 0027 00       		.byte	0
 898 0028 00       		.byte	0
 899 0029 04       		.uleb128 0x4
 900 002a 16       		.uleb128 0x16
 901 002b 00       		.byte	0
 902 002c 03       		.uleb128 0x3
 903 002d 0E       		.uleb128 0xe
 904 002e 3A       		.uleb128 0x3a
 905 002f 0B       		.uleb128 0xb
 906 0030 3B       		.uleb128 0x3b
 907 0031 0B       		.uleb128 0xb
 908 0032 49       		.uleb128 0x49
 909 0033 13       		.uleb128 0x13
 910 0034 00       		.byte	0
ARM GAS  /tmp/ccB8mWzK.s 			page 17


 911 0035 00       		.byte	0
 912 0036 05       		.uleb128 0x5
 913 0037 35       		.uleb128 0x35
 914 0038 00       		.byte	0
 915 0039 49       		.uleb128 0x49
 916 003a 13       		.uleb128 0x13
 917 003b 00       		.byte	0
 918 003c 00       		.byte	0
 919 003d 06       		.uleb128 0x6
 920 003e 13       		.uleb128 0x13
 921 003f 01       		.byte	0x1
 922 0040 0B       		.uleb128 0xb
 923 0041 0B       		.uleb128 0xb
 924 0042 3A       		.uleb128 0x3a
 925 0043 0B       		.uleb128 0xb
 926 0044 3B       		.uleb128 0x3b
 927 0045 0B       		.uleb128 0xb
 928 0046 01       		.uleb128 0x1
 929 0047 13       		.uleb128 0x13
 930 0048 00       		.byte	0
 931 0049 00       		.byte	0
 932 004a 07       		.uleb128 0x7
 933 004b 0D       		.uleb128 0xd
 934 004c 00       		.byte	0
 935 004d 03       		.uleb128 0x3
 936 004e 0E       		.uleb128 0xe
 937 004f 3A       		.uleb128 0x3a
 938 0050 0B       		.uleb128 0xb
 939 0051 3B       		.uleb128 0x3b
 940 0052 0B       		.uleb128 0xb
 941 0053 49       		.uleb128 0x49
 942 0054 13       		.uleb128 0x13
 943 0055 38       		.uleb128 0x38
 944 0056 0B       		.uleb128 0xb
 945 0057 00       		.byte	0
 946 0058 00       		.byte	0
 947 0059 08       		.uleb128 0x8
 948 005a 13       		.uleb128 0x13
 949 005b 01       		.byte	0x1
 950 005c 0B       		.uleb128 0xb
 951 005d 0B       		.uleb128 0xb
 952 005e 3A       		.uleb128 0x3a
 953 005f 0B       		.uleb128 0xb
 954 0060 3B       		.uleb128 0x3b
 955 0061 05       		.uleb128 0x5
 956 0062 01       		.uleb128 0x1
 957 0063 13       		.uleb128 0x13
 958 0064 00       		.byte	0
 959 0065 00       		.byte	0
 960 0066 09       		.uleb128 0x9
 961 0067 0D       		.uleb128 0xd
 962 0068 00       		.byte	0
 963 0069 03       		.uleb128 0x3
 964 006a 0E       		.uleb128 0xe
 965 006b 3A       		.uleb128 0x3a
 966 006c 0B       		.uleb128 0xb
 967 006d 3B       		.uleb128 0x3b
ARM GAS  /tmp/ccB8mWzK.s 			page 18


 968 006e 05       		.uleb128 0x5
 969 006f 49       		.uleb128 0x49
 970 0070 13       		.uleb128 0x13
 971 0071 38       		.uleb128 0x38
 972 0072 0B       		.uleb128 0xb
 973 0073 00       		.byte	0
 974 0074 00       		.byte	0
 975 0075 0A       		.uleb128 0xa
 976 0076 16       		.uleb128 0x16
 977 0077 00       		.byte	0
 978 0078 03       		.uleb128 0x3
 979 0079 0E       		.uleb128 0xe
 980 007a 3A       		.uleb128 0x3a
 981 007b 0B       		.uleb128 0xb
 982 007c 3B       		.uleb128 0x3b
 983 007d 05       		.uleb128 0x5
 984 007e 49       		.uleb128 0x49
 985 007f 13       		.uleb128 0x13
 986 0080 00       		.byte	0
 987 0081 00       		.byte	0
 988 0082 0B       		.uleb128 0xb
 989 0083 26       		.uleb128 0x26
 990 0084 00       		.byte	0
 991 0085 49       		.uleb128 0x49
 992 0086 13       		.uleb128 0x13
 993 0087 00       		.byte	0
 994 0088 00       		.byte	0
 995 0089 0C       		.uleb128 0xc
 996 008a 01       		.uleb128 0x1
 997 008b 01       		.byte	0x1
 998 008c 49       		.uleb128 0x49
 999 008d 13       		.uleb128 0x13
 1000 008e 01       		.uleb128 0x1
 1001 008f 13       		.uleb128 0x13
 1002 0090 00       		.byte	0
 1003 0091 00       		.byte	0
 1004 0092 0D       		.uleb128 0xd
 1005 0093 21       		.uleb128 0x21
 1006 0094 00       		.byte	0
 1007 0095 49       		.uleb128 0x49
 1008 0096 13       		.uleb128 0x13
 1009 0097 2F       		.uleb128 0x2f
 1010 0098 0B       		.uleb128 0xb
 1011 0099 00       		.byte	0
 1012 009a 00       		.byte	0
 1013 009b 0E       		.uleb128 0xe
 1014 009c 0D       		.uleb128 0xd
 1015 009d 00       		.byte	0
 1016 009e 03       		.uleb128 0x3
 1017 009f 08       		.uleb128 0x8
 1018 00a0 3A       		.uleb128 0x3a
 1019 00a1 0B       		.uleb128 0xb
 1020 00a2 3B       		.uleb128 0x3b
 1021 00a3 05       		.uleb128 0x5
 1022 00a4 49       		.uleb128 0x49
 1023 00a5 13       		.uleb128 0x13
 1024 00a6 38       		.uleb128 0x38
ARM GAS  /tmp/ccB8mWzK.s 			page 19


 1025 00a7 0B       		.uleb128 0xb
 1026 00a8 00       		.byte	0
 1027 00a9 00       		.byte	0
 1028 00aa 0F       		.uleb128 0xf
 1029 00ab 2E       		.uleb128 0x2e
 1030 00ac 00       		.byte	0
 1031 00ad 03       		.uleb128 0x3
 1032 00ae 0E       		.uleb128 0xe
 1033 00af 3A       		.uleb128 0x3a
 1034 00b0 0B       		.uleb128 0xb
 1035 00b1 3B       		.uleb128 0x3b
 1036 00b2 0B       		.uleb128 0xb
 1037 00b3 27       		.uleb128 0x27
 1038 00b4 19       		.uleb128 0x19
 1039 00b5 20       		.uleb128 0x20
 1040 00b6 0B       		.uleb128 0xb
 1041 00b7 00       		.byte	0
 1042 00b8 00       		.byte	0
 1043 00b9 10       		.uleb128 0x10
 1044 00ba 2E       		.uleb128 0x2e
 1045 00bb 01       		.byte	0x1
 1046 00bc 3F       		.uleb128 0x3f
 1047 00bd 19       		.uleb128 0x19
 1048 00be 03       		.uleb128 0x3
 1049 00bf 0E       		.uleb128 0xe
 1050 00c0 3A       		.uleb128 0x3a
 1051 00c1 0B       		.uleb128 0xb
 1052 00c2 3B       		.uleb128 0x3b
 1053 00c3 0B       		.uleb128 0xb
 1054 00c4 27       		.uleb128 0x27
 1055 00c5 19       		.uleb128 0x19
 1056 00c6 11       		.uleb128 0x11
 1057 00c7 01       		.uleb128 0x1
 1058 00c8 12       		.uleb128 0x12
 1059 00c9 06       		.uleb128 0x6
 1060 00ca 40       		.uleb128 0x40
 1061 00cb 18       		.uleb128 0x18
 1062 00cc 9742     		.uleb128 0x2117
 1063 00ce 19       		.uleb128 0x19
 1064 00cf 01       		.uleb128 0x1
 1065 00d0 13       		.uleb128 0x13
 1066 00d1 00       		.byte	0
 1067 00d2 00       		.byte	0
 1068 00d3 11       		.uleb128 0x11
 1069 00d4 1D       		.uleb128 0x1d
 1070 00d5 00       		.byte	0
 1071 00d6 31       		.uleb128 0x31
 1072 00d7 13       		.uleb128 0x13
 1073 00d8 52       		.uleb128 0x52
 1074 00d9 01       		.uleb128 0x1
 1075 00da 55       		.uleb128 0x55
 1076 00db 17       		.uleb128 0x17
 1077 00dc 58       		.uleb128 0x58
 1078 00dd 0B       		.uleb128 0xb
 1079 00de 59       		.uleb128 0x59
 1080 00df 0B       		.uleb128 0xb
 1081 00e0 00       		.byte	0
ARM GAS  /tmp/ccB8mWzK.s 			page 20


 1082 00e1 00       		.byte	0
 1083 00e2 12       		.uleb128 0x12
 1084 00e3 898201   		.uleb128 0x4109
 1085 00e6 00       		.byte	0
 1086 00e7 11       		.uleb128 0x11
 1087 00e8 01       		.uleb128 0x1
 1088 00e9 9542     		.uleb128 0x2115
 1089 00eb 19       		.uleb128 0x19
 1090 00ec 31       		.uleb128 0x31
 1091 00ed 13       		.uleb128 0x13
 1092 00ee 00       		.byte	0
 1093 00ef 00       		.byte	0
 1094 00f0 13       		.uleb128 0x13
 1095 00f1 2E       		.uleb128 0x2e
 1096 00f2 00       		.byte	0
 1097 00f3 3F       		.uleb128 0x3f
 1098 00f4 19       		.uleb128 0x19
 1099 00f5 03       		.uleb128 0x3
 1100 00f6 0E       		.uleb128 0xe
 1101 00f7 3A       		.uleb128 0x3a
 1102 00f8 0B       		.uleb128 0xb
 1103 00f9 3B       		.uleb128 0x3b
 1104 00fa 0B       		.uleb128 0xb
 1105 00fb 27       		.uleb128 0x27
 1106 00fc 19       		.uleb128 0x19
 1107 00fd 11       		.uleb128 0x11
 1108 00fe 01       		.uleb128 0x1
 1109 00ff 12       		.uleb128 0x12
 1110 0100 06       		.uleb128 0x6
 1111 0101 40       		.uleb128 0x40
 1112 0102 18       		.uleb128 0x18
 1113 0103 9742     		.uleb128 0x2117
 1114 0105 19       		.uleb128 0x19
 1115 0106 00       		.byte	0
 1116 0107 00       		.byte	0
 1117 0108 14       		.uleb128 0x14
 1118 0109 34       		.uleb128 0x34
 1119 010a 00       		.byte	0
 1120 010b 03       		.uleb128 0x3
 1121 010c 0E       		.uleb128 0xe
 1122 010d 3A       		.uleb128 0x3a
 1123 010e 0B       		.uleb128 0xb
 1124 010f 3B       		.uleb128 0x3b
 1125 0110 05       		.uleb128 0x5
 1126 0111 49       		.uleb128 0x49
 1127 0112 13       		.uleb128 0x13
 1128 0113 3F       		.uleb128 0x3f
 1129 0114 19       		.uleb128 0x19
 1130 0115 3C       		.uleb128 0x3c
 1131 0116 19       		.uleb128 0x19
 1132 0117 00       		.byte	0
 1133 0118 00       		.byte	0
 1134 0119 15       		.uleb128 0x15
 1135 011a 2E       		.uleb128 0x2e
 1136 011b 00       		.byte	0
 1137 011c 3F       		.uleb128 0x3f
 1138 011d 19       		.uleb128 0x19
ARM GAS  /tmp/ccB8mWzK.s 			page 21


 1139 011e 03       		.uleb128 0x3
 1140 011f 0E       		.uleb128 0xe
 1141 0120 3A       		.uleb128 0x3a
 1142 0121 0B       		.uleb128 0xb
 1143 0122 3B       		.uleb128 0x3b
 1144 0123 05       		.uleb128 0x5
 1145 0124 27       		.uleb128 0x27
 1146 0125 19       		.uleb128 0x19
 1147 0126 3C       		.uleb128 0x3c
 1148 0127 19       		.uleb128 0x19
 1149 0128 00       		.byte	0
 1150 0129 00       		.byte	0
 1151 012a 00       		.byte	0
 1152              		.section	.debug_aranges,"",%progbits
 1153 0000 24000000 		.4byte	0x24
 1154 0004 0200     		.2byte	0x2
 1155 0006 00000000 		.4byte	.Ldebug_info0
 1156 000a 04       		.byte	0x4
 1157 000b 00       		.byte	0
 1158 000c 0000     		.2byte	0
 1159 000e 0000     		.2byte	0
 1160 0010 00000000 		.4byte	.LFB119
 1161 0014 A6000000 		.4byte	.LFE119-.LFB119
 1162 0018 00000000 		.4byte	.LFB120
 1163 001c FC000000 		.4byte	.LFE120-.LFB120
 1164 0020 00000000 		.4byte	0
 1165 0024 00000000 		.4byte	0
 1166              		.section	.debug_ranges,"",%progbits
 1167              	.Ldebug_ranges0:
 1168 0000 66000000 		.4byte	.LBB4
 1169 0004 6E000000 		.4byte	.LBE4
 1170 0008 74000000 		.4byte	.LBB8
 1171 000c 98000000 		.4byte	.LBE8
 1172 0010 9A000000 		.4byte	.LBB9
 1173 0014 A2000000 		.4byte	.LBE9
 1174 0018 00000000 		.4byte	0
 1175 001c 00000000 		.4byte	0
 1176 0020 00000000 		.4byte	.LFB119
 1177 0024 A6000000 		.4byte	.LFE119
 1178 0028 00000000 		.4byte	.LFB120
 1179 002c FC000000 		.4byte	.LFE120
 1180 0030 00000000 		.4byte	0
 1181 0034 00000000 		.4byte	0
 1182              		.section	.debug_line,"",%progbits
 1183              	.Ldebug_line0:
 1184 0000 FA010000 		.section	.debug_str,"MS",%progbits,1
 1184      02004801 
 1184      00000201 
 1184      FB0E0D00 
 1184      01010101 
 1185              	.LASF56:
 1186 0000 41484231 		.ascii	"AHB1LPENR\000"
 1186      4C50454E 
 1186      5200
 1187              	.LASF69:
 1188 000a 5243435F 		.ascii	"RCC_TypeDef\000"
 1188      54797065 
ARM GAS  /tmp/ccB8mWzK.s 			page 22


 1188      44656600 
 1189              	.LASF46:
 1190 0016 41504231 		.ascii	"APB1RSTR\000"
 1190      52535452 
 1190      00
 1191              	.LASF50:
 1192 001f 41484232 		.ascii	"AHB2ENR\000"
 1192      454E5200 
 1193              	.LASF19:
 1194 0027 44454D43 		.ascii	"DEMCR\000"
 1194      5200
 1195              	.LASF3:
 1196 002d 73686F72 		.ascii	"short int\000"
 1196      7420696E 
 1196      7400
 1197              	.LASF15:
 1198 0037 73697A65 		.ascii	"sizetype\000"
 1198      74797065 
 1198      00
 1199              	.LASF63:
 1200 0040 42444352 		.ascii	"BDCR\000"
 1200      00
 1201              	.LASF28:
 1202 0045 50435352 		.ascii	"PCSR\000"
 1202      00
 1203              	.LASF27:
 1204 004a 464F4C44 		.ascii	"FOLDCNT\000"
 1204      434E5400 
 1205              	.LASF66:
 1206 0052 504C4C49 		.ascii	"PLLI2SCFGR\000"
 1206      32534346 
 1206      475200
 1207              	.LASF39:
 1208 005d 5057525F 		.ascii	"PWR_TypeDef\000"
 1208      54797065 
 1208      44656600 
 1209              	.LASF7:
 1210 0069 5F5F7569 		.ascii	"__uint32_t\000"
 1210      6E743332 
 1210      5F7400
 1211              	.LASF29:
 1212 0074 434D785F 		.ascii	"CMx_DWT\000"
 1212      44575400 
 1213              	.LASF71:
 1214 007c 2E2E2F69 		.ascii	"../include/ChibiOS_2.6.5/os/hal/platforms/STM32F4xx"
 1214      6E636C75 
 1214      64652F43 
 1214      68696269 
 1214      4F535F32 
 1215 00af 2F68616C 		.ascii	"/hal_lld.c\000"
 1215      5F6C6C64 
 1215      2E6300
 1216              	.LASF65:
 1217 00ba 53534347 		.ascii	"SSCGR\000"
 1217      5200
 1218              	.LASF21:
 1219 00c0 4354524C 		.ascii	"CTRL\000"
ARM GAS  /tmp/ccB8mWzK.s 			page 23


 1219      00
 1220              	.LASF42:
 1221 00c5 41484231 		.ascii	"AHB1RSTR\000"
 1221      52535452 
 1221      00
 1222              	.LASF41:
 1223 00ce 43464752 		.ascii	"CFGR\000"
 1223      00
 1224              	.LASF23:
 1225 00d3 43504943 		.ascii	"CPICNT\000"
 1225      4E5400
 1226              	.LASF58:
 1227 00da 41484233 		.ascii	"AHB3LPENR\000"
 1227      4C50454E 
 1227      5200
 1228              	.LASF53:
 1229 00e4 41504231 		.ascii	"APB1ENR\000"
 1229      454E5200 
 1230              	.LASF17:
 1231 00ec 44435253 		.ascii	"DCRSR\000"
 1231      5200
 1232              	.LASF73:
 1233 00f2 68616C5F 		.ascii	"hal_lld_backup_domain_init\000"
 1233      6C6C645F 
 1233      6261636B 
 1233      75705F64 
 1233      6F6D6169 
 1234              	.LASF18:
 1235 010d 44435244 		.ascii	"DCRDR\000"
 1235      5200
 1236              	.LASF68:
 1237 0113 44434B43 		.ascii	"DCKCFGR\000"
 1237      46475200 
 1238              	.LASF14:
 1239 011b 494F5245 		.ascii	"IOREG32\000"
 1239      47333200 
 1240              	.LASF35:
 1241 0123 4F50544B 		.ascii	"OPTKEYR\000"
 1241      45595200 
 1242              	.LASF9:
 1243 012b 6C6F6E67 		.ascii	"long long int\000"
 1243      206C6F6E 
 1243      6720696E 
 1243      7400
 1244              	.LASF22:
 1245 0139 43594343 		.ascii	"CYCCNT\000"
 1245      4E5400
 1246              	.LASF32:
 1247 0140 43414C49 		.ascii	"CALIB\000"
 1247      4200
 1248              	.LASF16:
 1249 0146 44484353 		.ascii	"DHCSR\000"
 1249      5200
 1250              	.LASF5:
 1251 014c 6C6F6E67 		.ascii	"long int\000"
 1251      20696E74 
 1251      00
ARM GAS  /tmp/ccB8mWzK.s 			page 24


 1252              	.LASF72:
 1253 0155 2F686F6D 		.ascii	"/home/mo/ARMProjects/STM32F4/ChibiOS/src\000"
 1253      652F6D6F 
 1253      2F41524D 
 1253      50726F6A 
 1253      65637473 
 1254              	.LASF47:
 1255 017e 41504232 		.ascii	"APB2RSTR\000"
 1255      52535452 
 1255      00
 1256              	.LASF75:
 1257 0187 73746D33 		.ascii	"stm32_clock_init\000"
 1257      325F636C 
 1257      6F636B5F 
 1257      696E6974 
 1257      00
 1258              	.LASF37:
 1259 0198 4F505443 		.ascii	"OPTCR1\000"
 1259      523100
 1260              	.LASF51:
 1261 019f 41484233 		.ascii	"AHB3ENR\000"
 1261      454E5200 
 1262              	.LASF34:
 1263 01a7 4B455952 		.ascii	"KEYR\000"
 1263      00
 1264              	.LASF24:
 1265 01ac 45584343 		.ascii	"EXCCNT\000"
 1265      4E5400
 1266              	.LASF2:
 1267 01b3 756E7369 		.ascii	"unsigned char\000"
 1267      676E6564 
 1267      20636861 
 1267      7200
 1268              	.LASF54:
 1269 01c1 41504232 		.ascii	"APB2ENR\000"
 1269      454E5200 
 1270              	.LASF1:
 1271 01c9 7369676E 		.ascii	"signed char\000"
 1271      65642063 
 1271      68617200 
 1272              	.LASF10:
 1273 01d5 6C6F6E67 		.ascii	"long long unsigned int\000"
 1273      206C6F6E 
 1273      6720756E 
 1273      7369676E 
 1273      65642069 
 1274              	.LASF12:
 1275 01ec 75696E74 		.ascii	"uint32_t\000"
 1275      33325F74 
 1275      00
 1276              	.LASF0:
 1277 01f5 756E7369 		.ascii	"unsigned int\000"
 1277      676E6564 
 1277      20696E74 
 1277      00
 1278              	.LASF43:
 1279 0202 41484232 		.ascii	"AHB2RSTR\000"
ARM GAS  /tmp/ccB8mWzK.s 			page 25


 1279      52535452 
 1279      00
 1280              	.LASF8:
 1281 020b 6C6F6E67 		.ascii	"long unsigned int\000"
 1281      20756E73 
 1281      69676E65 
 1281      6420696E 
 1281      7400
 1282              	.LASF74:
 1283 021d 68616C5F 		.ascii	"hal_lld_init\000"
 1283      6C6C645F 
 1283      696E6974 
 1283      00
 1284              	.LASF40:
 1285 022a 504C4C43 		.ascii	"PLLCFGR\000"
 1285      46475200 
 1286              	.LASF33:
 1287 0232 53797354 		.ascii	"SysTick_Type\000"
 1287      69636B5F 
 1287      54797065 
 1287      00
 1288              	.LASF4:
 1289 023f 73686F72 		.ascii	"short unsigned int\000"
 1289      7420756E 
 1289      7369676E 
 1289      65642069 
 1289      6E7400
 1290              	.LASF60:
 1291 0252 41504231 		.ascii	"APB1LPENR\000"
 1291      4C50454E 
 1291      5200
 1292              	.LASF30:
 1293 025c 63686172 		.ascii	"char\000"
 1293      00
 1294              	.LASF20:
 1295 0261 434D785F 		.ascii	"CMx_SCS\000"
 1295      53435300 
 1296              	.LASF11:
 1297 0269 696E7433 		.ascii	"int32_t\000"
 1297      325F7400 
 1298              	.LASF13:
 1299 0271 5F426F6F 		.ascii	"_Bool\000"
 1299      6C00
 1300              	.LASF57:
 1301 0277 41484232 		.ascii	"AHB2LPENR\000"
 1301      4C50454E 
 1301      5200
 1302              	.LASF77:
 1303 0281 646D6149 		.ascii	"dmaInit\000"
 1303      6E697400 
 1304              	.LASF45:
 1305 0289 52455345 		.ascii	"RESERVED0\000"
 1305      52564544 
 1305      3000
 1306              	.LASF48:
 1307 0293 52455345 		.ascii	"RESERVED1\000"
 1307      52564544 
ARM GAS  /tmp/ccB8mWzK.s 			page 26


 1307      3100
 1308              	.LASF52:
 1309 029d 52455345 		.ascii	"RESERVED2\000"
 1309      52564544 
 1309      3200
 1310              	.LASF55:
 1311 02a7 52455345 		.ascii	"RESERVED3\000"
 1311      52564544 
 1311      3300
 1312              	.LASF59:
 1313 02b1 52455345 		.ascii	"RESERVED4\000"
 1313      52564544 
 1313      3400
 1314              	.LASF62:
 1315 02bb 52455345 		.ascii	"RESERVED5\000"
 1315      52564544 
 1315      3500
 1316              	.LASF64:
 1317 02c5 52455345 		.ascii	"RESERVED6\000"
 1317      52564544 
 1317      3600
 1318              	.LASF70:
 1319 02cf 474E5520 		.ascii	"GNU C 4.8.2 -mcpu=cortex-m4 -mno-thumb-interwork -m"
 1319      4320342E 
 1319      382E3220 
 1319      2D6D6370 
 1319      753D636F 
 1320 0302 7468756D 		.ascii	"thumb -ggdb -O2 -fomit-frame-pointer -falign-functi"
 1320      62202D67 
 1320      67646220 
 1320      2D4F3220 
 1320      2D666F6D 
 1321 0335 6F6E733D 		.ascii	"ons=16 -ffunction-sections -fdata-sections -fno-com"
 1321      3136202D 
 1321      6666756E 
 1321      6374696F 
 1321      6E2D7365 
 1322 0368 6D6F6E00 		.ascii	"mon\000"
 1323              	.LASF25:
 1324 036c 534C4545 		.ascii	"SLEEPCNT\000"
 1324      50434E54 
 1324      00
 1325              	.LASF6:
 1326 0375 5F5F696E 		.ascii	"__int32_t\000"
 1326      7433325F 
 1326      7400
 1327              	.LASF26:
 1328 037f 4C535543 		.ascii	"LSUCNT\000"
 1328      4E5400
 1329              	.LASF31:
 1330 0386 4C4F4144 		.ascii	"LOAD\000"
 1330      00
 1331              	.LASF49:
 1332 038b 41484231 		.ascii	"AHB1ENR\000"
 1332      454E5200 
 1333              	.LASF44:
 1334 0393 41484233 		.ascii	"AHB3RSTR\000"
ARM GAS  /tmp/ccB8mWzK.s 			page 27


 1334      52535452 
 1334      00
 1335              	.LASF38:
 1336 039c 464C4153 		.ascii	"FLASH_TypeDef\000"
 1336      485F5479 
 1336      70654465 
 1336      6600
 1337              	.LASF76:
 1338 03aa 49544D5F 		.ascii	"ITM_RxBuffer\000"
 1338      52784275 
 1338      66666572 
 1338      00
 1339              	.LASF67:
 1340 03b7 504C4C53 		.ascii	"PLLSAICFGR\000"
 1340      41494346 
 1340      475200
 1341              	.LASF61:
 1342 03c2 41504232 		.ascii	"APB2LPENR\000"
 1342      4C50454E 
 1342      5200
 1343              	.LASF36:
 1344 03cc 4F505443 		.ascii	"OPTCR\000"
 1344      5200
 1345              		.ident	"GCC: (4.8.2-14ubuntu1+6) 4.8.2"
ARM GAS  /tmp/ccB8mWzK.s 			page 28


DEFINED SYMBOLS
                            *ABS*:0000000000000000 hal_lld.c
     /tmp/ccB8mWzK.s:19     .text.hal_lld_init:0000000000000000 $t
     /tmp/ccB8mWzK.s:25     .text.hal_lld_init:0000000000000000 hal_lld_init
     /tmp/ccB8mWzK.s:146    .text.stm32_clock_init:0000000000000000 $t
     /tmp/ccB8mWzK.s:152    .text.stm32_clock_init:0000000000000000 stm32_clock_init
                     .debug_frame:0000000000000010 $d

UNDEFINED SYMBOLS
dmaInit
