ARM GAS  /tmp/cchZJcF4.s 			page 1


   1              		.syntax unified
   2              		.cpu cortex-m4
   3              		.fpu softvfp
   4              		.eabi_attribute 20, 1
   5              		.eabi_attribute 21, 1
   6              		.eabi_attribute 23, 3
   7              		.eabi_attribute 24, 1
   8              		.eabi_attribute 25, 1
   9              		.eabi_attribute 26, 1
  10              		.eabi_attribute 30, 2
  11              		.eabi_attribute 34, 1
  12              		.eabi_attribute 18, 4
  13              		.thumb
  14              		.file	"nvic.c"
  15              		.text
  16              	.Ltext0:
  17              		.cfi_sections	.debug_frame
  18              		.section	.text.nvicEnableVector,"ax",%progbits
  19              		.align	2
  20              		.p2align 4,,15
  21              		.global	nvicEnableVector
  22              		.thumb
  23              		.thumb_func
  24              		.type	nvicEnableVector, %function
  25              	nvicEnableVector:
  26              	.LFB7:
  27              		.file 1 "../include/ChibiOS_2.6.5/os/ports/common/ARMCMx/nvic.c"
  28              		.loc 1 46 0
  29              		.cfi_startproc
  30              		@ args = 0, pretend = 0, frame = 0
  31              		@ frame_needed = 0, uses_anonymous_args = 0
  32              		@ link register save eliminated.
  33              	.LVL0:
  34 0000 20F00303 		bic	r3, r0, #3
  35 0004 03F16043 		add	r3, r3, #-536870912
  36 0008 03F56143 		add	r3, r3, #57600
  37 000c F0B4     		push	{r4, r5, r6, r7}
  38              		.cfi_def_cfa_offset 16
  39              		.cfi_offset 4, -16
  40              		.cfi_offset 5, -12
  41              		.cfi_offset 6, -8
  42              		.cfi_offset 7, -4
  43              		.loc 1 47 0
  44 000e 00F00302 		and	r2, r0, #3
  45              		.loc 1 50 0
  46 0012 4409     		lsrs	r4, r0, #5
  47              		.loc 1 49 0
  48 0014 D3F80053 		ldr	r5, [r3, #768]
  49              		.loc 1 47 0
  50 0018 D200     		lsls	r2, r2, #3
  51              	.LVL1:
  52              		.loc 1 49 0
  53 001a FF26     		movs	r6, #255
  54 001c A400     		lsls	r4, r4, #2
  55 001e 9640     		lsls	r6, r6, r2
  56 0020 04F16044 		add	r4, r4, #-536870912
  57 0024 04F56144 		add	r4, r4, #57600
ARM GAS  /tmp/cchZJcF4.s 			page 2


  58 0028 25EA0605 		bic	r5, r5, r6
  59              		.loc 1 50 0
  60 002c 0127     		movs	r7, #1
  61              		.loc 1 49 0
  62 002e 9140     		lsls	r1, r1, r2
  63              	.LVL2:
  64              		.loc 1 50 0
  65 0030 00F01F00 		and	r0, r0, #31
  66              	.LVL3:
  67 0034 07FA00F0 		lsl	r0, r7, r0
  68              		.loc 1 49 0
  69 0038 45EA0102 		orr	r2, r5, r1
  70              	.LVL4:
  71 003c C3F80023 		str	r2, [r3, #768]
  72              		.loc 1 50 0
  73 0040 C4F88001 		str	r0, [r4, #384]
  74              		.loc 1 51 0
  75 0044 2060     		str	r0, [r4]
  76              		.loc 1 52 0
  77 0046 F0BC     		pop	{r4, r5, r6, r7}
  78 0048 7047     		bx	lr
  79              		.cfi_endproc
  80              	.LFE7:
  81              		.size	nvicEnableVector, .-nvicEnableVector
  82 004a 00BFAFF3 		.section	.text.nvicDisableVector,"ax",%progbits
  82      0080
  83              		.align	2
  84              		.p2align 4,,15
  85              		.global	nvicDisableVector
  86              		.thumb
  87              		.thumb_func
  88              		.type	nvicDisableVector, %function
  89              	nvicDisableVector:
  90              	.LFB8:
  91              		.loc 1 60 0
  92              		.cfi_startproc
  93              		@ args = 0, pretend = 0, frame = 0
  94              		@ frame_needed = 0, uses_anonymous_args = 0
  95              		@ link register save eliminated.
  96              	.LVL5:
  97              		.loc 1 63 0
  98 0000 4109     		lsrs	r1, r0, #5
  99 0002 4FF46142 		mov	r2, #57600
 100              		.loc 1 60 0
 101 0006 30B4     		push	{r4, r5}
 102              		.cfi_def_cfa_offset 8
 103              		.cfi_offset 4, -8
 104              		.cfi_offset 5, -4
 105              		.loc 1 63 0
 106 0008 2031     		adds	r1, r1, #32
 107 000a 00F01F04 		and	r4, r0, #31
 108 000e 0125     		movs	r5, #1
 109 0010 CEF20002 		movt	r2, 57344
 110 0014 20F00303 		bic	r3, r0, #3
 111 0018 05FA04F4 		lsl	r4, r5, r4
 112 001c 03F16043 		add	r3, r3, #-536870912
 113 0020 42F82140 		str	r4, [r2, r1, lsl #2]
ARM GAS  /tmp/cchZJcF4.s 			page 3


 114 0024 03F56143 		add	r3, r3, #57600
 115              		.loc 1 61 0
 116 0028 00F00300 		and	r0, r0, #3
 117              	.LVL6:
 118              		.loc 1 64 0
 119 002c D3F80023 		ldr	r2, [r3, #768]
 120              		.loc 1 61 0
 121 0030 C000     		lsls	r0, r0, #3
 122              	.LVL7:
 123              		.loc 1 64 0
 124 0032 FF21     		movs	r1, #255
 125 0034 01FA00F0 		lsl	r0, r1, r0
 126              	.LVL8:
 127 0038 22EA0000 		bic	r0, r2, r0
 128 003c C3F80003 		str	r0, [r3, #768]
 129              		.loc 1 65 0
 130 0040 30BC     		pop	{r4, r5}
 131 0042 7047     		bx	lr
 132              		.cfi_endproc
 133              	.LFE8:
 134              		.size	nvicDisableVector, .-nvicDisableVector
 135 0044 AFF30080 		.section	.text.nvicSetSystemHandlerPriority,"ax",%progbits
 135      AFF30080 
 135      AFF30080 
 136              		.align	2
 137              		.p2align 4,,15
 138              		.global	nvicSetSystemHandlerPriority
 139              		.thumb
 140              		.thumb_func
 141              		.type	nvicSetSystemHandlerPriority, %function
 142              	nvicSetSystemHandlerPriority:
 143              	.LFB9:
 144              		.loc 1 74 0
 145              		.cfi_startproc
 146              		@ args = 0, pretend = 0, frame = 0
 147              		@ frame_needed = 0, uses_anonymous_args = 0
 148              		@ link register save eliminated.
 149              	.LVL9:
 150 0000 20F00303 		bic	r3, r0, #3
 151 0004 03F16043 		add	r3, r3, #-536870912
 152 0008 03F56D43 		add	r3, r3, #60672
 153              		.loc 1 75 0
 154 000c 00F00300 		and	r0, r0, #3
 155              	.LVL10:
 156              		.loc 1 74 0
 157 0010 10B4     		push	{r4}
 158              		.cfi_def_cfa_offset 4
 159              		.cfi_offset 4, -4
 160              		.loc 1 75 0
 161 0012 C000     		lsls	r0, r0, #3
 162              	.LVL11:
 163              		.loc 1 77 0
 164 0014 9A69     		ldr	r2, [r3, #24]
 165              		.loc 1 78 0
 166 0016 FF24     		movs	r4, #255
 167 0018 8440     		lsls	r4, r4, r0
 168              		.loc 1 77 0
ARM GAS  /tmp/cchZJcF4.s 			page 4


 169 001a 22EA0402 		bic	r2, r2, r4
 170              		.loc 1 78 0
 171 001e 8140     		lsls	r1, r1, r0
 172              	.LVL12:
 173 0020 0A43     		orrs	r2, r2, r1
 174              		.loc 1 77 0
 175 0022 9A61     		str	r2, [r3, #24]
 176              		.loc 1 79 0
 177 0024 5DF8044B 		ldr	r4, [sp], #4
 178 0028 7047     		bx	lr
 179              		.cfi_endproc
 180              	.LFE9:
 181              		.size	nvicSetSystemHandlerPriority, .-nvicSetSystemHandlerPriority
 182 002a 00BFAFF3 		.text
 182      0080
 183              	.Letext0:
 184              		.file 2 "/usr/include/newlib/machine/_default_types.h"
 185              		.file 3 "/usr/include/newlib/stdint.h"
 186              		.file 4 "../include/ChibiOS_2.6.5/os/ports/common/ARMCMx/nvic.h"
 187              		.section	.debug_info,"",%progbits
 188              	.Ldebug_info0:
 189 0000 02040000 		.4byte	0x402
 190 0004 0400     		.2byte	0x4
 191 0006 00000000 		.4byte	.Ldebug_abbrev0
 192 000a 04       		.byte	0x4
 193 000b 01       		.uleb128 0x1
 194 000c F8000000 		.4byte	.LASF47
 195 0010 01       		.byte	0x1
 196 0011 15020000 		.4byte	.LASF48
 197 0015 0A000000 		.4byte	.LASF49
 198 0019 00000000 		.4byte	.Ldebug_ranges0+0
 199 001d 00000000 		.4byte	0
 200 0021 00000000 		.4byte	.Ldebug_line0
 201 0025 02       		.uleb128 0x2
 202 0026 04       		.byte	0x4
 203 0027 05       		.byte	0x5
 204 0028 696E7400 		.ascii	"int\000"
 205 002c 03       		.uleb128 0x3
 206 002d 04       		.byte	0x4
 207 002e 07       		.byte	0x7
 208 002f 95010000 		.4byte	.LASF0
 209 0033 03       		.uleb128 0x3
 210 0034 01       		.byte	0x1
 211 0035 06       		.byte	0x6
 212 0036 69020000 		.4byte	.LASF1
 213 003a 03       		.uleb128 0x3
 214 003b 01       		.byte	0x1
 215 003c 08       		.byte	0x8
 216 003d 75000000 		.4byte	.LASF2
 217 0041 03       		.uleb128 0x3
 218 0042 02       		.byte	0x2
 219 0043 05       		.byte	0x5
 220 0044 5E000000 		.4byte	.LASF3
 221 0048 03       		.uleb128 0x3
 222 0049 02       		.byte	0x2
 223 004a 07       		.byte	0x7
 224 004b B3000000 		.4byte	.LASF4
ARM GAS  /tmp/cchZJcF4.s 			page 5


 225 004f 03       		.uleb128 0x3
 226 0050 04       		.byte	0x4
 227 0051 05       		.byte	0x5
 228 0052 5B020000 		.4byte	.LASF5
 229 0056 04       		.uleb128 0x4
 230 0057 ED000000 		.4byte	.LASF9
 231 005b 02       		.byte	0x2
 232 005c 38       		.byte	0x38
 233 005d 61000000 		.4byte	0x61
 234 0061 03       		.uleb128 0x3
 235 0062 04       		.byte	0x4
 236 0063 07       		.byte	0x7
 237 0064 D0000000 		.4byte	.LASF6
 238 0068 03       		.uleb128 0x3
 239 0069 08       		.byte	0x8
 240 006a 05       		.byte	0x5
 241 006b EC010000 		.4byte	.LASF7
 242 006f 03       		.uleb128 0x3
 243 0070 08       		.byte	0x8
 244 0071 07       		.byte	0x7
 245 0072 AC010000 		.4byte	.LASF8
 246 0076 04       		.uleb128 0x4
 247 0077 52020000 		.4byte	.LASF10
 248 007b 03       		.byte	0x3
 249 007c 42       		.byte	0x42
 250 007d 56000000 		.4byte	0x56
 251 0081 03       		.uleb128 0x3
 252 0082 01       		.byte	0x1
 253 0083 02       		.byte	0x2
 254 0084 38000000 		.4byte	.LASF11
 255 0088 04       		.uleb128 0x4
 256 0089 6D000000 		.4byte	.LASF12
 257 008d 04       		.byte	0x4
 258 008e 3A       		.byte	0x3a
 259 008f 93000000 		.4byte	0x93
 260 0093 05       		.uleb128 0x5
 261 0094 76000000 		.4byte	0x76
 262 0098 06       		.uleb128 0x6
 263 0099 040E     		.2byte	0xe04
 264 009b 04       		.byte	0x4
 265 009c 6A       		.byte	0x6a
 266 009d 47010000 		.4byte	0x147
 267 00a1 07       		.uleb128 0x7
 268 00a2 05020000 		.4byte	.LASF13
 269 00a6 04       		.byte	0x4
 270 00a7 6B       		.byte	0x6b
 271 00a8 5E010000 		.4byte	0x15e
 272 00ac 00       		.byte	0
 273 00ad 07       		.uleb128 0x7
 274 00ae 83000000 		.4byte	.LASF14
 275 00b2 04       		.byte	0x4
 276 00b3 6C       		.byte	0x6c
 277 00b4 73010000 		.4byte	0x173
 278 00b8 20       		.byte	0x20
 279 00b9 07       		.uleb128 0x7
 280 00ba 68000000 		.4byte	.LASF15
 281 00be 04       		.byte	0x4
ARM GAS  /tmp/cchZJcF4.s 			page 6


 282 00bf 6D       		.byte	0x6d
 283 00c0 78010000 		.4byte	0x178
 284 00c4 80       		.byte	0x80
 285 00c5 07       		.uleb128 0x7
 286 00c6 8B000000 		.4byte	.LASF16
 287 00ca 04       		.byte	0x4
 288 00cb 6E       		.byte	0x6e
 289 00cc 7D010000 		.4byte	0x17d
 290 00d0 A0       		.byte	0xa0
 291 00d1 08       		.uleb128 0x8
 292 00d2 A2010000 		.4byte	.LASF17
 293 00d6 04       		.byte	0x4
 294 00d7 6F       		.byte	0x6f
 295 00d8 82010000 		.4byte	0x182
 296 00dc 0001     		.2byte	0x100
 297 00de 08       		.uleb128 0x8
 298 00df 93000000 		.4byte	.LASF18
 299 00e3 04       		.byte	0x4
 300 00e4 70       		.byte	0x70
 301 00e5 87010000 		.4byte	0x187
 302 00e9 2001     		.2byte	0x120
 303 00eb 08       		.uleb128 0x8
 304 00ec 05000000 		.4byte	.LASF19
 305 00f0 04       		.byte	0x4
 306 00f1 71       		.byte	0x71
 307 00f2 8C010000 		.4byte	0x18c
 308 00f6 8001     		.2byte	0x180
 309 00f8 08       		.uleb128 0x8
 310 00f9 9B000000 		.4byte	.LASF20
 311 00fd 04       		.byte	0x4
 312 00fe 72       		.byte	0x72
 313 00ff 91010000 		.4byte	0x191
 314 0103 A001     		.2byte	0x1a0
 315 0105 08       		.uleb128 0x8
 316 0106 92020000 		.4byte	.LASF21
 317 010a 04       		.byte	0x4
 318 010b 73       		.byte	0x73
 319 010c 96010000 		.4byte	0x196
 320 0110 0002     		.2byte	0x200
 321 0112 08       		.uleb128 0x8
 322 0113 A3000000 		.4byte	.LASF22
 323 0117 04       		.byte	0x4
 324 0118 74       		.byte	0x74
 325 0119 AB010000 		.4byte	0x1ab
 326 011d 2002     		.2byte	0x220
 327 011f 09       		.uleb128 0x9
 328 0120 49505200 		.ascii	"IPR\000"
 329 0124 04       		.byte	0x4
 330 0125 75       		.byte	0x75
 331 0126 C0010000 		.4byte	0x1c0
 332 012a 0003     		.2byte	0x300
 333 012c 08       		.uleb128 0x8
 334 012d AB000000 		.4byte	.LASF23
 335 0131 04       		.byte	0x4
 336 0132 76       		.byte	0x76
 337 0133 D6010000 		.4byte	0x1d6
 338 0137 F003     		.2byte	0x3f0
ARM GAS  /tmp/cchZJcF4.s 			page 7


 339 0139 08       		.uleb128 0x8
 340 013a E8000000 		.4byte	.LASF24
 341 013e 04       		.byte	0x4
 342 013f 77       		.byte	0x77
 343 0140 88000000 		.4byte	0x88
 344 0144 000E     		.2byte	0xe00
 345 0146 00       		.byte	0
 346 0147 0A       		.uleb128 0xa
 347 0148 88000000 		.4byte	0x88
 348 014c 57010000 		.4byte	0x157
 349 0150 0B       		.uleb128 0xb
 350 0151 57010000 		.4byte	0x157
 351 0155 07       		.byte	0x7
 352 0156 00       		.byte	0
 353 0157 03       		.uleb128 0x3
 354 0158 04       		.byte	0x4
 355 0159 07       		.byte	0x7
 356 015a E3010000 		.4byte	.LASF25
 357 015e 05       		.uleb128 0x5
 358 015f 47010000 		.4byte	0x147
 359 0163 0A       		.uleb128 0xa
 360 0164 88000000 		.4byte	0x88
 361 0168 73010000 		.4byte	0x173
 362 016c 0B       		.uleb128 0xb
 363 016d 57010000 		.4byte	0x157
 364 0171 17       		.byte	0x17
 365 0172 00       		.byte	0
 366 0173 05       		.uleb128 0x5
 367 0174 63010000 		.4byte	0x163
 368 0178 05       		.uleb128 0x5
 369 0179 47010000 		.4byte	0x147
 370 017d 05       		.uleb128 0x5
 371 017e 63010000 		.4byte	0x163
 372 0182 05       		.uleb128 0x5
 373 0183 47010000 		.4byte	0x147
 374 0187 05       		.uleb128 0x5
 375 0188 63010000 		.4byte	0x163
 376 018c 05       		.uleb128 0x5
 377 018d 47010000 		.4byte	0x147
 378 0191 05       		.uleb128 0x5
 379 0192 63010000 		.4byte	0x163
 380 0196 05       		.uleb128 0x5
 381 0197 47010000 		.4byte	0x147
 382 019b 0A       		.uleb128 0xa
 383 019c 88000000 		.4byte	0x88
 384 01a0 AB010000 		.4byte	0x1ab
 385 01a4 0B       		.uleb128 0xb
 386 01a5 57010000 		.4byte	0x157
 387 01a9 37       		.byte	0x37
 388 01aa 00       		.byte	0
 389 01ab 05       		.uleb128 0x5
 390 01ac 9B010000 		.4byte	0x19b
 391 01b0 0A       		.uleb128 0xa
 392 01b1 88000000 		.4byte	0x88
 393 01b5 C0010000 		.4byte	0x1c0
 394 01b9 0B       		.uleb128 0xb
 395 01ba 57010000 		.4byte	0x157
ARM GAS  /tmp/cchZJcF4.s 			page 8


 396 01be 3B       		.byte	0x3b
 397 01bf 00       		.byte	0
 398 01c0 05       		.uleb128 0x5
 399 01c1 B0010000 		.4byte	0x1b0
 400 01c5 0A       		.uleb128 0xa
 401 01c6 88000000 		.4byte	0x88
 402 01ca D6010000 		.4byte	0x1d6
 403 01ce 0C       		.uleb128 0xc
 404 01cf 57010000 		.4byte	0x157
 405 01d3 8302     		.2byte	0x283
 406 01d5 00       		.byte	0
 407 01d6 05       		.uleb128 0x5
 408 01d7 C5010000 		.4byte	0x1c5
 409 01db 04       		.uleb128 0x4
 410 01dc 50000000 		.4byte	.LASF26
 411 01e0 04       		.byte	0x4
 412 01e1 78       		.byte	0x78
 413 01e2 98000000 		.4byte	0x98
 414 01e6 0D       		.uleb128 0xd
 415 01e7 8C       		.byte	0x8c
 416 01e8 04       		.byte	0x4
 417 01e9 89       		.byte	0x89
 418 01ea EB020000 		.4byte	0x2eb
 419 01ee 07       		.uleb128 0x7
 420 01ef FA010000 		.4byte	.LASF27
 421 01f3 04       		.byte	0x4
 422 01f4 8A       		.byte	0x8a
 423 01f5 88000000 		.4byte	0x88
 424 01f9 00       		.byte	0
 425 01fa 07       		.uleb128 0x7
 426 01fb C3010000 		.4byte	.LASF28
 427 01ff 04       		.byte	0x4
 428 0200 8B       		.byte	0x8b
 429 0201 88000000 		.4byte	0x88
 430 0205 04       		.byte	0x4
 431 0206 07       		.uleb128 0x7
 432 0207 59000000 		.4byte	.LASF29
 433 020b 04       		.byte	0x4
 434 020c 8C       		.byte	0x8c
 435 020d 88000000 		.4byte	0x88
 436 0211 08       		.byte	0x8
 437 0212 07       		.uleb128 0x7
 438 0213 D0010000 		.4byte	.LASF30
 439 0217 04       		.byte	0x4
 440 0218 8D       		.byte	0x8d
 441 0219 88000000 		.4byte	0x88
 442 021d 0C       		.byte	0xc
 443 021e 0E       		.uleb128 0xe
 444 021f 53435200 		.ascii	"SCR\000"
 445 0223 04       		.byte	0x4
 446 0224 8E       		.byte	0x8e
 447 0225 88000000 		.4byte	0x88
 448 0229 10       		.byte	0x10
 449 022a 0E       		.uleb128 0xe
 450 022b 43435200 		.ascii	"CCR\000"
 451 022f 04       		.byte	0x4
 452 0230 8F       		.byte	0x8f
ARM GAS  /tmp/cchZJcF4.s 			page 9


 453 0231 88000000 		.4byte	0x88
 454 0235 14       		.byte	0x14
 455 0236 07       		.uleb128 0x7
 456 0237 64020000 		.4byte	.LASF31
 457 023b 04       		.byte	0x4
 458 023c 90       		.byte	0x90
 459 023d FB020000 		.4byte	0x2fb
 460 0241 18       		.byte	0x18
 461 0242 07       		.uleb128 0x7
 462 0243 4C020000 		.4byte	.LASF32
 463 0247 04       		.byte	0x4
 464 0248 91       		.byte	0x91
 465 0249 88000000 		.4byte	0x88
 466 024d 24       		.byte	0x24
 467 024e 07       		.uleb128 0x7
 468 024f C6000000 		.4byte	.LASF33
 469 0253 04       		.byte	0x4
 470 0254 92       		.byte	0x92
 471 0255 88000000 		.4byte	0x88
 472 0259 28       		.byte	0x28
 473 025a 07       		.uleb128 0x7
 474 025b CB000000 		.4byte	.LASF34
 475 025f 04       		.byte	0x4
 476 0260 93       		.byte	0x93
 477 0261 88000000 		.4byte	0x88
 478 0265 2C       		.byte	0x2c
 479 0266 07       		.uleb128 0x7
 480 0267 A7010000 		.4byte	.LASF35
 481 026b 04       		.byte	0x4
 482 026c 94       		.byte	0x94
 483 026d 88000000 		.4byte	0x88
 484 0271 30       		.byte	0x30
 485 0272 07       		.uleb128 0x7
 486 0273 0F020000 		.4byte	.LASF36
 487 0277 04       		.byte	0x4
 488 0278 95       		.byte	0x95
 489 0279 88000000 		.4byte	0x88
 490 027d 34       		.byte	0x34
 491 027e 07       		.uleb128 0x7
 492 027f D6010000 		.4byte	.LASF37
 493 0283 04       		.byte	0x4
 494 0284 96       		.byte	0x96
 495 0285 88000000 		.4byte	0x88
 496 0289 38       		.byte	0x38
 497 028a 07       		.uleb128 0x7
 498 028b 0A020000 		.4byte	.LASF38
 499 028f 04       		.byte	0x4
 500 0290 97       		.byte	0x97
 501 0291 88000000 		.4byte	0x88
 502 0295 3C       		.byte	0x3c
 503 0296 0E       		.uleb128 0xe
 504 0297 50465200 		.ascii	"PFR\000"
 505 029b 04       		.byte	0x4
 506 029c 98       		.byte	0x98
 507 029d 10030000 		.4byte	0x310
 508 02a1 40       		.byte	0x40
 509 02a2 0E       		.uleb128 0xe
ARM GAS  /tmp/cchZJcF4.s 			page 10


 510 02a3 44465200 		.ascii	"DFR\000"
 511 02a7 04       		.byte	0x4
 512 02a8 99       		.byte	0x99
 513 02a9 88000000 		.4byte	0x88
 514 02ad 48       		.byte	0x48
 515 02ae 0E       		.uleb128 0xe
 516 02af 41445200 		.ascii	"ADR\000"
 517 02b3 04       		.byte	0x4
 518 02b4 9A       		.byte	0x9a
 519 02b5 88000000 		.4byte	0x88
 520 02b9 4C       		.byte	0x4c
 521 02ba 07       		.uleb128 0x7
 522 02bb 33000000 		.4byte	.LASF39
 523 02bf 04       		.byte	0x4
 524 02c0 9B       		.byte	0x9b
 525 02c1 25030000 		.4byte	0x325
 526 02c5 50       		.byte	0x50
 527 02c6 0E       		.uleb128 0xe
 528 02c7 53415200 		.ascii	"SAR\000"
 529 02cb 04       		.byte	0x4
 530 02cc 9C       		.byte	0x9c
 531 02cd 3A030000 		.4byte	0x33a
 532 02d1 60       		.byte	0x60
 533 02d2 07       		.uleb128 0x7
 534 02d3 83000000 		.4byte	.LASF14
 535 02d7 04       		.byte	0x4
 536 02d8 9D       		.byte	0x9d
 537 02d9 3F030000 		.4byte	0x33f
 538 02dd 74       		.byte	0x74
 539 02de 07       		.uleb128 0x7
 540 02df E2000000 		.4byte	.LASF40
 541 02e3 04       		.byte	0x4
 542 02e4 9E       		.byte	0x9e
 543 02e5 88000000 		.4byte	0x88
 544 02e9 88       		.byte	0x88
 545 02ea 00       		.byte	0
 546 02eb 0A       		.uleb128 0xa
 547 02ec 88000000 		.4byte	0x88
 548 02f0 FB020000 		.4byte	0x2fb
 549 02f4 0B       		.uleb128 0xb
 550 02f5 57010000 		.4byte	0x157
 551 02f9 02       		.byte	0x2
 552 02fa 00       		.byte	0
 553 02fb 05       		.uleb128 0x5
 554 02fc EB020000 		.4byte	0x2eb
 555 0300 0A       		.uleb128 0xa
 556 0301 88000000 		.4byte	0x88
 557 0305 10030000 		.4byte	0x310
 558 0309 0B       		.uleb128 0xb
 559 030a 57010000 		.4byte	0x157
 560 030e 01       		.byte	0x1
 561 030f 00       		.byte	0
 562 0310 05       		.uleb128 0x5
 563 0311 00030000 		.4byte	0x300
 564 0315 0A       		.uleb128 0xa
 565 0316 88000000 		.4byte	0x88
 566 031a 25030000 		.4byte	0x325
ARM GAS  /tmp/cchZJcF4.s 			page 11


 567 031e 0B       		.uleb128 0xb
 568 031f 57010000 		.4byte	0x157
 569 0323 03       		.byte	0x3
 570 0324 00       		.byte	0
 571 0325 05       		.uleb128 0x5
 572 0326 15030000 		.4byte	0x315
 573 032a 0A       		.uleb128 0xa
 574 032b 88000000 		.4byte	0x88
 575 032f 3A030000 		.4byte	0x33a
 576 0333 0B       		.uleb128 0xb
 577 0334 57010000 		.4byte	0x157
 578 0338 04       		.byte	0x4
 579 0339 00       		.byte	0
 580 033a 05       		.uleb128 0x5
 581 033b 2A030000 		.4byte	0x32a
 582 033f 05       		.uleb128 0x5
 583 0340 2A030000 		.4byte	0x32a
 584 0344 04       		.uleb128 0x4
 585 0345 C8010000 		.4byte	.LASF41
 586 0349 04       		.byte	0x4
 587 034a 9F       		.byte	0x9f
 588 034b E6010000 		.4byte	0x1e6
 589 034f 03       		.uleb128 0x3
 590 0350 01       		.byte	0x1
 591 0351 08       		.byte	0x8
 592 0352 00020000 		.4byte	.LASF42
 593 0356 0F       		.uleb128 0xf
 594 0357 97020000 		.4byte	.LASF44
 595 035b 01       		.byte	0x1
 596 035c 2E       		.byte	0x2e
 597 035d 00000000 		.4byte	.LFB7
 598 0361 4A000000 		.4byte	.LFE7-.LFB7
 599 0365 01       		.uleb128 0x1
 600 0366 9C       		.byte	0x9c
 601 0367 96030000 		.4byte	0x396
 602 036b 10       		.uleb128 0x10
 603 036c 6E00     		.ascii	"n\000"
 604 036e 01       		.byte	0x1
 605 036f 2E       		.byte	0x2e
 606 0370 76000000 		.4byte	0x76
 607 0374 00000000 		.4byte	.LLST0
 608 0378 11       		.uleb128 0x11
 609 0379 00000000 		.4byte	.LASF43
 610 037d 01       		.byte	0x1
 611 037e 2E       		.byte	0x2e
 612 037f 76000000 		.4byte	0x76
 613 0383 21000000 		.4byte	.LLST1
 614 0387 12       		.uleb128 0x12
 615 0388 736800   		.ascii	"sh\000"
 616 038b 01       		.byte	0x1
 617 038c 2F       		.byte	0x2f
 618 038d 2C000000 		.4byte	0x2c
 619 0391 42000000 		.4byte	.LLST2
 620 0395 00       		.byte	0
 621 0396 0F       		.uleb128 0xf
 622 0397 3E000000 		.4byte	.LASF45
 623 039b 01       		.byte	0x1
ARM GAS  /tmp/cchZJcF4.s 			page 12


 624 039c 3C       		.byte	0x3c
 625 039d 00000000 		.4byte	.LFB8
 626 03a1 44000000 		.4byte	.LFE8-.LFB8
 627 03a5 01       		.uleb128 0x1
 628 03a6 9C       		.byte	0x9c
 629 03a7 C7030000 		.4byte	0x3c7
 630 03ab 10       		.uleb128 0x10
 631 03ac 6E00     		.ascii	"n\000"
 632 03ae 01       		.byte	0x1
 633 03af 3C       		.byte	0x3c
 634 03b0 76000000 		.4byte	0x76
 635 03b4 78000000 		.4byte	.LLST3
 636 03b8 12       		.uleb128 0x12
 637 03b9 736800   		.ascii	"sh\000"
 638 03bc 01       		.byte	0x1
 639 03bd 3D       		.byte	0x3d
 640 03be 2C000000 		.4byte	0x2c
 641 03c2 99000000 		.4byte	.LLST4
 642 03c6 00       		.byte	0
 643 03c7 13       		.uleb128 0x13
 644 03c8 75020000 		.4byte	.LASF50
 645 03cc 01       		.byte	0x1
 646 03cd 4A       		.byte	0x4a
 647 03ce 00000000 		.4byte	.LFB9
 648 03d2 2A000000 		.4byte	.LFE9-.LFB9
 649 03d6 01       		.uleb128 0x1
 650 03d7 9C       		.byte	0x9c
 651 03d8 11       		.uleb128 0x11
 652 03d9 DB010000 		.4byte	.LASF46
 653 03dd 01       		.byte	0x1
 654 03de 4A       		.byte	0x4a
 655 03df 76000000 		.4byte	0x76
 656 03e3 E1000000 		.4byte	.LLST5
 657 03e7 11       		.uleb128 0x11
 658 03e8 00000000 		.4byte	.LASF43
 659 03ec 01       		.byte	0x1
 660 03ed 4A       		.byte	0x4a
 661 03ee 76000000 		.4byte	0x76
 662 03f2 02010000 		.4byte	.LLST6
 663 03f6 12       		.uleb128 0x12
 664 03f7 736800   		.ascii	"sh\000"
 665 03fa 01       		.byte	0x1
 666 03fb 4B       		.byte	0x4b
 667 03fc 2C000000 		.4byte	0x2c
 668 0400 23010000 		.4byte	.LLST7
 669 0404 00       		.byte	0
 670 0405 00       		.byte	0
 671              		.section	.debug_abbrev,"",%progbits
 672              	.Ldebug_abbrev0:
 673 0000 01       		.uleb128 0x1
 674 0001 11       		.uleb128 0x11
 675 0002 01       		.byte	0x1
 676 0003 25       		.uleb128 0x25
 677 0004 0E       		.uleb128 0xe
 678 0005 13       		.uleb128 0x13
 679 0006 0B       		.uleb128 0xb
 680 0007 03       		.uleb128 0x3
ARM GAS  /tmp/cchZJcF4.s 			page 13


 681 0008 0E       		.uleb128 0xe
 682 0009 1B       		.uleb128 0x1b
 683 000a 0E       		.uleb128 0xe
 684 000b 55       		.uleb128 0x55
 685 000c 17       		.uleb128 0x17
 686 000d 11       		.uleb128 0x11
 687 000e 01       		.uleb128 0x1
 688 000f 10       		.uleb128 0x10
 689 0010 17       		.uleb128 0x17
 690 0011 00       		.byte	0
 691 0012 00       		.byte	0
 692 0013 02       		.uleb128 0x2
 693 0014 24       		.uleb128 0x24
 694 0015 00       		.byte	0
 695 0016 0B       		.uleb128 0xb
 696 0017 0B       		.uleb128 0xb
 697 0018 3E       		.uleb128 0x3e
 698 0019 0B       		.uleb128 0xb
 699 001a 03       		.uleb128 0x3
 700 001b 08       		.uleb128 0x8
 701 001c 00       		.byte	0
 702 001d 00       		.byte	0
 703 001e 03       		.uleb128 0x3
 704 001f 24       		.uleb128 0x24
 705 0020 00       		.byte	0
 706 0021 0B       		.uleb128 0xb
 707 0022 0B       		.uleb128 0xb
 708 0023 3E       		.uleb128 0x3e
 709 0024 0B       		.uleb128 0xb
 710 0025 03       		.uleb128 0x3
 711 0026 0E       		.uleb128 0xe
 712 0027 00       		.byte	0
 713 0028 00       		.byte	0
 714 0029 04       		.uleb128 0x4
 715 002a 16       		.uleb128 0x16
 716 002b 00       		.byte	0
 717 002c 03       		.uleb128 0x3
 718 002d 0E       		.uleb128 0xe
 719 002e 3A       		.uleb128 0x3a
 720 002f 0B       		.uleb128 0xb
 721 0030 3B       		.uleb128 0x3b
 722 0031 0B       		.uleb128 0xb
 723 0032 49       		.uleb128 0x49
 724 0033 13       		.uleb128 0x13
 725 0034 00       		.byte	0
 726 0035 00       		.byte	0
 727 0036 05       		.uleb128 0x5
 728 0037 35       		.uleb128 0x35
 729 0038 00       		.byte	0
 730 0039 49       		.uleb128 0x49
 731 003a 13       		.uleb128 0x13
 732 003b 00       		.byte	0
 733 003c 00       		.byte	0
 734 003d 06       		.uleb128 0x6
 735 003e 13       		.uleb128 0x13
 736 003f 01       		.byte	0x1
 737 0040 0B       		.uleb128 0xb
ARM GAS  /tmp/cchZJcF4.s 			page 14


 738 0041 05       		.uleb128 0x5
 739 0042 3A       		.uleb128 0x3a
 740 0043 0B       		.uleb128 0xb
 741 0044 3B       		.uleb128 0x3b
 742 0045 0B       		.uleb128 0xb
 743 0046 01       		.uleb128 0x1
 744 0047 13       		.uleb128 0x13
 745 0048 00       		.byte	0
 746 0049 00       		.byte	0
 747 004a 07       		.uleb128 0x7
 748 004b 0D       		.uleb128 0xd
 749 004c 00       		.byte	0
 750 004d 03       		.uleb128 0x3
 751 004e 0E       		.uleb128 0xe
 752 004f 3A       		.uleb128 0x3a
 753 0050 0B       		.uleb128 0xb
 754 0051 3B       		.uleb128 0x3b
 755 0052 0B       		.uleb128 0xb
 756 0053 49       		.uleb128 0x49
 757 0054 13       		.uleb128 0x13
 758 0055 38       		.uleb128 0x38
 759 0056 0B       		.uleb128 0xb
 760 0057 00       		.byte	0
 761 0058 00       		.byte	0
 762 0059 08       		.uleb128 0x8
 763 005a 0D       		.uleb128 0xd
 764 005b 00       		.byte	0
 765 005c 03       		.uleb128 0x3
 766 005d 0E       		.uleb128 0xe
 767 005e 3A       		.uleb128 0x3a
 768 005f 0B       		.uleb128 0xb
 769 0060 3B       		.uleb128 0x3b
 770 0061 0B       		.uleb128 0xb
 771 0062 49       		.uleb128 0x49
 772 0063 13       		.uleb128 0x13
 773 0064 38       		.uleb128 0x38
 774 0065 05       		.uleb128 0x5
 775 0066 00       		.byte	0
 776 0067 00       		.byte	0
 777 0068 09       		.uleb128 0x9
 778 0069 0D       		.uleb128 0xd
 779 006a 00       		.byte	0
 780 006b 03       		.uleb128 0x3
 781 006c 08       		.uleb128 0x8
 782 006d 3A       		.uleb128 0x3a
 783 006e 0B       		.uleb128 0xb
 784 006f 3B       		.uleb128 0x3b
 785 0070 0B       		.uleb128 0xb
 786 0071 49       		.uleb128 0x49
 787 0072 13       		.uleb128 0x13
 788 0073 38       		.uleb128 0x38
 789 0074 05       		.uleb128 0x5
 790 0075 00       		.byte	0
 791 0076 00       		.byte	0
 792 0077 0A       		.uleb128 0xa
 793 0078 01       		.uleb128 0x1
 794 0079 01       		.byte	0x1
ARM GAS  /tmp/cchZJcF4.s 			page 15


 795 007a 49       		.uleb128 0x49
 796 007b 13       		.uleb128 0x13
 797 007c 01       		.uleb128 0x1
 798 007d 13       		.uleb128 0x13
 799 007e 00       		.byte	0
 800 007f 00       		.byte	0
 801 0080 0B       		.uleb128 0xb
 802 0081 21       		.uleb128 0x21
 803 0082 00       		.byte	0
 804 0083 49       		.uleb128 0x49
 805 0084 13       		.uleb128 0x13
 806 0085 2F       		.uleb128 0x2f
 807 0086 0B       		.uleb128 0xb
 808 0087 00       		.byte	0
 809 0088 00       		.byte	0
 810 0089 0C       		.uleb128 0xc
 811 008a 21       		.uleb128 0x21
 812 008b 00       		.byte	0
 813 008c 49       		.uleb128 0x49
 814 008d 13       		.uleb128 0x13
 815 008e 2F       		.uleb128 0x2f
 816 008f 05       		.uleb128 0x5
 817 0090 00       		.byte	0
 818 0091 00       		.byte	0
 819 0092 0D       		.uleb128 0xd
 820 0093 13       		.uleb128 0x13
 821 0094 01       		.byte	0x1
 822 0095 0B       		.uleb128 0xb
 823 0096 0B       		.uleb128 0xb
 824 0097 3A       		.uleb128 0x3a
 825 0098 0B       		.uleb128 0xb
 826 0099 3B       		.uleb128 0x3b
 827 009a 0B       		.uleb128 0xb
 828 009b 01       		.uleb128 0x1
 829 009c 13       		.uleb128 0x13
 830 009d 00       		.byte	0
 831 009e 00       		.byte	0
 832 009f 0E       		.uleb128 0xe
 833 00a0 0D       		.uleb128 0xd
 834 00a1 00       		.byte	0
 835 00a2 03       		.uleb128 0x3
 836 00a3 08       		.uleb128 0x8
 837 00a4 3A       		.uleb128 0x3a
 838 00a5 0B       		.uleb128 0xb
 839 00a6 3B       		.uleb128 0x3b
 840 00a7 0B       		.uleb128 0xb
 841 00a8 49       		.uleb128 0x49
 842 00a9 13       		.uleb128 0x13
 843 00aa 38       		.uleb128 0x38
 844 00ab 0B       		.uleb128 0xb
 845 00ac 00       		.byte	0
 846 00ad 00       		.byte	0
 847 00ae 0F       		.uleb128 0xf
 848 00af 2E       		.uleb128 0x2e
 849 00b0 01       		.byte	0x1
 850 00b1 3F       		.uleb128 0x3f
 851 00b2 19       		.uleb128 0x19
ARM GAS  /tmp/cchZJcF4.s 			page 16


 852 00b3 03       		.uleb128 0x3
 853 00b4 0E       		.uleb128 0xe
 854 00b5 3A       		.uleb128 0x3a
 855 00b6 0B       		.uleb128 0xb
 856 00b7 3B       		.uleb128 0x3b
 857 00b8 0B       		.uleb128 0xb
 858 00b9 27       		.uleb128 0x27
 859 00ba 19       		.uleb128 0x19
 860 00bb 11       		.uleb128 0x11
 861 00bc 01       		.uleb128 0x1
 862 00bd 12       		.uleb128 0x12
 863 00be 06       		.uleb128 0x6
 864 00bf 40       		.uleb128 0x40
 865 00c0 18       		.uleb128 0x18
 866 00c1 9742     		.uleb128 0x2117
 867 00c3 19       		.uleb128 0x19
 868 00c4 01       		.uleb128 0x1
 869 00c5 13       		.uleb128 0x13
 870 00c6 00       		.byte	0
 871 00c7 00       		.byte	0
 872 00c8 10       		.uleb128 0x10
 873 00c9 05       		.uleb128 0x5
 874 00ca 00       		.byte	0
 875 00cb 03       		.uleb128 0x3
 876 00cc 08       		.uleb128 0x8
 877 00cd 3A       		.uleb128 0x3a
 878 00ce 0B       		.uleb128 0xb
 879 00cf 3B       		.uleb128 0x3b
 880 00d0 0B       		.uleb128 0xb
 881 00d1 49       		.uleb128 0x49
 882 00d2 13       		.uleb128 0x13
 883 00d3 02       		.uleb128 0x2
 884 00d4 17       		.uleb128 0x17
 885 00d5 00       		.byte	0
 886 00d6 00       		.byte	0
 887 00d7 11       		.uleb128 0x11
 888 00d8 05       		.uleb128 0x5
 889 00d9 00       		.byte	0
 890 00da 03       		.uleb128 0x3
 891 00db 0E       		.uleb128 0xe
 892 00dc 3A       		.uleb128 0x3a
 893 00dd 0B       		.uleb128 0xb
 894 00de 3B       		.uleb128 0x3b
 895 00df 0B       		.uleb128 0xb
 896 00e0 49       		.uleb128 0x49
 897 00e1 13       		.uleb128 0x13
 898 00e2 02       		.uleb128 0x2
 899 00e3 17       		.uleb128 0x17
 900 00e4 00       		.byte	0
 901 00e5 00       		.byte	0
 902 00e6 12       		.uleb128 0x12
 903 00e7 34       		.uleb128 0x34
 904 00e8 00       		.byte	0
 905 00e9 03       		.uleb128 0x3
 906 00ea 08       		.uleb128 0x8
 907 00eb 3A       		.uleb128 0x3a
 908 00ec 0B       		.uleb128 0xb
ARM GAS  /tmp/cchZJcF4.s 			page 17


 909 00ed 3B       		.uleb128 0x3b
 910 00ee 0B       		.uleb128 0xb
 911 00ef 49       		.uleb128 0x49
 912 00f0 13       		.uleb128 0x13
 913 00f1 02       		.uleb128 0x2
 914 00f2 17       		.uleb128 0x17
 915 00f3 00       		.byte	0
 916 00f4 00       		.byte	0
 917 00f5 13       		.uleb128 0x13
 918 00f6 2E       		.uleb128 0x2e
 919 00f7 01       		.byte	0x1
 920 00f8 3F       		.uleb128 0x3f
 921 00f9 19       		.uleb128 0x19
 922 00fa 03       		.uleb128 0x3
 923 00fb 0E       		.uleb128 0xe
 924 00fc 3A       		.uleb128 0x3a
 925 00fd 0B       		.uleb128 0xb
 926 00fe 3B       		.uleb128 0x3b
 927 00ff 0B       		.uleb128 0xb
 928 0100 27       		.uleb128 0x27
 929 0101 19       		.uleb128 0x19
 930 0102 11       		.uleb128 0x11
 931 0103 01       		.uleb128 0x1
 932 0104 12       		.uleb128 0x12
 933 0105 06       		.uleb128 0x6
 934 0106 40       		.uleb128 0x40
 935 0107 18       		.uleb128 0x18
 936 0108 9742     		.uleb128 0x2117
 937 010a 19       		.uleb128 0x19
 938 010b 00       		.byte	0
 939 010c 00       		.byte	0
 940 010d 00       		.byte	0
 941              		.section	.debug_loc,"",%progbits
 942              	.Ldebug_loc0:
 943              	.LLST0:
 944 0000 00000000 		.4byte	.LVL0
 945 0004 34000000 		.4byte	.LVL3
 946 0008 0100     		.2byte	0x1
 947 000a 50       		.byte	0x50
 948 000b 34000000 		.4byte	.LVL3
 949 000f 4A000000 		.4byte	.LFE7
 950 0013 0400     		.2byte	0x4
 951 0015 F3       		.byte	0xf3
 952 0016 01       		.uleb128 0x1
 953 0017 50       		.byte	0x50
 954 0018 9F       		.byte	0x9f
 955 0019 00000000 		.4byte	0
 956 001d 00000000 		.4byte	0
 957              	.LLST1:
 958 0021 00000000 		.4byte	.LVL0
 959 0025 30000000 		.4byte	.LVL2
 960 0029 0100     		.2byte	0x1
 961 002b 51       		.byte	0x51
 962 002c 30000000 		.4byte	.LVL2
 963 0030 4A000000 		.4byte	.LFE7
 964 0034 0400     		.2byte	0x4
 965 0036 F3       		.byte	0xf3
ARM GAS  /tmp/cchZJcF4.s 			page 18


 966 0037 01       		.uleb128 0x1
 967 0038 51       		.byte	0x51
 968 0039 9F       		.byte	0x9f
 969 003a 00000000 		.4byte	0
 970 003e 00000000 		.4byte	0
 971              	.LLST2:
 972 0042 00000000 		.4byte	.LVL0
 973 0046 1A000000 		.4byte	.LVL1
 974 004a 0700     		.2byte	0x7
 975 004c 70       		.byte	0x70
 976 004d 00       		.sleb128 0
 977 004e 33       		.byte	0x33
 978 004f 1A       		.byte	0x1a
 979 0050 33       		.byte	0x33
 980 0051 24       		.byte	0x24
 981 0052 9F       		.byte	0x9f
 982 0053 1A000000 		.4byte	.LVL1
 983 0057 3C000000 		.4byte	.LVL4
 984 005b 0100     		.2byte	0x1
 985 005d 52       		.byte	0x52
 986 005e 3C000000 		.4byte	.LVL4
 987 0062 4A000000 		.4byte	.LFE7
 988 0066 0800     		.2byte	0x8
 989 0068 F3       		.byte	0xf3
 990 0069 01       		.uleb128 0x1
 991 006a 50       		.byte	0x50
 992 006b 33       		.byte	0x33
 993 006c 1A       		.byte	0x1a
 994 006d 33       		.byte	0x33
 995 006e 24       		.byte	0x24
 996 006f 9F       		.byte	0x9f
 997 0070 00000000 		.4byte	0
 998 0074 00000000 		.4byte	0
 999              	.LLST3:
 1000 0078 00000000 		.4byte	.LVL5
 1001 007c 2C000000 		.4byte	.LVL6
 1002 0080 0100     		.2byte	0x1
 1003 0082 50       		.byte	0x50
 1004 0083 2C000000 		.4byte	.LVL6
 1005 0087 44000000 		.4byte	.LFE8
 1006 008b 0400     		.2byte	0x4
 1007 008d F3       		.byte	0xf3
 1008 008e 01       		.uleb128 0x1
 1009 008f 50       		.byte	0x50
 1010 0090 9F       		.byte	0x9f
 1011 0091 00000000 		.4byte	0
 1012 0095 00000000 		.4byte	0
 1013              	.LLST4:
 1014 0099 00000000 		.4byte	.LVL5
 1015 009d 2C000000 		.4byte	.LVL6
 1016 00a1 0700     		.2byte	0x7
 1017 00a3 70       		.byte	0x70
 1018 00a4 00       		.sleb128 0
 1019 00a5 33       		.byte	0x33
 1020 00a6 1A       		.byte	0x1a
 1021 00a7 33       		.byte	0x33
 1022 00a8 24       		.byte	0x24
ARM GAS  /tmp/cchZJcF4.s 			page 19


 1023 00a9 9F       		.byte	0x9f
 1024 00aa 2C000000 		.4byte	.LVL6
 1025 00ae 32000000 		.4byte	.LVL7
 1026 00b2 0800     		.2byte	0x8
 1027 00b4 F3       		.byte	0xf3
 1028 00b5 01       		.uleb128 0x1
 1029 00b6 50       		.byte	0x50
 1030 00b7 33       		.byte	0x33
 1031 00b8 1A       		.byte	0x1a
 1032 00b9 33       		.byte	0x33
 1033 00ba 24       		.byte	0x24
 1034 00bb 9F       		.byte	0x9f
 1035 00bc 32000000 		.4byte	.LVL7
 1036 00c0 38000000 		.4byte	.LVL8
 1037 00c4 0100     		.2byte	0x1
 1038 00c6 50       		.byte	0x50
 1039 00c7 38000000 		.4byte	.LVL8
 1040 00cb 44000000 		.4byte	.LFE8
 1041 00cf 0800     		.2byte	0x8
 1042 00d1 F3       		.byte	0xf3
 1043 00d2 01       		.uleb128 0x1
 1044 00d3 50       		.byte	0x50
 1045 00d4 33       		.byte	0x33
 1046 00d5 1A       		.byte	0x1a
 1047 00d6 33       		.byte	0x33
 1048 00d7 24       		.byte	0x24
 1049 00d8 9F       		.byte	0x9f
 1050 00d9 00000000 		.4byte	0
 1051 00dd 00000000 		.4byte	0
 1052              	.LLST5:
 1053 00e1 00000000 		.4byte	.LVL9
 1054 00e5 10000000 		.4byte	.LVL10
 1055 00e9 0100     		.2byte	0x1
 1056 00eb 50       		.byte	0x50
 1057 00ec 10000000 		.4byte	.LVL10
 1058 00f0 2A000000 		.4byte	.LFE9
 1059 00f4 0400     		.2byte	0x4
 1060 00f6 F3       		.byte	0xf3
 1061 00f7 01       		.uleb128 0x1
 1062 00f8 50       		.byte	0x50
 1063 00f9 9F       		.byte	0x9f
 1064 00fa 00000000 		.4byte	0
 1065 00fe 00000000 		.4byte	0
 1066              	.LLST6:
 1067 0102 00000000 		.4byte	.LVL9
 1068 0106 20000000 		.4byte	.LVL12
 1069 010a 0100     		.2byte	0x1
 1070 010c 51       		.byte	0x51
 1071 010d 20000000 		.4byte	.LVL12
 1072 0111 2A000000 		.4byte	.LFE9
 1073 0115 0400     		.2byte	0x4
 1074 0117 F3       		.byte	0xf3
 1075 0118 01       		.uleb128 0x1
 1076 0119 51       		.byte	0x51
 1077 011a 9F       		.byte	0x9f
 1078 011b 00000000 		.4byte	0
 1079 011f 00000000 		.4byte	0
ARM GAS  /tmp/cchZJcF4.s 			page 20


 1080              	.LLST7:
 1081 0123 00000000 		.4byte	.LVL9
 1082 0127 10000000 		.4byte	.LVL10
 1083 012b 0700     		.2byte	0x7
 1084 012d 70       		.byte	0x70
 1085 012e 00       		.sleb128 0
 1086 012f 33       		.byte	0x33
 1087 0130 1A       		.byte	0x1a
 1088 0131 33       		.byte	0x33
 1089 0132 24       		.byte	0x24
 1090 0133 9F       		.byte	0x9f
 1091 0134 10000000 		.4byte	.LVL10
 1092 0138 14000000 		.4byte	.LVL11
 1093 013c 0800     		.2byte	0x8
 1094 013e F3       		.byte	0xf3
 1095 013f 01       		.uleb128 0x1
 1096 0140 50       		.byte	0x50
 1097 0141 33       		.byte	0x33
 1098 0142 1A       		.byte	0x1a
 1099 0143 33       		.byte	0x33
 1100 0144 24       		.byte	0x24
 1101 0145 9F       		.byte	0x9f
 1102 0146 14000000 		.4byte	.LVL11
 1103 014a 2A000000 		.4byte	.LFE9
 1104 014e 0100     		.2byte	0x1
 1105 0150 50       		.byte	0x50
 1106 0151 00000000 		.4byte	0
 1107 0155 00000000 		.4byte	0
 1108              		.section	.debug_aranges,"",%progbits
 1109 0000 2C000000 		.4byte	0x2c
 1110 0004 0200     		.2byte	0x2
 1111 0006 00000000 		.4byte	.Ldebug_info0
 1112 000a 04       		.byte	0x4
 1113 000b 00       		.byte	0
 1114 000c 0000     		.2byte	0
 1115 000e 0000     		.2byte	0
 1116 0010 00000000 		.4byte	.LFB7
 1117 0014 4A000000 		.4byte	.LFE7-.LFB7
 1118 0018 00000000 		.4byte	.LFB8
 1119 001c 44000000 		.4byte	.LFE8-.LFB8
 1120 0020 00000000 		.4byte	.LFB9
 1121 0024 2A000000 		.4byte	.LFE9-.LFB9
 1122 0028 00000000 		.4byte	0
 1123 002c 00000000 		.4byte	0
 1124              		.section	.debug_ranges,"",%progbits
 1125              	.Ldebug_ranges0:
 1126 0000 00000000 		.4byte	.LFB7
 1127 0004 4A000000 		.4byte	.LFE7
 1128 0008 00000000 		.4byte	.LFB8
 1129 000c 44000000 		.4byte	.LFE8
 1130 0010 00000000 		.4byte	.LFB9
 1131 0014 2A000000 		.4byte	.LFE9
 1132 0018 00000000 		.4byte	0
 1133 001c 00000000 		.4byte	0
 1134              		.section	.debug_line,"",%progbits
 1135              	.Ldebug_line0:
 1136 0000 F8000000 		.section	.debug_str,"MS",%progbits,1
ARM GAS  /tmp/cchZJcF4.s 			page 21


 1136      0200A700 
 1136      00000201 
 1136      FB0E0D00 
 1136      01010101 
 1137              	.LASF43:
 1138 0000 7072696F 		.ascii	"prio\000"
 1138      00
 1139              	.LASF19:
 1140 0005 49435052 		.ascii	"ICPR\000"
 1140      00
 1141              	.LASF49:
 1142 000a 2F686F6D 		.ascii	"/home/mo/ARMProjects/STM32F4/ChibiOS/src\000"
 1142      652F6D6F 
 1142      2F41524D 
 1142      50726F6A 
 1142      65637473 
 1143              	.LASF39:
 1144 0033 4D4D4652 		.ascii	"MMFR\000"
 1144      00
 1145              	.LASF11:
 1146 0038 5F426F6F 		.ascii	"_Bool\000"
 1146      6C00
 1147              	.LASF45:
 1148 003e 6E766963 		.ascii	"nvicDisableVector\000"
 1148      44697361 
 1148      626C6556 
 1148      6563746F 
 1148      7200
 1149              	.LASF26:
 1150 0050 434D785F 		.ascii	"CMx_NVIC\000"
 1150      4E564943 
 1150      00
 1151              	.LASF29:
 1152 0059 56544F52 		.ascii	"VTOR\000"
 1152      00
 1153              	.LASF3:
 1154 005e 73686F72 		.ascii	"short int\000"
 1154      7420696E 
 1154      7400
 1155              	.LASF15:
 1156 0068 49434552 		.ascii	"ICER\000"
 1156      00
 1157              	.LASF12:
 1158 006d 494F5245 		.ascii	"IOREG32\000"
 1158      47333200 
 1159              	.LASF2:
 1160 0075 756E7369 		.ascii	"unsigned char\000"
 1160      676E6564 
 1160      20636861 
 1160      7200
 1161              	.LASF14:
 1162 0083 756E7573 		.ascii	"unused1\000"
 1162      65643100 
 1163              	.LASF16:
 1164 008b 756E7573 		.ascii	"unused2\000"
 1164      65643200 
 1165              	.LASF18:
ARM GAS  /tmp/cchZJcF4.s 			page 22


 1166 0093 756E7573 		.ascii	"unused3\000"
 1166      65643300 
 1167              	.LASF20:
 1168 009b 756E7573 		.ascii	"unused4\000"
 1168      65643400 
 1169              	.LASF22:
 1170 00a3 756E7573 		.ascii	"unused5\000"
 1170      65643500 
 1171              	.LASF23:
 1172 00ab 756E7573 		.ascii	"unused6\000"
 1172      65643600 
 1173              	.LASF4:
 1174 00b3 73686F72 		.ascii	"short unsigned int\000"
 1174      7420756E 
 1174      7369676E 
 1174      65642069 
 1174      6E7400
 1175              	.LASF33:
 1176 00c6 43465352 		.ascii	"CFSR\000"
 1176      00
 1177              	.LASF34:
 1178 00cb 48465352 		.ascii	"HFSR\000"
 1178      00
 1179              	.LASF6:
 1180 00d0 6C6F6E67 		.ascii	"long unsigned int\000"
 1180      20756E73 
 1180      69676E65 
 1180      6420696E 
 1180      7400
 1181              	.LASF40:
 1182 00e2 43504143 		.ascii	"CPACR\000"
 1182      5200
 1183              	.LASF24:
 1184 00e8 53544952 		.ascii	"STIR\000"
 1184      00
 1185              	.LASF9:
 1186 00ed 5F5F7569 		.ascii	"__uint32_t\000"
 1186      6E743332 
 1186      5F7400
 1187              	.LASF47:
 1188 00f8 474E5520 		.ascii	"GNU C 4.8.2 -mcpu=cortex-m4 -mno-thumb-interwork -m"
 1188      4320342E 
 1188      382E3220 
 1188      2D6D6370 
 1188      753D636F 
 1189 012b 7468756D 		.ascii	"thumb -ggdb -O2 -fomit-frame-pointer -falign-functi"
 1189      62202D67 
 1189      67646220 
 1189      2D4F3220 
 1189      2D666F6D 
 1190 015e 6F6E733D 		.ascii	"ons=16 -ffunction-sections -fdata-sections -fno-com"
 1190      3136202D 
 1190      6666756E 
 1190      6374696F 
 1190      6E2D7365 
 1191 0191 6D6F6E00 		.ascii	"mon\000"
 1192              	.LASF0:
ARM GAS  /tmp/cchZJcF4.s 			page 23


 1193 0195 756E7369 		.ascii	"unsigned int\000"
 1193      676E6564 
 1193      20696E74 
 1193      00
 1194              	.LASF17:
 1195 01a2 49535052 		.ascii	"ISPR\000"
 1195      00
 1196              	.LASF35:
 1197 01a7 44465352 		.ascii	"DFSR\000"
 1197      00
 1198              	.LASF8:
 1199 01ac 6C6F6E67 		.ascii	"long long unsigned int\000"
 1199      206C6F6E 
 1199      6720756E 
 1199      7369676E 
 1199      65642069 
 1200              	.LASF28:
 1201 01c3 49435352 		.ascii	"ICSR\000"
 1201      00
 1202              	.LASF41:
 1203 01c8 434D785F 		.ascii	"CMx_SCB\000"
 1203      53434200 
 1204              	.LASF30:
 1205 01d0 41495243 		.ascii	"AIRCR\000"
 1205      5200
 1206              	.LASF37:
 1207 01d6 42464152 		.ascii	"BFAR\000"
 1207      00
 1208              	.LASF46:
 1209 01db 68616E64 		.ascii	"handler\000"
 1209      6C657200 
 1210              	.LASF25:
 1211 01e3 73697A65 		.ascii	"sizetype\000"
 1211      74797065 
 1211      00
 1212              	.LASF7:
 1213 01ec 6C6F6E67 		.ascii	"long long int\000"
 1213      206C6F6E 
 1213      6720696E 
 1213      7400
 1214              	.LASF27:
 1215 01fa 43505549 		.ascii	"CPUID\000"
 1215      4400
 1216              	.LASF42:
 1217 0200 63686172 		.ascii	"char\000"
 1217      00
 1218              	.LASF13:
 1219 0205 49534552 		.ascii	"ISER\000"
 1219      00
 1220              	.LASF38:
 1221 020a 41465352 		.ascii	"AFSR\000"
 1221      00
 1222              	.LASF36:
 1223 020f 4D4D4641 		.ascii	"MMFAR\000"
 1223      5200
 1224              	.LASF48:
 1225 0215 2E2E2F69 		.ascii	"../include/ChibiOS_2.6.5/os/ports/common/ARMCMx/nvi"
ARM GAS  /tmp/cchZJcF4.s 			page 24


 1225      6E636C75 
 1225      64652F43 
 1225      68696269 
 1225      4F535F32 
 1226 0248 632E6300 		.ascii	"c.c\000"
 1227              	.LASF32:
 1228 024c 53484353 		.ascii	"SHCSR\000"
 1228      5200
 1229              	.LASF10:
 1230 0252 75696E74 		.ascii	"uint32_t\000"
 1230      33325F74 
 1230      00
 1231              	.LASF5:
 1232 025b 6C6F6E67 		.ascii	"long int\000"
 1232      20696E74 
 1232      00
 1233              	.LASF31:
 1234 0264 53485052 		.ascii	"SHPR\000"
 1234      00
 1235              	.LASF1:
 1236 0269 7369676E 		.ascii	"signed char\000"
 1236      65642063 
 1236      68617200 
 1237              	.LASF50:
 1238 0275 6E766963 		.ascii	"nvicSetSystemHandlerPriority\000"
 1238      53657453 
 1238      79737465 
 1238      6D48616E 
 1238      646C6572 
 1239              	.LASF21:
 1240 0292 49414252 		.ascii	"IABR\000"
 1240      00
 1241              	.LASF44:
 1242 0297 6E766963 		.ascii	"nvicEnableVector\000"
 1242      456E6162 
 1242      6C655665 
 1242      63746F72 
 1242      00
 1243              		.ident	"GCC: (4.8.2-14ubuntu1+6) 4.8.2"
ARM GAS  /tmp/cchZJcF4.s 			page 25


DEFINED SYMBOLS
                            *ABS*:0000000000000000 nvic.c
     /tmp/cchZJcF4.s:19     .text.nvicEnableVector:0000000000000000 $t
     /tmp/cchZJcF4.s:25     .text.nvicEnableVector:0000000000000000 nvicEnableVector
     /tmp/cchZJcF4.s:83     .text.nvicDisableVector:0000000000000000 $t
     /tmp/cchZJcF4.s:89     .text.nvicDisableVector:0000000000000000 nvicDisableVector
     /tmp/cchZJcF4.s:136    .text.nvicSetSystemHandlerPriority:0000000000000000 $t
     /tmp/cchZJcF4.s:142    .text.nvicSetSystemHandlerPriority:0000000000000000 nvicSetSystemHandlerPriority
                     .debug_frame:0000000000000010 $d

NO UNDEFINED SYMBOLS
