ARM GAS  /tmp/ccEAGhtS.s 			page 1


   1              		.syntax unified
   2              		.cpu cortex-m4
   3              		.fpu softvfp
   4              		.eabi_attribute 20, 1
   5              		.eabi_attribute 21, 1
   6              		.eabi_attribute 23, 3
   7              		.eabi_attribute 24, 1
   8              		.eabi_attribute 25, 1
   9              		.eabi_attribute 26, 1
  10              		.eabi_attribute 30, 2
  11              		.eabi_attribute 34, 1
  12              		.eabi_attribute 18, 4
  13              		.thumb
  14              		.file	"pwm.c"
  15              		.text
  16              	.Ltext0:
  17              		.cfi_sections	.debug_frame
  18              		.section	.text.pwmInit,"ax",%progbits
  19              		.align	2
  20              		.p2align 4,,15
  21              		.global	pwmInit
  22              		.thumb
  23              		.thumb_func
  24              		.type	pwmInit, %function
  25              	pwmInit:
  26              	.LFB118:
  27              		.file 1 "../include/ChibiOS_2.6.5/os/hal/src/pwm.c"
  28              		.loc 1 68 0
  29              		.cfi_startproc
  30              		@ args = 0, pretend = 0, frame = 0
  31              		@ frame_needed = 0, uses_anonymous_args = 0
  32              		@ link register save eliminated.
  33              		.loc 1 70 0
  34 0000 FFF7FEBF 		b	pwm_lld_init
  35              	.LVL0:
  36              		.cfi_endproc
  37              	.LFE118:
  38              		.size	pwmInit, .-pwmInit
  39 0004 AFF30080 		.section	.text.pwmObjectInit,"ax",%progbits
  39      AFF30080 
  39      AFF30080 
  40              		.align	2
  41              		.p2align 4,,15
  42              		.global	pwmObjectInit
  43              		.thumb
  44              		.thumb_func
  45              		.type	pwmObjectInit, %function
  46              	pwmObjectInit:
  47              	.LFB119:
  48              		.loc 1 80 0
  49              		.cfi_startproc
  50              		@ args = 0, pretend = 0, frame = 0
  51              		@ frame_needed = 0, uses_anonymous_args = 0
  52              		@ link register save eliminated.
  53              	.LVL1:
  54              		.loc 1 82 0
  55 0000 0122     		movs	r2, #1
ARM GAS  /tmp/ccEAGhtS.s 			page 2


  56              		.loc 1 83 0
  57 0002 0023     		movs	r3, #0
  58              		.loc 1 82 0
  59 0004 0270     		strb	r2, [r0]
  60              		.loc 1 83 0
  61 0006 4360     		str	r3, [r0, #4]
  62 0008 7047     		bx	lr
  63              		.cfi_endproc
  64              	.LFE119:
  65              		.size	pwmObjectInit, .-pwmObjectInit
  66 000a 00BFAFF3 		.section	.text.pwmStart,"ax",%progbits
  66      0080
  67              		.align	2
  68              		.p2align 4,,15
  69              		.global	pwmStart
  70              		.thumb
  71              		.thumb_func
  72              		.type	pwmStart, %function
  73              	pwmStart:
  74              	.LFB120:
  75              		.loc 1 99 0
  76              		.cfi_startproc
  77              		@ args = 0, pretend = 0, frame = 0
  78              		@ frame_needed = 0, uses_anonymous_args = 0
  79              	.LVL2:
  80 0000 10B5     		push	{r4, lr}
  81              		.cfi_def_cfa_offset 8
  82              		.cfi_offset 4, -8
  83              		.cfi_offset 14, -4
  84              	.LBB2:
  85              		.loc 1 103 0
  86 0002 2023     		movs	r3, #32
  87              	.LBE2:
  88              		.loc 1 99 0
  89 0004 0446     		mov	r4, r0
  90              	.LBB3:
  91              		.loc 1 103 0
  92              	@ 103 "../include/ChibiOS_2.6.5/os/hal/src/pwm.c" 1
  93 0006 83F31188 		msr     BASEPRI, r3
  94              	@ 0 "" 2
  95              		.thumb
  96              	.LBE3:
  97              		.loc 1 107 0
  98 000a 8B88     		ldrh	r3, [r1, #4]
  99              		.loc 1 106 0
 100 000c 4160     		str	r1, [r0, #4]
 101              		.loc 1 107 0
 102 000e 0381     		strh	r3, [r0, #8]	@ movhi
 103              		.loc 1 108 0
 104 0010 FFF7FEFF 		bl	pwm_lld_start
 105              	.LVL3:
 106              		.loc 1 109 0
 107 0014 0223     		movs	r3, #2
 108 0016 2370     		strb	r3, [r4]
 109              	.LBB4:
 110              		.loc 1 110 0
 111 0018 0023     		movs	r3, #0
ARM GAS  /tmp/ccEAGhtS.s 			page 3


 112              	@ 110 "../include/ChibiOS_2.6.5/os/hal/src/pwm.c" 1
 113 001a 83F31188 		msr     BASEPRI, r3
 114              	@ 0 "" 2
 115              		.thumb
 116 001e 10BD     		pop	{r4, pc}
 117              	.LBE4:
 118              		.cfi_endproc
 119              	.LFE120:
 120              		.size	pwmStart, .-pwmStart
 121              		.section	.text.pwmStop,"ax",%progbits
 122              		.align	2
 123              		.p2align 4,,15
 124              		.global	pwmStop
 125              		.thumb
 126              		.thumb_func
 127              		.type	pwmStop, %function
 128              	pwmStop:
 129              	.LFB121:
 130              		.loc 1 120 0
 131              		.cfi_startproc
 132              		@ args = 0, pretend = 0, frame = 0
 133              		@ frame_needed = 0, uses_anonymous_args = 0
 134              	.LVL4:
 135 0000 10B5     		push	{r4, lr}
 136              		.cfi_def_cfa_offset 8
 137              		.cfi_offset 4, -8
 138              		.cfi_offset 14, -4
 139              	.LBB5:
 140              		.loc 1 124 0
 141 0002 2023     		movs	r3, #32
 142              	.LBE5:
 143              		.loc 1 120 0
 144 0004 0446     		mov	r4, r0
 145              	.LBB6:
 146              		.loc 1 124 0
 147              	@ 124 "../include/ChibiOS_2.6.5/os/hal/src/pwm.c" 1
 148 0006 83F31188 		msr     BASEPRI, r3
 149              	@ 0 "" 2
 150              		.thumb
 151              	.LBE6:
 152              		.loc 1 127 0
 153 000a FFF7FEFF 		bl	pwm_lld_stop
 154              	.LVL5:
 155              		.loc 1 128 0
 156 000e 0123     		movs	r3, #1
 157 0010 2370     		strb	r3, [r4]
 158              	.LBB7:
 159              		.loc 1 129 0
 160 0012 0023     		movs	r3, #0
 161              	@ 129 "../include/ChibiOS_2.6.5/os/hal/src/pwm.c" 1
 162 0014 83F31188 		msr     BASEPRI, r3
 163              	@ 0 "" 2
 164              		.thumb
 165 0018 10BD     		pop	{r4, pc}
 166              	.LBE7:
 167              		.cfi_endproc
 168              	.LFE121:
ARM GAS  /tmp/ccEAGhtS.s 			page 4


 169              		.size	pwmStop, .-pwmStop
 170 001a 00BFAFF3 		.section	.text.pwmChangePeriod,"ax",%progbits
 170      0080
 171              		.align	2
 172              		.p2align 4,,15
 173              		.global	pwmChangePeriod
 174              		.thumb
 175              		.thumb_func
 176              		.type	pwmChangePeriod, %function
 177              	pwmChangePeriod:
 178              	.LFB122:
 179              		.loc 1 147 0
 180              		.cfi_startproc
 181              		@ args = 0, pretend = 0, frame = 0
 182              		@ frame_needed = 0, uses_anonymous_args = 0
 183              		@ link register save eliminated.
 184              	.LVL6:
 185              	.LBB8:
 186              		.loc 1 151 0
 187 0000 2023     		movs	r3, #32
 188              	@ 151 "../include/ChibiOS_2.6.5/os/hal/src/pwm.c" 1
 189 0002 83F31188 		msr     BASEPRI, r3
 190              	@ 0 "" 2
 191              		.thumb
 192              	.LBE8:
 193              		.loc 1 154 0
 194 0006 0369     		ldr	r3, [r0, #16]
 195 0008 0181     		strh	r1, [r0, #8]	@ movhi
 196 000a 4A1E     		subs	r2, r1, #1
 197 000c 92B2     		uxth	r2, r2
 198 000e DA62     		str	r2, [r3, #44]
 199              	.LBB9:
 200              		.loc 1 155 0
 201 0010 0023     		movs	r3, #0
 202              	@ 155 "../include/ChibiOS_2.6.5/os/hal/src/pwm.c" 1
 203 0012 83F31188 		msr     BASEPRI, r3
 204              	@ 0 "" 2
 205              		.thumb
 206 0016 7047     		bx	lr
 207              	.LBE9:
 208              		.cfi_endproc
 209              	.LFE122:
 210              		.size	pwmChangePeriod, .-pwmChangePeriod
 211 0018 AFF30080 		.section	.text.pwmEnableChannel,"ax",%progbits
 211      AFF30080 
 212              		.align	2
 213              		.p2align 4,,15
 214              		.global	pwmEnableChannel
 215              		.thumb
 216              		.thumb_func
 217              		.type	pwmEnableChannel, %function
 218              	pwmEnableChannel:
 219              	.LFB123:
 220              		.loc 1 174 0
 221              		.cfi_startproc
 222              		@ args = 0, pretend = 0, frame = 0
 223              		@ frame_needed = 0, uses_anonymous_args = 0
ARM GAS  /tmp/ccEAGhtS.s 			page 5


 224              	.LVL7:
 225 0000 08B5     		push	{r3, lr}
 226              		.cfi_def_cfa_offset 8
 227              		.cfi_offset 3, -8
 228              		.cfi_offset 14, -4
 229              	.LBB10:
 230              		.loc 1 179 0
 231 0002 2023     		movs	r3, #32
 232              	@ 179 "../include/ChibiOS_2.6.5/os/hal/src/pwm.c" 1
 233 0004 83F31188 		msr     BASEPRI, r3
 234              	@ 0 "" 2
 235              		.thumb
 236              	.LBE10:
 237              		.loc 1 182 0
 238 0008 FFF7FEFF 		bl	pwm_lld_enable_channel
 239              	.LVL8:
 240              	.LBB11:
 241              		.loc 1 183 0
 242 000c 0023     		movs	r3, #0
 243              	@ 183 "../include/ChibiOS_2.6.5/os/hal/src/pwm.c" 1
 244 000e 83F31188 		msr     BASEPRI, r3
 245              	@ 0 "" 2
 246              		.thumb
 247 0012 08BD     		pop	{r3, pc}
 248              	.LBE11:
 249              		.cfi_endproc
 250              	.LFE123:
 251              		.size	pwmEnableChannel, .-pwmEnableChannel
 252 0014 AFF30080 		.section	.text.pwmDisableChannel,"ax",%progbits
 252      AFF30080 
 252      AFF30080 
 253              		.align	2
 254              		.p2align 4,,15
 255              		.global	pwmDisableChannel
 256              		.thumb
 257              		.thumb_func
 258              		.type	pwmDisableChannel, %function
 259              	pwmDisableChannel:
 260              	.LFB124:
 261              		.loc 1 200 0
 262              		.cfi_startproc
 263              		@ args = 0, pretend = 0, frame = 0
 264              		@ frame_needed = 0, uses_anonymous_args = 0
 265              	.LVL9:
 266 0000 08B5     		push	{r3, lr}
 267              		.cfi_def_cfa_offset 8
 268              		.cfi_offset 3, -8
 269              		.cfi_offset 14, -4
 270              	.LBB12:
 271              		.loc 1 205 0
 272 0002 2023     		movs	r3, #32
 273              	@ 205 "../include/ChibiOS_2.6.5/os/hal/src/pwm.c" 1
 274 0004 83F31188 		msr     BASEPRI, r3
 275              	@ 0 "" 2
 276              		.thumb
 277              	.LBE12:
 278              		.loc 1 208 0
ARM GAS  /tmp/ccEAGhtS.s 			page 6


 279 0008 FFF7FEFF 		bl	pwm_lld_disable_channel
 280              	.LVL10:
 281              	.LBB13:
 282              		.loc 1 209 0
 283 000c 0023     		movs	r3, #0
 284              	@ 209 "../include/ChibiOS_2.6.5/os/hal/src/pwm.c" 1
 285 000e 83F31188 		msr     BASEPRI, r3
 286              	@ 0 "" 2
 287              		.thumb
 288 0012 08BD     		pop	{r3, pc}
 289              	.LBE13:
 290              		.cfi_endproc
 291              	.LFE124:
 292              		.size	pwmDisableChannel, .-pwmDisableChannel
 293 0014 AFF30080 		.text
 293      AFF30080 
 293      AFF30080 
 294              	.Letext0:
 295              		.file 2 "/usr/include/newlib/machine/_default_types.h"
 296              		.file 3 "/usr/include/newlib/stdint.h"
 297              		.file 4 "../include/ChibiOS_2.6.5/os/hal/include/pwm.h"
 298              		.file 5 "../include/ChibiOS_2.6.5/os/hal/platforms/STM32/TIMv1/pwm_lld.h"
 299              		.file 6 "../include/ChibiOS_2.6.5/os/hal/platforms/STM32/TIMv1/stm32_tim.h"
 300              		.file 7 "../include/ChibiOS_2.6.5/os/ports/common/ARMCMx/CMSIS/include/core_cm4.h"
 301              		.section	.debug_info,"",%progbits
 302              	.Ldebug_info0:
 303 0000 81060000 		.4byte	0x681
 304 0004 0400     		.2byte	0x4
 305 0006 00000000 		.4byte	.Ldebug_abbrev0
 306 000a 04       		.byte	0x4
 307 000b 01       		.uleb128 0x1
 308 000c CE010000 		.4byte	.LASF64
 309 0010 01       		.byte	0x1
 310 0011 17030000 		.4byte	.LASF65
 311 0015 D1020000 		.4byte	.LASF66
 312 0019 30000000 		.4byte	.Ldebug_ranges0+0x30
 313 001d 00000000 		.4byte	0
 314 0021 00000000 		.4byte	.Ldebug_line0
 315 0025 02       		.uleb128 0x2
 316 0026 04       		.byte	0x4
 317 0027 05       		.byte	0x5
 318 0028 696E7400 		.ascii	"int\000"
 319 002c 03       		.uleb128 0x3
 320 002d 04       		.byte	0x4
 321 002e 07       		.byte	0x7
 322 002f 9B010000 		.4byte	.LASF0
 323 0033 03       		.uleb128 0x3
 324 0034 01       		.byte	0x1
 325 0035 06       		.byte	0x6
 326 0036 6F010000 		.4byte	.LASF1
 327 003a 04       		.uleb128 0x4
 328 003b FB000000 		.4byte	.LASF4
 329 003f 02       		.byte	0x2
 330 0040 1C       		.byte	0x1c
 331 0041 45000000 		.4byte	0x45
 332 0045 03       		.uleb128 0x3
 333 0046 01       		.byte	0x1
ARM GAS  /tmp/ccEAGhtS.s 			page 7


 334 0047 08       		.byte	0x8
 335 0048 38010000 		.4byte	.LASF2
 336 004c 03       		.uleb128 0x3
 337 004d 02       		.byte	0x2
 338 004e 05       		.byte	0x5
 339 004f 29000000 		.4byte	.LASF3
 340 0053 04       		.uleb128 0x4
 341 0054 7A000000 		.4byte	.LASF5
 342 0058 02       		.byte	0x2
 343 0059 26       		.byte	0x26
 344 005a 5E000000 		.4byte	0x5e
 345 005e 03       		.uleb128 0x3
 346 005f 02       		.byte	0x2
 347 0060 07       		.byte	0x7
 348 0061 BB010000 		.4byte	.LASF6
 349 0065 04       		.uleb128 0x4
 350 0066 FA020000 		.4byte	.LASF7
 351 006a 02       		.byte	0x2
 352 006b 37       		.byte	0x37
 353 006c 70000000 		.4byte	0x70
 354 0070 03       		.uleb128 0x3
 355 0071 04       		.byte	0x4
 356 0072 05       		.byte	0x5
 357 0073 D9000000 		.4byte	.LASF8
 358 0077 04       		.uleb128 0x4
 359 0078 6A000000 		.4byte	.LASF9
 360 007c 02       		.byte	0x2
 361 007d 38       		.byte	0x38
 362 007e 82000000 		.4byte	0x82
 363 0082 03       		.uleb128 0x3
 364 0083 04       		.byte	0x4
 365 0084 07       		.byte	0x7
 366 0085 B9020000 		.4byte	.LASF10
 367 0089 03       		.uleb128 0x3
 368 008a 08       		.byte	0x8
 369 008b 05       		.byte	0x5
 370 008c CB000000 		.4byte	.LASF11
 371 0090 03       		.uleb128 0x3
 372 0091 08       		.byte	0x8
 373 0092 07       		.byte	0x7
 374 0093 7B010000 		.4byte	.LASF12
 375 0097 04       		.uleb128 0x4
 376 0098 A3000000 		.4byte	.LASF13
 377 009c 03       		.byte	0x3
 378 009d 2A       		.byte	0x2a
 379 009e 3A000000 		.4byte	0x3a
 380 00a2 04       		.uleb128 0x4
 381 00a3 A8010000 		.4byte	.LASF14
 382 00a7 03       		.byte	0x3
 383 00a8 36       		.byte	0x36
 384 00a9 53000000 		.4byte	0x53
 385 00ad 04       		.uleb128 0x4
 386 00ae 93020000 		.4byte	.LASF15
 387 00b2 03       		.byte	0x3
 388 00b3 41       		.byte	0x41
 389 00b4 65000000 		.4byte	0x65
 390 00b8 04       		.uleb128 0x4
ARM GAS  /tmp/ccEAGhtS.s 			page 8


 391 00b9 92010000 		.4byte	.LASF16
 392 00bd 03       		.byte	0x3
 393 00be 42       		.byte	0x42
 394 00bf 77000000 		.4byte	0x77
 395 00c3 03       		.uleb128 0x3
 396 00c4 01       		.byte	0x1
 397 00c5 02       		.byte	0x2
 398 00c6 9B020000 		.4byte	.LASF17
 399 00ca 05       		.uleb128 0x5
 400 00cb B8000000 		.4byte	0xb8
 401 00cf 03       		.uleb128 0x3
 402 00d0 04       		.byte	0x4
 403 00d1 07       		.byte	0x7
 404 00d2 3C000000 		.4byte	.LASF18
 405 00d6 03       		.uleb128 0x3
 406 00d7 01       		.byte	0x1
 407 00d8 08       		.byte	0x8
 408 00d9 78020000 		.4byte	.LASF19
 409 00dd 06       		.uleb128 0x6
 410 00de B8000000 		.4byte	0xb8
 411 00e2 ED000000 		.4byte	0xed
 412 00e6 07       		.uleb128 0x7
 413 00e7 CF000000 		.4byte	0xcf
 414 00eb 03       		.byte	0x3
 415 00ec 00       		.byte	0
 416 00ed 05       		.uleb128 0x5
 417 00ee AD000000 		.4byte	0xad
 418 00f2 08       		.uleb128 0x8
 419 00f3 01       		.byte	0x1
 420 00f4 04       		.byte	0x4
 421 00f5 55       		.byte	0x55
 422 00f6 0D010000 		.4byte	0x10d
 423 00fa 09       		.uleb128 0x9
 424 00fb 2D010000 		.4byte	.LASF20
 425 00ff 00       		.sleb128 0
 426 0100 09       		.uleb128 0x9
 427 0101 0E030000 		.4byte	.LASF21
 428 0105 01       		.sleb128 1
 429 0106 09       		.uleb128 0x9
 430 0107 04030000 		.4byte	.LASF22
 431 010b 02       		.sleb128 2
 432 010c 00       		.byte	0
 433 010d 04       		.uleb128 0x4
 434 010e 80030000 		.4byte	.LASF23
 435 0112 04       		.byte	0x4
 436 0113 59       		.byte	0x59
 437 0114 F2000000 		.4byte	0xf2
 438 0118 04       		.uleb128 0x4
 439 0119 89020000 		.4byte	.LASF24
 440 011d 04       		.byte	0x4
 441 011e 5E       		.byte	0x5e
 442 011f 23010000 		.4byte	0x123
 443 0123 0A       		.uleb128 0xa
 444 0124 89020000 		.4byte	.LASF24
 445 0128 14       		.byte	0x14
 446 0129 05       		.byte	0x5
 447 012a 6F01     		.2byte	0x16f
ARM GAS  /tmp/ccEAGhtS.s 			page 9


 448 012c 72010000 		.4byte	0x172
 449 0130 0B       		.uleb128 0xb
 450 0131 17000000 		.4byte	.LASF25
 451 0135 05       		.byte	0x5
 452 0136 7301     		.2byte	0x173
 453 0138 0D010000 		.4byte	0x10d
 454 013c 00       		.byte	0
 455 013d 0B       		.uleb128 0xb
 456 013e 8E000000 		.4byte	.LASF26
 457 0142 05       		.byte	0x5
 458 0143 7701     		.2byte	0x177
 459 0145 86030000 		.4byte	0x386
 460 0149 04       		.byte	0x4
 461 014a 0B       		.uleb128 0xb
 462 014b F4000000 		.4byte	.LASF27
 463 014f 05       		.byte	0x5
 464 0150 7B01     		.2byte	0x17b
 465 0152 D6020000 		.4byte	0x2d6
 466 0156 08       		.byte	0x8
 467 0157 0B       		.uleb128 0xb
 468 0158 CB020000 		.4byte	.LASF28
 469 015c 05       		.byte	0x5
 470 015d 8301     		.2byte	0x183
 471 015f B8000000 		.4byte	0xb8
 472 0163 0C       		.byte	0xc
 473 0164 0C       		.uleb128 0xc
 474 0165 74696D00 		.ascii	"tim\000"
 475 0169 05       		.byte	0x5
 476 016a 8701     		.2byte	0x187
 477 016c 91030000 		.4byte	0x391
 478 0170 10       		.byte	0x10
 479 0171 00       		.byte	0
 480 0172 04       		.uleb128 0x4
 481 0173 8B030000 		.4byte	.LASF29
 482 0177 04       		.byte	0x4
 483 0178 65       		.byte	0x65
 484 0179 7D010000 		.4byte	0x17d
 485 017d 0D       		.uleb128 0xd
 486 017e 04       		.byte	0x4
 487 017f 83010000 		.4byte	0x183
 488 0183 0E       		.uleb128 0xe
 489 0184 8E010000 		.4byte	0x18e
 490 0188 0F       		.uleb128 0xf
 491 0189 8E010000 		.4byte	0x18e
 492 018d 00       		.byte	0
 493 018e 0D       		.uleb128 0xd
 494 018f 04       		.byte	0x4
 495 0190 18010000 		.4byte	0x118
 496 0194 10       		.uleb128 0x10
 497 0195 60       		.byte	0x60
 498 0196 06       		.byte	0x6
 499 0197 9E01     		.2byte	0x19e
 500 0199 AD020000 		.4byte	0x2ad
 501 019d 0C       		.uleb128 0xc
 502 019e 43523100 		.ascii	"CR1\000"
 503 01a2 06       		.byte	0x6
 504 01a3 9F01     		.2byte	0x19f
ARM GAS  /tmp/ccEAGhtS.s 			page 10


 505 01a5 CA000000 		.4byte	0xca
 506 01a9 00       		.byte	0
 507 01aa 0C       		.uleb128 0xc
 508 01ab 43523200 		.ascii	"CR2\000"
 509 01af 06       		.byte	0x6
 510 01b0 A001     		.2byte	0x1a0
 511 01b2 CA000000 		.4byte	0xca
 512 01b6 04       		.byte	0x4
 513 01b7 0B       		.uleb128 0xb
 514 01b8 28010000 		.4byte	.LASF30
 515 01bc 06       		.byte	0x6
 516 01bd A101     		.2byte	0x1a1
 517 01bf CA000000 		.4byte	0xca
 518 01c3 08       		.byte	0x8
 519 01c4 0B       		.uleb128 0xb
 520 01c5 B6010000 		.4byte	.LASF31
 521 01c9 06       		.byte	0x6
 522 01ca A201     		.2byte	0x1a2
 523 01cc CA000000 		.4byte	0xca
 524 01d0 0C       		.byte	0xc
 525 01d1 0C       		.uleb128 0xc
 526 01d2 535200   		.ascii	"SR\000"
 527 01d5 06       		.byte	0x6
 528 01d6 A301     		.2byte	0x1a3
 529 01d8 CA000000 		.4byte	0xca
 530 01dc 10       		.byte	0x10
 531 01dd 0C       		.uleb128 0xc
 532 01de 45475200 		.ascii	"EGR\000"
 533 01e2 06       		.byte	0x6
 534 01e3 A401     		.2byte	0x1a4
 535 01e5 CA000000 		.4byte	0xca
 536 01e9 14       		.byte	0x14
 537 01ea 0B       		.uleb128 0xb
 538 01eb 05010000 		.4byte	.LASF32
 539 01ef 06       		.byte	0x6
 540 01f0 A501     		.2byte	0x1a5
 541 01f2 CA000000 		.4byte	0xca
 542 01f6 18       		.byte	0x18
 543 01f7 0B       		.uleb128 0xb
 544 01f8 1D000000 		.4byte	.LASF33
 545 01fc 06       		.byte	0x6
 546 01fd A601     		.2byte	0x1a6
 547 01ff CA000000 		.4byte	0xca
 548 0203 1C       		.byte	0x1c
 549 0204 0B       		.uleb128 0xb
 550 0205 00000000 		.4byte	.LASF34
 551 0209 06       		.byte	0x6
 552 020a A701     		.2byte	0x1a7
 553 020c CA000000 		.4byte	0xca
 554 0210 20       		.byte	0x20
 555 0211 0C       		.uleb128 0xc
 556 0212 434E5400 		.ascii	"CNT\000"
 557 0216 06       		.byte	0x6
 558 0217 A801     		.2byte	0x1a8
 559 0219 CA000000 		.4byte	0xca
 560 021d 24       		.byte	0x24
 561 021e 0C       		.uleb128 0xc
ARM GAS  /tmp/ccEAGhtS.s 			page 11


 562 021f 50534300 		.ascii	"PSC\000"
 563 0223 06       		.byte	0x6
 564 0224 A901     		.2byte	0x1a9
 565 0226 CA000000 		.4byte	0xca
 566 022a 28       		.byte	0x28
 567 022b 0C       		.uleb128 0xc
 568 022c 41525200 		.ascii	"ARR\000"
 569 0230 06       		.byte	0x6
 570 0231 AA01     		.2byte	0x1aa
 571 0233 CA000000 		.4byte	0xca
 572 0237 2C       		.byte	0x2c
 573 0238 0C       		.uleb128 0xc
 574 0239 52435200 		.ascii	"RCR\000"
 575 023d 06       		.byte	0x6
 576 023e AB01     		.2byte	0x1ab
 577 0240 CA000000 		.4byte	0xca
 578 0244 30       		.byte	0x30
 579 0245 0C       		.uleb128 0xc
 580 0246 43435200 		.ascii	"CCR\000"
 581 024a 06       		.byte	0x6
 582 024b AC01     		.2byte	0x1ac
 583 024d AD020000 		.4byte	0x2ad
 584 0251 34       		.byte	0x34
 585 0252 0B       		.uleb128 0xb
 586 0253 B1010000 		.4byte	.LASF35
 587 0257 06       		.byte	0x6
 588 0258 AD01     		.2byte	0x1ad
 589 025a CA000000 		.4byte	0xca
 590 025e 44       		.byte	0x44
 591 025f 0C       		.uleb128 0xc
 592 0260 44435200 		.ascii	"DCR\000"
 593 0264 06       		.byte	0x6
 594 0265 AE01     		.2byte	0x1ae
 595 0267 CA000000 		.4byte	0xca
 596 026b 48       		.byte	0x48
 597 026c 0B       		.uleb128 0xb
 598 026d 12000000 		.4byte	.LASF36
 599 0271 06       		.byte	0x6
 600 0272 AF01     		.2byte	0x1af
 601 0274 CA000000 		.4byte	0xca
 602 0278 4C       		.byte	0x4c
 603 0279 0C       		.uleb128 0xc
 604 027a 4F5200   		.ascii	"OR\000"
 605 027d 06       		.byte	0x6
 606 027e B001     		.2byte	0x1b0
 607 0280 CA000000 		.4byte	0xca
 608 0284 50       		.byte	0x50
 609 0285 0B       		.uleb128 0xb
 610 0286 23000000 		.4byte	.LASF37
 611 028a 06       		.byte	0x6
 612 028b B101     		.2byte	0x1b1
 613 028d CA000000 		.4byte	0xca
 614 0291 54       		.byte	0x54
 615 0292 0B       		.uleb128 0xb
 616 0293 EA000000 		.4byte	.LASF38
 617 0297 06       		.byte	0x6
 618 0298 B201     		.2byte	0x1b2
ARM GAS  /tmp/ccEAGhtS.s 			page 12


 619 029a CA000000 		.4byte	0xca
 620 029e 58       		.byte	0x58
 621 029f 0B       		.uleb128 0xb
 622 02a0 EF000000 		.4byte	.LASF39
 623 02a4 06       		.byte	0x6
 624 02a5 B301     		.2byte	0x1b3
 625 02a7 CA000000 		.4byte	0xca
 626 02ab 5C       		.byte	0x5c
 627 02ac 00       		.byte	0
 628 02ad 05       		.uleb128 0x5
 629 02ae DD000000 		.4byte	0xdd
 630 02b2 11       		.uleb128 0x11
 631 02b3 7D020000 		.4byte	.LASF40
 632 02b7 06       		.byte	0x6
 633 02b8 B401     		.2byte	0x1b4
 634 02ba 94010000 		.4byte	0x194
 635 02be 11       		.uleb128 0x11
 636 02bf 69030000 		.4byte	.LASF41
 637 02c3 05       		.byte	0x5
 638 02c4 2001     		.2byte	0x120
 639 02c6 B8000000 		.4byte	0xb8
 640 02ca 11       		.uleb128 0x11
 641 02cb 5D000000 		.4byte	.LASF42
 642 02cf 05       		.byte	0x5
 643 02d0 2501     		.2byte	0x125
 644 02d2 97000000 		.4byte	0x97
 645 02d6 11       		.uleb128 0x11
 646 02d7 33000000 		.4byte	.LASF43
 647 02db 05       		.byte	0x5
 648 02dc 2A01     		.2byte	0x12a
 649 02de A2000000 		.4byte	0xa2
 650 02e2 10       		.uleb128 0x10
 651 02e3 08       		.byte	0x8
 652 02e4 05       		.byte	0x5
 653 02e5 2F01     		.2byte	0x12f
 654 02e7 06030000 		.4byte	0x306
 655 02eb 0B       		.uleb128 0xb
 656 02ec 75000000 		.4byte	.LASF44
 657 02f0 05       		.byte	0x5
 658 02f1 3301     		.2byte	0x133
 659 02f3 BE020000 		.4byte	0x2be
 660 02f7 00       		.byte	0
 661 02f8 0B       		.uleb128 0xb
 662 02f9 99030000 		.4byte	.LASF45
 663 02fd 05       		.byte	0x5
 664 02fe 3901     		.2byte	0x139
 665 0300 72010000 		.4byte	0x172
 666 0304 04       		.byte	0x4
 667 0305 00       		.byte	0
 668 0306 11       		.uleb128 0x11
 669 0307 58030000 		.4byte	.LASF46
 670 030b 05       		.byte	0x5
 671 030c 3B01     		.2byte	0x13b
 672 030e E2020000 		.4byte	0x2e2
 673 0312 10       		.uleb128 0x10
 674 0313 34       		.byte	0x34
 675 0314 05       		.byte	0x5
ARM GAS  /tmp/ccEAGhtS.s 			page 13


 676 0315 4001     		.2byte	0x140
 677 0317 6A030000 		.4byte	0x36a
 678 031b 0B       		.uleb128 0xb
 679 031c 4E030000 		.4byte	.LASF47
 680 0320 05       		.byte	0x5
 681 0321 4601     		.2byte	0x146
 682 0323 B8000000 		.4byte	0xb8
 683 0327 00       		.byte	0
 684 0328 0B       		.uleb128 0xb
 685 0329 F4000000 		.4byte	.LASF27
 686 032d 05       		.byte	0x5
 687 032e 4C01     		.2byte	0x14c
 688 0330 D6020000 		.4byte	0x2d6
 689 0334 04       		.byte	0x4
 690 0335 0B       		.uleb128 0xb
 691 0336 99030000 		.4byte	.LASF45
 692 033a 05       		.byte	0x5
 693 033b 5201     		.2byte	0x152
 694 033d 72010000 		.4byte	0x172
 695 0341 08       		.byte	0x8
 696 0342 0B       		.uleb128 0xb
 697 0343 85000000 		.4byte	.LASF48
 698 0347 05       		.byte	0x5
 699 0348 5601     		.2byte	0x156
 700 034a 6A030000 		.4byte	0x36a
 701 034e 0C       		.byte	0xc
 702 034f 0C       		.uleb128 0xc
 703 0350 63723200 		.ascii	"cr2\000"
 704 0354 05       		.byte	0x5
 705 0355 5C01     		.2byte	0x15c
 706 0357 B8000000 		.4byte	0xb8
 707 035b 2C       		.byte	0x2c
 708 035c 0B       		.uleb128 0xb
 709 035d 41030000 		.4byte	.LASF49
 710 0361 05       		.byte	0x5
 711 0362 6901     		.2byte	0x169
 712 0364 B8000000 		.4byte	0xb8
 713 0368 30       		.byte	0x30
 714 0369 00       		.byte	0
 715 036a 06       		.uleb128 0x6
 716 036b 06030000 		.4byte	0x306
 717 036f 7A030000 		.4byte	0x37a
 718 0373 07       		.uleb128 0x7
 719 0374 CF000000 		.4byte	0xcf
 720 0378 03       		.byte	0x3
 721 0379 00       		.byte	0
 722 037a 11       		.uleb128 0x11
 723 037b 19010000 		.4byte	.LASF50
 724 037f 05       		.byte	0x5
 725 0380 6A01     		.2byte	0x16a
 726 0382 12030000 		.4byte	0x312
 727 0386 0D       		.uleb128 0xd
 728 0387 04       		.byte	0x4
 729 0388 8C030000 		.4byte	0x38c
 730 038c 12       		.uleb128 0x12
 731 038d 7A030000 		.4byte	0x37a
 732 0391 0D       		.uleb128 0xd
ARM GAS  /tmp/ccEAGhtS.s 			page 14


 733 0392 04       		.byte	0x4
 734 0393 B2020000 		.4byte	0x2b2
 735 0397 13       		.uleb128 0x13
 736 0398 E2000000 		.4byte	.LASF51
 737 039c 01       		.byte	0x1
 738 039d 44       		.byte	0x44
 739 039e 00000000 		.4byte	.LFB118
 740 03a2 04000000 		.4byte	.LFE118-.LFB118
 741 03a6 01       		.uleb128 0x1
 742 03a7 9C       		.byte	0x9c
 743 03a8 B6030000 		.4byte	0x3b6
 744 03ac 14       		.uleb128 0x14
 745 03ad 04000000 		.4byte	.LVL0
 746 03b1 29060000 		.4byte	0x629
 747 03b5 00       		.byte	0
 748 03b6 13       		.uleb128 0x13
 749 03b7 95000000 		.4byte	.LASF52
 750 03bb 01       		.byte	0x1
 751 03bc 50       		.byte	0x50
 752 03bd 00000000 		.4byte	.LFB119
 753 03c1 0A000000 		.4byte	.LFE119-.LFB119
 754 03c5 01       		.uleb128 0x1
 755 03c6 9C       		.byte	0x9c
 756 03c7 D9030000 		.4byte	0x3d9
 757 03cb 15       		.uleb128 0x15
 758 03cc 23010000 		.4byte	.LASF54
 759 03d0 01       		.byte	0x1
 760 03d1 50       		.byte	0x50
 761 03d2 8E010000 		.4byte	0x18e
 762 03d6 01       		.uleb128 0x1
 763 03d7 50       		.byte	0x50
 764 03d8 00       		.byte	0
 765 03d9 13       		.uleb128 0x13
 766 03da C2000000 		.4byte	.LASF53
 767 03de 01       		.byte	0x1
 768 03df 63       		.byte	0x63
 769 03e0 00000000 		.4byte	.LFB120
 770 03e4 20000000 		.4byte	.LFE120-.LFB120
 771 03e8 01       		.uleb128 0x1
 772 03e9 9C       		.byte	0x9c
 773 03ea 4F040000 		.4byte	0x44f
 774 03ee 16       		.uleb128 0x16
 775 03ef 23010000 		.4byte	.LASF54
 776 03f3 01       		.byte	0x1
 777 03f4 63       		.byte	0x63
 778 03f5 8E010000 		.4byte	0x18e
 779 03f9 00000000 		.4byte	.LLST0
 780 03fd 16       		.uleb128 0x16
 781 03fe 8E000000 		.4byte	.LASF26
 782 0402 01       		.byte	0x1
 783 0403 63       		.byte	0x63
 784 0404 86030000 		.4byte	0x386
 785 0408 1E000000 		.4byte	.LLST1
 786 040c 17       		.uleb128 0x17
 787 040d 00000000 		.4byte	.Ldebug_ranges0+0
 788 0411 23040000 		.4byte	0x423
 789 0415 18       		.uleb128 0x18
ARM GAS  /tmp/ccEAGhtS.s 			page 15


 790 0416 746D7000 		.ascii	"tmp\000"
 791 041a 01       		.byte	0x1
 792 041b 67       		.byte	0x67
 793 041c B8000000 		.4byte	0xb8
 794 0420 01       		.uleb128 0x1
 795 0421 53       		.byte	0x53
 796 0422 00       		.byte	0
 797 0423 19       		.uleb128 0x19
 798 0424 18000000 		.4byte	.LBB4
 799 0428 08000000 		.4byte	.LBE4-.LBB4
 800 042c 3E040000 		.4byte	0x43e
 801 0430 18       		.uleb128 0x18
 802 0431 746D7000 		.ascii	"tmp\000"
 803 0435 01       		.byte	0x1
 804 0436 6E       		.byte	0x6e
 805 0437 B8000000 		.4byte	0xb8
 806 043b 01       		.uleb128 0x1
 807 043c 53       		.byte	0x53
 808 043d 00       		.byte	0
 809 043e 1A       		.uleb128 0x1a
 810 043f 14000000 		.4byte	.LVL3
 811 0443 31060000 		.4byte	0x631
 812 0447 1B       		.uleb128 0x1b
 813 0448 01       		.uleb128 0x1
 814 0449 50       		.byte	0x50
 815 044a 02       		.uleb128 0x2
 816 044b 74       		.byte	0x74
 817 044c 00       		.sleb128 0
 818 044d 00       		.byte	0
 819 044e 00       		.byte	0
 820 044f 13       		.uleb128 0x13
 821 0450 46030000 		.4byte	.LASF55
 822 0454 01       		.byte	0x1
 823 0455 78       		.byte	0x78
 824 0456 00000000 		.4byte	.LFB121
 825 045a 1A000000 		.4byte	.LFE121-.LFB121
 826 045e 01       		.uleb128 0x1
 827 045f 9C       		.byte	0x9c
 828 0460 B6040000 		.4byte	0x4b6
 829 0464 16       		.uleb128 0x16
 830 0465 23010000 		.4byte	.LASF54
 831 0469 01       		.byte	0x1
 832 046a 78       		.byte	0x78
 833 046b 8E010000 		.4byte	0x18e
 834 046f 3F000000 		.4byte	.LLST2
 835 0473 17       		.uleb128 0x17
 836 0474 18000000 		.4byte	.Ldebug_ranges0+0x18
 837 0478 8A040000 		.4byte	0x48a
 838 047c 18       		.uleb128 0x18
 839 047d 746D7000 		.ascii	"tmp\000"
 840 0481 01       		.byte	0x1
 841 0482 7C       		.byte	0x7c
 842 0483 B8000000 		.4byte	0xb8
 843 0487 01       		.uleb128 0x1
 844 0488 53       		.byte	0x53
 845 0489 00       		.byte	0
 846 048a 19       		.uleb128 0x19
ARM GAS  /tmp/ccEAGhtS.s 			page 16


 847 048b 12000000 		.4byte	.LBB7
 848 048f 08000000 		.4byte	.LBE7-.LBB7
 849 0493 A5040000 		.4byte	0x4a5
 850 0497 18       		.uleb128 0x18
 851 0498 746D7000 		.ascii	"tmp\000"
 852 049c 01       		.byte	0x1
 853 049d 81       		.byte	0x81
 854 049e B8000000 		.4byte	0xb8
 855 04a2 01       		.uleb128 0x1
 856 04a3 53       		.byte	0x53
 857 04a4 00       		.byte	0
 858 04a5 1A       		.uleb128 0x1a
 859 04a6 0E000000 		.4byte	.LVL5
 860 04aa 43060000 		.4byte	0x643
 861 04ae 1B       		.uleb128 0x1b
 862 04af 01       		.uleb128 0x1
 863 04b0 50       		.byte	0x50
 864 04b1 02       		.uleb128 0x2
 865 04b2 74       		.byte	0x74
 866 04b3 00       		.sleb128 0
 867 04b4 00       		.byte	0
 868 04b5 00       		.byte	0
 869 04b6 13       		.uleb128 0x13
 870 04b7 A9020000 		.4byte	.LASF56
 871 04bb 01       		.byte	0x1
 872 04bc 93       		.byte	0x93
 873 04bd 00000000 		.4byte	.LFB122
 874 04c1 18000000 		.4byte	.LFE122-.LFB122
 875 04c5 01       		.uleb128 0x1
 876 04c6 9C       		.byte	0x9c
 877 04c7 18050000 		.4byte	0x518
 878 04cb 15       		.uleb128 0x15
 879 04cc 23010000 		.4byte	.LASF54
 880 04d0 01       		.byte	0x1
 881 04d1 93       		.byte	0x93
 882 04d2 8E010000 		.4byte	0x18e
 883 04d6 01       		.uleb128 0x1
 884 04d7 50       		.byte	0x50
 885 04d8 15       		.uleb128 0x15
 886 04d9 F4000000 		.4byte	.LASF27
 887 04dd 01       		.byte	0x1
 888 04de 93       		.byte	0x93
 889 04df D6020000 		.4byte	0x2d6
 890 04e3 01       		.uleb128 0x1
 891 04e4 51       		.byte	0x51
 892 04e5 19       		.uleb128 0x19
 893 04e6 00000000 		.4byte	.LBB8
 894 04ea 06000000 		.4byte	.LBE8-.LBB8
 895 04ee 00050000 		.4byte	0x500
 896 04f2 18       		.uleb128 0x18
 897 04f3 746D7000 		.ascii	"tmp\000"
 898 04f7 01       		.byte	0x1
 899 04f8 97       		.byte	0x97
 900 04f9 B8000000 		.4byte	0xb8
 901 04fd 01       		.uleb128 0x1
 902 04fe 53       		.byte	0x53
 903 04ff 00       		.byte	0
ARM GAS  /tmp/ccEAGhtS.s 			page 17


 904 0500 1C       		.uleb128 0x1c
 905 0501 10000000 		.4byte	.LBB9
 906 0505 08000000 		.4byte	.LBE9-.LBB9
 907 0509 18       		.uleb128 0x18
 908 050a 746D7000 		.ascii	"tmp\000"
 909 050e 01       		.byte	0x1
 910 050f 9B       		.byte	0x9b
 911 0510 B8000000 		.4byte	0xb8
 912 0514 01       		.uleb128 0x1
 913 0515 53       		.byte	0x53
 914 0516 00       		.byte	0
 915 0517 00       		.byte	0
 916 0518 13       		.uleb128 0x13
 917 0519 AB000000 		.4byte	.LASF57
 918 051d 01       		.byte	0x1
 919 051e AC       		.byte	0xac
 920 051f 00000000 		.4byte	.LFB123
 921 0523 14000000 		.4byte	.LFE123-.LFB123
 922 0527 01       		.uleb128 0x1
 923 0528 9C       		.byte	0x9c
 924 0529 A2050000 		.4byte	0x5a2
 925 052d 16       		.uleb128 0x16
 926 052e 23010000 		.4byte	.LASF54
 927 0532 01       		.byte	0x1
 928 0533 AC       		.byte	0xac
 929 0534 8E010000 		.4byte	0x18e
 930 0538 5D000000 		.4byte	.LLST3
 931 053c 16       		.uleb128 0x16
 932 053d A1020000 		.4byte	.LASF58
 933 0541 01       		.byte	0x1
 934 0542 AD       		.byte	0xad
 935 0543 CA020000 		.4byte	0x2ca
 936 0547 7E000000 		.4byte	.LLST4
 937 054b 16       		.uleb128 0x16
 938 054c BC000000 		.4byte	.LASF59
 939 0550 01       		.byte	0x1
 940 0551 AE       		.byte	0xae
 941 0552 D6020000 		.4byte	0x2d6
 942 0556 9F000000 		.4byte	.LLST5
 943 055a 19       		.uleb128 0x19
 944 055b 02000000 		.4byte	.LBB10
 945 055f 06000000 		.4byte	.LBE10-.LBB10
 946 0563 75050000 		.4byte	0x575
 947 0567 18       		.uleb128 0x18
 948 0568 746D7000 		.ascii	"tmp\000"
 949 056c 01       		.byte	0x1
 950 056d B3       		.byte	0xb3
 951 056e B8000000 		.4byte	0xb8
 952 0572 01       		.uleb128 0x1
 953 0573 53       		.byte	0x53
 954 0574 00       		.byte	0
 955 0575 19       		.uleb128 0x19
 956 0576 0C000000 		.4byte	.LBB11
 957 057a 08000000 		.4byte	.LBE11-.LBB11
 958 057e 90050000 		.4byte	0x590
 959 0582 18       		.uleb128 0x18
 960 0583 746D7000 		.ascii	"tmp\000"
ARM GAS  /tmp/ccEAGhtS.s 			page 18


 961 0587 01       		.byte	0x1
 962 0588 B7       		.byte	0xb7
 963 0589 B8000000 		.4byte	0xb8
 964 058d 01       		.uleb128 0x1
 965 058e 53       		.byte	0x53
 966 058f 00       		.byte	0
 967 0590 1A       		.uleb128 0x1a
 968 0591 0C000000 		.4byte	.LVL8
 969 0595 55060000 		.4byte	0x655
 970 0599 1B       		.uleb128 0x1b
 971 059a 01       		.uleb128 0x1
 972 059b 50       		.byte	0x50
 973 059c 03       		.uleb128 0x3
 974 059d F3       		.byte	0xf3
 975 059e 01       		.uleb128 0x1
 976 059f 50       		.byte	0x50
 977 05a0 00       		.byte	0
 978 05a1 00       		.byte	0
 979 05a2 13       		.uleb128 0x13
 980 05a3 5D010000 		.4byte	.LASF60
 981 05a7 01       		.byte	0x1
 982 05a8 C8       		.byte	0xc8
 983 05a9 00000000 		.4byte	.LFB124
 984 05ad 14000000 		.4byte	.LFE124-.LFB124
 985 05b1 01       		.uleb128 0x1
 986 05b2 9C       		.byte	0x9c
 987 05b3 1D060000 		.4byte	0x61d
 988 05b7 16       		.uleb128 0x16
 989 05b8 23010000 		.4byte	.LASF54
 990 05bc 01       		.byte	0x1
 991 05bd C8       		.byte	0xc8
 992 05be 8E010000 		.4byte	0x18e
 993 05c2 C0000000 		.4byte	.LLST6
 994 05c6 16       		.uleb128 0x16
 995 05c7 A1020000 		.4byte	.LASF58
 996 05cb 01       		.byte	0x1
 997 05cc C8       		.byte	0xc8
 998 05cd CA020000 		.4byte	0x2ca
 999 05d1 E1000000 		.4byte	.LLST7
 1000 05d5 19       		.uleb128 0x19
 1001 05d6 02000000 		.4byte	.LBB12
 1002 05da 06000000 		.4byte	.LBE12-.LBB12
 1003 05de F0050000 		.4byte	0x5f0
 1004 05e2 18       		.uleb128 0x18
 1005 05e3 746D7000 		.ascii	"tmp\000"
 1006 05e7 01       		.byte	0x1
 1007 05e8 CD       		.byte	0xcd
 1008 05e9 B8000000 		.4byte	0xb8
 1009 05ed 01       		.uleb128 0x1
 1010 05ee 53       		.byte	0x53
 1011 05ef 00       		.byte	0
 1012 05f0 19       		.uleb128 0x19
 1013 05f1 0C000000 		.4byte	.LBB13
 1014 05f5 08000000 		.4byte	.LBE13-.LBB13
 1015 05f9 0B060000 		.4byte	0x60b
 1016 05fd 18       		.uleb128 0x18
 1017 05fe 746D7000 		.ascii	"tmp\000"
ARM GAS  /tmp/ccEAGhtS.s 			page 19


 1018 0602 01       		.byte	0x1
 1019 0603 D1       		.byte	0xd1
 1020 0604 B8000000 		.4byte	0xb8
 1021 0608 01       		.uleb128 0x1
 1022 0609 53       		.byte	0x53
 1023 060a 00       		.byte	0
 1024 060b 1A       		.uleb128 0x1a
 1025 060c 0C000000 		.4byte	.LVL10
 1026 0610 71060000 		.4byte	0x671
 1027 0614 1B       		.uleb128 0x1b
 1028 0615 01       		.uleb128 0x1
 1029 0616 50       		.byte	0x50
 1030 0617 03       		.uleb128 0x3
 1031 0618 F3       		.byte	0xf3
 1032 0619 01       		.uleb128 0x1
 1033 061a 50       		.byte	0x50
 1034 061b 00       		.byte	0
 1035 061c 00       		.byte	0
 1036 061d 1D       		.uleb128 0x1d
 1037 061e 73030000 		.4byte	.LASF67
 1038 0622 07       		.byte	0x7
 1039 0623 9806     		.2byte	0x698
 1040 0625 ED000000 		.4byte	0xed
 1041 0629 1E       		.uleb128 0x1e
 1042 062a 6B020000 		.4byte	.LASF68
 1043 062e 05       		.byte	0x5
 1044 062f D101     		.2byte	0x1d1
 1045 0631 1F       		.uleb128 0x1f
 1046 0632 0B010000 		.4byte	.LASF61
 1047 0636 05       		.byte	0x5
 1048 0637 D201     		.2byte	0x1d2
 1049 0639 43060000 		.4byte	0x643
 1050 063d 0F       		.uleb128 0xf
 1051 063e 8E010000 		.4byte	0x18e
 1052 0642 00       		.byte	0
 1053 0643 1F       		.uleb128 0x1f
 1054 0644 05000000 		.4byte	.LASF62
 1055 0648 05       		.byte	0x5
 1056 0649 D301     		.2byte	0x1d3
 1057 064b 55060000 		.4byte	0x655
 1058 064f 0F       		.uleb128 0xf
 1059 0650 8E010000 		.4byte	0x18e
 1060 0654 00       		.byte	0
 1061 0655 1F       		.uleb128 0x1f
 1062 0656 46010000 		.4byte	.LASF63
 1063 065a 05       		.byte	0x5
 1064 065b D401     		.2byte	0x1d4
 1065 065d 71060000 		.4byte	0x671
 1066 0661 0F       		.uleb128 0xf
 1067 0662 8E010000 		.4byte	0x18e
 1068 0666 0F       		.uleb128 0xf
 1069 0667 CA020000 		.4byte	0x2ca
 1070 066b 0F       		.uleb128 0xf
 1071 066c D6020000 		.4byte	0x2d6
 1072 0670 00       		.byte	0
 1073 0671 20       		.uleb128 0x20
 1074 0672 45000000 		.4byte	.LASF69
ARM GAS  /tmp/ccEAGhtS.s 			page 20


 1075 0676 05       		.byte	0x5
 1076 0677 D701     		.2byte	0x1d7
 1077 0679 0F       		.uleb128 0xf
 1078 067a 8E010000 		.4byte	0x18e
 1079 067e 0F       		.uleb128 0xf
 1080 067f CA020000 		.4byte	0x2ca
 1081 0683 00       		.byte	0
 1082 0684 00       		.byte	0
 1083              		.section	.debug_abbrev,"",%progbits
 1084              	.Ldebug_abbrev0:
 1085 0000 01       		.uleb128 0x1
 1086 0001 11       		.uleb128 0x11
 1087 0002 01       		.byte	0x1
 1088 0003 25       		.uleb128 0x25
 1089 0004 0E       		.uleb128 0xe
 1090 0005 13       		.uleb128 0x13
 1091 0006 0B       		.uleb128 0xb
 1092 0007 03       		.uleb128 0x3
 1093 0008 0E       		.uleb128 0xe
 1094 0009 1B       		.uleb128 0x1b
 1095 000a 0E       		.uleb128 0xe
 1096 000b 55       		.uleb128 0x55
 1097 000c 17       		.uleb128 0x17
 1098 000d 11       		.uleb128 0x11
 1099 000e 01       		.uleb128 0x1
 1100 000f 10       		.uleb128 0x10
 1101 0010 17       		.uleb128 0x17
 1102 0011 00       		.byte	0
 1103 0012 00       		.byte	0
 1104 0013 02       		.uleb128 0x2
 1105 0014 24       		.uleb128 0x24
 1106 0015 00       		.byte	0
 1107 0016 0B       		.uleb128 0xb
 1108 0017 0B       		.uleb128 0xb
 1109 0018 3E       		.uleb128 0x3e
 1110 0019 0B       		.uleb128 0xb
 1111 001a 03       		.uleb128 0x3
 1112 001b 08       		.uleb128 0x8
 1113 001c 00       		.byte	0
 1114 001d 00       		.byte	0
 1115 001e 03       		.uleb128 0x3
 1116 001f 24       		.uleb128 0x24
 1117 0020 00       		.byte	0
 1118 0021 0B       		.uleb128 0xb
 1119 0022 0B       		.uleb128 0xb
 1120 0023 3E       		.uleb128 0x3e
 1121 0024 0B       		.uleb128 0xb
 1122 0025 03       		.uleb128 0x3
 1123 0026 0E       		.uleb128 0xe
 1124 0027 00       		.byte	0
 1125 0028 00       		.byte	0
 1126 0029 04       		.uleb128 0x4
 1127 002a 16       		.uleb128 0x16
 1128 002b 00       		.byte	0
 1129 002c 03       		.uleb128 0x3
 1130 002d 0E       		.uleb128 0xe
 1131 002e 3A       		.uleb128 0x3a
ARM GAS  /tmp/ccEAGhtS.s 			page 21


 1132 002f 0B       		.uleb128 0xb
 1133 0030 3B       		.uleb128 0x3b
 1134 0031 0B       		.uleb128 0xb
 1135 0032 49       		.uleb128 0x49
 1136 0033 13       		.uleb128 0x13
 1137 0034 00       		.byte	0
 1138 0035 00       		.byte	0
 1139 0036 05       		.uleb128 0x5
 1140 0037 35       		.uleb128 0x35
 1141 0038 00       		.byte	0
 1142 0039 49       		.uleb128 0x49
 1143 003a 13       		.uleb128 0x13
 1144 003b 00       		.byte	0
 1145 003c 00       		.byte	0
 1146 003d 06       		.uleb128 0x6
 1147 003e 01       		.uleb128 0x1
 1148 003f 01       		.byte	0x1
 1149 0040 49       		.uleb128 0x49
 1150 0041 13       		.uleb128 0x13
 1151 0042 01       		.uleb128 0x1
 1152 0043 13       		.uleb128 0x13
 1153 0044 00       		.byte	0
 1154 0045 00       		.byte	0
 1155 0046 07       		.uleb128 0x7
 1156 0047 21       		.uleb128 0x21
 1157 0048 00       		.byte	0
 1158 0049 49       		.uleb128 0x49
 1159 004a 13       		.uleb128 0x13
 1160 004b 2F       		.uleb128 0x2f
 1161 004c 0B       		.uleb128 0xb
 1162 004d 00       		.byte	0
 1163 004e 00       		.byte	0
 1164 004f 08       		.uleb128 0x8
 1165 0050 04       		.uleb128 0x4
 1166 0051 01       		.byte	0x1
 1167 0052 0B       		.uleb128 0xb
 1168 0053 0B       		.uleb128 0xb
 1169 0054 3A       		.uleb128 0x3a
 1170 0055 0B       		.uleb128 0xb
 1171 0056 3B       		.uleb128 0x3b
 1172 0057 0B       		.uleb128 0xb
 1173 0058 01       		.uleb128 0x1
 1174 0059 13       		.uleb128 0x13
 1175 005a 00       		.byte	0
 1176 005b 00       		.byte	0
 1177 005c 09       		.uleb128 0x9
 1178 005d 28       		.uleb128 0x28
 1179 005e 00       		.byte	0
 1180 005f 03       		.uleb128 0x3
 1181 0060 0E       		.uleb128 0xe
 1182 0061 1C       		.uleb128 0x1c
 1183 0062 0D       		.uleb128 0xd
 1184 0063 00       		.byte	0
 1185 0064 00       		.byte	0
 1186 0065 0A       		.uleb128 0xa
 1187 0066 13       		.uleb128 0x13
 1188 0067 01       		.byte	0x1
ARM GAS  /tmp/ccEAGhtS.s 			page 22


 1189 0068 03       		.uleb128 0x3
 1190 0069 0E       		.uleb128 0xe
 1191 006a 0B       		.uleb128 0xb
 1192 006b 0B       		.uleb128 0xb
 1193 006c 3A       		.uleb128 0x3a
 1194 006d 0B       		.uleb128 0xb
 1195 006e 3B       		.uleb128 0x3b
 1196 006f 05       		.uleb128 0x5
 1197 0070 01       		.uleb128 0x1
 1198 0071 13       		.uleb128 0x13
 1199 0072 00       		.byte	0
 1200 0073 00       		.byte	0
 1201 0074 0B       		.uleb128 0xb
 1202 0075 0D       		.uleb128 0xd
 1203 0076 00       		.byte	0
 1204 0077 03       		.uleb128 0x3
 1205 0078 0E       		.uleb128 0xe
 1206 0079 3A       		.uleb128 0x3a
 1207 007a 0B       		.uleb128 0xb
 1208 007b 3B       		.uleb128 0x3b
 1209 007c 05       		.uleb128 0x5
 1210 007d 49       		.uleb128 0x49
 1211 007e 13       		.uleb128 0x13
 1212 007f 38       		.uleb128 0x38
 1213 0080 0B       		.uleb128 0xb
 1214 0081 00       		.byte	0
 1215 0082 00       		.byte	0
 1216 0083 0C       		.uleb128 0xc
 1217 0084 0D       		.uleb128 0xd
 1218 0085 00       		.byte	0
 1219 0086 03       		.uleb128 0x3
 1220 0087 08       		.uleb128 0x8
 1221 0088 3A       		.uleb128 0x3a
 1222 0089 0B       		.uleb128 0xb
 1223 008a 3B       		.uleb128 0x3b
 1224 008b 05       		.uleb128 0x5
 1225 008c 49       		.uleb128 0x49
 1226 008d 13       		.uleb128 0x13
 1227 008e 38       		.uleb128 0x38
 1228 008f 0B       		.uleb128 0xb
 1229 0090 00       		.byte	0
 1230 0091 00       		.byte	0
 1231 0092 0D       		.uleb128 0xd
 1232 0093 0F       		.uleb128 0xf
 1233 0094 00       		.byte	0
 1234 0095 0B       		.uleb128 0xb
 1235 0096 0B       		.uleb128 0xb
 1236 0097 49       		.uleb128 0x49
 1237 0098 13       		.uleb128 0x13
 1238 0099 00       		.byte	0
 1239 009a 00       		.byte	0
 1240 009b 0E       		.uleb128 0xe
 1241 009c 15       		.uleb128 0x15
 1242 009d 01       		.byte	0x1
 1243 009e 27       		.uleb128 0x27
 1244 009f 19       		.uleb128 0x19
 1245 00a0 01       		.uleb128 0x1
ARM GAS  /tmp/ccEAGhtS.s 			page 23


 1246 00a1 13       		.uleb128 0x13
 1247 00a2 00       		.byte	0
 1248 00a3 00       		.byte	0
 1249 00a4 0F       		.uleb128 0xf
 1250 00a5 05       		.uleb128 0x5
 1251 00a6 00       		.byte	0
 1252 00a7 49       		.uleb128 0x49
 1253 00a8 13       		.uleb128 0x13
 1254 00a9 00       		.byte	0
 1255 00aa 00       		.byte	0
 1256 00ab 10       		.uleb128 0x10
 1257 00ac 13       		.uleb128 0x13
 1258 00ad 01       		.byte	0x1
 1259 00ae 0B       		.uleb128 0xb
 1260 00af 0B       		.uleb128 0xb
 1261 00b0 3A       		.uleb128 0x3a
 1262 00b1 0B       		.uleb128 0xb
 1263 00b2 3B       		.uleb128 0x3b
 1264 00b3 05       		.uleb128 0x5
 1265 00b4 01       		.uleb128 0x1
 1266 00b5 13       		.uleb128 0x13
 1267 00b6 00       		.byte	0
 1268 00b7 00       		.byte	0
 1269 00b8 11       		.uleb128 0x11
 1270 00b9 16       		.uleb128 0x16
 1271 00ba 00       		.byte	0
 1272 00bb 03       		.uleb128 0x3
 1273 00bc 0E       		.uleb128 0xe
 1274 00bd 3A       		.uleb128 0x3a
 1275 00be 0B       		.uleb128 0xb
 1276 00bf 3B       		.uleb128 0x3b
 1277 00c0 05       		.uleb128 0x5
 1278 00c1 49       		.uleb128 0x49
 1279 00c2 13       		.uleb128 0x13
 1280 00c3 00       		.byte	0
 1281 00c4 00       		.byte	0
 1282 00c5 12       		.uleb128 0x12
 1283 00c6 26       		.uleb128 0x26
 1284 00c7 00       		.byte	0
 1285 00c8 49       		.uleb128 0x49
 1286 00c9 13       		.uleb128 0x13
 1287 00ca 00       		.byte	0
 1288 00cb 00       		.byte	0
 1289 00cc 13       		.uleb128 0x13
 1290 00cd 2E       		.uleb128 0x2e
 1291 00ce 01       		.byte	0x1
 1292 00cf 3F       		.uleb128 0x3f
 1293 00d0 19       		.uleb128 0x19
 1294 00d1 03       		.uleb128 0x3
 1295 00d2 0E       		.uleb128 0xe
 1296 00d3 3A       		.uleb128 0x3a
 1297 00d4 0B       		.uleb128 0xb
 1298 00d5 3B       		.uleb128 0x3b
 1299 00d6 0B       		.uleb128 0xb
 1300 00d7 27       		.uleb128 0x27
 1301 00d8 19       		.uleb128 0x19
 1302 00d9 11       		.uleb128 0x11
ARM GAS  /tmp/ccEAGhtS.s 			page 24


 1303 00da 01       		.uleb128 0x1
 1304 00db 12       		.uleb128 0x12
 1305 00dc 06       		.uleb128 0x6
 1306 00dd 40       		.uleb128 0x40
 1307 00de 18       		.uleb128 0x18
 1308 00df 9742     		.uleb128 0x2117
 1309 00e1 19       		.uleb128 0x19
 1310 00e2 01       		.uleb128 0x1
 1311 00e3 13       		.uleb128 0x13
 1312 00e4 00       		.byte	0
 1313 00e5 00       		.byte	0
 1314 00e6 14       		.uleb128 0x14
 1315 00e7 898201   		.uleb128 0x4109
 1316 00ea 00       		.byte	0
 1317 00eb 11       		.uleb128 0x11
 1318 00ec 01       		.uleb128 0x1
 1319 00ed 9542     		.uleb128 0x2115
 1320 00ef 19       		.uleb128 0x19
 1321 00f0 31       		.uleb128 0x31
 1322 00f1 13       		.uleb128 0x13
 1323 00f2 00       		.byte	0
 1324 00f3 00       		.byte	0
 1325 00f4 15       		.uleb128 0x15
 1326 00f5 05       		.uleb128 0x5
 1327 00f6 00       		.byte	0
 1328 00f7 03       		.uleb128 0x3
 1329 00f8 0E       		.uleb128 0xe
 1330 00f9 3A       		.uleb128 0x3a
 1331 00fa 0B       		.uleb128 0xb
 1332 00fb 3B       		.uleb128 0x3b
 1333 00fc 0B       		.uleb128 0xb
 1334 00fd 49       		.uleb128 0x49
 1335 00fe 13       		.uleb128 0x13
 1336 00ff 02       		.uleb128 0x2
 1337 0100 18       		.uleb128 0x18
 1338 0101 00       		.byte	0
 1339 0102 00       		.byte	0
 1340 0103 16       		.uleb128 0x16
 1341 0104 05       		.uleb128 0x5
 1342 0105 00       		.byte	0
 1343 0106 03       		.uleb128 0x3
 1344 0107 0E       		.uleb128 0xe
 1345 0108 3A       		.uleb128 0x3a
 1346 0109 0B       		.uleb128 0xb
 1347 010a 3B       		.uleb128 0x3b
 1348 010b 0B       		.uleb128 0xb
 1349 010c 49       		.uleb128 0x49
 1350 010d 13       		.uleb128 0x13
 1351 010e 02       		.uleb128 0x2
 1352 010f 17       		.uleb128 0x17
 1353 0110 00       		.byte	0
 1354 0111 00       		.byte	0
 1355 0112 17       		.uleb128 0x17
 1356 0113 0B       		.uleb128 0xb
 1357 0114 01       		.byte	0x1
 1358 0115 55       		.uleb128 0x55
 1359 0116 17       		.uleb128 0x17
ARM GAS  /tmp/ccEAGhtS.s 			page 25


 1360 0117 01       		.uleb128 0x1
 1361 0118 13       		.uleb128 0x13
 1362 0119 00       		.byte	0
 1363 011a 00       		.byte	0
 1364 011b 18       		.uleb128 0x18
 1365 011c 34       		.uleb128 0x34
 1366 011d 00       		.byte	0
 1367 011e 03       		.uleb128 0x3
 1368 011f 08       		.uleb128 0x8
 1369 0120 3A       		.uleb128 0x3a
 1370 0121 0B       		.uleb128 0xb
 1371 0122 3B       		.uleb128 0x3b
 1372 0123 0B       		.uleb128 0xb
 1373 0124 49       		.uleb128 0x49
 1374 0125 13       		.uleb128 0x13
 1375 0126 02       		.uleb128 0x2
 1376 0127 18       		.uleb128 0x18
 1377 0128 00       		.byte	0
 1378 0129 00       		.byte	0
 1379 012a 19       		.uleb128 0x19
 1380 012b 0B       		.uleb128 0xb
 1381 012c 01       		.byte	0x1
 1382 012d 11       		.uleb128 0x11
 1383 012e 01       		.uleb128 0x1
 1384 012f 12       		.uleb128 0x12
 1385 0130 06       		.uleb128 0x6
 1386 0131 01       		.uleb128 0x1
 1387 0132 13       		.uleb128 0x13
 1388 0133 00       		.byte	0
 1389 0134 00       		.byte	0
 1390 0135 1A       		.uleb128 0x1a
 1391 0136 898201   		.uleb128 0x4109
 1392 0139 01       		.byte	0x1
 1393 013a 11       		.uleb128 0x11
 1394 013b 01       		.uleb128 0x1
 1395 013c 31       		.uleb128 0x31
 1396 013d 13       		.uleb128 0x13
 1397 013e 00       		.byte	0
 1398 013f 00       		.byte	0
 1399 0140 1B       		.uleb128 0x1b
 1400 0141 8A8201   		.uleb128 0x410a
 1401 0144 00       		.byte	0
 1402 0145 02       		.uleb128 0x2
 1403 0146 18       		.uleb128 0x18
 1404 0147 9142     		.uleb128 0x2111
 1405 0149 18       		.uleb128 0x18
 1406 014a 00       		.byte	0
 1407 014b 00       		.byte	0
 1408 014c 1C       		.uleb128 0x1c
 1409 014d 0B       		.uleb128 0xb
 1410 014e 01       		.byte	0x1
 1411 014f 11       		.uleb128 0x11
 1412 0150 01       		.uleb128 0x1
 1413 0151 12       		.uleb128 0x12
 1414 0152 06       		.uleb128 0x6
 1415 0153 00       		.byte	0
 1416 0154 00       		.byte	0
ARM GAS  /tmp/ccEAGhtS.s 			page 26


 1417 0155 1D       		.uleb128 0x1d
 1418 0156 34       		.uleb128 0x34
 1419 0157 00       		.byte	0
 1420 0158 03       		.uleb128 0x3
 1421 0159 0E       		.uleb128 0xe
 1422 015a 3A       		.uleb128 0x3a
 1423 015b 0B       		.uleb128 0xb
 1424 015c 3B       		.uleb128 0x3b
 1425 015d 05       		.uleb128 0x5
 1426 015e 49       		.uleb128 0x49
 1427 015f 13       		.uleb128 0x13
 1428 0160 3F       		.uleb128 0x3f
 1429 0161 19       		.uleb128 0x19
 1430 0162 3C       		.uleb128 0x3c
 1431 0163 19       		.uleb128 0x19
 1432 0164 00       		.byte	0
 1433 0165 00       		.byte	0
 1434 0166 1E       		.uleb128 0x1e
 1435 0167 2E       		.uleb128 0x2e
 1436 0168 00       		.byte	0
 1437 0169 3F       		.uleb128 0x3f
 1438 016a 19       		.uleb128 0x19
 1439 016b 03       		.uleb128 0x3
 1440 016c 0E       		.uleb128 0xe
 1441 016d 3A       		.uleb128 0x3a
 1442 016e 0B       		.uleb128 0xb
 1443 016f 3B       		.uleb128 0x3b
 1444 0170 05       		.uleb128 0x5
 1445 0171 27       		.uleb128 0x27
 1446 0172 19       		.uleb128 0x19
 1447 0173 3C       		.uleb128 0x3c
 1448 0174 19       		.uleb128 0x19
 1449 0175 00       		.byte	0
 1450 0176 00       		.byte	0
 1451 0177 1F       		.uleb128 0x1f
 1452 0178 2E       		.uleb128 0x2e
 1453 0179 01       		.byte	0x1
 1454 017a 3F       		.uleb128 0x3f
 1455 017b 19       		.uleb128 0x19
 1456 017c 03       		.uleb128 0x3
 1457 017d 0E       		.uleb128 0xe
 1458 017e 3A       		.uleb128 0x3a
 1459 017f 0B       		.uleb128 0xb
 1460 0180 3B       		.uleb128 0x3b
 1461 0181 05       		.uleb128 0x5
 1462 0182 27       		.uleb128 0x27
 1463 0183 19       		.uleb128 0x19
 1464 0184 3C       		.uleb128 0x3c
 1465 0185 19       		.uleb128 0x19
 1466 0186 01       		.uleb128 0x1
 1467 0187 13       		.uleb128 0x13
 1468 0188 00       		.byte	0
 1469 0189 00       		.byte	0
 1470 018a 20       		.uleb128 0x20
 1471 018b 2E       		.uleb128 0x2e
 1472 018c 01       		.byte	0x1
 1473 018d 3F       		.uleb128 0x3f
ARM GAS  /tmp/ccEAGhtS.s 			page 27


 1474 018e 19       		.uleb128 0x19
 1475 018f 03       		.uleb128 0x3
 1476 0190 0E       		.uleb128 0xe
 1477 0191 3A       		.uleb128 0x3a
 1478 0192 0B       		.uleb128 0xb
 1479 0193 3B       		.uleb128 0x3b
 1480 0194 05       		.uleb128 0x5
 1481 0195 27       		.uleb128 0x27
 1482 0196 19       		.uleb128 0x19
 1483 0197 3C       		.uleb128 0x3c
 1484 0198 19       		.uleb128 0x19
 1485 0199 00       		.byte	0
 1486 019a 00       		.byte	0
 1487 019b 00       		.byte	0
 1488              		.section	.debug_loc,"",%progbits
 1489              	.Ldebug_loc0:
 1490              	.LLST0:
 1491 0000 00000000 		.4byte	.LVL2
 1492 0004 13000000 		.4byte	.LVL3-1
 1493 0008 0100     		.2byte	0x1
 1494 000a 50       		.byte	0x50
 1495 000b 13000000 		.4byte	.LVL3-1
 1496 000f 20000000 		.4byte	.LFE120
 1497 0013 0100     		.2byte	0x1
 1498 0015 54       		.byte	0x54
 1499 0016 00000000 		.4byte	0
 1500 001a 00000000 		.4byte	0
 1501              	.LLST1:
 1502 001e 00000000 		.4byte	.LVL2
 1503 0022 13000000 		.4byte	.LVL3-1
 1504 0026 0100     		.2byte	0x1
 1505 0028 51       		.byte	0x51
 1506 0029 13000000 		.4byte	.LVL3-1
 1507 002d 20000000 		.4byte	.LFE120
 1508 0031 0400     		.2byte	0x4
 1509 0033 F3       		.byte	0xf3
 1510 0034 01       		.uleb128 0x1
 1511 0035 51       		.byte	0x51
 1512 0036 9F       		.byte	0x9f
 1513 0037 00000000 		.4byte	0
 1514 003b 00000000 		.4byte	0
 1515              	.LLST2:
 1516 003f 00000000 		.4byte	.LVL4
 1517 0043 0D000000 		.4byte	.LVL5-1
 1518 0047 0100     		.2byte	0x1
 1519 0049 50       		.byte	0x50
 1520 004a 0D000000 		.4byte	.LVL5-1
 1521 004e 1A000000 		.4byte	.LFE121
 1522 0052 0100     		.2byte	0x1
 1523 0054 54       		.byte	0x54
 1524 0055 00000000 		.4byte	0
 1525 0059 00000000 		.4byte	0
 1526              	.LLST3:
 1527 005d 00000000 		.4byte	.LVL7
 1528 0061 0B000000 		.4byte	.LVL8-1
 1529 0065 0100     		.2byte	0x1
 1530 0067 50       		.byte	0x50
ARM GAS  /tmp/ccEAGhtS.s 			page 28


 1531 0068 0B000000 		.4byte	.LVL8-1
 1532 006c 14000000 		.4byte	.LFE123
 1533 0070 0400     		.2byte	0x4
 1534 0072 F3       		.byte	0xf3
 1535 0073 01       		.uleb128 0x1
 1536 0074 50       		.byte	0x50
 1537 0075 9F       		.byte	0x9f
 1538 0076 00000000 		.4byte	0
 1539 007a 00000000 		.4byte	0
 1540              	.LLST4:
 1541 007e 00000000 		.4byte	.LVL7
 1542 0082 0B000000 		.4byte	.LVL8-1
 1543 0086 0100     		.2byte	0x1
 1544 0088 51       		.byte	0x51
 1545 0089 0B000000 		.4byte	.LVL8-1
 1546 008d 14000000 		.4byte	.LFE123
 1547 0091 0400     		.2byte	0x4
 1548 0093 F3       		.byte	0xf3
 1549 0094 01       		.uleb128 0x1
 1550 0095 51       		.byte	0x51
 1551 0096 9F       		.byte	0x9f
 1552 0097 00000000 		.4byte	0
 1553 009b 00000000 		.4byte	0
 1554              	.LLST5:
 1555 009f 00000000 		.4byte	.LVL7
 1556 00a3 0B000000 		.4byte	.LVL8-1
 1557 00a7 0100     		.2byte	0x1
 1558 00a9 52       		.byte	0x52
 1559 00aa 0B000000 		.4byte	.LVL8-1
 1560 00ae 14000000 		.4byte	.LFE123
 1561 00b2 0400     		.2byte	0x4
 1562 00b4 F3       		.byte	0xf3
 1563 00b5 01       		.uleb128 0x1
 1564 00b6 52       		.byte	0x52
 1565 00b7 9F       		.byte	0x9f
 1566 00b8 00000000 		.4byte	0
 1567 00bc 00000000 		.4byte	0
 1568              	.LLST6:
 1569 00c0 00000000 		.4byte	.LVL9
 1570 00c4 0B000000 		.4byte	.LVL10-1
 1571 00c8 0100     		.2byte	0x1
 1572 00ca 50       		.byte	0x50
 1573 00cb 0B000000 		.4byte	.LVL10-1
 1574 00cf 14000000 		.4byte	.LFE124
 1575 00d3 0400     		.2byte	0x4
 1576 00d5 F3       		.byte	0xf3
 1577 00d6 01       		.uleb128 0x1
 1578 00d7 50       		.byte	0x50
 1579 00d8 9F       		.byte	0x9f
 1580 00d9 00000000 		.4byte	0
 1581 00dd 00000000 		.4byte	0
 1582              	.LLST7:
 1583 00e1 00000000 		.4byte	.LVL9
 1584 00e5 0B000000 		.4byte	.LVL10-1
 1585 00e9 0100     		.2byte	0x1
 1586 00eb 51       		.byte	0x51
 1587 00ec 0B000000 		.4byte	.LVL10-1
ARM GAS  /tmp/ccEAGhtS.s 			page 29


 1588 00f0 14000000 		.4byte	.LFE124
 1589 00f4 0400     		.2byte	0x4
 1590 00f6 F3       		.byte	0xf3
 1591 00f7 01       		.uleb128 0x1
 1592 00f8 51       		.byte	0x51
 1593 00f9 9F       		.byte	0x9f
 1594 00fa 00000000 		.4byte	0
 1595 00fe 00000000 		.4byte	0
 1596              		.section	.debug_aranges,"",%progbits
 1597 0000 4C000000 		.4byte	0x4c
 1598 0004 0200     		.2byte	0x2
 1599 0006 00000000 		.4byte	.Ldebug_info0
 1600 000a 04       		.byte	0x4
 1601 000b 00       		.byte	0
 1602 000c 0000     		.2byte	0
 1603 000e 0000     		.2byte	0
 1604 0010 00000000 		.4byte	.LFB118
 1605 0014 04000000 		.4byte	.LFE118-.LFB118
 1606 0018 00000000 		.4byte	.LFB119
 1607 001c 0A000000 		.4byte	.LFE119-.LFB119
 1608 0020 00000000 		.4byte	.LFB120
 1609 0024 20000000 		.4byte	.LFE120-.LFB120
 1610 0028 00000000 		.4byte	.LFB121
 1611 002c 1A000000 		.4byte	.LFE121-.LFB121
 1612 0030 00000000 		.4byte	.LFB122
 1613 0034 18000000 		.4byte	.LFE122-.LFB122
 1614 0038 00000000 		.4byte	.LFB123
 1615 003c 14000000 		.4byte	.LFE123-.LFB123
 1616 0040 00000000 		.4byte	.LFB124
 1617 0044 14000000 		.4byte	.LFE124-.LFB124
 1618 0048 00000000 		.4byte	0
 1619 004c 00000000 		.4byte	0
 1620              		.section	.debug_ranges,"",%progbits
 1621              	.Ldebug_ranges0:
 1622 0000 02000000 		.4byte	.LBB2
 1623 0004 04000000 		.4byte	.LBE2
 1624 0008 06000000 		.4byte	.LBB3
 1625 000c 0A000000 		.4byte	.LBE3
 1626 0010 00000000 		.4byte	0
 1627 0014 00000000 		.4byte	0
 1628 0018 02000000 		.4byte	.LBB5
 1629 001c 04000000 		.4byte	.LBE5
 1630 0020 06000000 		.4byte	.LBB6
 1631 0024 0A000000 		.4byte	.LBE6
 1632 0028 00000000 		.4byte	0
 1633 002c 00000000 		.4byte	0
 1634 0030 00000000 		.4byte	.LFB118
 1635 0034 04000000 		.4byte	.LFE118
 1636 0038 00000000 		.4byte	.LFB119
 1637 003c 0A000000 		.4byte	.LFE119
 1638 0040 00000000 		.4byte	.LFB120
 1639 0044 20000000 		.4byte	.LFE120
 1640 0048 00000000 		.4byte	.LFB121
 1641 004c 1A000000 		.4byte	.LFE121
 1642 0050 00000000 		.4byte	.LFB122
 1643 0054 18000000 		.4byte	.LFE122
 1644 0058 00000000 		.4byte	.LFB123
ARM GAS  /tmp/ccEAGhtS.s 			page 30


 1645 005c 14000000 		.4byte	.LFE123
 1646 0060 00000000 		.4byte	.LFB124
 1647 0064 14000000 		.4byte	.LFE124
 1648 0068 00000000 		.4byte	0
 1649 006c 00000000 		.4byte	0
 1650              		.section	.debug_line,"",%progbits
 1651              	.Ldebug_line0:
 1652 0000 F2010000 		.section	.debug_str,"MS",%progbits,1
 1652      02005F01 
 1652      00000201 
 1652      FB0E0D00 
 1652      01010101 
 1653              	.LASF34:
 1654 0000 43434552 		.ascii	"CCER\000"
 1654      00
 1655              	.LASF62:
 1656 0005 70776D5F 		.ascii	"pwm_lld_stop\000"
 1656      6C6C645F 
 1656      73746F70 
 1656      00
 1657              	.LASF36:
 1658 0012 444D4152 		.ascii	"DMAR\000"
 1658      00
 1659              	.LASF25:
 1660 0017 73746174 		.ascii	"state\000"
 1660      6500
 1661              	.LASF33:
 1662 001d 43434D52 		.ascii	"CCMR2\000"
 1662      3200
 1663              	.LASF37:
 1664 0023 43434D52 		.ascii	"CCMR3\000"
 1664      3300
 1665              	.LASF3:
 1666 0029 73686F72 		.ascii	"short int\000"
 1666      7420696E 
 1666      7400
 1667              	.LASF43:
 1668 0033 70776D63 		.ascii	"pwmcnt_t\000"
 1668      6E745F74 
 1668      00
 1669              	.LASF18:
 1670 003c 73697A65 		.ascii	"sizetype\000"
 1670      74797065 
 1670      00
 1671              	.LASF69:
 1672 0045 70776D5F 		.ascii	"pwm_lld_disable_channel\000"
 1672      6C6C645F 
 1672      64697361 
 1672      626C655F 
 1672      6368616E 
 1673              	.LASF42:
 1674 005d 70776D63 		.ascii	"pwmchannel_t\000"
 1674      68616E6E 
 1674      656C5F74 
 1674      00
 1675              	.LASF9:
 1676 006a 5F5F7569 		.ascii	"__uint32_t\000"
ARM GAS  /tmp/ccEAGhtS.s 			page 31


 1676      6E743332 
 1676      5F7400
 1677              	.LASF44:
 1678 0075 6D6F6465 		.ascii	"mode\000"
 1678      00
 1679              	.LASF5:
 1680 007a 5F5F7569 		.ascii	"__uint16_t\000"
 1680      6E743136 
 1680      5F7400
 1681              	.LASF48:
 1682 0085 6368616E 		.ascii	"channels\000"
 1682      6E656C73 
 1682      00
 1683              	.LASF26:
 1684 008e 636F6E66 		.ascii	"config\000"
 1684      696700
 1685              	.LASF52:
 1686 0095 70776D4F 		.ascii	"pwmObjectInit\000"
 1686      626A6563 
 1686      74496E69 
 1686      7400
 1687              	.LASF13:
 1688 00a3 75696E74 		.ascii	"uint8_t\000"
 1688      385F7400 
 1689              	.LASF57:
 1690 00ab 70776D45 		.ascii	"pwmEnableChannel\000"
 1690      6E61626C 
 1690      65436861 
 1690      6E6E656C 
 1690      00
 1691              	.LASF59:
 1692 00bc 77696474 		.ascii	"width\000"
 1692      6800
 1693              	.LASF53:
 1694 00c2 70776D53 		.ascii	"pwmStart\000"
 1694      74617274 
 1694      00
 1695              	.LASF11:
 1696 00cb 6C6F6E67 		.ascii	"long long int\000"
 1696      206C6F6E 
 1696      6720696E 
 1696      7400
 1697              	.LASF8:
 1698 00d9 6C6F6E67 		.ascii	"long int\000"
 1698      20696E74 
 1698      00
 1699              	.LASF51:
 1700 00e2 70776D49 		.ascii	"pwmInit\000"
 1700      6E697400 
 1701              	.LASF38:
 1702 00ea 43435235 		.ascii	"CCR5\000"
 1702      00
 1703              	.LASF39:
 1704 00ef 43435236 		.ascii	"CCR6\000"
 1704      00
 1705              	.LASF27:
 1706 00f4 70657269 		.ascii	"period\000"
ARM GAS  /tmp/ccEAGhtS.s 			page 32


 1706      6F6400
 1707              	.LASF4:
 1708 00fb 5F5F7569 		.ascii	"__uint8_t\000"
 1708      6E74385F 
 1708      7400
 1709              	.LASF32:
 1710 0105 43434D52 		.ascii	"CCMR1\000"
 1710      3100
 1711              	.LASF61:
 1712 010b 70776D5F 		.ascii	"pwm_lld_start\000"
 1712      6C6C645F 
 1712      73746172 
 1712      7400
 1713              	.LASF50:
 1714 0119 50574D43 		.ascii	"PWMConfig\000"
 1714      6F6E6669 
 1714      6700
 1715              	.LASF54:
 1716 0123 70776D70 		.ascii	"pwmp\000"
 1716      00
 1717              	.LASF30:
 1718 0128 534D4352 		.ascii	"SMCR\000"
 1718      00
 1719              	.LASF20:
 1720 012d 50574D5F 		.ascii	"PWM_UNINIT\000"
 1720      554E494E 
 1720      495400
 1721              	.LASF2:
 1722 0138 756E7369 		.ascii	"unsigned char\000"
 1722      676E6564 
 1722      20636861 
 1722      7200
 1723              	.LASF63:
 1724 0146 70776D5F 		.ascii	"pwm_lld_enable_channel\000"
 1724      6C6C645F 
 1724      656E6162 
 1724      6C655F63 
 1724      68616E6E 
 1725              	.LASF60:
 1726 015d 70776D44 		.ascii	"pwmDisableChannel\000"
 1726      69736162 
 1726      6C654368 
 1726      616E6E65 
 1726      6C00
 1727              	.LASF1:
 1728 016f 7369676E 		.ascii	"signed char\000"
 1728      65642063 
 1728      68617200 
 1729              	.LASF12:
 1730 017b 6C6F6E67 		.ascii	"long long unsigned int\000"
 1730      206C6F6E 
 1730      6720756E 
 1730      7369676E 
 1730      65642069 
 1731              	.LASF16:
 1732 0192 75696E74 		.ascii	"uint32_t\000"
 1732      33325F74 
ARM GAS  /tmp/ccEAGhtS.s 			page 33


 1732      00
 1733              	.LASF0:
 1734 019b 756E7369 		.ascii	"unsigned int\000"
 1734      676E6564 
 1734      20696E74 
 1734      00
 1735              	.LASF14:
 1736 01a8 75696E74 		.ascii	"uint16_t\000"
 1736      31365F74 
 1736      00
 1737              	.LASF35:
 1738 01b1 42445452 		.ascii	"BDTR\000"
 1738      00
 1739              	.LASF31:
 1740 01b6 44494552 		.ascii	"DIER\000"
 1740      00
 1741              	.LASF6:
 1742 01bb 73686F72 		.ascii	"short unsigned int\000"
 1742      7420756E 
 1742      7369676E 
 1742      65642069 
 1742      6E7400
 1743              	.LASF64:
 1744 01ce 474E5520 		.ascii	"GNU C 4.8.2 -mcpu=cortex-m4 -mno-thumb-interwork -m"
 1744      4320342E 
 1744      382E3220 
 1744      2D6D6370 
 1744      753D636F 
 1745 0201 7468756D 		.ascii	"thumb -ggdb -O2 -fomit-frame-pointer -falign-functi"
 1745      62202D67 
 1745      67646220 
 1745      2D4F3220 
 1745      2D666F6D 
 1746 0234 6F6E733D 		.ascii	"ons=16 -ffunction-sections -fdata-sections -fno-com"
 1746      3136202D 
 1746      6666756E 
 1746      6374696F 
 1746      6E2D7365 
 1747 0267 6D6F6E00 		.ascii	"mon\000"
 1748              	.LASF68:
 1749 026b 70776D5F 		.ascii	"pwm_lld_init\000"
 1749      6C6C645F 
 1749      696E6974 
 1749      00
 1750              	.LASF19:
 1751 0278 63686172 		.ascii	"char\000"
 1751      00
 1752              	.LASF40:
 1753 027d 73746D33 		.ascii	"stm32_tim_t\000"
 1753      325F7469 
 1753      6D5F7400 
 1754              	.LASF24:
 1755 0289 50574D44 		.ascii	"PWMDriver\000"
 1755      72697665 
 1755      7200
 1756              	.LASF15:
 1757 0293 696E7433 		.ascii	"int32_t\000"
ARM GAS  /tmp/ccEAGhtS.s 			page 34


 1757      325F7400 
 1758              	.LASF17:
 1759 029b 5F426F6F 		.ascii	"_Bool\000"
 1759      6C00
 1760              	.LASF58:
 1761 02a1 6368616E 		.ascii	"channel\000"
 1761      6E656C00 
 1762              	.LASF56:
 1763 02a9 70776D43 		.ascii	"pwmChangePeriod\000"
 1763      68616E67 
 1763      65506572 
 1763      696F6400 
 1764              	.LASF10:
 1765 02b9 6C6F6E67 		.ascii	"long unsigned int\000"
 1765      20756E73 
 1765      69676E65 
 1765      6420696E 
 1765      7400
 1766              	.LASF28:
 1767 02cb 636C6F63 		.ascii	"clock\000"
 1767      6B00
 1768              	.LASF66:
 1769 02d1 2F686F6D 		.ascii	"/home/mo/ARMProjects/STM32F4/ChibiOS/src\000"
 1769      652F6D6F 
 1769      2F41524D 
 1769      50726F6A 
 1769      65637473 
 1770              	.LASF7:
 1771 02fa 5F5F696E 		.ascii	"__int32_t\000"
 1771      7433325F 
 1771      7400
 1772              	.LASF22:
 1773 0304 50574D5F 		.ascii	"PWM_READY\000"
 1773      52454144 
 1773      5900
 1774              	.LASF21:
 1775 030e 50574D5F 		.ascii	"PWM_STOP\000"
 1775      53544F50 
 1775      00
 1776              	.LASF65:
 1777 0317 2E2E2F69 		.ascii	"../include/ChibiOS_2.6.5/os/hal/src/pwm.c\000"
 1777      6E636C75 
 1777      64652F43 
 1777      68696269 
 1777      4F535F32 
 1778              	.LASF49:
 1779 0341 64696572 		.ascii	"dier\000"
 1779      00
 1780              	.LASF55:
 1781 0346 70776D53 		.ascii	"pwmStop\000"
 1781      746F7000 
 1782              	.LASF47:
 1783 034e 66726571 		.ascii	"frequency\000"
 1783      75656E63 
 1783      7900
 1784              	.LASF46:
 1785 0358 50574D43 		.ascii	"PWMChannelConfig\000"
ARM GAS  /tmp/ccEAGhtS.s 			page 35


 1785      68616E6E 
 1785      656C436F 
 1785      6E666967 
 1785      00
 1786              	.LASF41:
 1787 0369 70776D6D 		.ascii	"pwmmode_t\000"
 1787      6F64655F 
 1787      7400
 1788              	.LASF67:
 1789 0373 49544D5F 		.ascii	"ITM_RxBuffer\000"
 1789      52784275 
 1789      66666572 
 1789      00
 1790              	.LASF23:
 1791 0380 70776D73 		.ascii	"pwmstate_t\000"
 1791      74617465 
 1791      5F7400
 1792              	.LASF29:
 1793 038b 70776D63 		.ascii	"pwmcallback_t\000"
 1793      616C6C62 
 1793      61636B5F 
 1793      7400
 1794              	.LASF45:
 1795 0399 63616C6C 		.ascii	"callback\000"
 1795      6261636B 
 1795      00
 1796              		.ident	"GCC: (4.8.2-14ubuntu1+6) 4.8.2"
ARM GAS  /tmp/ccEAGhtS.s 			page 36


DEFINED SYMBOLS
                            *ABS*:0000000000000000 pwm.c
     /tmp/ccEAGhtS.s:19     .text.pwmInit:0000000000000000 $t
     /tmp/ccEAGhtS.s:25     .text.pwmInit:0000000000000000 pwmInit
     /tmp/ccEAGhtS.s:40     .text.pwmObjectInit:0000000000000000 $t
     /tmp/ccEAGhtS.s:46     .text.pwmObjectInit:0000000000000000 pwmObjectInit
     /tmp/ccEAGhtS.s:67     .text.pwmStart:0000000000000000 $t
     /tmp/ccEAGhtS.s:73     .text.pwmStart:0000000000000000 pwmStart
     /tmp/ccEAGhtS.s:122    .text.pwmStop:0000000000000000 $t
     /tmp/ccEAGhtS.s:128    .text.pwmStop:0000000000000000 pwmStop
     /tmp/ccEAGhtS.s:171    .text.pwmChangePeriod:0000000000000000 $t
     /tmp/ccEAGhtS.s:177    .text.pwmChangePeriod:0000000000000000 pwmChangePeriod
     /tmp/ccEAGhtS.s:212    .text.pwmEnableChannel:0000000000000000 $t
     /tmp/ccEAGhtS.s:218    .text.pwmEnableChannel:0000000000000000 pwmEnableChannel
     /tmp/ccEAGhtS.s:253    .text.pwmDisableChannel:0000000000000000 $t
     /tmp/ccEAGhtS.s:259    .text.pwmDisableChannel:0000000000000000 pwmDisableChannel
                     .debug_frame:0000000000000010 $d

UNDEFINED SYMBOLS
pwm_lld_init
pwm_lld_start
pwm_lld_stop
pwm_lld_enable_channel
pwm_lld_disable_channel
