ARM GAS  /tmp/ccfORkmX.s 			page 1


   1              		.syntax unified
   2              		.cpu cortex-m4
   3              		.fpu softvfp
   4              		.eabi_attribute 20, 1
   5              		.eabi_attribute 21, 1
   6              		.eabi_attribute 23, 3
   7              		.eabi_attribute 24, 1
   8              		.eabi_attribute 25, 1
   9              		.eabi_attribute 26, 1
  10              		.eabi_attribute 30, 2
  11              		.eabi_attribute 34, 1
  12              		.eabi_attribute 18, 4
  13              		.thumb
  14              		.file	"chcore.c"
  15              		.text
  16              	.Ltext0:
  17              		.cfi_sections	.debug_frame
  18              		.section	.text.port_halt,"ax",%progbits
  19              		.align	2
  20              		.p2align 4,,15
  21              		.weak	port_halt
  22              		.thumb
  23              		.thumb_func
  24              		.type	port_halt, %function
  25              	port_halt:
  26              	.LFB7:
  27              		.file 1 "../../os/ports/GCC/ARMCMx/chcore.c"
  28              		.loc 1 46 0
  29              		.cfi_startproc
  30              		@ args = 0, pretend = 0, frame = 0
  31              		@ frame_needed = 0, uses_anonymous_args = 0
  32              		@ link register save eliminated.
  33              		.loc 1 48 0
  34              	@ 48 "../../os/ports/GCC/ARMCMx/chcore.c" 1
  35 0000 72B6     		cpsid   i
  36              	@ 0 "" 2
  37              		.thumb
  38              	.L2:
  39 0002 FEE7     		b	.L2
  40              		.cfi_endproc
  41              	.LFE7:
  42              		.size	port_halt, .-port_halt
  43 0004 AFF30080 		.text
  43      AFF30080 
  43      AFF30080 
  44              	.Letext0:
  45              		.section	.debug_info,"",%progbits
  46              	.Ldebug_info0:
  47 0000 8E000000 		.4byte	0x8e
  48 0004 0400     		.2byte	0x4
  49 0006 00000000 		.4byte	.Ldebug_abbrev0
  50 000a 04       		.byte	0x4
  51 000b 01       		.uleb128 0x1
  52 000c 67000000 		.4byte	.LASF12
  53 0010 01       		.byte	0x1
  54 0011 1B000000 		.4byte	.LASF13
  55 0015 20010000 		.4byte	.LASF14
ARM GAS  /tmp/ccfORkmX.s 			page 2


  56 0019 00000000 		.4byte	.Ldebug_ranges0+0
  57 001d 00000000 		.4byte	0
  58 0021 00000000 		.4byte	.Ldebug_line0
  59 0025 02       		.uleb128 0x2
  60 0026 04       		.byte	0x4
  61 0027 05       		.byte	0x5
  62 0028 696E7400 		.ascii	"int\000"
  63 002c 03       		.uleb128 0x3
  64 002d 04       		.byte	0x4
  65 002e 07       		.byte	0x7
  66 002f 0E000000 		.4byte	.LASF0
  67 0033 03       		.uleb128 0x3
  68 0034 01       		.byte	0x1
  69 0035 06       		.byte	0x6
  70 0036 93010000 		.4byte	.LASF1
  71 003a 03       		.uleb128 0x3
  72 003b 01       		.byte	0x1
  73 003c 08       		.byte	0x8
  74 003d 04010000 		.4byte	.LASF2
  75 0041 03       		.uleb128 0x3
  76 0042 02       		.byte	0x2
  77 0043 05       		.byte	0x5
  78 0044 A9010000 		.4byte	.LASF3
  79 0048 03       		.uleb128 0x3
  80 0049 02       		.byte	0x2
  81 004a 07       		.byte	0x7
  82 004b 80010000 		.4byte	.LASF4
  83 004f 03       		.uleb128 0x3
  84 0050 04       		.byte	0x4
  85 0051 05       		.byte	0x5
  86 0052 17010000 		.4byte	.LASF5
  87 0056 03       		.uleb128 0x3
  88 0057 04       		.byte	0x4
  89 0058 07       		.byte	0x7
  90 0059 3E000000 		.4byte	.LASF6
  91 005d 03       		.uleb128 0x3
  92 005e 08       		.byte	0x8
  93 005f 05       		.byte	0x5
  94 0060 00000000 		.4byte	.LASF7
  95 0064 03       		.uleb128 0x3
  96 0065 08       		.byte	0x8
  97 0066 07       		.byte	0x7
  98 0067 50000000 		.4byte	.LASF8
  99 006b 03       		.uleb128 0x3
 100 006c 01       		.byte	0x1
 101 006d 02       		.byte	0x2
 102 006e 7A010000 		.4byte	.LASF9
 103 0072 03       		.uleb128 0x3
 104 0073 04       		.byte	0x4
 105 0074 07       		.byte	0x7
 106 0075 B3010000 		.4byte	.LASF10
 107 0079 03       		.uleb128 0x3
 108 007a 01       		.byte	0x1
 109 007b 08       		.byte	0x8
 110 007c 12010000 		.4byte	.LASF11
 111 0080 04       		.uleb128 0x4
 112 0081 9F010000 		.4byte	.LASF15
ARM GAS  /tmp/ccfORkmX.s 			page 3


 113 0085 01       		.byte	0x1
 114 0086 2E       		.byte	0x2e
 115 0087 00000000 		.4byte	.LFB7
 116 008b 04000000 		.4byte	.LFE7-.LFB7
 117 008f 01       		.uleb128 0x1
 118 0090 9C       		.byte	0x9c
 119 0091 00       		.byte	0
 120              		.section	.debug_abbrev,"",%progbits
 121              	.Ldebug_abbrev0:
 122 0000 01       		.uleb128 0x1
 123 0001 11       		.uleb128 0x11
 124 0002 01       		.byte	0x1
 125 0003 25       		.uleb128 0x25
 126 0004 0E       		.uleb128 0xe
 127 0005 13       		.uleb128 0x13
 128 0006 0B       		.uleb128 0xb
 129 0007 03       		.uleb128 0x3
 130 0008 0E       		.uleb128 0xe
 131 0009 1B       		.uleb128 0x1b
 132 000a 0E       		.uleb128 0xe
 133 000b 55       		.uleb128 0x55
 134 000c 17       		.uleb128 0x17
 135 000d 11       		.uleb128 0x11
 136 000e 01       		.uleb128 0x1
 137 000f 10       		.uleb128 0x10
 138 0010 17       		.uleb128 0x17
 139 0011 00       		.byte	0
 140 0012 00       		.byte	0
 141 0013 02       		.uleb128 0x2
 142 0014 24       		.uleb128 0x24
 143 0015 00       		.byte	0
 144 0016 0B       		.uleb128 0xb
 145 0017 0B       		.uleb128 0xb
 146 0018 3E       		.uleb128 0x3e
 147 0019 0B       		.uleb128 0xb
 148 001a 03       		.uleb128 0x3
 149 001b 08       		.uleb128 0x8
 150 001c 00       		.byte	0
 151 001d 00       		.byte	0
 152 001e 03       		.uleb128 0x3
 153 001f 24       		.uleb128 0x24
 154 0020 00       		.byte	0
 155 0021 0B       		.uleb128 0xb
 156 0022 0B       		.uleb128 0xb
 157 0023 3E       		.uleb128 0x3e
 158 0024 0B       		.uleb128 0xb
 159 0025 03       		.uleb128 0x3
 160 0026 0E       		.uleb128 0xe
 161 0027 00       		.byte	0
 162 0028 00       		.byte	0
 163 0029 04       		.uleb128 0x4
 164 002a 2E       		.uleb128 0x2e
 165 002b 00       		.byte	0
 166 002c 3F       		.uleb128 0x3f
 167 002d 19       		.uleb128 0x19
 168 002e 03       		.uleb128 0x3
 169 002f 0E       		.uleb128 0xe
ARM GAS  /tmp/ccfORkmX.s 			page 4


 170 0030 3A       		.uleb128 0x3a
 171 0031 0B       		.uleb128 0xb
 172 0032 3B       		.uleb128 0x3b
 173 0033 0B       		.uleb128 0xb
 174 0034 27       		.uleb128 0x27
 175 0035 19       		.uleb128 0x19
 176 0036 11       		.uleb128 0x11
 177 0037 01       		.uleb128 0x1
 178 0038 12       		.uleb128 0x12
 179 0039 06       		.uleb128 0x6
 180 003a 40       		.uleb128 0x40
 181 003b 18       		.uleb128 0x18
 182 003c 9742     		.uleb128 0x2117
 183 003e 19       		.uleb128 0x19
 184 003f 00       		.byte	0
 185 0040 00       		.byte	0
 186 0041 00       		.byte	0
 187              		.section	.debug_aranges,"",%progbits
 188 0000 1C000000 		.4byte	0x1c
 189 0004 0200     		.2byte	0x2
 190 0006 00000000 		.4byte	.Ldebug_info0
 191 000a 04       		.byte	0x4
 192 000b 00       		.byte	0
 193 000c 0000     		.2byte	0
 194 000e 0000     		.2byte	0
 195 0010 00000000 		.4byte	.LFB7
 196 0014 04000000 		.4byte	.LFE7-.LFB7
 197 0018 00000000 		.4byte	0
 198 001c 00000000 		.4byte	0
 199              		.section	.debug_ranges,"",%progbits
 200              	.Ldebug_ranges0:
 201 0000 00000000 		.4byte	.LFB7
 202 0004 04000000 		.4byte	.LFE7
 203 0008 00000000 		.4byte	0
 204 000c 00000000 		.4byte	0
 205              		.section	.debug_line,"",%progbits
 206              	.Ldebug_line0:
 207 0000 4F000000 		.section	.debug_str,"MS",%progbits,1
 207      02003900 
 207      00000201 
 207      FB0E0D00 
 207      01010101 
 208              	.LASF7:
 209 0000 6C6F6E67 		.ascii	"long long int\000"
 209      206C6F6E 
 209      6720696E 
 209      7400
 210              	.LASF0:
 211 000e 756E7369 		.ascii	"unsigned int\000"
 211      676E6564 
 211      20696E74 
 211      00
 212              	.LASF13:
 213 001b 2E2E2F2E 		.ascii	"../../os/ports/GCC/ARMCMx/chcore.c\000"
 213      2E2F6F73 
 213      2F706F72 
 213      74732F47 
ARM GAS  /tmp/ccfORkmX.s 			page 5


 213      43432F41 
 214              	.LASF6:
 215 003e 6C6F6E67 		.ascii	"long unsigned int\000"
 215      20756E73 
 215      69676E65 
 215      6420696E 
 215      7400
 216              	.LASF8:
 217 0050 6C6F6E67 		.ascii	"long long unsigned int\000"
 217      206C6F6E 
 217      6720756E 
 217      7369676E 
 217      65642069 
 218              	.LASF12:
 219 0067 474E5520 		.ascii	"GNU C 4.8.2 -mcpu=cortex-m4 -mno-thumb-interwork -m"
 219      4320342E 
 219      382E3220 
 219      2D6D6370 
 219      753D636F 
 220 009a 7468756D 		.ascii	"thumb -ggdb -O2 -fomit-frame-pointer -falign-functi"
 220      62202D67 
 220      67646220 
 220      2D4F3220 
 220      2D666F6D 
 221 00cd 6F6E733D 		.ascii	"ons=16 -ffunction-sections -fdata-sections -fno-com"
 221      3136202D 
 221      6666756E 
 221      6374696F 
 221      6E2D7365 
 222 0100 6D6F6E00 		.ascii	"mon\000"
 223              	.LASF2:
 224 0104 756E7369 		.ascii	"unsigned char\000"
 224      676E6564 
 224      20636861 
 224      7200
 225              	.LASF11:
 226 0112 63686172 		.ascii	"char\000"
 226      00
 227              	.LASF5:
 228 0117 6C6F6E67 		.ascii	"long int\000"
 228      20696E74 
 228      00
 229              	.LASF14:
 230 0120 2F686F6D 		.ascii	"/home/mo/ARMProjects/ChibiOS_Sample/ChibiOS_2.6.5/d"
 230      652F6D6F 
 230      2F41524D 
 230      50726F6A 
 230      65637473 
 231 0153 656D6F73 		.ascii	"emos/ARMCM4-STM32F407-DISCOVERY-EDITED\000"
 231      2F41524D 
 231      434D342D 
 231      53544D33 
 231      32463430 
 232              	.LASF9:
 233 017a 5F426F6F 		.ascii	"_Bool\000"
 233      6C00
 234              	.LASF4:
ARM GAS  /tmp/ccfORkmX.s 			page 6


 235 0180 73686F72 		.ascii	"short unsigned int\000"
 235      7420756E 
 235      7369676E 
 235      65642069 
 235      6E7400
 236              	.LASF1:
 237 0193 7369676E 		.ascii	"signed char\000"
 237      65642063 
 237      68617200 
 238              	.LASF15:
 239 019f 706F7274 		.ascii	"port_halt\000"
 239      5F68616C 
 239      7400
 240              	.LASF3:
 241 01a9 73686F72 		.ascii	"short int\000"
 241      7420696E 
 241      7400
 242              	.LASF10:
 243 01b3 73697A65 		.ascii	"sizetype\000"
 243      74797065 
 243      00
 244              		.ident	"GCC: (4.8.2-14ubuntu1+6) 4.8.2"
ARM GAS  /tmp/ccfORkmX.s 			page 7


DEFINED SYMBOLS
                            *ABS*:0000000000000000 chcore.c
     /tmp/ccfORkmX.s:19     .text.port_halt:0000000000000000 $t
     /tmp/ccfORkmX.s:25     .text.port_halt:0000000000000000 port_halt
                     .debug_frame:0000000000000010 $d

NO UNDEFINED SYMBOLS
