ARM GAS  /tmp/ccN2i5sZ.s 			page 1


   1              		.syntax unified
   2              		.cpu cortex-m4
   3              		.fpu softvfp
   4              		.eabi_attribute 20, 1
   5              		.eabi_attribute 21, 1
   6              		.eabi_attribute 23, 3
   7              		.eabi_attribute 24, 1
   8              		.eabi_attribute 25, 1
   9              		.eabi_attribute 26, 1
  10              		.eabi_attribute 30, 2
  11              		.eabi_attribute 34, 1
  12              		.eabi_attribute 18, 4
  13              		.thumb
  14              		.file	"chmsg.c"
  15              		.text
  16              	.Ltext0:
  17              		.cfi_sections	.debug_frame
  18              		.section	.text.chMsgSend,"ax",%progbits
  19              		.align	2
  20              		.p2align 4,,15
  21              		.global	chMsgSend
  22              		.thumb
  23              		.thumb_func
  24              		.type	chMsgSend, %function
  25              	chMsgSend:
  26              	.LFB7:
  27              		.file 1 "../../os/kernel/src/chmsg.c"
  28              		.loc 1 75 0
  29              		.cfi_startproc
  30              		@ args = 0, pretend = 0, frame = 0
  31              		@ frame_needed = 0, uses_anonymous_args = 0
  32              	.LVL0:
  33 0000 38B5     		push	{r3, r4, r5, lr}
  34              		.cfi_def_cfa_offset 16
  35              		.cfi_offset 3, -16
  36              		.cfi_offset 4, -12
  37              		.cfi_offset 5, -8
  38              		.cfi_offset 14, -4
  39              		.loc 1 76 0
  40 0002 40F20003 		movw	r3, #:lower16:rlist
  41 0006 C0F20003 		movt	r3, #:upper16:rlist
  42 000a 9C69     		ldr	r4, [r3, #24]
  43              	.LVL1:
  44              	.LBB10:
  45              		.loc 1 80 0
  46 000c 2023     		movs	r3, #32
  47              	@ 80 "../../os/kernel/src/chmsg.c" 1
  48 000e 83F31188 		msr     BASEPRI, r3
  49              	@ 0 "" 2
  50              		.thumb
  51              	.LBE10:
  52              		.loc 1 82 0
  53 0012 00F12C02 		add	r2, r0, #44
  54              		.loc 1 84 0
  55 0016 057F     		ldrb	r5, [r0, #28]	@ zero_extendqisi2
  56              		.loc 1 82 0
  57 0018 6262     		str	r2, [r4, #36]
ARM GAS  /tmp/ccN2i5sZ.s 			page 2


  58              	.LVL2:
  59              	.LBB11:
  60              	.LBB12:
  61              		.file 2 "../../os/kernel/include/chinline.h"
  62              		.loc 2 55 0
  63 001a 036B     		ldr	r3, [r0, #48]
  64              	.LBE12:
  65              	.LBE11:
  66              		.loc 1 81 0
  67 001c 6163     		str	r1, [r4, #52]
  68              		.loc 1 84 0
  69 001e 0C2D     		cmp	r5, #12
  70              	.LBB14:
  71              	.LBB13:
  72              		.loc 2 55 0
  73 0020 84E80C00 		stmia	r4, {r2, r3}
  74              		.loc 2 56 0
  75 0024 0463     		str	r4, [r0, #48]
  76 0026 1C60     		str	r4, [r3]
  77              	.LBE13:
  78              	.LBE14:
  79              		.loc 1 84 0
  80 0028 07D0     		beq	.L4
  81              	.LVL3:
  82              	.L2:
  83              		.loc 1 86 0
  84 002a 0A20     		movs	r0, #10
  85 002c FFF7FEFF 		bl	chSchGoSleepS
  86              	.LVL4:
  87              		.loc 1 87 0
  88 0030 606A     		ldr	r0, [r4, #36]
  89              	.LVL5:
  90              	.LBB15:
  91              		.loc 1 88 0
  92 0032 0023     		movs	r3, #0
  93              	@ 88 "../../os/kernel/src/chmsg.c" 1
  94 0034 83F31188 		msr     BASEPRI, r3
  95              	@ 0 "" 2
  96              		.thumb
  97              	.LBE15:
  98              		.loc 1 90 0
  99 0038 38BD     		pop	{r3, r4, r5, pc}
 100              	.LVL6:
 101              	.L4:
 102              		.loc 1 85 0
 103 003a FFF7FEFF 		bl	chSchReadyI
 104              	.LVL7:
 105 003e F4E7     		b	.L2
 106              		.cfi_endproc
 107              	.LFE7:
 108              		.size	chMsgSend, .-chMsgSend
 109              		.section	.text.chMsgWait,"ax",%progbits
 110              		.align	2
 111              		.p2align 4,,15
 112              		.global	chMsgWait
 113              		.thumb
 114              		.thumb_func
ARM GAS  /tmp/ccN2i5sZ.s 			page 3


 115              		.type	chMsgWait, %function
 116              	chMsgWait:
 117              	.LFB8:
 118              		.loc 1 106 0
 119              		.cfi_startproc
 120              		@ args = 0, pretend = 0, frame = 0
 121              		@ frame_needed = 0, uses_anonymous_args = 0
 122 0000 10B5     		push	{r4, lr}
 123              		.cfi_def_cfa_offset 8
 124              		.cfi_offset 4, -8
 125              		.cfi_offset 14, -4
 126              	.LBB16:
 127              		.loc 1 109 0
 128 0002 2023     		movs	r3, #32
 129              	@ 109 "../../os/kernel/src/chmsg.c" 1
 130 0004 83F31188 		msr     BASEPRI, r3
 131              	@ 0 "" 2
 132              		.thumb
 133              	.LBE16:
 134              		.loc 1 110 0
 135 0008 40F20004 		movw	r4, #:lower16:rlist
 136 000c C0F20004 		movt	r4, #:upper16:rlist
 137 0010 A369     		ldr	r3, [r4, #24]
 138 0012 1A46     		mov	r2, r3
 139 0014 52F82C0F 		ldr	r0, [r2, #44]!
 140 0018 9042     		cmp	r0, r2
 141 001a 08D0     		beq	.L7
 142              	.L6:
 143              	.LVL8:
 144              	.LBB17:
 145              	.LBB18:
 146              		.loc 2 62 0
 147 001c 0168     		ldr	r1, [r0]
 148              	.LBE18:
 149              	.LBE17:
 150              		.loc 1 113 0
 151 001e 0B24     		movs	r4, #11
 152              	.LBB20:
 153              	.LBB19:
 154              		.loc 2 62 0
 155 0020 D962     		str	r1, [r3, #44]
 156 0022 4A60     		str	r2, [r1, #4]
 157              	.LBE19:
 158              	.LBE20:
 159              	.LBB21:
 160              		.loc 1 114 0
 161 0024 0023     		movs	r3, #0
 162              	.LBE21:
 163              		.loc 1 113 0
 164 0026 0477     		strb	r4, [r0, #28]
 165              	.LBB22:
 166              		.loc 1 114 0
 167              	@ 114 "../../os/kernel/src/chmsg.c" 1
 168 0028 83F31188 		msr     BASEPRI, r3
 169              	@ 0 "" 2
 170              		.thumb
 171              	.LBE22:
ARM GAS  /tmp/ccN2i5sZ.s 			page 4


 172              		.loc 1 116 0
 173 002c 10BD     		pop	{r4, pc}
 174              	.LVL9:
 175              	.L7:
 176              		.loc 1 111 0
 177 002e 0C20     		movs	r0, #12
 178 0030 FFF7FEFF 		bl	chSchGoSleepS
 179              	.LVL10:
 180 0034 A369     		ldr	r3, [r4, #24]
 181 0036 D86A     		ldr	r0, [r3, #44]
 182 0038 03F12C02 		add	r2, r3, #44
 183 003c EEE7     		b	.L6
 184              		.cfi_endproc
 185              	.LFE8:
 186              		.size	chMsgWait, .-chMsgWait
 187 003e 00BF     		.section	.text.chMsgRelease,"ax",%progbits
 188              		.align	2
 189              		.p2align 4,,15
 190              		.global	chMsgRelease
 191              		.thumb
 192              		.thumb_func
 193              		.type	chMsgRelease, %function
 194              	chMsgRelease:
 195              	.LFB9:
 196              		.loc 1 128 0
 197              		.cfi_startproc
 198              		@ args = 0, pretend = 0, frame = 0
 199              		@ frame_needed = 0, uses_anonymous_args = 0
 200              	.LVL11:
 201 0000 08B5     		push	{r3, lr}
 202              		.cfi_def_cfa_offset 8
 203              		.cfi_offset 3, -8
 204              		.cfi_offset 14, -4
 205              	.LBB23:
 206              		.loc 1 130 0
 207 0002 2023     		movs	r3, #32
 208              	@ 130 "../../os/kernel/src/chmsg.c" 1
 209 0004 83F31188 		msr     BASEPRI, r3
 210              	@ 0 "" 2
 211              		.thumb
 212              	.LBE23:
 213              		.loc 1 133 0
 214 0008 FFF7FEFF 		bl	chSchWakeupS
 215              	.LVL12:
 216              	.LBB24:
 217              		.loc 1 134 0
 218 000c 0023     		movs	r3, #0
 219              	@ 134 "../../os/kernel/src/chmsg.c" 1
 220 000e 83F31188 		msr     BASEPRI, r3
 221              	@ 0 "" 2
 222              		.thumb
 223 0012 08BD     		pop	{r3, pc}
 224              	.LBE24:
 225              		.cfi_endproc
 226              	.LFE9:
 227              		.size	chMsgRelease, .-chMsgRelease
 228 0014 AFF30080 		.text
ARM GAS  /tmp/ccN2i5sZ.s 			page 5


 228      AFF30080 
 228      AFF30080 
 229              	.Letext0:
 230              		.file 3 "/usr/include/newlib/machine/_default_types.h"
 231              		.file 4 "/usr/include/newlib/stdint.h"
 232              		.file 5 "../../os/ports/GCC/ARMCMx/chtypes.h"
 233              		.file 6 "../../os/kernel/include/chlists.h"
 234              		.file 7 "../../os/kernel/include/chthreads.h"
 235              		.file 8 "../../os/ports/GCC/ARMCMx/chcore_v7m.h"
 236              		.file 9 "../../os/kernel/include/chschd.h"
 237              		.file 10 "../../os/kernel/include/chmtx.h"
 238              		.section	.debug_info,"",%progbits
 239              	.Ldebug_info0:
 240 0000 61060000 		.4byte	0x661
 241 0004 0400     		.2byte	0x4
 242 0006 00000000 		.4byte	.Ldebug_abbrev0
 243 000a 04       		.byte	0x4
 244 000b 01       		.uleb128 0x1
 245 000c 24000000 		.4byte	.LASF68
 246 0010 01       		.byte	0x1
 247 0011 A6030000 		.4byte	.LASF69
 248 0015 66020000 		.4byte	.LASF70
 249 0019 48000000 		.4byte	.Ldebug_ranges0+0x48
 250 001d 00000000 		.4byte	0
 251 0021 00000000 		.4byte	.Ldebug_line0
 252 0025 02       		.uleb128 0x2
 253 0026 04       		.byte	0x4
 254 0027 05       		.byte	0x5
 255 0028 696E7400 		.ascii	"int\000"
 256 002c 03       		.uleb128 0x3
 257 002d 04       		.byte	0x4
 258 002e 07       		.byte	0x7
 259 002f 54010000 		.4byte	.LASF0
 260 0033 03       		.uleb128 0x3
 261 0034 01       		.byte	0x1
 262 0035 06       		.byte	0x6
 263 0036 F6000000 		.4byte	.LASF1
 264 003a 04       		.uleb128 0x4
 265 003b 1A000000 		.4byte	.LASF5
 266 003f 03       		.byte	0x3
 267 0040 1C       		.byte	0x1c
 268 0041 45000000 		.4byte	0x45
 269 0045 03       		.uleb128 0x3
 270 0046 01       		.byte	0x1
 271 0047 08       		.byte	0x8
 272 0048 24020000 		.4byte	.LASF2
 273 004c 03       		.uleb128 0x3
 274 004d 02       		.byte	0x2
 275 004e 05       		.byte	0x5
 276 004f 3C020000 		.4byte	.LASF3
 277 0053 03       		.uleb128 0x3
 278 0054 02       		.byte	0x2
 279 0055 07       		.byte	0x7
 280 0056 7B010000 		.4byte	.LASF4
 281 005a 04       		.uleb128 0x4
 282 005b 3F030000 		.4byte	.LASF6
 283 005f 03       		.byte	0x3
ARM GAS  /tmp/ccN2i5sZ.s 			page 6


 284 0060 37       		.byte	0x37
 285 0061 65000000 		.4byte	0x65
 286 0065 03       		.uleb128 0x3
 287 0066 04       		.byte	0x4
 288 0067 05       		.byte	0x5
 289 0068 1C010000 		.4byte	.LASF7
 290 006c 04       		.uleb128 0x4
 291 006d 40010000 		.4byte	.LASF8
 292 0071 03       		.byte	0x3
 293 0072 38       		.byte	0x38
 294 0073 77000000 		.4byte	0x77
 295 0077 03       		.uleb128 0x3
 296 0078 04       		.byte	0x4
 297 0079 07       		.byte	0x7
 298 007a 61010000 		.4byte	.LASF9
 299 007e 03       		.uleb128 0x3
 300 007f 08       		.byte	0x8
 301 0080 05       		.byte	0x5
 302 0081 E8000000 		.4byte	.LASF10
 303 0085 03       		.uleb128 0x3
 304 0086 08       		.byte	0x8
 305 0087 07       		.byte	0x7
 306 0088 C1000000 		.4byte	.LASF11
 307 008c 04       		.uleb128 0x4
 308 008d 90030000 		.4byte	.LASF12
 309 0091 04       		.byte	0x4
 310 0092 2A       		.byte	0x2a
 311 0093 3A000000 		.4byte	0x3a
 312 0097 04       		.uleb128 0x4
 313 0098 1C020000 		.4byte	.LASF13
 314 009c 04       		.byte	0x4
 315 009d 41       		.byte	0x41
 316 009e 5A000000 		.4byte	0x5a
 317 00a2 04       		.uleb128 0x4
 318 00a3 F5020000 		.4byte	.LASF14
 319 00a7 04       		.byte	0x4
 320 00a8 42       		.byte	0x42
 321 00a9 6C000000 		.4byte	0x6c
 322 00ad 03       		.uleb128 0x3
 323 00ae 01       		.byte	0x1
 324 00af 02       		.byte	0x2
 325 00b0 16020000 		.4byte	.LASF15
 326 00b4 04       		.uleb128 0x4
 327 00b5 9C010000 		.4byte	.LASF16
 328 00b9 05       		.byte	0x5
 329 00ba 2C       		.byte	0x2c
 330 00bb 8C000000 		.4byte	0x8c
 331 00bf 04       		.uleb128 0x4
 332 00c0 2F010000 		.4byte	.LASF17
 333 00c4 05       		.byte	0x5
 334 00c5 2D       		.byte	0x2d
 335 00c6 8C000000 		.4byte	0x8c
 336 00ca 04       		.uleb128 0x4
 337 00cb FF010000 		.4byte	.LASF18
 338 00cf 05       		.byte	0x5
 339 00d0 2E       		.byte	0x2e
 340 00d1 8C000000 		.4byte	0x8c
ARM GAS  /tmp/ccN2i5sZ.s 			page 7


 341 00d5 04       		.uleb128 0x4
 342 00d6 12010000 		.4byte	.LASF19
 343 00da 05       		.byte	0x5
 344 00db 2F       		.byte	0x2f
 345 00dc 8C000000 		.4byte	0x8c
 346 00e0 04       		.uleb128 0x4
 347 00e1 0E020000 		.4byte	.LASF20
 348 00e5 05       		.byte	0x5
 349 00e6 30       		.byte	0x30
 350 00e7 A2000000 		.4byte	0xa2
 351 00eb 04       		.uleb128 0x4
 352 00ec 8E010000 		.4byte	.LASF21
 353 00f0 05       		.byte	0x5
 354 00f1 31       		.byte	0x31
 355 00f2 97000000 		.4byte	0x97
 356 00f6 04       		.uleb128 0x4
 357 00f7 B0010000 		.4byte	.LASF22
 358 00fb 05       		.byte	0x5
 359 00fc 33       		.byte	0x33
 360 00fd A2000000 		.4byte	0xa2
 361 0101 04       		.uleb128 0x4
 362 0102 2A030000 		.4byte	.LASF23
 363 0106 05       		.byte	0x5
 364 0107 35       		.byte	0x35
 365 0108 A2000000 		.4byte	0xa2
 366 010c 04       		.uleb128 0x4
 367 010d C8020000 		.4byte	.LASF24
 368 0111 06       		.byte	0x6
 369 0112 2A       		.byte	0x2a
 370 0113 17010000 		.4byte	0x117
 371 0117 05       		.uleb128 0x5
 372 0118 C8020000 		.4byte	.LASF24
 373 011c 48       		.byte	0x48
 374 011d 07       		.byte	0x7
 375 011e 5E       		.byte	0x5e
 376 011f 14020000 		.4byte	0x214
 377 0123 06       		.uleb128 0x6
 378 0124 CB010000 		.4byte	.LASF25
 379 0128 07       		.byte	0x7
 380 0129 5F       		.byte	0x5f
 381 012a 35020000 		.4byte	0x235
 382 012e 00       		.byte	0
 383 012f 06       		.uleb128 0x6
 384 0130 07020000 		.4byte	.LASF26
 385 0134 07       		.byte	0x7
 386 0135 61       		.byte	0x61
 387 0136 35020000 		.4byte	0x235
 388 013a 04       		.byte	0x4
 389 013b 06       		.uleb128 0x6
 390 013c E1000000 		.4byte	.LASF27
 391 0140 07       		.byte	0x7
 392 0141 63       		.byte	0x63
 393 0142 E0000000 		.4byte	0xe0
 394 0146 08       		.byte	0x8
 395 0147 06       		.uleb128 0x6
 396 0148 CA030000 		.4byte	.LASF28
 397 014c 07       		.byte	0x7
ARM GAS  /tmp/ccN2i5sZ.s 			page 8


 398 014d 64       		.byte	0x64
 399 014e EF020000 		.4byte	0x2ef
 400 0152 0C       		.byte	0xc
 401 0153 06       		.uleb128 0x6
 402 0154 38010000 		.4byte	.LASF29
 403 0158 07       		.byte	0x7
 404 0159 66       		.byte	0x66
 405 015a 35020000 		.4byte	0x235
 406 015e 10       		.byte	0x10
 407 015f 06       		.uleb128 0x6
 408 0160 D2010000 		.4byte	.LASF30
 409 0164 07       		.byte	0x7
 410 0165 67       		.byte	0x67
 411 0166 35020000 		.4byte	0x235
 412 016a 14       		.byte	0x14
 413 016b 06       		.uleb128 0x6
 414 016c 9F030000 		.4byte	.LASF31
 415 0170 07       		.byte	0x7
 416 0171 6E       		.byte	0x6e
 417 0172 EF030000 		.4byte	0x3ef
 418 0176 18       		.byte	0x18
 419 0177 06       		.uleb128 0x6
 420 0178 46020000 		.4byte	.LASF32
 421 017c 07       		.byte	0x7
 422 017d 79       		.byte	0x79
 423 017e BF000000 		.4byte	0xbf
 424 0182 1C       		.byte	0x1c
 425 0183 06       		.uleb128 0x6
 426 0184 C0020000 		.4byte	.LASF33
 427 0188 07       		.byte	0x7
 428 0189 7D       		.byte	0x7d
 429 018a B4000000 		.4byte	0xb4
 430 018e 1D       		.byte	0x1d
 431 018f 06       		.uleb128 0x6
 432 0190 79030000 		.4byte	.LASF34
 433 0194 07       		.byte	0x7
 434 0195 82       		.byte	0x82
 435 0196 CA000000 		.4byte	0xca
 436 019a 1E       		.byte	0x1e
 437 019b 06       		.uleb128 0x6
 438 019c 4E020000 		.4byte	.LASF35
 439 01a0 07       		.byte	0x7
 440 01a1 88       		.byte	0x88
 441 01a2 D5000000 		.4byte	0xd5
 442 01a6 1F       		.byte	0x1f
 443 01a7 06       		.uleb128 0x6
 444 01a8 49030000 		.4byte	.LASF36
 445 01ac 07       		.byte	0x7
 446 01ad 8F       		.byte	0x8f
 447 01ae 17030000 		.4byte	0x317
 448 01b2 20       		.byte	0x20
 449 01b3 07       		.uleb128 0x7
 450 01b4 705F7500 		.ascii	"p_u\000"
 451 01b8 07       		.byte	0x7
 452 01b9 B4       		.byte	0xb4
 453 01ba BA030000 		.4byte	0x3ba
 454 01be 24       		.byte	0x24
ARM GAS  /tmp/ccN2i5sZ.s 			page 9


 455 01bf 06       		.uleb128 0x6
 456 01c0 D0030000 		.4byte	.LASF37
 457 01c4 07       		.byte	0x7
 458 01c5 B9       		.byte	0xb9
 459 01c6 5B020000 		.4byte	0x25b
 460 01ca 28       		.byte	0x28
 461 01cb 06       		.uleb128 0x6
 462 01cc 57030000 		.4byte	.LASF38
 463 01d0 07       		.byte	0x7
 464 01d1 BF       		.byte	0xbf
 465 01d2 3B020000 		.4byte	0x23b
 466 01d6 2C       		.byte	0x2c
 467 01d7 06       		.uleb128 0x6
 468 01d8 00000000 		.4byte	.LASF39
 469 01dc 07       		.byte	0x7
 470 01dd C3       		.byte	0xc3
 471 01de EB000000 		.4byte	0xeb
 472 01e2 34       		.byte	0x34
 473 01e3 06       		.uleb128 0x6
 474 01e4 EA020000 		.4byte	.LASF40
 475 01e8 07       		.byte	0x7
 476 01e9 C9       		.byte	0xc9
 477 01ea F6000000 		.4byte	0xf6
 478 01ee 38       		.byte	0x38
 479 01ef 06       		.uleb128 0x6
 480 01f0 32020000 		.4byte	.LASF41
 481 01f4 07       		.byte	0x7
 482 01f5 D0       		.byte	0xd0
 483 01f6 01040000 		.4byte	0x401
 484 01fa 3C       		.byte	0x3c
 485 01fb 06       		.uleb128 0x6
 486 01fc 34030000 		.4byte	.LASF42
 487 0200 07       		.byte	0x7
 488 0201 D4       		.byte	0xd4
 489 0202 E0000000 		.4byte	0xe0
 490 0206 40       		.byte	0x40
 491 0207 06       		.uleb128 0x6
 492 0208 02010000 		.4byte	.LASF43
 493 020c 07       		.byte	0x7
 494 020d DA       		.byte	0xda
 495 020e 71020000 		.4byte	0x271
 496 0212 44       		.byte	0x44
 497 0213 00       		.byte	0
 498 0214 08       		.uleb128 0x8
 499 0215 08       		.byte	0x8
 500 0216 06       		.byte	0x6
 501 0217 61       		.byte	0x61
 502 0218 35020000 		.4byte	0x235
 503 021c 06       		.uleb128 0x6
 504 021d CB010000 		.4byte	.LASF25
 505 0221 06       		.byte	0x6
 506 0222 62       		.byte	0x62
 507 0223 35020000 		.4byte	0x235
 508 0227 00       		.byte	0
 509 0228 06       		.uleb128 0x6
 510 0229 07020000 		.4byte	.LASF26
 511 022d 06       		.byte	0x6
ARM GAS  /tmp/ccN2i5sZ.s 			page 10


 512 022e 64       		.byte	0x64
 513 022f 35020000 		.4byte	0x235
 514 0233 04       		.byte	0x4
 515 0234 00       		.byte	0
 516 0235 09       		.uleb128 0x9
 517 0236 04       		.byte	0x4
 518 0237 0C010000 		.4byte	0x10c
 519 023b 04       		.uleb128 0x4
 520 023c E0010000 		.4byte	.LASF44
 521 0240 06       		.byte	0x6
 522 0241 66       		.byte	0x66
 523 0242 14020000 		.4byte	0x214
 524 0246 08       		.uleb128 0x8
 525 0247 04       		.byte	0x4
 526 0248 06       		.byte	0x6
 527 0249 6B       		.byte	0x6b
 528 024a 5B020000 		.4byte	0x25b
 529 024e 06       		.uleb128 0x6
 530 024f CB010000 		.4byte	.LASF25
 531 0253 06       		.byte	0x6
 532 0254 6D       		.byte	0x6d
 533 0255 35020000 		.4byte	0x235
 534 0259 00       		.byte	0
 535 025a 00       		.byte	0
 536 025b 04       		.uleb128 0x4
 537 025c A4010000 		.4byte	.LASF45
 538 0260 06       		.byte	0x6
 539 0261 70       		.byte	0x70
 540 0262 46020000 		.4byte	0x246
 541 0266 04       		.uleb128 0x4
 542 0267 4B010000 		.4byte	.LASF46
 543 026b 08       		.byte	0x8
 544 026c E5       		.byte	0xe5
 545 026d 71020000 		.4byte	0x271
 546 0271 0A       		.uleb128 0xa
 547 0272 04       		.byte	0x4
 548 0273 0B       		.uleb128 0xb
 549 0274 50030000 		.4byte	.LASF47
 550 0278 24       		.byte	0x24
 551 0279 08       		.byte	0x8
 552 027a 0C01     		.2byte	0x10c
 553 027c EF020000 		.4byte	0x2ef
 554 0280 0C       		.uleb128 0xc
 555 0281 723400   		.ascii	"r4\000"
 556 0284 08       		.byte	0x8
 557 0285 1F01     		.2byte	0x11f
 558 0287 66020000 		.4byte	0x266
 559 028b 00       		.byte	0
 560 028c 0C       		.uleb128 0xc
 561 028d 723500   		.ascii	"r5\000"
 562 0290 08       		.byte	0x8
 563 0291 2001     		.2byte	0x120
 564 0293 66020000 		.4byte	0x266
 565 0297 04       		.byte	0x4
 566 0298 0C       		.uleb128 0xc
 567 0299 723600   		.ascii	"r6\000"
 568 029c 08       		.byte	0x8
ARM GAS  /tmp/ccN2i5sZ.s 			page 11


 569 029d 2101     		.2byte	0x121
 570 029f 66020000 		.4byte	0x266
 571 02a3 08       		.byte	0x8
 572 02a4 0C       		.uleb128 0xc
 573 02a5 723700   		.ascii	"r7\000"
 574 02a8 08       		.byte	0x8
 575 02a9 2201     		.2byte	0x122
 576 02ab 66020000 		.4byte	0x266
 577 02af 0C       		.byte	0xc
 578 02b0 0C       		.uleb128 0xc
 579 02b1 723800   		.ascii	"r8\000"
 580 02b4 08       		.byte	0x8
 581 02b5 2301     		.2byte	0x123
 582 02b7 66020000 		.4byte	0x266
 583 02bb 10       		.byte	0x10
 584 02bc 0C       		.uleb128 0xc
 585 02bd 723900   		.ascii	"r9\000"
 586 02c0 08       		.byte	0x8
 587 02c1 2401     		.2byte	0x124
 588 02c3 66020000 		.4byte	0x266
 589 02c7 14       		.byte	0x14
 590 02c8 0C       		.uleb128 0xc
 591 02c9 72313000 		.ascii	"r10\000"
 592 02cd 08       		.byte	0x8
 593 02ce 2501     		.2byte	0x125
 594 02d0 66020000 		.4byte	0x266
 595 02d4 18       		.byte	0x18
 596 02d5 0C       		.uleb128 0xc
 597 02d6 72313100 		.ascii	"r11\000"
 598 02da 08       		.byte	0x8
 599 02db 2601     		.2byte	0x126
 600 02dd 66020000 		.4byte	0x266
 601 02e1 1C       		.byte	0x1c
 602 02e2 0C       		.uleb128 0xc
 603 02e3 6C7200   		.ascii	"lr\000"
 604 02e6 08       		.byte	0x8
 605 02e7 2701     		.2byte	0x127
 606 02e9 66020000 		.4byte	0x266
 607 02ed 20       		.byte	0x20
 608 02ee 00       		.byte	0
 609 02ef 0B       		.uleb128 0xb
 610 02f0 73010000 		.4byte	.LASF48
 611 02f4 04       		.byte	0x4
 612 02f5 08       		.byte	0x8
 613 02f6 3101     		.2byte	0x131
 614 02f8 0A030000 		.4byte	0x30a
 615 02fc 0C       		.uleb128 0xc
 616 02fd 72313300 		.ascii	"r13\000"
 617 0301 08       		.byte	0x8
 618 0302 3201     		.2byte	0x132
 619 0304 0A030000 		.4byte	0x30a
 620 0308 00       		.byte	0
 621 0309 00       		.byte	0
 622 030a 09       		.uleb128 0x9
 623 030b 04       		.byte	0x4
 624 030c 73020000 		.4byte	0x273
 625 0310 03       		.uleb128 0x3
ARM GAS  /tmp/ccN2i5sZ.s 			page 12


 626 0311 04       		.byte	0x4
 627 0312 07       		.byte	0x7
 628 0313 C2010000 		.4byte	.LASF49
 629 0317 0D       		.uleb128 0xd
 630 0318 01010000 		.4byte	0x101
 631 031c 08       		.uleb128 0x8
 632 031d 1C       		.byte	0x1c
 633 031e 09       		.byte	0x9
 634 031f 5E       		.byte	0x5e
 635 0320 6D030000 		.4byte	0x36d
 636 0324 06       		.uleb128 0x6
 637 0325 FE020000 		.4byte	.LASF50
 638 0329 09       		.byte	0x9
 639 032a 5F       		.byte	0x5f
 640 032b 3B020000 		.4byte	0x23b
 641 032f 00       		.byte	0
 642 0330 06       		.uleb128 0x6
 643 0331 58020000 		.4byte	.LASF51
 644 0335 09       		.byte	0x9
 645 0336 60       		.byte	0x60
 646 0337 E0000000 		.4byte	0xe0
 647 033b 08       		.byte	0x8
 648 033c 06       		.uleb128 0x6
 649 033d DA010000 		.4byte	.LASF52
 650 0341 09       		.byte	0x9
 651 0342 62       		.byte	0x62
 652 0343 EF020000 		.4byte	0x2ef
 653 0347 0C       		.byte	0xc
 654 0348 06       		.uleb128 0x6
 655 0349 94010000 		.4byte	.LASF53
 656 034d 09       		.byte	0x9
 657 034e 65       		.byte	0x65
 658 034f 35020000 		.4byte	0x235
 659 0353 10       		.byte	0x10
 660 0354 06       		.uleb128 0x6
 661 0355 F7010000 		.4byte	.LASF54
 662 0359 09       		.byte	0x9
 663 035a 66       		.byte	0x66
 664 035b 35020000 		.4byte	0x235
 665 035f 14       		.byte	0x14
 666 0360 06       		.uleb128 0x6
 667 0361 ED010000 		.4byte	.LASF55
 668 0365 09       		.byte	0x9
 669 0366 69       		.byte	0x69
 670 0367 35020000 		.4byte	0x235
 671 036b 18       		.byte	0x18
 672 036c 00       		.byte	0
 673 036d 04       		.uleb128 0x4
 674 036e 80030000 		.4byte	.LASF56
 675 0372 09       		.byte	0x9
 676 0373 6B       		.byte	0x6b
 677 0374 1C030000 		.4byte	0x31c
 678 0378 05       		.uleb128 0x5
 679 0379 BC010000 		.4byte	.LASF57
 680 037d 10       		.byte	0x10
 681 037e 0A       		.byte	0xa
 682 037f 2C       		.byte	0x2c
ARM GAS  /tmp/ccN2i5sZ.s 			page 13


 683 0380 A9030000 		.4byte	0x3a9
 684 0384 06       		.uleb128 0x6
 685 0385 0A010000 		.4byte	.LASF58
 686 0389 0A       		.byte	0xa
 687 038a 2D       		.byte	0x2d
 688 038b 3B020000 		.4byte	0x23b
 689 038f 00       		.byte	0
 690 0390 06       		.uleb128 0x6
 691 0391 C2030000 		.4byte	.LASF59
 692 0395 0A       		.byte	0xa
 693 0396 2F       		.byte	0x2f
 694 0397 35020000 		.4byte	0x235
 695 039b 08       		.byte	0x8
 696 039c 06       		.uleb128 0x6
 697 039d 23030000 		.4byte	.LASF60
 698 03a1 0A       		.byte	0xa
 699 03a2 31       		.byte	0x31
 700 03a3 A9030000 		.4byte	0x3a9
 701 03a7 0C       		.byte	0xc
 702 03a8 00       		.byte	0
 703 03a9 09       		.uleb128 0x9
 704 03aa 04       		.byte	0x4
 705 03ab 78030000 		.4byte	0x378
 706 03af 04       		.uleb128 0x4
 707 03b0 BC010000 		.4byte	.LASF57
 708 03b4 0A       		.byte	0xa
 709 03b5 33       		.byte	0x33
 710 03b6 78030000 		.4byte	0x378
 711 03ba 0E       		.uleb128 0xe
 712 03bb 04       		.byte	0x4
 713 03bc 07       		.byte	0x7
 714 03bd 96       		.byte	0x96
 715 03be EF030000 		.4byte	0x3ef
 716 03c2 0F       		.uleb128 0xf
 717 03c3 13000000 		.4byte	.LASF61
 718 03c7 07       		.byte	0x7
 719 03c8 9D       		.byte	0x9d
 720 03c9 EB000000 		.4byte	0xeb
 721 03cd 0F       		.uleb128 0xf
 722 03ce D8000000 		.4byte	.LASF62
 723 03d2 07       		.byte	0x7
 724 03d3 A4       		.byte	0xa4
 725 03d4 EB000000 		.4byte	0xeb
 726 03d8 0F       		.uleb128 0xf
 727 03d9 98030000 		.4byte	.LASF63
 728 03dd 07       		.byte	0x7
 729 03de AB       		.byte	0xab
 730 03df 71020000 		.4byte	0x271
 731 03e3 0F       		.uleb128 0xf
 732 03e4 5F020000 		.4byte	.LASF64
 733 03e8 07       		.byte	0x7
 734 03e9 B2       		.byte	0xb2
 735 03ea F6000000 		.4byte	0xf6
 736 03ee 00       		.byte	0
 737 03ef 09       		.uleb128 0x9
 738 03f0 04       		.byte	0x4
 739 03f1 F5030000 		.4byte	0x3f5
ARM GAS  /tmp/ccN2i5sZ.s 			page 14


 740 03f5 10       		.uleb128 0x10
 741 03f6 FA030000 		.4byte	0x3fa
 742 03fa 03       		.uleb128 0x3
 743 03fb 01       		.byte	0x1
 744 03fc 08       		.byte	0x8
 745 03fd 12030000 		.4byte	.LASF65
 746 0401 09       		.uleb128 0x9
 747 0402 04       		.byte	0x4
 748 0403 AF030000 		.4byte	0x3af
 749 0407 11       		.uleb128 0x11
 750 0408 06000000 		.4byte	.LASF71
 751 040c 02       		.byte	0x2
 752 040d 34       		.byte	0x34
 753 040e 03       		.byte	0x3
 754 040f 29040000 		.4byte	0x429
 755 0413 12       		.uleb128 0x12
 756 0414 747000   		.ascii	"tp\000"
 757 0417 02       		.byte	0x2
 758 0418 34       		.byte	0x34
 759 0419 35020000 		.4byte	0x235
 760 041d 12       		.uleb128 0x12
 761 041e 74717000 		.ascii	"tqp\000"
 762 0422 02       		.byte	0x2
 763 0423 34       		.byte	0x34
 764 0424 29040000 		.4byte	0x429
 765 0428 00       		.byte	0
 766 0429 09       		.uleb128 0x9
 767 042a 04       		.byte	0x4
 768 042b 3B020000 		.4byte	0x23b
 769 042f 13       		.uleb128 0x13
 770 0430 17030000 		.4byte	.LASF72
 771 0434 02       		.byte	0x2
 772 0435 3B       		.byte	0x3b
 773 0436 35020000 		.4byte	0x235
 774 043a 03       		.byte	0x3
 775 043b 55040000 		.4byte	0x455
 776 043f 12       		.uleb128 0x12
 777 0440 74717000 		.ascii	"tqp\000"
 778 0444 02       		.byte	0x2
 779 0445 3B       		.byte	0x3b
 780 0446 29040000 		.4byte	0x429
 781 044a 14       		.uleb128 0x14
 782 044b 747000   		.ascii	"tp\000"
 783 044e 02       		.byte	0x2
 784 044f 3C       		.byte	0x3c
 785 0450 35020000 		.4byte	0x235
 786 0454 00       		.byte	0
 787 0455 15       		.uleb128 0x15
 788 0456 25010000 		.4byte	.LASF66
 789 045a 01       		.byte	0x1
 790 045b 4B       		.byte	0x4b
 791 045c EB000000 		.4byte	0xeb
 792 0460 00000000 		.4byte	.LFB7
 793 0464 40000000 		.4byte	.LFE7-.LFB7
 794 0468 01       		.uleb128 0x1
 795 0469 9C       		.byte	0x9c
 796 046a 0F050000 		.4byte	0x50f
ARM GAS  /tmp/ccN2i5sZ.s 			page 15


 797 046e 16       		.uleb128 0x16
 798 046f 747000   		.ascii	"tp\000"
 799 0472 01       		.byte	0x1
 800 0473 4B       		.byte	0x4b
 801 0474 35020000 		.4byte	0x235
 802 0478 00000000 		.4byte	.LLST0
 803 047c 16       		.uleb128 0x16
 804 047d 6D736700 		.ascii	"msg\000"
 805 0481 01       		.byte	0x1
 806 0482 4B       		.byte	0x4b
 807 0483 EB000000 		.4byte	0xeb
 808 0487 3A000000 		.4byte	.LLST1
 809 048b 17       		.uleb128 0x17
 810 048c 63747000 		.ascii	"ctp\000"
 811 0490 01       		.byte	0x1
 812 0491 4C       		.byte	0x4c
 813 0492 35020000 		.4byte	0x235
 814 0496 01       		.uleb128 0x1
 815 0497 54       		.byte	0x54
 816 0498 18       		.uleb128 0x18
 817 0499 0C000000 		.4byte	.LBB10
 818 049d 06000000 		.4byte	.LBE10-.LBB10
 819 04a1 B3040000 		.4byte	0x4b3
 820 04a5 17       		.uleb128 0x17
 821 04a6 746D7000 		.ascii	"tmp\000"
 822 04aa 01       		.byte	0x1
 823 04ab 50       		.byte	0x50
 824 04ac A2000000 		.4byte	0xa2
 825 04b0 01       		.uleb128 0x1
 826 04b1 53       		.byte	0x53
 827 04b2 00       		.byte	0
 828 04b3 19       		.uleb128 0x19
 829 04b4 07040000 		.4byte	0x407
 830 04b8 1A000000 		.4byte	.LBB11
 831 04bc 00000000 		.4byte	.Ldebug_ranges0+0
 832 04c0 01       		.byte	0x1
 833 04c1 53       		.byte	0x53
 834 04c2 D7040000 		.4byte	0x4d7
 835 04c6 1A       		.uleb128 0x1a
 836 04c7 1D040000 		.4byte	0x41d
 837 04cb 7F000000 		.4byte	.LLST2
 838 04cf 1B       		.uleb128 0x1b
 839 04d0 13040000 		.4byte	0x413
 840 04d4 01       		.uleb128 0x1
 841 04d5 54       		.byte	0x54
 842 04d6 00       		.byte	0
 843 04d7 18       		.uleb128 0x18
 844 04d8 32000000 		.4byte	.LBB15
 845 04dc 06000000 		.4byte	.LBE15-.LBB15
 846 04e0 F2040000 		.4byte	0x4f2
 847 04e4 17       		.uleb128 0x17
 848 04e5 746D7000 		.ascii	"tmp\000"
 849 04e9 01       		.byte	0x1
 850 04ea 58       		.byte	0x58
 851 04eb A2000000 		.4byte	0xa2
 852 04ef 01       		.uleb128 0x1
 853 04f0 53       		.byte	0x53
ARM GAS  /tmp/ccN2i5sZ.s 			page 16


 854 04f1 00       		.byte	0
 855 04f2 1C       		.uleb128 0x1c
 856 04f3 30000000 		.4byte	.LVL4
 857 04f7 2C060000 		.4byte	0x62c
 858 04fb 05050000 		.4byte	0x505
 859 04ff 1D       		.uleb128 0x1d
 860 0500 01       		.uleb128 0x1
 861 0501 50       		.byte	0x50
 862 0502 01       		.uleb128 0x1
 863 0503 3A       		.byte	0x3a
 864 0504 00       		.byte	0
 865 0505 1E       		.uleb128 0x1e
 866 0506 3E000000 		.4byte	.LVL7
 867 050a 3D060000 		.4byte	0x63d
 868 050e 00       		.byte	0
 869 050f 15       		.uleb128 0x15
 870 0510 6F030000 		.4byte	.LASF67
 871 0514 01       		.byte	0x1
 872 0515 6A       		.byte	0x6a
 873 0516 35020000 		.4byte	0x235
 874 051a 00000000 		.4byte	.LFB8
 875 051e 3E000000 		.4byte	.LFE8-.LFB8
 876 0522 01       		.uleb128 0x1
 877 0523 9C       		.byte	0x9c
 878 0524 A0050000 		.4byte	0x5a0
 879 0528 14       		.uleb128 0x14
 880 0529 747000   		.ascii	"tp\000"
 881 052c 01       		.byte	0x1
 882 052d 6B       		.byte	0x6b
 883 052e 35020000 		.4byte	0x235
 884 0532 18       		.uleb128 0x18
 885 0533 02000000 		.4byte	.LBB16
 886 0537 06000000 		.4byte	.LBE16-.LBB16
 887 053b 4D050000 		.4byte	0x54d
 888 053f 17       		.uleb128 0x17
 889 0540 746D7000 		.ascii	"tmp\000"
 890 0544 01       		.byte	0x1
 891 0545 6D       		.byte	0x6d
 892 0546 A2000000 		.4byte	0xa2
 893 054a 01       		.uleb128 0x1
 894 054b 53       		.byte	0x53
 895 054c 00       		.byte	0
 896 054d 19       		.uleb128 0x19
 897 054e 2F040000 		.4byte	0x42f
 898 0552 1C000000 		.4byte	.LBB17
 899 0556 18000000 		.4byte	.Ldebug_ranges0+0x18
 900 055a 01       		.byte	0x1
 901 055b 70       		.byte	0x70
 902 055c 79050000 		.4byte	0x579
 903 0560 1A       		.uleb128 0x1a
 904 0561 3F040000 		.4byte	0x43f
 905 0565 BD000000 		.4byte	.LLST3
 906 0569 1F       		.uleb128 0x1f
 907 056a 18000000 		.4byte	.Ldebug_ranges0+0x18
 908 056e 20       		.uleb128 0x20
 909 056f 4A040000 		.4byte	0x44a
 910 0573 D0000000 		.4byte	.LLST4
ARM GAS  /tmp/ccN2i5sZ.s 			page 17


 911 0577 00       		.byte	0
 912 0578 00       		.byte	0
 913 0579 21       		.uleb128 0x21
 914 057a 30000000 		.4byte	.Ldebug_ranges0+0x30
 915 057e 90050000 		.4byte	0x590
 916 0582 17       		.uleb128 0x17
 917 0583 746D7000 		.ascii	"tmp\000"
 918 0587 01       		.byte	0x1
 919 0588 72       		.byte	0x72
 920 0589 A2000000 		.4byte	0xa2
 921 058d 01       		.uleb128 0x1
 922 058e 53       		.byte	0x53
 923 058f 00       		.byte	0
 924 0590 22       		.uleb128 0x22
 925 0591 34000000 		.4byte	.LVL10
 926 0595 2C060000 		.4byte	0x62c
 927 0599 1D       		.uleb128 0x1d
 928 059a 01       		.uleb128 0x1
 929 059b 50       		.byte	0x50
 930 059c 01       		.uleb128 0x1
 931 059d 3C       		.byte	0x3c
 932 059e 00       		.byte	0
 933 059f 00       		.byte	0
 934 05a0 23       		.uleb128 0x23
 935 05a1 CF020000 		.4byte	.LASF73
 936 05a5 01       		.byte	0x1
 937 05a6 80       		.byte	0x80
 938 05a7 00000000 		.4byte	.LFB9
 939 05ab 14000000 		.4byte	.LFE9-.LFB9
 940 05af 01       		.uleb128 0x1
 941 05b0 9C       		.byte	0x9c
 942 05b1 21060000 		.4byte	0x621
 943 05b5 16       		.uleb128 0x16
 944 05b6 747000   		.ascii	"tp\000"
 945 05b9 01       		.byte	0x1
 946 05ba 80       		.byte	0x80
 947 05bb 35020000 		.4byte	0x235
 948 05bf E3000000 		.4byte	.LLST5
 949 05c3 16       		.uleb128 0x16
 950 05c4 6D736700 		.ascii	"msg\000"
 951 05c8 01       		.byte	0x1
 952 05c9 80       		.byte	0x80
 953 05ca EB000000 		.4byte	0xeb
 954 05ce 04010000 		.4byte	.LLST6
 955 05d2 18       		.uleb128 0x18
 956 05d3 02000000 		.4byte	.LBB23
 957 05d7 06000000 		.4byte	.LBE23-.LBB23
 958 05db ED050000 		.4byte	0x5ed
 959 05df 17       		.uleb128 0x17
 960 05e0 746D7000 		.ascii	"tmp\000"
 961 05e4 01       		.byte	0x1
 962 05e5 82       		.byte	0x82
 963 05e6 A2000000 		.4byte	0xa2
 964 05ea 01       		.uleb128 0x1
 965 05eb 53       		.byte	0x53
 966 05ec 00       		.byte	0
 967 05ed 18       		.uleb128 0x18
ARM GAS  /tmp/ccN2i5sZ.s 			page 18


 968 05ee 0C000000 		.4byte	.LBB24
 969 05f2 08000000 		.4byte	.LBE24-.LBB24
 970 05f6 08060000 		.4byte	0x608
 971 05fa 17       		.uleb128 0x17
 972 05fb 746D7000 		.ascii	"tmp\000"
 973 05ff 01       		.byte	0x1
 974 0600 86       		.byte	0x86
 975 0601 A2000000 		.4byte	0xa2
 976 0605 01       		.uleb128 0x1
 977 0606 53       		.byte	0x53
 978 0607 00       		.byte	0
 979 0608 22       		.uleb128 0x22
 980 0609 0C000000 		.4byte	.LVL12
 981 060d 52060000 		.4byte	0x652
 982 0611 1D       		.uleb128 0x1d
 983 0612 01       		.uleb128 0x1
 984 0613 51       		.byte	0x51
 985 0614 03       		.uleb128 0x3
 986 0615 F3       		.byte	0xf3
 987 0616 01       		.uleb128 0x1
 988 0617 51       		.byte	0x51
 989 0618 1D       		.uleb128 0x1d
 990 0619 01       		.uleb128 0x1
 991 061a 50       		.byte	0x50
 992 061b 03       		.uleb128 0x3
 993 061c F3       		.byte	0xf3
 994 061d 01       		.uleb128 0x1
 995 061e 50       		.byte	0x50
 996 061f 00       		.byte	0
 997 0620 00       		.byte	0
 998 0621 24       		.uleb128 0x24
 999 0622 8A030000 		.4byte	.LASF74
 1000 0626 09       		.byte	0x9
 1001 0627 6F       		.byte	0x6f
 1002 0628 6D030000 		.4byte	0x36d
 1003 062c 25       		.uleb128 0x25
 1004 062d DC020000 		.4byte	.LASF75
 1005 0631 09       		.byte	0x9
 1006 0632 93       		.byte	0x93
 1007 0633 3D060000 		.4byte	0x63d
 1008 0637 26       		.uleb128 0x26
 1009 0638 BF000000 		.4byte	0xbf
 1010 063c 00       		.byte	0
 1011 063d 27       		.uleb128 0x27
 1012 063e 06030000 		.4byte	.LASF76
 1013 0642 09       		.byte	0x9
 1014 0643 90       		.byte	0x90
 1015 0644 35020000 		.4byte	0x235
 1016 0648 52060000 		.4byte	0x652
 1017 064c 26       		.uleb128 0x26
 1018 064d 35020000 		.4byte	0x235
 1019 0651 00       		.byte	0
 1020 0652 28       		.uleb128 0x28
 1021 0653 62030000 		.4byte	.LASF77
 1022 0657 09       		.byte	0x9
 1023 0658 99       		.byte	0x99
 1024 0659 26       		.uleb128 0x26
ARM GAS  /tmp/ccN2i5sZ.s 			page 19


 1025 065a 35020000 		.4byte	0x235
 1026 065e 26       		.uleb128 0x26
 1027 065f EB000000 		.4byte	0xeb
 1028 0663 00       		.byte	0
 1029 0664 00       		.byte	0
 1030              		.section	.debug_abbrev,"",%progbits
 1031              	.Ldebug_abbrev0:
 1032 0000 01       		.uleb128 0x1
 1033 0001 11       		.uleb128 0x11
 1034 0002 01       		.byte	0x1
 1035 0003 25       		.uleb128 0x25
 1036 0004 0E       		.uleb128 0xe
 1037 0005 13       		.uleb128 0x13
 1038 0006 0B       		.uleb128 0xb
 1039 0007 03       		.uleb128 0x3
 1040 0008 0E       		.uleb128 0xe
 1041 0009 1B       		.uleb128 0x1b
 1042 000a 0E       		.uleb128 0xe
 1043 000b 55       		.uleb128 0x55
 1044 000c 17       		.uleb128 0x17
 1045 000d 11       		.uleb128 0x11
 1046 000e 01       		.uleb128 0x1
 1047 000f 10       		.uleb128 0x10
 1048 0010 17       		.uleb128 0x17
 1049 0011 00       		.byte	0
 1050 0012 00       		.byte	0
 1051 0013 02       		.uleb128 0x2
 1052 0014 24       		.uleb128 0x24
 1053 0015 00       		.byte	0
 1054 0016 0B       		.uleb128 0xb
 1055 0017 0B       		.uleb128 0xb
 1056 0018 3E       		.uleb128 0x3e
 1057 0019 0B       		.uleb128 0xb
 1058 001a 03       		.uleb128 0x3
 1059 001b 08       		.uleb128 0x8
 1060 001c 00       		.byte	0
 1061 001d 00       		.byte	0
 1062 001e 03       		.uleb128 0x3
 1063 001f 24       		.uleb128 0x24
 1064 0020 00       		.byte	0
 1065 0021 0B       		.uleb128 0xb
 1066 0022 0B       		.uleb128 0xb
 1067 0023 3E       		.uleb128 0x3e
 1068 0024 0B       		.uleb128 0xb
 1069 0025 03       		.uleb128 0x3
 1070 0026 0E       		.uleb128 0xe
 1071 0027 00       		.byte	0
 1072 0028 00       		.byte	0
 1073 0029 04       		.uleb128 0x4
 1074 002a 16       		.uleb128 0x16
 1075 002b 00       		.byte	0
 1076 002c 03       		.uleb128 0x3
 1077 002d 0E       		.uleb128 0xe
 1078 002e 3A       		.uleb128 0x3a
 1079 002f 0B       		.uleb128 0xb
 1080 0030 3B       		.uleb128 0x3b
 1081 0031 0B       		.uleb128 0xb
ARM GAS  /tmp/ccN2i5sZ.s 			page 20


 1082 0032 49       		.uleb128 0x49
 1083 0033 13       		.uleb128 0x13
 1084 0034 00       		.byte	0
 1085 0035 00       		.byte	0
 1086 0036 05       		.uleb128 0x5
 1087 0037 13       		.uleb128 0x13
 1088 0038 01       		.byte	0x1
 1089 0039 03       		.uleb128 0x3
 1090 003a 0E       		.uleb128 0xe
 1091 003b 0B       		.uleb128 0xb
 1092 003c 0B       		.uleb128 0xb
 1093 003d 3A       		.uleb128 0x3a
 1094 003e 0B       		.uleb128 0xb
 1095 003f 3B       		.uleb128 0x3b
 1096 0040 0B       		.uleb128 0xb
 1097 0041 01       		.uleb128 0x1
 1098 0042 13       		.uleb128 0x13
 1099 0043 00       		.byte	0
 1100 0044 00       		.byte	0
 1101 0045 06       		.uleb128 0x6
 1102 0046 0D       		.uleb128 0xd
 1103 0047 00       		.byte	0
 1104 0048 03       		.uleb128 0x3
 1105 0049 0E       		.uleb128 0xe
 1106 004a 3A       		.uleb128 0x3a
 1107 004b 0B       		.uleb128 0xb
 1108 004c 3B       		.uleb128 0x3b
 1109 004d 0B       		.uleb128 0xb
 1110 004e 49       		.uleb128 0x49
 1111 004f 13       		.uleb128 0x13
 1112 0050 38       		.uleb128 0x38
 1113 0051 0B       		.uleb128 0xb
 1114 0052 00       		.byte	0
 1115 0053 00       		.byte	0
 1116 0054 07       		.uleb128 0x7
 1117 0055 0D       		.uleb128 0xd
 1118 0056 00       		.byte	0
 1119 0057 03       		.uleb128 0x3
 1120 0058 08       		.uleb128 0x8
 1121 0059 3A       		.uleb128 0x3a
 1122 005a 0B       		.uleb128 0xb
 1123 005b 3B       		.uleb128 0x3b
 1124 005c 0B       		.uleb128 0xb
 1125 005d 49       		.uleb128 0x49
 1126 005e 13       		.uleb128 0x13
 1127 005f 38       		.uleb128 0x38
 1128 0060 0B       		.uleb128 0xb
 1129 0061 00       		.byte	0
 1130 0062 00       		.byte	0
 1131 0063 08       		.uleb128 0x8
 1132 0064 13       		.uleb128 0x13
 1133 0065 01       		.byte	0x1
 1134 0066 0B       		.uleb128 0xb
 1135 0067 0B       		.uleb128 0xb
 1136 0068 3A       		.uleb128 0x3a
 1137 0069 0B       		.uleb128 0xb
 1138 006a 3B       		.uleb128 0x3b
ARM GAS  /tmp/ccN2i5sZ.s 			page 21


 1139 006b 0B       		.uleb128 0xb
 1140 006c 01       		.uleb128 0x1
 1141 006d 13       		.uleb128 0x13
 1142 006e 00       		.byte	0
 1143 006f 00       		.byte	0
 1144 0070 09       		.uleb128 0x9
 1145 0071 0F       		.uleb128 0xf
 1146 0072 00       		.byte	0
 1147 0073 0B       		.uleb128 0xb
 1148 0074 0B       		.uleb128 0xb
 1149 0075 49       		.uleb128 0x49
 1150 0076 13       		.uleb128 0x13
 1151 0077 00       		.byte	0
 1152 0078 00       		.byte	0
 1153 0079 0A       		.uleb128 0xa
 1154 007a 0F       		.uleb128 0xf
 1155 007b 00       		.byte	0
 1156 007c 0B       		.uleb128 0xb
 1157 007d 0B       		.uleb128 0xb
 1158 007e 00       		.byte	0
 1159 007f 00       		.byte	0
 1160 0080 0B       		.uleb128 0xb
 1161 0081 13       		.uleb128 0x13
 1162 0082 01       		.byte	0x1
 1163 0083 03       		.uleb128 0x3
 1164 0084 0E       		.uleb128 0xe
 1165 0085 0B       		.uleb128 0xb
 1166 0086 0B       		.uleb128 0xb
 1167 0087 3A       		.uleb128 0x3a
 1168 0088 0B       		.uleb128 0xb
 1169 0089 3B       		.uleb128 0x3b
 1170 008a 05       		.uleb128 0x5
 1171 008b 01       		.uleb128 0x1
 1172 008c 13       		.uleb128 0x13
 1173 008d 00       		.byte	0
 1174 008e 00       		.byte	0
 1175 008f 0C       		.uleb128 0xc
 1176 0090 0D       		.uleb128 0xd
 1177 0091 00       		.byte	0
 1178 0092 03       		.uleb128 0x3
 1179 0093 08       		.uleb128 0x8
 1180 0094 3A       		.uleb128 0x3a
 1181 0095 0B       		.uleb128 0xb
 1182 0096 3B       		.uleb128 0x3b
 1183 0097 05       		.uleb128 0x5
 1184 0098 49       		.uleb128 0x49
 1185 0099 13       		.uleb128 0x13
 1186 009a 38       		.uleb128 0x38
 1187 009b 0B       		.uleb128 0xb
 1188 009c 00       		.byte	0
 1189 009d 00       		.byte	0
 1190 009e 0D       		.uleb128 0xd
 1191 009f 35       		.uleb128 0x35
 1192 00a0 00       		.byte	0
 1193 00a1 49       		.uleb128 0x49
 1194 00a2 13       		.uleb128 0x13
 1195 00a3 00       		.byte	0
ARM GAS  /tmp/ccN2i5sZ.s 			page 22


 1196 00a4 00       		.byte	0
 1197 00a5 0E       		.uleb128 0xe
 1198 00a6 17       		.uleb128 0x17
 1199 00a7 01       		.byte	0x1
 1200 00a8 0B       		.uleb128 0xb
 1201 00a9 0B       		.uleb128 0xb
 1202 00aa 3A       		.uleb128 0x3a
 1203 00ab 0B       		.uleb128 0xb
 1204 00ac 3B       		.uleb128 0x3b
 1205 00ad 0B       		.uleb128 0xb
 1206 00ae 01       		.uleb128 0x1
 1207 00af 13       		.uleb128 0x13
 1208 00b0 00       		.byte	0
 1209 00b1 00       		.byte	0
 1210 00b2 0F       		.uleb128 0xf
 1211 00b3 0D       		.uleb128 0xd
 1212 00b4 00       		.byte	0
 1213 00b5 03       		.uleb128 0x3
 1214 00b6 0E       		.uleb128 0xe
 1215 00b7 3A       		.uleb128 0x3a
 1216 00b8 0B       		.uleb128 0xb
 1217 00b9 3B       		.uleb128 0x3b
 1218 00ba 0B       		.uleb128 0xb
 1219 00bb 49       		.uleb128 0x49
 1220 00bc 13       		.uleb128 0x13
 1221 00bd 00       		.byte	0
 1222 00be 00       		.byte	0
 1223 00bf 10       		.uleb128 0x10
 1224 00c0 26       		.uleb128 0x26
 1225 00c1 00       		.byte	0
 1226 00c2 49       		.uleb128 0x49
 1227 00c3 13       		.uleb128 0x13
 1228 00c4 00       		.byte	0
 1229 00c5 00       		.byte	0
 1230 00c6 11       		.uleb128 0x11
 1231 00c7 2E       		.uleb128 0x2e
 1232 00c8 01       		.byte	0x1
 1233 00c9 03       		.uleb128 0x3
 1234 00ca 0E       		.uleb128 0xe
 1235 00cb 3A       		.uleb128 0x3a
 1236 00cc 0B       		.uleb128 0xb
 1237 00cd 3B       		.uleb128 0x3b
 1238 00ce 0B       		.uleb128 0xb
 1239 00cf 27       		.uleb128 0x27
 1240 00d0 19       		.uleb128 0x19
 1241 00d1 20       		.uleb128 0x20
 1242 00d2 0B       		.uleb128 0xb
 1243 00d3 01       		.uleb128 0x1
 1244 00d4 13       		.uleb128 0x13
 1245 00d5 00       		.byte	0
 1246 00d6 00       		.byte	0
 1247 00d7 12       		.uleb128 0x12
 1248 00d8 05       		.uleb128 0x5
 1249 00d9 00       		.byte	0
 1250 00da 03       		.uleb128 0x3
 1251 00db 08       		.uleb128 0x8
 1252 00dc 3A       		.uleb128 0x3a
ARM GAS  /tmp/ccN2i5sZ.s 			page 23


 1253 00dd 0B       		.uleb128 0xb
 1254 00de 3B       		.uleb128 0x3b
 1255 00df 0B       		.uleb128 0xb
 1256 00e0 49       		.uleb128 0x49
 1257 00e1 13       		.uleb128 0x13
 1258 00e2 00       		.byte	0
 1259 00e3 00       		.byte	0
 1260 00e4 13       		.uleb128 0x13
 1261 00e5 2E       		.uleb128 0x2e
 1262 00e6 01       		.byte	0x1
 1263 00e7 03       		.uleb128 0x3
 1264 00e8 0E       		.uleb128 0xe
 1265 00e9 3A       		.uleb128 0x3a
 1266 00ea 0B       		.uleb128 0xb
 1267 00eb 3B       		.uleb128 0x3b
 1268 00ec 0B       		.uleb128 0xb
 1269 00ed 27       		.uleb128 0x27
 1270 00ee 19       		.uleb128 0x19
 1271 00ef 49       		.uleb128 0x49
 1272 00f0 13       		.uleb128 0x13
 1273 00f1 20       		.uleb128 0x20
 1274 00f2 0B       		.uleb128 0xb
 1275 00f3 01       		.uleb128 0x1
 1276 00f4 13       		.uleb128 0x13
 1277 00f5 00       		.byte	0
 1278 00f6 00       		.byte	0
 1279 00f7 14       		.uleb128 0x14
 1280 00f8 34       		.uleb128 0x34
 1281 00f9 00       		.byte	0
 1282 00fa 03       		.uleb128 0x3
 1283 00fb 08       		.uleb128 0x8
 1284 00fc 3A       		.uleb128 0x3a
 1285 00fd 0B       		.uleb128 0xb
 1286 00fe 3B       		.uleb128 0x3b
 1287 00ff 0B       		.uleb128 0xb
 1288 0100 49       		.uleb128 0x49
 1289 0101 13       		.uleb128 0x13
 1290 0102 00       		.byte	0
 1291 0103 00       		.byte	0
 1292 0104 15       		.uleb128 0x15
 1293 0105 2E       		.uleb128 0x2e
 1294 0106 01       		.byte	0x1
 1295 0107 3F       		.uleb128 0x3f
 1296 0108 19       		.uleb128 0x19
 1297 0109 03       		.uleb128 0x3
 1298 010a 0E       		.uleb128 0xe
 1299 010b 3A       		.uleb128 0x3a
 1300 010c 0B       		.uleb128 0xb
 1301 010d 3B       		.uleb128 0x3b
 1302 010e 0B       		.uleb128 0xb
 1303 010f 27       		.uleb128 0x27
 1304 0110 19       		.uleb128 0x19
 1305 0111 49       		.uleb128 0x49
 1306 0112 13       		.uleb128 0x13
 1307 0113 11       		.uleb128 0x11
 1308 0114 01       		.uleb128 0x1
 1309 0115 12       		.uleb128 0x12
ARM GAS  /tmp/ccN2i5sZ.s 			page 24


 1310 0116 06       		.uleb128 0x6
 1311 0117 40       		.uleb128 0x40
 1312 0118 18       		.uleb128 0x18
 1313 0119 9742     		.uleb128 0x2117
 1314 011b 19       		.uleb128 0x19
 1315 011c 01       		.uleb128 0x1
 1316 011d 13       		.uleb128 0x13
 1317 011e 00       		.byte	0
 1318 011f 00       		.byte	0
 1319 0120 16       		.uleb128 0x16
 1320 0121 05       		.uleb128 0x5
 1321 0122 00       		.byte	0
 1322 0123 03       		.uleb128 0x3
 1323 0124 08       		.uleb128 0x8
 1324 0125 3A       		.uleb128 0x3a
 1325 0126 0B       		.uleb128 0xb
 1326 0127 3B       		.uleb128 0x3b
 1327 0128 0B       		.uleb128 0xb
 1328 0129 49       		.uleb128 0x49
 1329 012a 13       		.uleb128 0x13
 1330 012b 02       		.uleb128 0x2
 1331 012c 17       		.uleb128 0x17
 1332 012d 00       		.byte	0
 1333 012e 00       		.byte	0
 1334 012f 17       		.uleb128 0x17
 1335 0130 34       		.uleb128 0x34
 1336 0131 00       		.byte	0
 1337 0132 03       		.uleb128 0x3
 1338 0133 08       		.uleb128 0x8
 1339 0134 3A       		.uleb128 0x3a
 1340 0135 0B       		.uleb128 0xb
 1341 0136 3B       		.uleb128 0x3b
 1342 0137 0B       		.uleb128 0xb
 1343 0138 49       		.uleb128 0x49
 1344 0139 13       		.uleb128 0x13
 1345 013a 02       		.uleb128 0x2
 1346 013b 18       		.uleb128 0x18
 1347 013c 00       		.byte	0
 1348 013d 00       		.byte	0
 1349 013e 18       		.uleb128 0x18
 1350 013f 0B       		.uleb128 0xb
 1351 0140 01       		.byte	0x1
 1352 0141 11       		.uleb128 0x11
 1353 0142 01       		.uleb128 0x1
 1354 0143 12       		.uleb128 0x12
 1355 0144 06       		.uleb128 0x6
 1356 0145 01       		.uleb128 0x1
 1357 0146 13       		.uleb128 0x13
 1358 0147 00       		.byte	0
 1359 0148 00       		.byte	0
 1360 0149 19       		.uleb128 0x19
 1361 014a 1D       		.uleb128 0x1d
 1362 014b 01       		.byte	0x1
 1363 014c 31       		.uleb128 0x31
 1364 014d 13       		.uleb128 0x13
 1365 014e 52       		.uleb128 0x52
 1366 014f 01       		.uleb128 0x1
ARM GAS  /tmp/ccN2i5sZ.s 			page 25


 1367 0150 55       		.uleb128 0x55
 1368 0151 17       		.uleb128 0x17
 1369 0152 58       		.uleb128 0x58
 1370 0153 0B       		.uleb128 0xb
 1371 0154 59       		.uleb128 0x59
 1372 0155 0B       		.uleb128 0xb
 1373 0156 01       		.uleb128 0x1
 1374 0157 13       		.uleb128 0x13
 1375 0158 00       		.byte	0
 1376 0159 00       		.byte	0
 1377 015a 1A       		.uleb128 0x1a
 1378 015b 05       		.uleb128 0x5
 1379 015c 00       		.byte	0
 1380 015d 31       		.uleb128 0x31
 1381 015e 13       		.uleb128 0x13
 1382 015f 02       		.uleb128 0x2
 1383 0160 17       		.uleb128 0x17
 1384 0161 00       		.byte	0
 1385 0162 00       		.byte	0
 1386 0163 1B       		.uleb128 0x1b
 1387 0164 05       		.uleb128 0x5
 1388 0165 00       		.byte	0
 1389 0166 31       		.uleb128 0x31
 1390 0167 13       		.uleb128 0x13
 1391 0168 02       		.uleb128 0x2
 1392 0169 18       		.uleb128 0x18
 1393 016a 00       		.byte	0
 1394 016b 00       		.byte	0
 1395 016c 1C       		.uleb128 0x1c
 1396 016d 898201   		.uleb128 0x4109
 1397 0170 01       		.byte	0x1
 1398 0171 11       		.uleb128 0x11
 1399 0172 01       		.uleb128 0x1
 1400 0173 31       		.uleb128 0x31
 1401 0174 13       		.uleb128 0x13
 1402 0175 01       		.uleb128 0x1
 1403 0176 13       		.uleb128 0x13
 1404 0177 00       		.byte	0
 1405 0178 00       		.byte	0
 1406 0179 1D       		.uleb128 0x1d
 1407 017a 8A8201   		.uleb128 0x410a
 1408 017d 00       		.byte	0
 1409 017e 02       		.uleb128 0x2
 1410 017f 18       		.uleb128 0x18
 1411 0180 9142     		.uleb128 0x2111
 1412 0182 18       		.uleb128 0x18
 1413 0183 00       		.byte	0
 1414 0184 00       		.byte	0
 1415 0185 1E       		.uleb128 0x1e
 1416 0186 898201   		.uleb128 0x4109
 1417 0189 00       		.byte	0
 1418 018a 11       		.uleb128 0x11
 1419 018b 01       		.uleb128 0x1
 1420 018c 31       		.uleb128 0x31
 1421 018d 13       		.uleb128 0x13
 1422 018e 00       		.byte	0
 1423 018f 00       		.byte	0
ARM GAS  /tmp/ccN2i5sZ.s 			page 26


 1424 0190 1F       		.uleb128 0x1f
 1425 0191 0B       		.uleb128 0xb
 1426 0192 01       		.byte	0x1
 1427 0193 55       		.uleb128 0x55
 1428 0194 17       		.uleb128 0x17
 1429 0195 00       		.byte	0
 1430 0196 00       		.byte	0
 1431 0197 20       		.uleb128 0x20
 1432 0198 34       		.uleb128 0x34
 1433 0199 00       		.byte	0
 1434 019a 31       		.uleb128 0x31
 1435 019b 13       		.uleb128 0x13
 1436 019c 02       		.uleb128 0x2
 1437 019d 17       		.uleb128 0x17
 1438 019e 00       		.byte	0
 1439 019f 00       		.byte	0
 1440 01a0 21       		.uleb128 0x21
 1441 01a1 0B       		.uleb128 0xb
 1442 01a2 01       		.byte	0x1
 1443 01a3 55       		.uleb128 0x55
 1444 01a4 17       		.uleb128 0x17
 1445 01a5 01       		.uleb128 0x1
 1446 01a6 13       		.uleb128 0x13
 1447 01a7 00       		.byte	0
 1448 01a8 00       		.byte	0
 1449 01a9 22       		.uleb128 0x22
 1450 01aa 898201   		.uleb128 0x4109
 1451 01ad 01       		.byte	0x1
 1452 01ae 11       		.uleb128 0x11
 1453 01af 01       		.uleb128 0x1
 1454 01b0 31       		.uleb128 0x31
 1455 01b1 13       		.uleb128 0x13
 1456 01b2 00       		.byte	0
 1457 01b3 00       		.byte	0
 1458 01b4 23       		.uleb128 0x23
 1459 01b5 2E       		.uleb128 0x2e
 1460 01b6 01       		.byte	0x1
 1461 01b7 3F       		.uleb128 0x3f
 1462 01b8 19       		.uleb128 0x19
 1463 01b9 03       		.uleb128 0x3
 1464 01ba 0E       		.uleb128 0xe
 1465 01bb 3A       		.uleb128 0x3a
 1466 01bc 0B       		.uleb128 0xb
 1467 01bd 3B       		.uleb128 0x3b
 1468 01be 0B       		.uleb128 0xb
 1469 01bf 27       		.uleb128 0x27
 1470 01c0 19       		.uleb128 0x19
 1471 01c1 11       		.uleb128 0x11
 1472 01c2 01       		.uleb128 0x1
 1473 01c3 12       		.uleb128 0x12
 1474 01c4 06       		.uleb128 0x6
 1475 01c5 40       		.uleb128 0x40
 1476 01c6 18       		.uleb128 0x18
 1477 01c7 9742     		.uleb128 0x2117
 1478 01c9 19       		.uleb128 0x19
 1479 01ca 01       		.uleb128 0x1
 1480 01cb 13       		.uleb128 0x13
ARM GAS  /tmp/ccN2i5sZ.s 			page 27


 1481 01cc 00       		.byte	0
 1482 01cd 00       		.byte	0
 1483 01ce 24       		.uleb128 0x24
 1484 01cf 34       		.uleb128 0x34
 1485 01d0 00       		.byte	0
 1486 01d1 03       		.uleb128 0x3
 1487 01d2 0E       		.uleb128 0xe
 1488 01d3 3A       		.uleb128 0x3a
 1489 01d4 0B       		.uleb128 0xb
 1490 01d5 3B       		.uleb128 0x3b
 1491 01d6 0B       		.uleb128 0xb
 1492 01d7 49       		.uleb128 0x49
 1493 01d8 13       		.uleb128 0x13
 1494 01d9 3F       		.uleb128 0x3f
 1495 01da 19       		.uleb128 0x19
 1496 01db 3C       		.uleb128 0x3c
 1497 01dc 19       		.uleb128 0x19
 1498 01dd 00       		.byte	0
 1499 01de 00       		.byte	0
 1500 01df 25       		.uleb128 0x25
 1501 01e0 2E       		.uleb128 0x2e
 1502 01e1 01       		.byte	0x1
 1503 01e2 3F       		.uleb128 0x3f
 1504 01e3 19       		.uleb128 0x19
 1505 01e4 03       		.uleb128 0x3
 1506 01e5 0E       		.uleb128 0xe
 1507 01e6 3A       		.uleb128 0x3a
 1508 01e7 0B       		.uleb128 0xb
 1509 01e8 3B       		.uleb128 0x3b
 1510 01e9 0B       		.uleb128 0xb
 1511 01ea 27       		.uleb128 0x27
 1512 01eb 19       		.uleb128 0x19
 1513 01ec 3C       		.uleb128 0x3c
 1514 01ed 19       		.uleb128 0x19
 1515 01ee 01       		.uleb128 0x1
 1516 01ef 13       		.uleb128 0x13
 1517 01f0 00       		.byte	0
 1518 01f1 00       		.byte	0
 1519 01f2 26       		.uleb128 0x26
 1520 01f3 05       		.uleb128 0x5
 1521 01f4 00       		.byte	0
 1522 01f5 49       		.uleb128 0x49
 1523 01f6 13       		.uleb128 0x13
 1524 01f7 00       		.byte	0
 1525 01f8 00       		.byte	0
 1526 01f9 27       		.uleb128 0x27
 1527 01fa 2E       		.uleb128 0x2e
 1528 01fb 01       		.byte	0x1
 1529 01fc 3F       		.uleb128 0x3f
 1530 01fd 19       		.uleb128 0x19
 1531 01fe 03       		.uleb128 0x3
 1532 01ff 0E       		.uleb128 0xe
 1533 0200 3A       		.uleb128 0x3a
 1534 0201 0B       		.uleb128 0xb
 1535 0202 3B       		.uleb128 0x3b
 1536 0203 0B       		.uleb128 0xb
 1537 0204 27       		.uleb128 0x27
ARM GAS  /tmp/ccN2i5sZ.s 			page 28


 1538 0205 19       		.uleb128 0x19
 1539 0206 49       		.uleb128 0x49
 1540 0207 13       		.uleb128 0x13
 1541 0208 3C       		.uleb128 0x3c
 1542 0209 19       		.uleb128 0x19
 1543 020a 01       		.uleb128 0x1
 1544 020b 13       		.uleb128 0x13
 1545 020c 00       		.byte	0
 1546 020d 00       		.byte	0
 1547 020e 28       		.uleb128 0x28
 1548 020f 2E       		.uleb128 0x2e
 1549 0210 01       		.byte	0x1
 1550 0211 3F       		.uleb128 0x3f
 1551 0212 19       		.uleb128 0x19
 1552 0213 03       		.uleb128 0x3
 1553 0214 0E       		.uleb128 0xe
 1554 0215 3A       		.uleb128 0x3a
 1555 0216 0B       		.uleb128 0xb
 1556 0217 3B       		.uleb128 0x3b
 1557 0218 0B       		.uleb128 0xb
 1558 0219 27       		.uleb128 0x27
 1559 021a 19       		.uleb128 0x19
 1560 021b 3C       		.uleb128 0x3c
 1561 021c 19       		.uleb128 0x19
 1562 021d 00       		.byte	0
 1563 021e 00       		.byte	0
 1564 021f 00       		.byte	0
 1565              		.section	.debug_loc,"",%progbits
 1566              	.Ldebug_loc0:
 1567              	.LLST0:
 1568 0000 00000000 		.4byte	.LVL0
 1569 0004 2A000000 		.4byte	.LVL3
 1570 0008 0100     		.2byte	0x1
 1571 000a 50       		.byte	0x50
 1572 000b 2A000000 		.4byte	.LVL3
 1573 000f 3A000000 		.4byte	.LVL6
 1574 0013 0400     		.2byte	0x4
 1575 0015 F3       		.byte	0xf3
 1576 0016 01       		.uleb128 0x1
 1577 0017 50       		.byte	0x50
 1578 0018 9F       		.byte	0x9f
 1579 0019 3A000000 		.4byte	.LVL6
 1580 001d 3D000000 		.4byte	.LVL7-1
 1581 0021 0100     		.2byte	0x1
 1582 0023 50       		.byte	0x50
 1583 0024 3D000000 		.4byte	.LVL7-1
 1584 0028 40000000 		.4byte	.LFE7
 1585 002c 0400     		.2byte	0x4
 1586 002e F3       		.byte	0xf3
 1587 002f 01       		.uleb128 0x1
 1588 0030 50       		.byte	0x50
 1589 0031 9F       		.byte	0x9f
 1590 0032 00000000 		.4byte	0
 1591 0036 00000000 		.4byte	0
 1592              	.LLST1:
 1593 003a 00000000 		.4byte	.LVL0
 1594 003e 2A000000 		.4byte	.LVL3
ARM GAS  /tmp/ccN2i5sZ.s 			page 29


 1595 0042 0100     		.2byte	0x1
 1596 0044 51       		.byte	0x51
 1597 0045 2A000000 		.4byte	.LVL3
 1598 0049 32000000 		.4byte	.LVL5
 1599 004d 0400     		.2byte	0x4
 1600 004f F3       		.byte	0xf3
 1601 0050 01       		.uleb128 0x1
 1602 0051 51       		.byte	0x51
 1603 0052 9F       		.byte	0x9f
 1604 0053 32000000 		.4byte	.LVL5
 1605 0057 3A000000 		.4byte	.LVL6
 1606 005b 0100     		.2byte	0x1
 1607 005d 50       		.byte	0x50
 1608 005e 3A000000 		.4byte	.LVL6
 1609 0062 3D000000 		.4byte	.LVL7-1
 1610 0066 0100     		.2byte	0x1
 1611 0068 51       		.byte	0x51
 1612 0069 3D000000 		.4byte	.LVL7-1
 1613 006d 40000000 		.4byte	.LFE7
 1614 0071 0400     		.2byte	0x4
 1615 0073 F3       		.byte	0xf3
 1616 0074 01       		.uleb128 0x1
 1617 0075 51       		.byte	0x51
 1618 0076 9F       		.byte	0x9f
 1619 0077 00000000 		.4byte	0
 1620 007b 00000000 		.4byte	0
 1621              	.LLST2:
 1622 007f 1A000000 		.4byte	.LVL2
 1623 0083 2A000000 		.4byte	.LVL3
 1624 0087 0100     		.2byte	0x1
 1625 0089 52       		.byte	0x52
 1626 008a 2A000000 		.4byte	.LVL3
 1627 008e 3A000000 		.4byte	.LVL6
 1628 0092 0600     		.2byte	0x6
 1629 0094 F3       		.byte	0xf3
 1630 0095 01       		.uleb128 0x1
 1631 0096 50       		.byte	0x50
 1632 0097 23       		.byte	0x23
 1633 0098 2C       		.uleb128 0x2c
 1634 0099 9F       		.byte	0x9f
 1635 009a 3A000000 		.4byte	.LVL6
 1636 009e 3D000000 		.4byte	.LVL7-1
 1637 00a2 0100     		.2byte	0x1
 1638 00a4 52       		.byte	0x52
 1639 00a5 3D000000 		.4byte	.LVL7-1
 1640 00a9 40000000 		.4byte	.LFE7
 1641 00ad 0600     		.2byte	0x6
 1642 00af F3       		.byte	0xf3
 1643 00b0 01       		.uleb128 0x1
 1644 00b1 50       		.byte	0x50
 1645 00b2 23       		.byte	0x23
 1646 00b3 2C       		.uleb128 0x2c
 1647 00b4 9F       		.byte	0x9f
 1648 00b5 00000000 		.4byte	0
 1649 00b9 00000000 		.4byte	0
 1650              	.LLST3:
 1651 00bd 1C000000 		.4byte	.LVL8
ARM GAS  /tmp/ccN2i5sZ.s 			page 30


 1652 00c1 2E000000 		.4byte	.LVL9
 1653 00c5 0100     		.2byte	0x1
 1654 00c7 52       		.byte	0x52
 1655 00c8 00000000 		.4byte	0
 1656 00cc 00000000 		.4byte	0
 1657              	.LLST4:
 1658 00d0 1C000000 		.4byte	.LVL8
 1659 00d4 2E000000 		.4byte	.LVL9
 1660 00d8 0100     		.2byte	0x1
 1661 00da 50       		.byte	0x50
 1662 00db 00000000 		.4byte	0
 1663 00df 00000000 		.4byte	0
 1664              	.LLST5:
 1665 00e3 00000000 		.4byte	.LVL11
 1666 00e7 0B000000 		.4byte	.LVL12-1
 1667 00eb 0100     		.2byte	0x1
 1668 00ed 50       		.byte	0x50
 1669 00ee 0B000000 		.4byte	.LVL12-1
 1670 00f2 14000000 		.4byte	.LFE9
 1671 00f6 0400     		.2byte	0x4
 1672 00f8 F3       		.byte	0xf3
 1673 00f9 01       		.uleb128 0x1
 1674 00fa 50       		.byte	0x50
 1675 00fb 9F       		.byte	0x9f
 1676 00fc 00000000 		.4byte	0
 1677 0100 00000000 		.4byte	0
 1678              	.LLST6:
 1679 0104 00000000 		.4byte	.LVL11
 1680 0108 0B000000 		.4byte	.LVL12-1
 1681 010c 0100     		.2byte	0x1
 1682 010e 51       		.byte	0x51
 1683 010f 0B000000 		.4byte	.LVL12-1
 1684 0113 14000000 		.4byte	.LFE9
 1685 0117 0400     		.2byte	0x4
 1686 0119 F3       		.byte	0xf3
 1687 011a 01       		.uleb128 0x1
 1688 011b 51       		.byte	0x51
 1689 011c 9F       		.byte	0x9f
 1690 011d 00000000 		.4byte	0
 1691 0121 00000000 		.4byte	0
 1692              		.section	.debug_aranges,"",%progbits
 1693 0000 2C000000 		.4byte	0x2c
 1694 0004 0200     		.2byte	0x2
 1695 0006 00000000 		.4byte	.Ldebug_info0
 1696 000a 04       		.byte	0x4
 1697 000b 00       		.byte	0
 1698 000c 0000     		.2byte	0
 1699 000e 0000     		.2byte	0
 1700 0010 00000000 		.4byte	.LFB7
 1701 0014 40000000 		.4byte	.LFE7-.LFB7
 1702 0018 00000000 		.4byte	.LFB8
 1703 001c 3E000000 		.4byte	.LFE8-.LFB8
 1704 0020 00000000 		.4byte	.LFB9
 1705 0024 14000000 		.4byte	.LFE9-.LFB9
 1706 0028 00000000 		.4byte	0
 1707 002c 00000000 		.4byte	0
 1708              		.section	.debug_ranges,"",%progbits
ARM GAS  /tmp/ccN2i5sZ.s 			page 31


 1709              	.Ldebug_ranges0:
 1710 0000 1A000000 		.4byte	.LBB11
 1711 0004 1C000000 		.4byte	.LBE11
 1712 0008 20000000 		.4byte	.LBB14
 1713 000c 28000000 		.4byte	.LBE14
 1714 0010 00000000 		.4byte	0
 1715 0014 00000000 		.4byte	0
 1716 0018 1C000000 		.4byte	.LBB17
 1717 001c 1E000000 		.4byte	.LBE17
 1718 0020 20000000 		.4byte	.LBB20
 1719 0024 24000000 		.4byte	.LBE20
 1720 0028 00000000 		.4byte	0
 1721 002c 00000000 		.4byte	0
 1722 0030 24000000 		.4byte	.LBB21
 1723 0034 26000000 		.4byte	.LBE21
 1724 0038 28000000 		.4byte	.LBB22
 1725 003c 2C000000 		.4byte	.LBE22
 1726 0040 00000000 		.4byte	0
 1727 0044 00000000 		.4byte	0
 1728 0048 00000000 		.4byte	.LFB7
 1729 004c 40000000 		.4byte	.LFE7
 1730 0050 00000000 		.4byte	.LFB8
 1731 0054 3E000000 		.4byte	.LFE8
 1732 0058 00000000 		.4byte	.LFB9
 1733 005c 14000000 		.4byte	.LFE9
 1734 0060 00000000 		.4byte	0
 1735 0064 00000000 		.4byte	0
 1736              		.section	.debug_line,"",%progbits
 1737              	.Ldebug_line0:
 1738 0000 85010000 		.section	.debug_str,"MS",%progbits,1
 1738      02001201 
 1738      00000201 
 1738      FB0E0D00 
 1738      01010101 
 1739              	.LASF39:
 1740 0000 705F6D73 		.ascii	"p_msg\000"
 1740      6700
 1741              	.LASF71:
 1742 0006 71756575 		.ascii	"queue_insert\000"
 1742      655F696E 
 1742      73657274 
 1742      00
 1743              	.LASF61:
 1744 0013 7264796D 		.ascii	"rdymsg\000"
 1744      736700
 1745              	.LASF5:
 1746 001a 5F5F7569 		.ascii	"__uint8_t\000"
 1746      6E74385F 
 1746      7400
 1747              	.LASF68:
 1748 0024 474E5520 		.ascii	"GNU C 4.8.2 -mcpu=cortex-m4 -mno-thumb-interwork -m"
 1748      4320342E 
 1748      382E3220 
 1748      2D6D6370 
 1748      753D636F 
 1749 0057 7468756D 		.ascii	"thumb -ggdb -O2 -fomit-frame-pointer -falign-functi"
 1749      62202D67 
ARM GAS  /tmp/ccN2i5sZ.s 			page 32


 1749      67646220 
 1749      2D4F3220 
 1749      2D666F6D 
 1750 008a 6F6E733D 		.ascii	"ons=16 -ffunction-sections -fdata-sections -fno-com"
 1750      3136202D 
 1750      6666756E 
 1750      6374696F 
 1750      6E2D7365 
 1751 00bd 6D6F6E00 		.ascii	"mon\000"
 1752              	.LASF11:
 1753 00c1 6C6F6E67 		.ascii	"long long unsigned int\000"
 1753      206C6F6E 
 1753      6720756E 
 1753      7369676E 
 1753      65642069 
 1754              	.LASF62:
 1755 00d8 65786974 		.ascii	"exitcode\000"
 1755      636F6465 
 1755      00
 1756              	.LASF27:
 1757 00e1 705F7072 		.ascii	"p_prio\000"
 1757      696F00
 1758              	.LASF10:
 1759 00e8 6C6F6E67 		.ascii	"long long int\000"
 1759      206C6F6E 
 1759      6720696E 
 1759      7400
 1760              	.LASF1:
 1761 00f6 7369676E 		.ascii	"signed char\000"
 1761      65642063 
 1761      68617200 
 1762              	.LASF43:
 1763 0102 705F6D70 		.ascii	"p_mpool\000"
 1763      6F6F6C00 
 1764              	.LASF58:
 1765 010a 6D5F7175 		.ascii	"m_queue\000"
 1765      65756500 
 1766              	.LASF19:
 1767 0112 74736C69 		.ascii	"tslices_t\000"
 1767      6365735F 
 1767      7400
 1768              	.LASF7:
 1769 011c 6C6F6E67 		.ascii	"long int\000"
 1769      20696E74 
 1769      00
 1770              	.LASF66:
 1771 0125 63684D73 		.ascii	"chMsgSend\000"
 1771      6753656E 
 1771      6400
 1772              	.LASF17:
 1773 012f 74737461 		.ascii	"tstate_t\000"
 1773      74655F74 
 1773      00
 1774              	.LASF29:
 1775 0138 705F6E65 		.ascii	"p_newer\000"
 1775      77657200 
 1776              	.LASF8:
ARM GAS  /tmp/ccN2i5sZ.s 			page 33


 1777 0140 5F5F7569 		.ascii	"__uint32_t\000"
 1777      6E743332 
 1777      5F7400
 1778              	.LASF46:
 1779 014b 72656761 		.ascii	"regarm_t\000"
 1779      726D5F74 
 1779      00
 1780              	.LASF0:
 1781 0154 756E7369 		.ascii	"unsigned int\000"
 1781      676E6564 
 1781      20696E74 
 1781      00
 1782              	.LASF9:
 1783 0161 6C6F6E67 		.ascii	"long unsigned int\000"
 1783      20756E73 
 1783      69676E65 
 1783      6420696E 
 1783      7400
 1784              	.LASF48:
 1785 0173 636F6E74 		.ascii	"context\000"
 1785      65787400 
 1786              	.LASF4:
 1787 017b 73686F72 		.ascii	"short unsigned int\000"
 1787      7420756E 
 1787      7369676E 
 1787      65642069 
 1787      6E7400
 1788              	.LASF21:
 1789 018e 6D73675F 		.ascii	"msg_t\000"
 1789      7400
 1790              	.LASF53:
 1791 0194 725F6E65 		.ascii	"r_newer\000"
 1791      77657200 
 1792              	.LASF16:
 1793 019c 746D6F64 		.ascii	"tmode_t\000"
 1793      655F7400 
 1794              	.LASF45:
 1795 01a4 54687265 		.ascii	"ThreadsList\000"
 1795      6164734C 
 1795      69737400 
 1796              	.LASF22:
 1797 01b0 6576656E 		.ascii	"eventmask_t\000"
 1797      746D6173 
 1797      6B5F7400 
 1798              	.LASF57:
 1799 01bc 4D757465 		.ascii	"Mutex\000"
 1799      7800
 1800              	.LASF49:
 1801 01c2 73697A65 		.ascii	"sizetype\000"
 1801      74797065 
 1801      00
 1802              	.LASF25:
 1803 01cb 705F6E65 		.ascii	"p_next\000"
 1803      787400
 1804              	.LASF30:
 1805 01d2 705F6F6C 		.ascii	"p_older\000"
 1805      64657200 
ARM GAS  /tmp/ccN2i5sZ.s 			page 34


 1806              	.LASF52:
 1807 01da 725F6374 		.ascii	"r_ctx\000"
 1807      7800
 1808              	.LASF44:
 1809 01e0 54687265 		.ascii	"ThreadsQueue\000"
 1809      61647351 
 1809      75657565 
 1809      00
 1810              	.LASF55:
 1811 01ed 725F6375 		.ascii	"r_current\000"
 1811      7272656E 
 1811      7400
 1812              	.LASF54:
 1813 01f7 725F6F6C 		.ascii	"r_older\000"
 1813      64657200 
 1814              	.LASF18:
 1815 01ff 74726566 		.ascii	"trefs_t\000"
 1815      735F7400 
 1816              	.LASF26:
 1817 0207 705F7072 		.ascii	"p_prev\000"
 1817      657600
 1818              	.LASF20:
 1819 020e 74707269 		.ascii	"tprio_t\000"
 1819      6F5F7400 
 1820              	.LASF15:
 1821 0216 5F426F6F 		.ascii	"_Bool\000"
 1821      6C00
 1822              	.LASF13:
 1823 021c 696E7433 		.ascii	"int32_t\000"
 1823      325F7400 
 1824              	.LASF2:
 1825 0224 756E7369 		.ascii	"unsigned char\000"
 1825      676E6564 
 1825      20636861 
 1825      7200
 1826              	.LASF41:
 1827 0232 705F6D74 		.ascii	"p_mtxlist\000"
 1827      786C6973 
 1827      7400
 1828              	.LASF3:
 1829 023c 73686F72 		.ascii	"short int\000"
 1829      7420696E 
 1829      7400
 1830              	.LASF32:
 1831 0246 705F7374 		.ascii	"p_state\000"
 1831      61746500 
 1832              	.LASF35:
 1833 024e 705F7072 		.ascii	"p_preempt\000"
 1833      65656D70 
 1833      7400
 1834              	.LASF51:
 1835 0258 725F7072 		.ascii	"r_prio\000"
 1835      696F00
 1836              	.LASF64:
 1837 025f 65776D61 		.ascii	"ewmask\000"
 1837      736B00
 1838              	.LASF70:
ARM GAS  /tmp/ccN2i5sZ.s 			page 35


 1839 0266 2F686F6D 		.ascii	"/home/mo/ARMProjects/ChibiOS_Sample/ChibiOS_2.6.5/d"
 1839      652F6D6F 
 1839      2F41524D 
 1839      50726F6A 
 1839      65637473 
 1840 0299 656D6F73 		.ascii	"emos/ARMCM4-STM32F407-DISCOVERY-EDITED\000"
 1840      2F41524D 
 1840      434D342D 
 1840      53544D33 
 1840      32463430 
 1841              	.LASF33:
 1842 02c0 705F666C 		.ascii	"p_flags\000"
 1842      61677300 
 1843              	.LASF24:
 1844 02c8 54687265 		.ascii	"Thread\000"
 1844      616400
 1845              	.LASF73:
 1846 02cf 63684D73 		.ascii	"chMsgRelease\000"
 1846      6752656C 
 1846      65617365 
 1846      00
 1847              	.LASF75:
 1848 02dc 63685363 		.ascii	"chSchGoSleepS\000"
 1848      68476F53 
 1848      6C656570 
 1848      5300
 1849              	.LASF40:
 1850 02ea 705F6570 		.ascii	"p_epending\000"
 1850      656E6469 
 1850      6E6700
 1851              	.LASF14:
 1852 02f5 75696E74 		.ascii	"uint32_t\000"
 1852      33325F74 
 1852      00
 1853              	.LASF50:
 1854 02fe 725F7175 		.ascii	"r_queue\000"
 1854      65756500 
 1855              	.LASF76:
 1856 0306 63685363 		.ascii	"chSchReadyI\000"
 1856      68526561 
 1856      64794900 
 1857              	.LASF65:
 1858 0312 63686172 		.ascii	"char\000"
 1858      00
 1859              	.LASF72:
 1860 0317 6669666F 		.ascii	"fifo_remove\000"
 1860      5F72656D 
 1860      6F766500 
 1861              	.LASF60:
 1862 0323 6D5F6E65 		.ascii	"m_next\000"
 1862      787400
 1863              	.LASF23:
 1864 032a 73797374 		.ascii	"systime_t\000"
 1864      696D655F 
 1864      7400
 1865              	.LASF42:
 1866 0334 705F7265 		.ascii	"p_realprio\000"
ARM GAS  /tmp/ccN2i5sZ.s 			page 36


 1866      616C7072 
 1866      696F00
 1867              	.LASF6:
 1868 033f 5F5F696E 		.ascii	"__int32_t\000"
 1868      7433325F 
 1868      7400
 1869              	.LASF36:
 1870 0349 705F7469 		.ascii	"p_time\000"
 1870      6D6500
 1871              	.LASF47:
 1872 0350 696E7463 		.ascii	"intctx\000"
 1872      747800
 1873              	.LASF38:
 1874 0357 705F6D73 		.ascii	"p_msgqueue\000"
 1874      67717565 
 1874      756500
 1875              	.LASF77:
 1876 0362 63685363 		.ascii	"chSchWakeupS\000"
 1876      6857616B 
 1876      65757053 
 1876      00
 1877              	.LASF67:
 1878 036f 63684D73 		.ascii	"chMsgWait\000"
 1878      67576169 
 1878      7400
 1879              	.LASF34:
 1880 0379 705F7265 		.ascii	"p_refs\000"
 1880      667300
 1881              	.LASF56:
 1882 0380 52656164 		.ascii	"ReadyList\000"
 1882      794C6973 
 1882      7400
 1883              	.LASF74:
 1884 038a 726C6973 		.ascii	"rlist\000"
 1884      7400
 1885              	.LASF12:
 1886 0390 75696E74 		.ascii	"uint8_t\000"
 1886      385F7400 
 1887              	.LASF63:
 1888 0398 77746F62 		.ascii	"wtobjp\000"
 1888      6A7000
 1889              	.LASF31:
 1890 039f 705F6E61 		.ascii	"p_name\000"
 1890      6D6500
 1891              	.LASF69:
 1892 03a6 2E2E2F2E 		.ascii	"../../os/kernel/src/chmsg.c\000"
 1892      2E2F6F73 
 1892      2F6B6572 
 1892      6E656C2F 
 1892      7372632F 
 1893              	.LASF59:
 1894 03c2 6D5F6F77 		.ascii	"m_owner\000"
 1894      6E657200 
 1895              	.LASF28:
 1896 03ca 705F6374 		.ascii	"p_ctx\000"
 1896      7800
 1897              	.LASF37:
ARM GAS  /tmp/ccN2i5sZ.s 			page 37


 1898 03d0 705F7761 		.ascii	"p_waiting\000"
 1898      6974696E 
 1898      6700
 1899              		.ident	"GCC: (4.8.2-14ubuntu1+6) 4.8.2"
ARM GAS  /tmp/ccN2i5sZ.s 			page 38


DEFINED SYMBOLS
                            *ABS*:0000000000000000 chmsg.c
     /tmp/ccN2i5sZ.s:19     .text.chMsgSend:0000000000000000 $t
     /tmp/ccN2i5sZ.s:25     .text.chMsgSend:0000000000000000 chMsgSend
     /tmp/ccN2i5sZ.s:110    .text.chMsgWait:0000000000000000 $t
     /tmp/ccN2i5sZ.s:116    .text.chMsgWait:0000000000000000 chMsgWait
     /tmp/ccN2i5sZ.s:188    .text.chMsgRelease:0000000000000000 $t
     /tmp/ccN2i5sZ.s:194    .text.chMsgRelease:0000000000000000 chMsgRelease
                     .debug_frame:0000000000000010 $d

UNDEFINED SYMBOLS
rlist
chSchGoSleepS
chSchReadyI
chSchWakeupS
