ARM GAS  /tmp/ccLp8VSX.s 			page 1


   1              		.syntax unified
   2              		.cpu cortex-m4
   3              		.fpu softvfp
   4              		.eabi_attribute 20, 1
   5              		.eabi_attribute 21, 1
   6              		.eabi_attribute 23, 3
   7              		.eabi_attribute 24, 1
   8              		.eabi_attribute 25, 1
   9              		.eabi_attribute 26, 1
  10              		.eabi_attribute 30, 2
  11              		.eabi_attribute 34, 1
  12              		.eabi_attribute 18, 4
  13              		.thumb
  14              		.file	"crt0.c"
  15              		.text
  16              	.Ltext0:
  17              		.cfi_sections	.debug_frame
  18              		.section	.text.__early_init,"ax",%progbits
  19              		.align	2
  20              		.p2align 4,,15
  21              		.weak	__early_init
  22              		.thumb
  23              		.thumb_func
  24              		.type	__early_init, %function
  25              	__early_init:
  26              	.LFB0:
  27              		.file 1 "../../os/ports/GCC/ARMCMx/crt0.c"
  28              		.loc 1 234 0
  29              		.cfi_startproc
  30              		@ args = 0, pretend = 0, frame = 0
  31              		@ frame_needed = 0, uses_anonymous_args = 0
  32              		@ link register save eliminated.
  33 0000 7047     		bx	lr
  34              		.cfi_endproc
  35              	.LFE0:
  36              		.size	__early_init, .-__early_init
  37 0002 00BFAFF3 		.section	.text.__late_init,"ax",%progbits
  37      0080AFF3 
  37      0080AFF3 
  37      0080
  38              		.align	2
  39              		.p2align 4,,15
  40              		.weak	__late_init
  41              		.thumb
  42              		.thumb_func
  43              		.type	__late_init, %function
  44              	__late_init:
  45              	.LFB1:
  46              		.loc 1 246 0
  47              		.cfi_startproc
  48              		@ args = 0, pretend = 0, frame = 0
  49              		@ frame_needed = 0, uses_anonymous_args = 0
  50              		@ link register save eliminated.
  51 0000 7047     		bx	lr
  52              		.cfi_endproc
  53              	.LFE1:
  54              		.size	__late_init, .-__late_init
ARM GAS  /tmp/ccLp8VSX.s 			page 2


  55 0002 00BFAFF3 		.section	.text._default_exit,"ax",%progbits
  55      0080AFF3 
  55      0080AFF3 
  55      0080
  56              		.align	2
  57              		.p2align 4,,15
  58              		.weak	_default_exit
  59              		.thumb
  60              		.thumb_func
  61              		.type	_default_exit, %function
  62              	_default_exit:
  63              	.LFB2:
  64              		.loc 1 257 0
  65              		.cfi_startproc
  66              		@ Naked Function: prologue and epilogue provided by programmer.
  67              		@ args = 0, pretend = 0, frame = 0
  68              		@ frame_needed = 0, uses_anonymous_args = 0
  69              	.L4:
  70 0000 FEE7     		b	.L4
  71              		.cfi_endproc
  72              	.LFE2:
  73              		.size	_default_exit, .-_default_exit
  74 0002 00BFAFF3 		.section	.text.ResetHandler,"ax",%progbits
  74      0080AFF3 
  74      0080AFF3 
  74      0080
  75              		.align	2
  76              		.p2align 4,,15
  77              		.global	ResetHandler
  78              		.thumb
  79              		.thumb_func
  80              		.type	ResetHandler, %function
  81              	ResetHandler:
  82              	.LFB3:
  83              		.loc 1 268 0
  84              		.cfi_startproc
  85              		@ Naked Function: prologue and epilogue provided by programmer.
  86              		@ args = 0, pretend = 0, frame = 0
  87              		@ frame_needed = 0, uses_anonymous_args = 0
  88              		.loc 1 274 0
  89              	@ 274 "../../os/ports/GCC/ARMCMx/crt0.c" 1
  90 0000 72B6     		cpsid   i
  91              	@ 0 "" 2
  92              		.loc 1 275 0
  93              		.thumb
  94 0002 40F20000 		movw	r0, #:lower16:__process_stack_end__
  95 0006 C0F20000 		movt	r0, #:upper16:__process_stack_end__
  96              	.LVL0:
  97              		.loc 1 276 0
  98              	@ 276 "../../os/ports/GCC/ARMCMx/crt0.c" 1
  99 000a 80F30988 		msr     PSP, r0
 100              	@ 0 "" 2
 101              	.LVL1:
 102              		.loc 1 296 0
 103              		.thumb
 104 000e 0223     		movs	r3, #2
 105              	@ 296 "../../os/ports/GCC/ARMCMx/crt0.c" 1
ARM GAS  /tmp/ccLp8VSX.s 			page 3


 106 0010 83F31488 		msr     CONTROL, r3
 107              	@ 0 "" 2
 108              		.loc 1 297 0
 109              	@ 297 "../../os/ports/GCC/ARMCMx/crt0.c" 1
 110 0014 BFF36F8F 		isb
 111              	@ 0 "" 2
 112              	.LVL2:
 113              		.thumb
 114              	.LBB2:
 115              		.loc 1 301 0
 116 0018 40F20003 		movw	r3, #:lower16:__main_stack_base__
 117 001c 40F20002 		movw	r2, #:lower16:__main_stack_end__
 118 0020 C0F20003 		movt	r3, #:upper16:__main_stack_base__
 119 0024 C0F20002 		movt	r2, #:upper16:__main_stack_end__
 120 0028 9342     		cmp	r3, r2
 121 002a 0BD2     		bcs	.L9
 122 002c D943     		mvns	r1, r3
 123 002e 1144     		add	r1, r1, r2
 124 0030 21F00301 		bic	r1, r1, #3
 125 0034 1944     		add	r1, r1, r3
 126 0036 4FF05532 		mov	r2, #1431655765
 127 003a 043B     		subs	r3, r3, #4
 128              	.LVL3:
 129              	.L10:
 130              		.loc 1 301 0 is_stmt 0 discriminator 2
 131 003c 43F8042F 		str	r2, [r3, #4]!
 132              	.LVL4:
 133 0040 8B42     		cmp	r3, r1
 134 0042 FBD1     		bne	.L10
 135              	.LVL5:
 136              	.L9:
 137              	.LBE2:
 138              	.LBB3:
 139              		.loc 1 304 0 is_stmt 1
 140 0044 40F20003 		movw	r3, #:lower16:__process_stack_base__
 141 0048 C0F20003 		movt	r3, #:upper16:__process_stack_base__
 142 004c 8342     		cmp	r3, r0
 143 004e 0CD2     		bcs	.L8
 144 0050 3749     		ldr	r1, .L27
 145 0052 1A1D     		adds	r2, r3, #4
 146 0054 891A     		subs	r1, r1, r2
 147 0056 21F00301 		bic	r1, r1, #3
 148 005a 1944     		add	r1, r1, r3
 149 005c 4FF05532 		mov	r2, #1431655765
 150 0060 043B     		subs	r3, r3, #4
 151              	.LVL6:
 152              	.L13:
 153              		.loc 1 304 0 is_stmt 0 discriminator 2
 154 0062 43F8042F 		str	r2, [r3, #4]!
 155              	.LVL7:
 156 0066 8B42     		cmp	r3, r1
 157 0068 FBD1     		bne	.L13
 158              	.LVL8:
 159              	.L8:
 160              	.LBE3:
 161              		.loc 1 310 0 is_stmt 1
 162 006a FFF7FEFF 		bl	__early_init
ARM GAS  /tmp/ccLp8VSX.s 			page 4


 163              	.LVL9:
 164              	.LBB4:
 165              		.loc 1 319 0
 166 006e 40F20001 		movw	r1, #:lower16:_data
 167 0072 40F20003 		movw	r3, #:lower16:_edata
 168 0076 C0F20001 		movt	r1, #:upper16:_data
 169 007a C0F20003 		movt	r3, #:upper16:_edata
 170 007e 9942     		cmp	r1, r3
 171 0080 0ED2     		bcs	.L12
 172 0082 CC43     		mvns	r4, r1
 173 0084 1C44     		add	r4, r4, r3
 174 0086 24F00304 		bic	r4, r4, #3
 175 008a 40F20000 		movw	r0, #:lower16:_textdata
 176 008e 0434     		adds	r4, r4, #4
 177 0090 C0F20000 		movt	r0, #:upper16:_textdata
 178 0094 0023     		movs	r3, #0
 179              	.LVL10:
 180              	.L16:
 181              		.loc 1 320 0
 182 0096 C258     		ldr	r2, [r0, r3]
 183 0098 CA50     		str	r2, [r1, r3]
 184 009a 0433     		adds	r3, r3, #4
 185              	.LVL11:
 186              		.loc 1 319 0
 187 009c A342     		cmp	r3, r4
 188 009e FAD1     		bne	.L16
 189              	.LVL12:
 190              	.L12:
 191              	.LBE4:
 192              	.LBB5:
 193              		.loc 1 326 0
 194 00a0 40F20003 		movw	r3, #:lower16:_bss_start
 195 00a4 40F20002 		movw	r2, #:lower16:_bss_end
 196 00a8 C0F20003 		movt	r3, #:upper16:_bss_start
 197 00ac C0F20002 		movt	r2, #:upper16:_bss_end
 198 00b0 9342     		cmp	r3, r2
 199 00b2 0AD2     		bcs	.L15
 200 00b4 D943     		mvns	r1, r3
 201 00b6 1144     		add	r1, r1, r2
 202 00b8 21F00301 		bic	r1, r1, #3
 203 00bc 1944     		add	r1, r1, r3
 204 00be 0022     		movs	r2, #0
 205 00c0 043B     		subs	r3, r3, #4
 206              	.LVL13:
 207              	.L19:
 208              		.loc 1 326 0 is_stmt 0 discriminator 2
 209 00c2 43F8042F 		str	r2, [r3, #4]!
 210              	.LVL14:
 211 00c6 8B42     		cmp	r3, r1
 212 00c8 FBD1     		bne	.L19
 213              	.LVL15:
 214              	.L15:
 215              	.LBE5:
 216              		.loc 1 330 0 is_stmt 1
 217 00ca FFF7FEFF 		bl	__late_init
 218              	.LVL16:
 219              	.LBB6:
ARM GAS  /tmp/ccLp8VSX.s 			page 5


 220              		.loc 1 336 0
 221 00ce 40F20005 		movw	r5, #:lower16:__init_array_start
 222 00d2 40F20003 		movw	r3, #:lower16:__init_array_end
 223 00d6 C0F20005 		movt	r5, #:upper16:__init_array_start
 224 00da C0F20003 		movt	r3, #:upper16:__init_array_end
 225 00de 9D42     		cmp	r5, r3
 226 00e0 0BD2     		bcs	.L18
 227 00e2 EE43     		mvns	r6, r5
 228 00e4 1E44     		add	r6, r6, r3
 229 00e6 B608     		lsrs	r6, r6, #2
 230 00e8 0136     		adds	r6, r6, #1
 231 00ea 043D     		subs	r5, r5, #4
 232 00ec 0024     		movs	r4, #0
 233              	.LVL17:
 234              	.L22:
 235 00ee 0134     		adds	r4, r4, #1
 236              		.loc 1 337 0
 237 00f0 55F8043F 		ldr	r3, [r5, #4]!
 238              	.LVL18:
 239 00f4 9847     		blx	r3
 240              	.LVL19:
 241              		.loc 1 336 0
 242 00f6 B442     		cmp	r4, r6
 243 00f8 F9D1     		bne	.L22
 244              	.LVL20:
 245              	.L18:
 246              	.LBE6:
 247              		.loc 1 344 0
 248 00fa FFF7FEFF 		bl	main
 249              	.LVL21:
 250              	.LBB7:
 251              		.loc 1 350 0
 252 00fe 40F20005 		movw	r5, #:lower16:__fini_array_start
 253 0102 40F20003 		movw	r3, #:lower16:__fini_array_end
 254 0106 C0F20005 		movt	r5, #:upper16:__fini_array_start
 255 010a C0F20003 		movt	r3, #:upper16:__fini_array_end
 256 010e 9D42     		cmp	r5, r3
 257 0110 0BD2     		bcs	.L21
 258 0112 EE43     		mvns	r6, r5
 259 0114 1E44     		add	r6, r6, r3
 260 0116 B608     		lsrs	r6, r6, #2
 261 0118 0136     		adds	r6, r6, #1
 262 011a 043D     		subs	r5, r5, #4
 263 011c 0024     		movs	r4, #0
 264              	.LVL22:
 265              	.L23:
 266 011e 0134     		adds	r4, r4, #1
 267              		.loc 1 351 0
 268 0120 55F8043F 		ldr	r3, [r5, #4]!
 269              	.LVL23:
 270 0124 9847     		blx	r3
 271              	.LVL24:
 272              		.loc 1 350 0
 273 0126 B442     		cmp	r4, r6
 274 0128 F9D1     		bne	.L23
 275              	.LVL25:
 276              	.L21:
ARM GAS  /tmp/ccLp8VSX.s 			page 6


 277              	.LBE7:
 278              		.loc 1 358 0
 279 012a FFF7FEFF 		bl	_default_exit
 280              	.LVL26:
 281              		.loc 1 359 0
 282              	.L28:
 283 012e 00BF     		.align	2
 284              	.L27:
 285 0130 03000000 		.word	__process_stack_end__+3
 286              		.cfi_endproc
 287              	.LFE3:
 288              		.size	ResetHandler, .-ResetHandler
 289 0134 AFF30080 		.text
 289      AFF30080 
 289      AFF30080 
 290              	.Letext0:
 291              		.file 2 "/usr/include/newlib/machine/_default_types.h"
 292              		.file 3 "/usr/include/newlib/stdint.h"
 293              		.section	.debug_info,"",%progbits
 294              	.Ldebug_info0:
 295 0000 BB020000 		.4byte	0x2bb
 296 0004 0400     		.2byte	0x4
 297 0006 00000000 		.4byte	.Ldebug_abbrev0
 298 000a 04       		.byte	0x4
 299 000b 01       		.uleb128 0x1
 300 000c F9000000 		.4byte	.LASF31
 301 0010 01       		.byte	0x1
 302 0011 6E000000 		.4byte	.LASF32
 303 0015 31020000 		.4byte	.LASF33
 304 0019 00000000 		.4byte	.Ldebug_ranges0+0
 305 001d 00000000 		.4byte	0
 306 0021 00000000 		.4byte	.Ldebug_line0
 307 0025 02       		.uleb128 0x2
 308 0026 01       		.byte	0x1
 309 0027 06       		.byte	0x6
 310 0028 8B020000 		.4byte	.LASF0
 311 002c 03       		.uleb128 0x3
 312 002d 0B000000 		.4byte	.LASF5
 313 0031 02       		.byte	0x2
 314 0032 1C       		.byte	0x1c
 315 0033 37000000 		.4byte	0x37
 316 0037 02       		.uleb128 0x2
 317 0038 01       		.byte	0x1
 318 0039 08       		.byte	0x8
 319 003a 54000000 		.4byte	.LASF1
 320 003e 02       		.uleb128 0x2
 321 003f 02       		.byte	0x2
 322 0040 05       		.byte	0x5
 323 0041 07020000 		.4byte	.LASF2
 324 0045 02       		.uleb128 0x2
 325 0046 02       		.byte	0x2
 326 0047 07       		.byte	0x7
 327 0048 9C000000 		.4byte	.LASF3
 328 004c 02       		.uleb128 0x2
 329 004d 04       		.byte	0x4
 330 004e 05       		.byte	0x5
 331 004f 22020000 		.4byte	.LASF4
ARM GAS  /tmp/ccLp8VSX.s 			page 7


 332 0053 03       		.uleb128 0x3
 333 0054 EE000000 		.4byte	.LASF6
 334 0058 02       		.byte	0x2
 335 0059 38       		.byte	0x38
 336 005a 5E000000 		.4byte	0x5e
 337 005e 02       		.uleb128 0x2
 338 005f 04       		.byte	0x4
 339 0060 07       		.byte	0x7
 340 0061 DC000000 		.4byte	.LASF7
 341 0065 02       		.uleb128 0x2
 342 0066 08       		.byte	0x8
 343 0067 05       		.byte	0x5
 344 0068 DE010000 		.4byte	.LASF8
 345 006c 02       		.uleb128 0x2
 346 006d 08       		.byte	0x8
 347 006e 07       		.byte	0x7
 348 006f A8010000 		.4byte	.LASF9
 349 0073 04       		.uleb128 0x4
 350 0074 04       		.byte	0x4
 351 0075 05       		.byte	0x5
 352 0076 696E7400 		.ascii	"int\000"
 353 007a 02       		.uleb128 0x2
 354 007b 04       		.byte	0x4
 355 007c 07       		.byte	0x7
 356 007d 9B010000 		.4byte	.LASF10
 357 0081 03       		.uleb128 0x3
 358 0082 BF010000 		.4byte	.LASF11
 359 0086 03       		.byte	0x3
 360 0087 2A       		.byte	0x2a
 361 0088 2C000000 		.4byte	0x2c
 362 008c 03       		.uleb128 0x3
 363 008d 19020000 		.4byte	.LASF12
 364 0091 03       		.byte	0x3
 365 0092 42       		.byte	0x42
 366 0093 53000000 		.4byte	0x53
 367 0097 03       		.uleb128 0x3
 368 0098 11020000 		.4byte	.LASF13
 369 009c 01       		.byte	0x1
 370 009d 34       		.byte	0x34
 371 009e A2000000 		.4byte	0xa2
 372 00a2 05       		.uleb128 0x5
 373 00a3 04       		.byte	0x4
 374 00a4 A8000000 		.4byte	0xa8
 375 00a8 06       		.uleb128 0x6
 376 00a9 03       		.uleb128 0x3
 377 00aa 3D000000 		.4byte	.LASF14
 378 00ae 01       		.byte	0x1
 379 00af 35       		.byte	0x35
 380 00b0 B4000000 		.4byte	0xb4
 381 00b4 05       		.uleb128 0x5
 382 00b5 04       		.byte	0x4
 383 00b6 97000000 		.4byte	0x97
 384 00ba 07       		.uleb128 0x7
 385 00bb D1010000 		.4byte	.LASF15
 386 00bf 01       		.byte	0x1
 387 00c0 EA       		.byte	0xea
 388 00c1 00000000 		.4byte	.LFB0
ARM GAS  /tmp/ccLp8VSX.s 			page 8


 389 00c5 02000000 		.4byte	.LFE0-.LFB0
 390 00c9 01       		.uleb128 0x1
 391 00ca 9C       		.byte	0x9c
 392 00cb 07       		.uleb128 0x7
 393 00cc 62000000 		.4byte	.LASF16
 394 00d0 01       		.byte	0x1
 395 00d1 F6       		.byte	0xf6
 396 00d2 00000000 		.4byte	.LFB1
 397 00d6 02000000 		.4byte	.LFE1-.LFB1
 398 00da 01       		.uleb128 0x1
 399 00db 9C       		.byte	0x9c
 400 00dc 08       		.uleb128 0x8
 401 00dd 46000000 		.4byte	.LASF17
 402 00e1 01       		.byte	0x1
 403 00e2 0101     		.2byte	0x101
 404 00e4 00000000 		.4byte	.LFB2
 405 00e8 02000000 		.4byte	.LFE2-.LFB2
 406 00ec 01       		.uleb128 0x1
 407 00ed 9C       		.byte	0x9c
 408 00ee 09       		.uleb128 0x9
 409 00ef 8F000000 		.4byte	.LASF34
 410 00f3 01       		.byte	0x1
 411 00f4 0C01     		.2byte	0x10c
 412 00f6 00000000 		.4byte	.LFB3
 413 00fa 34010000 		.4byte	.LFE3-.LFB3
 414 00fe 01       		.uleb128 0x1
 415 00ff 9C       		.byte	0x9c
 416 0100 22020000 		.4byte	0x222
 417 0104 0A       		.uleb128 0xa
 418 0105 70737000 		.ascii	"psp\000"
 419 0109 01       		.byte	0x1
 420 010a 0D01     		.2byte	0x10d
 421 010c 8C000000 		.4byte	0x8c
 422 0110 0B       		.uleb128 0xb
 423 0111 72656700 		.ascii	"reg\000"
 424 0115 01       		.byte	0x1
 425 0116 0D01     		.2byte	0x10d
 426 0118 8C000000 		.4byte	0x8c
 427 011c 02       		.byte	0x2
 428 011d 0C       		.uleb128 0xc
 429 011e 18000000 		.4byte	.LBB2
 430 0122 2C000000 		.4byte	.LBE2-.LBB2
 431 0126 45010000 		.4byte	0x145
 432 012a 0D       		.uleb128 0xd
 433 012b 703100   		.ascii	"p1\000"
 434 012e 01       		.byte	0x1
 435 012f 2D01     		.2byte	0x12d
 436 0131 22020000 		.4byte	0x222
 437 0135 00000000 		.4byte	.LLST0
 438 0139 0A       		.uleb128 0xa
 439 013a 703200   		.ascii	"p2\000"
 440 013d 01       		.byte	0x1
 441 013e 2D01     		.2byte	0x12d
 442 0140 22020000 		.4byte	0x222
 443 0144 00       		.byte	0
 444 0145 0C       		.uleb128 0xc
 445 0146 44000000 		.4byte	.LBB3
ARM GAS  /tmp/ccLp8VSX.s 			page 9


 446 014a 26000000 		.4byte	.LBE3-.LBB3
 447 014e 6D010000 		.4byte	0x16d
 448 0152 0D       		.uleb128 0xd
 449 0153 703100   		.ascii	"p1\000"
 450 0156 01       		.byte	0x1
 451 0157 3001     		.2byte	0x130
 452 0159 22020000 		.4byte	0x222
 453 015d 22000000 		.4byte	.LLST1
 454 0161 0A       		.uleb128 0xa
 455 0162 703200   		.ascii	"p2\000"
 456 0165 01       		.byte	0x1
 457 0166 3001     		.2byte	0x130
 458 0168 22020000 		.4byte	0x222
 459 016c 00       		.byte	0
 460 016d 0C       		.uleb128 0xc
 461 016e 6E000000 		.4byte	.LBB4
 462 0172 32000000 		.4byte	.LBE4-.LBB4
 463 0176 99010000 		.4byte	0x199
 464 017a 0D       		.uleb128 0xd
 465 017b 747000   		.ascii	"tp\000"
 466 017e 01       		.byte	0x1
 467 017f 3B01     		.2byte	0x13b
 468 0181 22020000 		.4byte	0x222
 469 0185 44000000 		.4byte	.LLST2
 470 0189 0D       		.uleb128 0xd
 471 018a 647000   		.ascii	"dp\000"
 472 018d 01       		.byte	0x1
 473 018e 3B01     		.2byte	0x13b
 474 0190 22020000 		.4byte	0x222
 475 0194 44000000 		.4byte	.LLST2
 476 0198 00       		.byte	0
 477 0199 0C       		.uleb128 0xc
 478 019a A0000000 		.4byte	.LBB5
 479 019e 2A000000 		.4byte	.LBE5-.LBB5
 480 01a2 C1010000 		.4byte	0x1c1
 481 01a6 0D       		.uleb128 0xd
 482 01a7 703100   		.ascii	"p1\000"
 483 01aa 01       		.byte	0x1
 484 01ab 4601     		.2byte	0x146
 485 01ad 22020000 		.4byte	0x222
 486 01b1 66000000 		.4byte	.LLST4
 487 01b5 0A       		.uleb128 0xa
 488 01b6 703200   		.ascii	"p2\000"
 489 01b9 01       		.byte	0x1
 490 01ba 4601     		.2byte	0x146
 491 01bc 22020000 		.4byte	0x222
 492 01c0 00       		.byte	0
 493 01c1 0C       		.uleb128 0xc
 494 01c2 CE000000 		.4byte	.LBB6
 495 01c6 2C000000 		.4byte	.LBE6-.LBB6
 496 01ca DF010000 		.4byte	0x1df
 497 01ce 0D       		.uleb128 0xd
 498 01cf 66707000 		.ascii	"fpp\000"
 499 01d3 01       		.byte	0x1
 500 01d4 4F01     		.2byte	0x14f
 501 01d6 A9000000 		.4byte	0xa9
 502 01da 88000000 		.4byte	.LLST5
ARM GAS  /tmp/ccLp8VSX.s 			page 10


 503 01de 00       		.byte	0
 504 01df 0C       		.uleb128 0xc
 505 01e0 FE000000 		.4byte	.LBB7
 506 01e4 2C000000 		.4byte	.LBE7-.LBB7
 507 01e8 FD010000 		.4byte	0x1fd
 508 01ec 0D       		.uleb128 0xd
 509 01ed 66707000 		.ascii	"fpp\000"
 510 01f1 01       		.byte	0x1
 511 01f2 5D01     		.2byte	0x15d
 512 01f4 A9000000 		.4byte	0xa9
 513 01f8 B5000000 		.4byte	.LLST6
 514 01fc 00       		.byte	0
 515 01fd 0E       		.uleb128 0xe
 516 01fe 6E000000 		.4byte	.LVL9
 517 0202 BA000000 		.4byte	0xba
 518 0206 0E       		.uleb128 0xe
 519 0207 CE000000 		.4byte	.LVL16
 520 020b CB000000 		.4byte	0xcb
 521 020f 0E       		.uleb128 0xe
 522 0210 FE000000 		.4byte	.LVL21
 523 0214 B7020000 		.4byte	0x2b7
 524 0218 0E       		.uleb128 0xe
 525 0219 2E010000 		.4byte	.LVL26
 526 021d DC000000 		.4byte	0xdc
 527 0221 00       		.byte	0
 528 0222 05       		.uleb128 0x5
 529 0223 04       		.byte	0x4
 530 0224 8C000000 		.4byte	0x8c
 531 0228 0F       		.uleb128 0xf
 532 0229 F3010000 		.4byte	.LASF18
 533 022d 01       		.byte	0x1
 534 022e 8B       		.byte	0x8b
 535 022f 8C000000 		.4byte	0x8c
 536 0233 0F       		.uleb128 0xf
 537 0234 C0020000 		.4byte	.LASF19
 538 0238 01       		.byte	0x1
 539 0239 93       		.byte	0x93
 540 023a 8C000000 		.4byte	0x8c
 541 023e 0F       		.uleb128 0xf
 542 023f 26000000 		.4byte	.LASF20
 543 0243 01       		.byte	0x1
 544 0244 9A       		.byte	0x9a
 545 0245 8C000000 		.4byte	0x8c
 546 0249 0F       		.uleb128 0xf
 547 024a 97020000 		.4byte	.LASF21
 548 024e 01       		.byte	0x1
 549 024f A1       		.byte	0xa1
 550 0250 8C000000 		.4byte	0x8c
 551 0254 0F       		.uleb128 0xf
 552 0255 C7010000 		.4byte	.LASF22
 553 0259 01       		.byte	0x1
 554 025a A7       		.byte	0xa7
 555 025b 8C000000 		.4byte	0x8c
 556 025f 0F       		.uleb128 0xf
 557 0260 2B020000 		.4byte	.LASF23
 558 0264 01       		.byte	0x1
 559 0265 AD       		.byte	0xad
ARM GAS  /tmp/ccLp8VSX.s 			page 11


 560 0266 8C000000 		.4byte	0x8c
 561 026a 0F       		.uleb128 0xf
 562 026b EC010000 		.4byte	.LASF24
 563 026f 01       		.byte	0x1
 564 0270 B3       		.byte	0xb3
 565 0271 8C000000 		.4byte	0x8c
 566 0275 0F       		.uleb128 0xf
 567 0276 00000000 		.4byte	.LASF25
 568 027a 01       		.byte	0x1
 569 027b B9       		.byte	0xb9
 570 027c 8C000000 		.4byte	0x8c
 571 0280 0F       		.uleb128 0xf
 572 0281 C2000000 		.4byte	.LASF26
 573 0285 01       		.byte	0x1
 574 0286 BF       		.byte	0xbf
 575 0287 8C000000 		.4byte	0x8c
 576 028b 0F       		.uleb128 0xf
 577 028c AD020000 		.4byte	.LASF27
 578 0290 01       		.byte	0x1
 579 0291 C5       		.byte	0xc5
 580 0292 97000000 		.4byte	0x97
 581 0296 0F       		.uleb128 0xf
 582 0297 CB000000 		.4byte	.LASF28
 583 029b 01       		.byte	0x1
 584 029c CB       		.byte	0xcb
 585 029d 97000000 		.4byte	0x97
 586 02a1 0F       		.uleb128 0xf
 587 02a2 AF000000 		.4byte	.LASF29
 588 02a6 01       		.byte	0x1
 589 02a7 D1       		.byte	0xd1
 590 02a8 97000000 		.4byte	0x97
 591 02ac 0F       		.uleb128 0xf
 592 02ad 15000000 		.4byte	.LASF30
 593 02b1 01       		.byte	0x1
 594 02b2 D7       		.byte	0xd7
 595 02b3 97000000 		.4byte	0x97
 596 02b7 10       		.uleb128 0x10
 597 02b8 96010000 		.4byte	.LASF35
 598 02bc 01       		.byte	0x1
 599 02bd DE       		.byte	0xde
 600 02be 00       		.byte	0
 601              		.section	.debug_abbrev,"",%progbits
 602              	.Ldebug_abbrev0:
 603 0000 01       		.uleb128 0x1
 604 0001 11       		.uleb128 0x11
 605 0002 01       		.byte	0x1
 606 0003 25       		.uleb128 0x25
 607 0004 0E       		.uleb128 0xe
 608 0005 13       		.uleb128 0x13
 609 0006 0B       		.uleb128 0xb
 610 0007 03       		.uleb128 0x3
 611 0008 0E       		.uleb128 0xe
 612 0009 1B       		.uleb128 0x1b
 613 000a 0E       		.uleb128 0xe
 614 000b 55       		.uleb128 0x55
 615 000c 17       		.uleb128 0x17
 616 000d 11       		.uleb128 0x11
ARM GAS  /tmp/ccLp8VSX.s 			page 12


 617 000e 01       		.uleb128 0x1
 618 000f 10       		.uleb128 0x10
 619 0010 17       		.uleb128 0x17
 620 0011 00       		.byte	0
 621 0012 00       		.byte	0
 622 0013 02       		.uleb128 0x2
 623 0014 24       		.uleb128 0x24
 624 0015 00       		.byte	0
 625 0016 0B       		.uleb128 0xb
 626 0017 0B       		.uleb128 0xb
 627 0018 3E       		.uleb128 0x3e
 628 0019 0B       		.uleb128 0xb
 629 001a 03       		.uleb128 0x3
 630 001b 0E       		.uleb128 0xe
 631 001c 00       		.byte	0
 632 001d 00       		.byte	0
 633 001e 03       		.uleb128 0x3
 634 001f 16       		.uleb128 0x16
 635 0020 00       		.byte	0
 636 0021 03       		.uleb128 0x3
 637 0022 0E       		.uleb128 0xe
 638 0023 3A       		.uleb128 0x3a
 639 0024 0B       		.uleb128 0xb
 640 0025 3B       		.uleb128 0x3b
 641 0026 0B       		.uleb128 0xb
 642 0027 49       		.uleb128 0x49
 643 0028 13       		.uleb128 0x13
 644 0029 00       		.byte	0
 645 002a 00       		.byte	0
 646 002b 04       		.uleb128 0x4
 647 002c 24       		.uleb128 0x24
 648 002d 00       		.byte	0
 649 002e 0B       		.uleb128 0xb
 650 002f 0B       		.uleb128 0xb
 651 0030 3E       		.uleb128 0x3e
 652 0031 0B       		.uleb128 0xb
 653 0032 03       		.uleb128 0x3
 654 0033 08       		.uleb128 0x8
 655 0034 00       		.byte	0
 656 0035 00       		.byte	0
 657 0036 05       		.uleb128 0x5
 658 0037 0F       		.uleb128 0xf
 659 0038 00       		.byte	0
 660 0039 0B       		.uleb128 0xb
 661 003a 0B       		.uleb128 0xb
 662 003b 49       		.uleb128 0x49
 663 003c 13       		.uleb128 0x13
 664 003d 00       		.byte	0
 665 003e 00       		.byte	0
 666 003f 06       		.uleb128 0x6
 667 0040 15       		.uleb128 0x15
 668 0041 00       		.byte	0
 669 0042 27       		.uleb128 0x27
 670 0043 19       		.uleb128 0x19
 671 0044 00       		.byte	0
 672 0045 00       		.byte	0
 673 0046 07       		.uleb128 0x7
ARM GAS  /tmp/ccLp8VSX.s 			page 13


 674 0047 2E       		.uleb128 0x2e
 675 0048 00       		.byte	0
 676 0049 3F       		.uleb128 0x3f
 677 004a 19       		.uleb128 0x19
 678 004b 03       		.uleb128 0x3
 679 004c 0E       		.uleb128 0xe
 680 004d 3A       		.uleb128 0x3a
 681 004e 0B       		.uleb128 0xb
 682 004f 3B       		.uleb128 0x3b
 683 0050 0B       		.uleb128 0xb
 684 0051 27       		.uleb128 0x27
 685 0052 19       		.uleb128 0x19
 686 0053 11       		.uleb128 0x11
 687 0054 01       		.uleb128 0x1
 688 0055 12       		.uleb128 0x12
 689 0056 06       		.uleb128 0x6
 690 0057 40       		.uleb128 0x40
 691 0058 18       		.uleb128 0x18
 692 0059 9742     		.uleb128 0x2117
 693 005b 19       		.uleb128 0x19
 694 005c 00       		.byte	0
 695 005d 00       		.byte	0
 696 005e 08       		.uleb128 0x8
 697 005f 2E       		.uleb128 0x2e
 698 0060 00       		.byte	0
 699 0061 3F       		.uleb128 0x3f
 700 0062 19       		.uleb128 0x19
 701 0063 03       		.uleb128 0x3
 702 0064 0E       		.uleb128 0xe
 703 0065 3A       		.uleb128 0x3a
 704 0066 0B       		.uleb128 0xb
 705 0067 3B       		.uleb128 0x3b
 706 0068 05       		.uleb128 0x5
 707 0069 27       		.uleb128 0x27
 708 006a 19       		.uleb128 0x19
 709 006b 11       		.uleb128 0x11
 710 006c 01       		.uleb128 0x1
 711 006d 12       		.uleb128 0x12
 712 006e 06       		.uleb128 0x6
 713 006f 40       		.uleb128 0x40
 714 0070 18       		.uleb128 0x18
 715 0071 9742     		.uleb128 0x2117
 716 0073 19       		.uleb128 0x19
 717 0074 00       		.byte	0
 718 0075 00       		.byte	0
 719 0076 09       		.uleb128 0x9
 720 0077 2E       		.uleb128 0x2e
 721 0078 01       		.byte	0x1
 722 0079 3F       		.uleb128 0x3f
 723 007a 19       		.uleb128 0x19
 724 007b 03       		.uleb128 0x3
 725 007c 0E       		.uleb128 0xe
 726 007d 3A       		.uleb128 0x3a
 727 007e 0B       		.uleb128 0xb
 728 007f 3B       		.uleb128 0x3b
 729 0080 05       		.uleb128 0x5
 730 0081 27       		.uleb128 0x27
ARM GAS  /tmp/ccLp8VSX.s 			page 14


 731 0082 19       		.uleb128 0x19
 732 0083 11       		.uleb128 0x11
 733 0084 01       		.uleb128 0x1
 734 0085 12       		.uleb128 0x12
 735 0086 06       		.uleb128 0x6
 736 0087 40       		.uleb128 0x40
 737 0088 18       		.uleb128 0x18
 738 0089 9642     		.uleb128 0x2116
 739 008b 19       		.uleb128 0x19
 740 008c 01       		.uleb128 0x1
 741 008d 13       		.uleb128 0x13
 742 008e 00       		.byte	0
 743 008f 00       		.byte	0
 744 0090 0A       		.uleb128 0xa
 745 0091 34       		.uleb128 0x34
 746 0092 00       		.byte	0
 747 0093 03       		.uleb128 0x3
 748 0094 08       		.uleb128 0x8
 749 0095 3A       		.uleb128 0x3a
 750 0096 0B       		.uleb128 0xb
 751 0097 3B       		.uleb128 0x3b
 752 0098 05       		.uleb128 0x5
 753 0099 49       		.uleb128 0x49
 754 009a 13       		.uleb128 0x13
 755 009b 00       		.byte	0
 756 009c 00       		.byte	0
 757 009d 0B       		.uleb128 0xb
 758 009e 34       		.uleb128 0x34
 759 009f 00       		.byte	0
 760 00a0 03       		.uleb128 0x3
 761 00a1 08       		.uleb128 0x8
 762 00a2 3A       		.uleb128 0x3a
 763 00a3 0B       		.uleb128 0xb
 764 00a4 3B       		.uleb128 0x3b
 765 00a5 05       		.uleb128 0x5
 766 00a6 49       		.uleb128 0x49
 767 00a7 13       		.uleb128 0x13
 768 00a8 1C       		.uleb128 0x1c
 769 00a9 0B       		.uleb128 0xb
 770 00aa 00       		.byte	0
 771 00ab 00       		.byte	0
 772 00ac 0C       		.uleb128 0xc
 773 00ad 0B       		.uleb128 0xb
 774 00ae 01       		.byte	0x1
 775 00af 11       		.uleb128 0x11
 776 00b0 01       		.uleb128 0x1
 777 00b1 12       		.uleb128 0x12
 778 00b2 06       		.uleb128 0x6
 779 00b3 01       		.uleb128 0x1
 780 00b4 13       		.uleb128 0x13
 781 00b5 00       		.byte	0
 782 00b6 00       		.byte	0
 783 00b7 0D       		.uleb128 0xd
 784 00b8 34       		.uleb128 0x34
 785 00b9 00       		.byte	0
 786 00ba 03       		.uleb128 0x3
 787 00bb 08       		.uleb128 0x8
ARM GAS  /tmp/ccLp8VSX.s 			page 15


 788 00bc 3A       		.uleb128 0x3a
 789 00bd 0B       		.uleb128 0xb
 790 00be 3B       		.uleb128 0x3b
 791 00bf 05       		.uleb128 0x5
 792 00c0 49       		.uleb128 0x49
 793 00c1 13       		.uleb128 0x13
 794 00c2 02       		.uleb128 0x2
 795 00c3 17       		.uleb128 0x17
 796 00c4 00       		.byte	0
 797 00c5 00       		.byte	0
 798 00c6 0E       		.uleb128 0xe
 799 00c7 898201   		.uleb128 0x4109
 800 00ca 00       		.byte	0
 801 00cb 11       		.uleb128 0x11
 802 00cc 01       		.uleb128 0x1
 803 00cd 31       		.uleb128 0x31
 804 00ce 13       		.uleb128 0x13
 805 00cf 00       		.byte	0
 806 00d0 00       		.byte	0
 807 00d1 0F       		.uleb128 0xf
 808 00d2 34       		.uleb128 0x34
 809 00d3 00       		.byte	0
 810 00d4 03       		.uleb128 0x3
 811 00d5 0E       		.uleb128 0xe
 812 00d6 3A       		.uleb128 0x3a
 813 00d7 0B       		.uleb128 0xb
 814 00d8 3B       		.uleb128 0x3b
 815 00d9 0B       		.uleb128 0xb
 816 00da 49       		.uleb128 0x49
 817 00db 13       		.uleb128 0x13
 818 00dc 3F       		.uleb128 0x3f
 819 00dd 19       		.uleb128 0x19
 820 00de 3C       		.uleb128 0x3c
 821 00df 19       		.uleb128 0x19
 822 00e0 00       		.byte	0
 823 00e1 00       		.byte	0
 824 00e2 10       		.uleb128 0x10
 825 00e3 2E       		.uleb128 0x2e
 826 00e4 00       		.byte	0
 827 00e5 3F       		.uleb128 0x3f
 828 00e6 19       		.uleb128 0x19
 829 00e7 03       		.uleb128 0x3
 830 00e8 0E       		.uleb128 0xe
 831 00e9 3A       		.uleb128 0x3a
 832 00ea 0B       		.uleb128 0xb
 833 00eb 3B       		.uleb128 0x3b
 834 00ec 0B       		.uleb128 0xb
 835 00ed 27       		.uleb128 0x27
 836 00ee 19       		.uleb128 0x19
 837 00ef 3C       		.uleb128 0x3c
 838 00f0 19       		.uleb128 0x19
 839 00f1 00       		.byte	0
 840 00f2 00       		.byte	0
 841 00f3 00       		.byte	0
 842              		.section	.debug_loc,"",%progbits
 843              	.Ldebug_loc0:
 844              	.LLST0:
ARM GAS  /tmp/ccLp8VSX.s 			page 16


 845 0000 3C000000 		.4byte	.LVL3
 846 0004 40000000 		.4byte	.LVL4
 847 0008 0300     		.2byte	0x3
 848 000a 73       		.byte	0x73
 849 000b 08       		.sleb128 8
 850 000c 9F       		.byte	0x9f
 851 000d 40000000 		.4byte	.LVL4
 852 0011 44000000 		.4byte	.LVL5
 853 0015 0300     		.2byte	0x3
 854 0017 73       		.byte	0x73
 855 0018 04       		.sleb128 4
 856 0019 9F       		.byte	0x9f
 857 001a 00000000 		.4byte	0
 858 001e 00000000 		.4byte	0
 859              	.LLST1:
 860 0022 62000000 		.4byte	.LVL6
 861 0026 66000000 		.4byte	.LVL7
 862 002a 0300     		.2byte	0x3
 863 002c 73       		.byte	0x73
 864 002d 08       		.sleb128 8
 865 002e 9F       		.byte	0x9f
 866 002f 66000000 		.4byte	.LVL7
 867 0033 6A000000 		.4byte	.LVL8
 868 0037 0300     		.2byte	0x3
 869 0039 73       		.byte	0x73
 870 003a 04       		.sleb128 4
 871 003b 9F       		.byte	0x9f
 872 003c 00000000 		.4byte	0
 873 0040 00000000 		.4byte	0
 874              	.LLST2:
 875 0044 96000000 		.4byte	.LVL10
 876 0048 9C000000 		.4byte	.LVL11
 877 004c 0300     		.2byte	0x3
 878 004e 73       		.byte	0x73
 879 004f 00       		.sleb128 0
 880 0050 9F       		.byte	0x9f
 881 0051 9C000000 		.4byte	.LVL11
 882 0055 A0000000 		.4byte	.LVL12
 883 0059 0300     		.2byte	0x3
 884 005b 73       		.byte	0x73
 885 005c 00       		.sleb128 0
 886 005d 9F       		.byte	0x9f
 887 005e 00000000 		.4byte	0
 888 0062 00000000 		.4byte	0
 889              	.LLST4:
 890 0066 C2000000 		.4byte	.LVL13
 891 006a C6000000 		.4byte	.LVL14
 892 006e 0300     		.2byte	0x3
 893 0070 73       		.byte	0x73
 894 0071 08       		.sleb128 8
 895 0072 9F       		.byte	0x9f
 896 0073 C6000000 		.4byte	.LVL14
 897 0077 CA000000 		.4byte	.LVL15
 898 007b 0300     		.2byte	0x3
 899 007d 73       		.byte	0x73
 900 007e 04       		.sleb128 4
 901 007f 9F       		.byte	0x9f
ARM GAS  /tmp/ccLp8VSX.s 			page 17


 902 0080 00000000 		.4byte	0
 903 0084 00000000 		.4byte	0
 904              	.LLST5:
 905 0088 EE000000 		.4byte	.LVL17
 906 008c F4000000 		.4byte	.LVL18
 907 0090 0300     		.2byte	0x3
 908 0092 75       		.byte	0x75
 909 0093 04       		.sleb128 4
 910 0094 9F       		.byte	0x9f
 911 0095 F4000000 		.4byte	.LVL18
 912 0099 F6000000 		.4byte	.LVL19
 913 009d 0100     		.2byte	0x1
 914 009f 55       		.byte	0x55
 915 00a0 F6000000 		.4byte	.LVL19
 916 00a4 FA000000 		.4byte	.LVL20
 917 00a8 0300     		.2byte	0x3
 918 00aa 75       		.byte	0x75
 919 00ab 04       		.sleb128 4
 920 00ac 9F       		.byte	0x9f
 921 00ad 00000000 		.4byte	0
 922 00b1 00000000 		.4byte	0
 923              	.LLST6:
 924 00b5 1E010000 		.4byte	.LVL22
 925 00b9 24010000 		.4byte	.LVL23
 926 00bd 0300     		.2byte	0x3
 927 00bf 75       		.byte	0x75
 928 00c0 04       		.sleb128 4
 929 00c1 9F       		.byte	0x9f
 930 00c2 24010000 		.4byte	.LVL23
 931 00c6 26010000 		.4byte	.LVL24
 932 00ca 0100     		.2byte	0x1
 933 00cc 55       		.byte	0x55
 934 00cd 26010000 		.4byte	.LVL24
 935 00d1 2A010000 		.4byte	.LVL25
 936 00d5 0300     		.2byte	0x3
 937 00d7 75       		.byte	0x75
 938 00d8 04       		.sleb128 4
 939 00d9 9F       		.byte	0x9f
 940 00da 00000000 		.4byte	0
 941 00de 00000000 		.4byte	0
 942              		.section	.debug_aranges,"",%progbits
 943 0000 34000000 		.4byte	0x34
 944 0004 0200     		.2byte	0x2
 945 0006 00000000 		.4byte	.Ldebug_info0
 946 000a 04       		.byte	0x4
 947 000b 00       		.byte	0
 948 000c 0000     		.2byte	0
 949 000e 0000     		.2byte	0
 950 0010 00000000 		.4byte	.LFB0
 951 0014 02000000 		.4byte	.LFE0-.LFB0
 952 0018 00000000 		.4byte	.LFB1
 953 001c 02000000 		.4byte	.LFE1-.LFB1
 954 0020 00000000 		.4byte	.LFB2
 955 0024 02000000 		.4byte	.LFE2-.LFB2
 956 0028 00000000 		.4byte	.LFB3
 957 002c 34010000 		.4byte	.LFE3-.LFB3
 958 0030 00000000 		.4byte	0
ARM GAS  /tmp/ccLp8VSX.s 			page 18


 959 0034 00000000 		.4byte	0
 960              		.section	.debug_ranges,"",%progbits
 961              	.Ldebug_ranges0:
 962 0000 00000000 		.4byte	.LFB0
 963 0004 02000000 		.4byte	.LFE0
 964 0008 00000000 		.4byte	.LFB1
 965 000c 02000000 		.4byte	.LFE1
 966 0010 00000000 		.4byte	.LFB2
 967 0014 02000000 		.4byte	.LFE2
 968 0018 00000000 		.4byte	.LFB3
 969 001c 34010000 		.4byte	.LFE3
 970 0020 00000000 		.4byte	0
 971 0024 00000000 		.4byte	0
 972              		.section	.debug_line,"",%progbits
 973              	.Ldebug_line0:
 974 0000 00010000 		.section	.debug_str,"MS",%progbits,1
 974      02008700 
 974      00000201 
 974      FB0E0D00 
 974      01010101 
 975              	.LASF25:
 976 0000 5F627373 		.ascii	"_bss_start\000"
 976      5F737461 
 976      727400
 977              	.LASF5:
 978 000b 5F5F7569 		.ascii	"__uint8_t\000"
 978      6E74385F 
 978      7400
 979              	.LASF30:
 980 0015 5F5F6669 		.ascii	"__fini_array_end\000"
 980      6E695F61 
 980      72726179 
 980      5F656E64 
 980      00
 981              	.LASF20:
 982 0026 5F5F7072 		.ascii	"__process_stack_base__\000"
 982      6F636573 
 982      735F7374 
 982      61636B5F 
 982      62617365 
 983              	.LASF14:
 984 003d 66756E63 		.ascii	"funcpp_t\000"
 984      70705F74 
 984      00
 985              	.LASF17:
 986 0046 5F646566 		.ascii	"_default_exit\000"
 986      61756C74 
 986      5F657869 
 986      7400
 987              	.LASF1:
 988 0054 756E7369 		.ascii	"unsigned char\000"
 988      676E6564 
 988      20636861 
 988      7200
 989              	.LASF16:
 990 0062 5F5F6C61 		.ascii	"__late_init\000"
 990      74655F69 
ARM GAS  /tmp/ccLp8VSX.s 			page 19


 990      6E697400 
 991              	.LASF32:
 992 006e 2E2E2F2E 		.ascii	"../../os/ports/GCC/ARMCMx/crt0.c\000"
 992      2E2F6F73 
 992      2F706F72 
 992      74732F47 
 992      43432F41 
 993              	.LASF34:
 994 008f 52657365 		.ascii	"ResetHandler\000"
 994      7448616E 
 994      646C6572 
 994      00
 995              	.LASF3:
 996 009c 73686F72 		.ascii	"short unsigned int\000"
 996      7420756E 
 996      7369676E 
 996      65642069 
 996      6E7400
 997              	.LASF29:
 998 00af 5F5F6669 		.ascii	"__fini_array_start\000"
 998      6E695F61 
 998      72726179 
 998      5F737461 
 998      727400
 999              	.LASF26:
 1000 00c2 5F627373 		.ascii	"_bss_end\000"
 1000      5F656E64 
 1000      00
 1001              	.LASF28:
 1002 00cb 5F5F696E 		.ascii	"__init_array_end\000"
 1002      69745F61 
 1002      72726179 
 1002      5F656E64 
 1002      00
 1003              	.LASF7:
 1004 00dc 6C6F6E67 		.ascii	"long unsigned int\000"
 1004      20756E73 
 1004      69676E65 
 1004      6420696E 
 1004      7400
 1005              	.LASF6:
 1006 00ee 5F5F7569 		.ascii	"__uint32_t\000"
 1006      6E743332 
 1006      5F7400
 1007              	.LASF31:
 1008 00f9 474E5520 		.ascii	"GNU C 4.8.2 -mcpu=cortex-m4 -mno-thumb-interwork -m"
 1008      4320342E 
 1008      382E3220 
 1008      2D6D6370 
 1008      753D636F 
 1009 012c 7468756D 		.ascii	"thumb -ggdb -O2 -fomit-frame-pointer -falign-functi"
 1009      62202D67 
 1009      67646220 
 1009      2D4F3220 
 1009      2D666F6D 
 1010 015f 6F6E733D 		.ascii	"ons=16 -ffunction-sections -fdata-sections -fno-com"
 1010      3136202D 
ARM GAS  /tmp/ccLp8VSX.s 			page 20


 1010      6666756E 
 1010      6374696F 
 1010      6E2D7365 
 1011 0192 6D6F6E00 		.ascii	"mon\000"
 1012              	.LASF35:
 1013 0196 6D61696E 		.ascii	"main\000"
 1013      00
 1014              	.LASF10:
 1015 019b 756E7369 		.ascii	"unsigned int\000"
 1015      676E6564 
 1015      20696E74 
 1015      00
 1016              	.LASF9:
 1017 01a8 6C6F6E67 		.ascii	"long long unsigned int\000"
 1017      206C6F6E 
 1017      6720756E 
 1017      7369676E 
 1017      65642069 
 1018              	.LASF11:
 1019 01bf 75696E74 		.ascii	"uint8_t\000"
 1019      385F7400 
 1020              	.LASF22:
 1021 01c7 5F746578 		.ascii	"_textdata\000"
 1021      74646174 
 1021      6100
 1022              	.LASF15:
 1023 01d1 5F5F6561 		.ascii	"__early_init\000"
 1023      726C795F 
 1023      696E6974 
 1023      00
 1024              	.LASF8:
 1025 01de 6C6F6E67 		.ascii	"long long int\000"
 1025      206C6F6E 
 1025      6720696E 
 1025      7400
 1026              	.LASF24:
 1027 01ec 5F656461 		.ascii	"_edata\000"
 1027      746100
 1028              	.LASF18:
 1029 01f3 5F5F6D61 		.ascii	"__main_stack_base__\000"
 1029      696E5F73 
 1029      7461636B 
 1029      5F626173 
 1029      655F5F00 
 1030              	.LASF2:
 1031 0207 73686F72 		.ascii	"short int\000"
 1031      7420696E 
 1031      7400
 1032              	.LASF13:
 1033 0211 66756E63 		.ascii	"funcp_t\000"
 1033      705F7400 
 1034              	.LASF12:
 1035 0219 75696E74 		.ascii	"uint32_t\000"
 1035      33325F74 
 1035      00
 1036              	.LASF4:
 1037 0222 6C6F6E67 		.ascii	"long int\000"
ARM GAS  /tmp/ccLp8VSX.s 			page 21


 1037      20696E74 
 1037      00
 1038              	.LASF23:
 1039 022b 5F646174 		.ascii	"_data\000"
 1039      6100
 1040              	.LASF33:
 1041 0231 2F686F6D 		.ascii	"/home/mo/ARMProjects/ChibiOS_Sample/ChibiOS_2.6.5/d"
 1041      652F6D6F 
 1041      2F41524D 
 1041      50726F6A 
 1041      65637473 
 1042 0264 656D6F73 		.ascii	"emos/ARMCM4-STM32F407-DISCOVERY-EDITED\000"
 1042      2F41524D 
 1042      434D342D 
 1042      53544D33 
 1042      32463430 
 1043              	.LASF0:
 1044 028b 7369676E 		.ascii	"signed char\000"
 1044      65642063 
 1044      68617200 
 1045              	.LASF21:
 1046 0297 5F5F7072 		.ascii	"__process_stack_end__\000"
 1046      6F636573 
 1046      735F7374 
 1046      61636B5F 
 1046      656E645F 
 1047              	.LASF27:
 1048 02ad 5F5F696E 		.ascii	"__init_array_start\000"
 1048      69745F61 
 1048      72726179 
 1048      5F737461 
 1048      727400
 1049              	.LASF19:
 1050 02c0 5F5F6D61 		.ascii	"__main_stack_end__\000"
 1050      696E5F73 
 1050      7461636B 
 1050      5F656E64 
 1050      5F5F00
 1051              		.ident	"GCC: (4.8.2-14ubuntu1+6) 4.8.2"
ARM GAS  /tmp/ccLp8VSX.s 			page 22


DEFINED SYMBOLS
                            *ABS*:0000000000000000 crt0.c
     /tmp/ccLp8VSX.s:19     .text.__early_init:0000000000000000 $t
     /tmp/ccLp8VSX.s:25     .text.__early_init:0000000000000000 __early_init
     /tmp/ccLp8VSX.s:38     .text.__late_init:0000000000000000 $t
     /tmp/ccLp8VSX.s:44     .text.__late_init:0000000000000000 __late_init
     /tmp/ccLp8VSX.s:56     .text._default_exit:0000000000000000 $t
     /tmp/ccLp8VSX.s:62     .text._default_exit:0000000000000000 _default_exit
     /tmp/ccLp8VSX.s:75     .text.ResetHandler:0000000000000000 $t
     /tmp/ccLp8VSX.s:81     .text.ResetHandler:0000000000000000 ResetHandler
     /tmp/ccLp8VSX.s:285    .text.ResetHandler:0000000000000130 $d
                     .debug_frame:0000000000000010 $d
     /tmp/ccLp8VSX.s:289    .text.ResetHandler:0000000000000134 $t

UNDEFINED SYMBOLS
__process_stack_end__
__main_stack_base__
__main_stack_end__
__process_stack_base__
_data
_edata
_textdata
_bss_start
_bss_end
__init_array_start
__init_array_end
main
__fini_array_start
__fini_array_end
